------------------------------------------------------------------------------------------------------------------------

[2023-05-08 11:55:17 #1 store] 
Database 'C:\Users\jonetxe13\Desktop\universidad\IS\Bets21-master\src\main\resources\bets.temp' is opened by 3960@DESKTOP-490MKBR

[2023-05-08 11:55:18 #2 type.registry] 
New type domain.Usuario

[2023-05-08 11:55:18 #3 type.registry] 
New type domain.Encargado

[2023-05-08 11:55:18 #4 type] 
Type domain.Usuario is not enhanced.

[2023-05-08 11:55:18 #5 type] 
Type domain.Encargado is not enhanced.

[2023-05-08 11:55:18 #6 type.registry] 
New type domain.Actividad

[2023-05-08 11:55:18 #7 type] 
Type domain.Actividad is not enhanced.

[2023-05-08 11:55:18 #8 type.registry] 
New type domain.Sesion

[2023-05-08 11:55:18 #9 type] 
Type domain.Sesion is not enhanced.

[2023-05-08 11:55:18 #10 type.registry] 
New type domain.Sala

[2023-05-08 11:55:18 #11 type] 
Type domain.Sala is not enhanced.

[2023-05-08 11:55:18 #12 type.registry] 
New type java.util.ArrayList<java.lang.Object>

[2023-05-08 11:55:18 #13 type.registry] 
New type java.util.ArrayList<java.lang.String>

[2023-05-08 11:55:18 #14 type.registry] 
New type java.util.ArrayList<domain.Actividad>

[2023-05-08 11:55:18 #15 type.registry] 
New type java.util.LinkedList<java.lang.Object>

[2023-05-08 11:55:18 #16 type.registry] 
New type java.util.LinkedList<domain.Usuario>

[2023-05-08 11:55:18 #17 type.registry] 
New type java.util.ArrayList<domain.Sesion>

------------------------------------------------------------------------------------------------------------------------

[2023-05-08 11:58:06 #1 store] 
Database 'C:\Users\jonetxe13\Desktop\universidad\IS\Bets21-master\src\main\resources\bets.temp' is opened by 7996@DESKTOP-490MKBR

[2023-05-08 11:58:06 #2 type.registry] 
New type domain.Usuario

[2023-05-08 11:58:06 #3 type.registry] 
New type domain.Encargado

[2023-05-08 11:58:06 #4 type] 
Type domain.Usuario is not enhanced.

[2023-05-08 11:58:06 #5 type] 
Type domain.Encargado is not enhanced.

[2023-05-08 11:58:06 #6 type.registry] 
New type domain.Actividad

[2023-05-08 11:58:06 #7 type] 
Type domain.Actividad is not enhanced.

[2023-05-08 11:58:06 #8 type.registry] 
New type domain.Sesion

[2023-05-08 11:58:06 #9 type] 
Type domain.Sesion is not enhanced.

[2023-05-08 11:58:06 #10 type.registry] 
New type domain.Sala

[2023-05-08 11:58:06 #11 type] 
Type domain.Sala is not enhanced.

[2023-05-08 11:58:06 #12 type.registry] 
New type java.util.ArrayList<java.lang.Object>

[2023-05-08 11:58:06 #13 type.registry] 
New type java.util.ArrayList<java.lang.String>

[2023-05-08 11:58:06 #14 type.registry] 
New type java.util.ArrayList<domain.Actividad>

[2023-05-08 11:58:06 #15 type.registry] 
New type java.util.LinkedList<java.lang.Object>

[2023-05-08 11:58:06 #16 type.registry] 
New type java.util.LinkedList<domain.Usuario>

[2023-05-08 11:58:06 #17 type.registry] 
New type java.util.ArrayList<domain.Sesion>

------------------------------------------------------------------------------------------------------------------------

[2023-05-08 11:58:23 #1 store] 
Database 'C:\Users\jonetxe13\Desktop\universidad\IS\Bets21-master\src\main\resources\bets.temp' is opened by 2684@DESKTOP-490MKBR

[2023-05-08 11:58:23 #2 type.registry] 
New type domain.Usuario

[2023-05-08 11:58:23 #3 type.registry] 
New type domain.Encargado

[2023-05-08 11:58:23 #4 type] 
Type domain.Usuario is not enhanced.

[2023-05-08 11:58:23 #5 type] 
Type domain.Encargado is not enhanced.

[2023-05-08 11:58:23 #6 type.registry] 
New type domain.Actividad

[2023-05-08 11:58:23 #7 type] 
Type domain.Actividad is not enhanced.

[2023-05-08 11:58:23 #8 type.registry] 
New type domain.Sesion

[2023-05-08 11:58:23 #9 type] 
Type domain.Sesion is not enhanced.

[2023-05-08 11:58:23 #10 type.registry] 
New type domain.Sala

[2023-05-08 11:58:23 #11 type] 
Type domain.Sala is not enhanced.

[2023-05-08 11:58:23 #12 type.registry] 
New type java.util.ArrayList<java.lang.Object>

[2023-05-08 11:58:23 #13 type.registry] 
New type java.util.ArrayList<java.lang.String>

[2023-05-08 11:58:23 #14 type.registry] 
New type java.util.ArrayList<domain.Actividad>

[2023-05-08 11:58:23 #15 type.registry] 
New type java.util.LinkedList<java.lang.Object>

[2023-05-08 11:58:23 #16 type.registry] 
New type java.util.LinkedList<domain.Usuario>

[2023-05-08 11:58:23 #17 type.registry] 
New type java.util.ArrayList<domain.Sesion>

------------------------------------------------------------------------------------------------------------------------

[2023-05-08 11:59:55 #1 store] 
Database 'C:\Users\jonetxe13\Desktop\universidad\IS\Bets21-master\src\main\resources\bets.temp' is opened by 13188@DESKTOP-490MKBR

[2023-05-08 11:59:55 #2 type.registry] 
New type domain.Usuario

[2023-05-08 11:59:55 #3 type.registry] 
New type domain.Encargado

[2023-05-08 11:59:55 #4 type] 
Type domain.Usuario is not enhanced.

[2023-05-08 11:59:55 #5 type] 
Type domain.Encargado is not enhanced.

[2023-05-08 11:59:55 #6 type.registry] 
New type domain.Actividad

[2023-05-08 11:59:55 #7 type] 
Type domain.Actividad is not enhanced.

[2023-05-08 11:59:55 #8 type.registry] 
New type domain.Sesion

[2023-05-08 11:59:55 #9 type] 
Type domain.Sesion is not enhanced.

[2023-05-08 11:59:55 #10 type.registry] 
New type domain.Sala

[2023-05-08 11:59:55 #11 type] 
Type domain.Sala is not enhanced.

[2023-05-08 11:59:55 #12 type.registry] 
New type java.util.ArrayList<java.lang.Object>

[2023-05-08 11:59:55 #13 type.registry] 
New type java.util.ArrayList<java.lang.String>

[2023-05-08 11:59:55 #14 type.registry] 
New type java.util.ArrayList<domain.Actividad>

[2023-05-08 11:59:55 #15 type.registry] 
New type java.util.LinkedList<java.lang.Object>

[2023-05-08 11:59:55 #16 type.registry] 
New type java.util.LinkedList<domain.Usuario>

[2023-05-08 11:59:55 #17 type.registry] 
New type java.util.ArrayList<domain.Sesion>

------------------------------------------------------------------------------------------------------------------------

[2023-05-08 13:02:28 #1 store] 
Database 'C:\Users\jonetxe13\Desktop\universidad\IS\Bets21-master\src\main\resources\bets.temp' is opened by 8912@DESKTOP-490MKBR

[2023-05-08 13:02:28 #2 type.registry] 
New type domain.Actividad

[2023-05-08 13:02:28 #3 type] 
Type domain.Actividad is not enhanced.

[2023-05-08 13:02:28 #4 type.registry] 
New type domain.Usuario

[2023-05-08 13:02:28 #5 type.registry] 
New type domain.Encargado

[2023-05-08 13:02:28 #6 type] 
Type domain.Usuario is not enhanced.

[2023-05-08 13:02:28 #7 type] 
Type domain.Encargado is not enhanced.

[2023-05-08 13:02:28 #8 type.registry] 
New type domain.Sesion

[2023-05-08 13:02:28 #9 type] 
Type domain.Sesion is not enhanced.

[2023-05-08 13:02:28 #10 type.registry] 
New type domain.Sala

[2023-05-08 13:02:28 #11 type] 
Type domain.Sala is not enhanced.

[2023-05-08 13:02:28 #12 type.registry] 
New type java.util.ArrayList<java.lang.Object>

[2023-05-08 13:02:28 #13 type.registry] 
New type java.util.ArrayList<java.lang.String>

[2023-05-08 13:02:28 #14 type.registry] 
New type java.util.ArrayList<domain.Actividad>

[2023-05-08 13:02:28 #15 type.registry] 
New type java.util.LinkedList<java.lang.Object>

[2023-05-08 13:02:28 #16 type.registry] 
New type java.util.LinkedList<domain.Usuario>

[2023-05-08 13:02:28 #17 type.registry] 
New type java.util.ArrayList<domain.Sesion>

------------------------------------------------------------------------------------------------------------------------

[2023-05-08 13:04:54 #1 store] 
Database 'C:\Users\jonetxe13\Desktop\universidad\IS\Bets21-master\src\main\resources\bets.temp' is opened by 5644@DESKTOP-490MKBR

[2023-05-08 13:04:55 #2 type.registry] 
New type domain.Actividad

[2023-05-08 13:04:55 #3 type] 
Type domain.Actividad is not enhanced.

[2023-05-08 13:04:55 #4 type.registry] 
New type domain.Usuario

[2023-05-08 13:04:55 #5 type.registry] 
New type domain.Encargado

[2023-05-08 13:04:55 #6 type] 
Type domain.Usuario is not enhanced.

[2023-05-08 13:04:55 #7 type] 
Type domain.Encargado is not enhanced.

[2023-05-08 13:04:55 #8 type.registry] 
New type domain.Sesion

[2023-05-08 13:04:55 #9 type] 
Type domain.Sesion is not enhanced.

[2023-05-08 13:04:55 #10 type.registry] 
New type domain.Sala

[2023-05-08 13:04:55 #11 type] 
Type domain.Sala is not enhanced.

[2023-05-08 13:04:55 #12 type.registry] 
New type java.util.ArrayList<java.lang.Object>

[2023-05-08 13:04:55 #13 type.registry] 
New type java.util.ArrayList<java.lang.String>

[2023-05-08 13:04:55 #14 type.registry] 
New type java.util.ArrayList<domain.Actividad>

[2023-05-08 13:04:55 #15 type.registry] 
New type java.util.LinkedList<java.lang.Object>

[2023-05-08 13:04:55 #16 type.registry] 
New type java.util.LinkedList<domain.Usuario>

[2023-05-08 13:04:55 #17 type.registry] 
New type java.util.ArrayList<domain.Sesion>

------------------------------------------------------------------------------------------------------------------------

[2023-05-08 13:08:53 #1 store] 
Database 'C:\Users\jonetxe13\Desktop\universidad\IS\Bets21-master\src\main\resources\bets.temp' is opened by 576@DESKTOP-490MKBR

[2023-05-08 13:08:53 #2 type.registry] 
New type domain.Actividad

[2023-05-08 13:08:53 #3 type] 
Type domain.Actividad is not enhanced.

[2023-05-08 13:08:53 #4 type.registry] 
New type domain.Usuario

[2023-05-08 13:08:53 #5 type.registry] 
New type domain.Encargado

[2023-05-08 13:08:53 #6 type] 
Type domain.Usuario is not enhanced.

[2023-05-08 13:08:53 #7 type] 
Type domain.Encargado is not enhanced.

[2023-05-08 13:08:53 #8 type.registry] 
New type domain.Sesion

[2023-05-08 13:08:53 #9 type] 
Type domain.Sesion is not enhanced.

[2023-05-08 13:08:53 #10 type.registry] 
New type domain.Sala

[2023-05-08 13:08:53 #11 type] 
Type domain.Sala is not enhanced.

[2023-05-08 13:08:53 #12 type.registry] 
New type java.util.ArrayList<java.lang.Object>

[2023-05-08 13:08:53 #13 type.registry] 
New type java.util.ArrayList<java.lang.String>

[2023-05-08 13:08:53 #14 type.registry] 
New type java.util.ArrayList<domain.Actividad>

[2023-05-08 13:08:53 #15 type.registry] 
New type java.util.LinkedList<java.lang.Object>

[2023-05-08 13:08:53 #16 type.registry] 
New type java.util.LinkedList<domain.Usuario>

[2023-05-08 13:08:53 #17 type.registry] 
New type java.util.ArrayList<domain.Sesion>

------------------------------------------------------------------------------------------------------------------------

[2023-05-08 13:09:36 #1 store] 
Database 'C:\Users\jonetxe13\Desktop\universidad\IS\Bets21-master\src\main\resources\bets.temp' is opened by 10972@DESKTOP-490MKBR

[2023-05-08 13:09:36 #2 type.registry] 
New type domain.Actividad

[2023-05-08 13:09:36 #3 type] 
Type domain.Actividad is not enhanced.

[2023-05-08 13:09:36 #4 type.registry] 
New type domain.Usuario

[2023-05-08 13:09:36 #5 type.registry] 
New type domain.Encargado

[2023-05-08 13:09:36 #6 type] 
Type domain.Usuario is not enhanced.

[2023-05-08 13:09:36 #7 type] 
Type domain.Encargado is not enhanced.

[2023-05-08 13:09:36 #8 type.registry] 
New type domain.Sesion

[2023-05-08 13:09:36 #9 type] 
Type domain.Sesion is not enhanced.

[2023-05-08 13:09:36 #10 type.registry] 
New type domain.Sala

[2023-05-08 13:09:36 #11 type] 
Type domain.Sala is not enhanced.

[2023-05-08 13:09:36 #12 type.registry] 
New type java.util.ArrayList<java.lang.Object>

[2023-05-08 13:09:36 #13 type.registry] 
New type java.util.ArrayList<java.lang.String>

[2023-05-08 13:09:36 #14 type.registry] 
New type java.util.ArrayList<domain.Actividad>

[2023-05-08 13:09:36 #15 type.registry] 
New type java.util.LinkedList<java.lang.Object>

[2023-05-08 13:09:36 #16 type.registry] 
New type java.util.LinkedList<domain.Usuario>

[2023-05-08 13:09:36 #17 type.registry] 
New type java.util.ArrayList<domain.Sesion>

------------------------------------------------------------------------------------------------------------------------

[2023-05-08 13:13:07 #1 store] 
Database 'C:\Users\jonetxe13\Desktop\universidad\IS\Bets21-master\src\main\resources\bets.temp' is opened by 4472@DESKTOP-490MKBR

[2023-05-08 13:13:07 #2 type.registry] 
New type domain.Actividad

[2023-05-08 13:13:07 #3 type] 
Type domain.Actividad is not enhanced.

[2023-05-08 13:13:07 #4 type.registry] 
New type domain.Usuario

[2023-05-08 13:13:07 #5 type.registry] 
New type domain.Encargado

[2023-05-08 13:13:07 #6 type] 
Type domain.Usuario is not enhanced.

[2023-05-08 13:13:07 #7 type] 
Type domain.Encargado is not enhanced.

[2023-05-08 13:13:07 #8 type.registry] 
New type domain.Sesion

[2023-05-08 13:13:07 #9 type] 
Type domain.Sesion is not enhanced.

[2023-05-08 13:13:07 #10 type.registry] 
New type domain.Sala

[2023-05-08 13:13:07 #11 type] 
Type domain.Sala is not enhanced.

[2023-05-08 13:13:07 #12 type.registry] 
New type java.util.ArrayList<java.lang.Object>

[2023-05-08 13:13:07 #13 type.registry] 
New type java.util.ArrayList<java.lang.String>

[2023-05-08 13:13:07 #14 type.registry] 
New type java.util.ArrayList<domain.Actividad>

[2023-05-08 13:13:07 #15 type.registry] 
New type java.util.LinkedList<java.lang.Object>

[2023-05-08 13:13:07 #16 type.registry] 
New type java.util.LinkedList<domain.Usuario>

[2023-05-08 13:13:07 #17 type.registry] 
New type java.util.ArrayList<domain.Sesion>

------------------------------------------------------------------------------------------------------------------------

[2023-05-08 13:14:51 #1 store] 
Database 'C:\Users\jonetxe13\Desktop\universidad\IS\Bets21-master\src\main\resources\bets.temp' is opened by 3792@DESKTOP-490MKBR

[2023-05-08 13:14:51 #2 type.registry] 
New type domain.Actividad

[2023-05-08 13:14:51 #3 type] 
Type domain.Actividad is not enhanced.

[2023-05-08 13:14:51 #4 type.registry] 
New type domain.Usuario

[2023-05-08 13:14:51 #5 type.registry] 
New type domain.Encargado

[2023-05-08 13:14:51 #6 type] 
Type domain.Usuario is not enhanced.

[2023-05-08 13:14:51 #7 type] 
Type domain.Encargado is not enhanced.

[2023-05-08 13:14:51 #8 type.registry] 
New type domain.Sesion

[2023-05-08 13:14:51 #9 type] 
Type domain.Sesion is not enhanced.

[2023-05-08 13:14:51 #10 type.registry] 
New type domain.Sala

[2023-05-08 13:14:51 #11 type] 
Type domain.Sala is not enhanced.

[2023-05-08 13:14:51 #12 type.registry] 
New type java.util.ArrayList<java.lang.Object>

[2023-05-08 13:14:51 #13 type.registry] 
New type java.util.ArrayList<java.lang.String>

[2023-05-08 13:14:51 #14 type.registry] 
New type java.util.ArrayList<domain.Actividad>

[2023-05-08 13:14:51 #15 type.registry] 
New type java.util.LinkedList<java.lang.Object>

[2023-05-08 13:14:51 #16 type.registry] 
New type java.util.LinkedList<domain.Usuario>

[2023-05-08 13:14:51 #17 type.registry] 
New type java.util.ArrayList<domain.Sesion>

------------------------------------------------------------------------------------------------------------------------

[2023-05-08 13:15:50 #1 store] 
Database 'C:\Users\jonetxe13\Desktop\universidad\IS\Bets21-master\src\main\resources\bets.temp' is opened by 7392@DESKTOP-490MKBR

[2023-05-08 13:15:50 #2 type.registry] 
New type domain.Actividad

[2023-05-08 13:15:50 #3 type] 
Type domain.Actividad is not enhanced.

[2023-05-08 13:15:50 #4 type.registry] 
New type domain.Usuario

[2023-05-08 13:15:50 #5 type.registry] 
New type domain.Encargado

[2023-05-08 13:15:50 #6 type] 
Type domain.Usuario is not enhanced.

[2023-05-08 13:15:50 #7 type] 
Type domain.Encargado is not enhanced.

[2023-05-08 13:15:50 #8 type.registry] 
New type domain.Sesion

[2023-05-08 13:15:50 #9 type] 
Type domain.Sesion is not enhanced.

[2023-05-08 13:15:50 #10 type.registry] 
New type domain.Sala

[2023-05-08 13:15:50 #11 type] 
Type domain.Sala is not enhanced.

[2023-05-08 13:15:50 #12 type.registry] 
New type java.util.ArrayList<java.lang.Object>

[2023-05-08 13:15:50 #13 type.registry] 
New type java.util.ArrayList<java.lang.String>

[2023-05-08 13:15:50 #14 type.registry] 
New type java.util.ArrayList<domain.Actividad>

[2023-05-08 13:15:50 #15 type.registry] 
New type java.util.LinkedList<java.lang.Object>

[2023-05-08 13:15:50 #16 type.registry] 
New type java.util.LinkedList<domain.Usuario>

[2023-05-08 13:15:50 #17 type.registry] 
New type java.util.ArrayList<domain.Sesion>

------------------------------------------------------------------------------------------------------------------------

[2023-05-08 13:17:15 #1 store] 
Database 'C:\Users\jonetxe13\Desktop\universidad\IS\Bets21-master\src\main\resources\bets.temp' is opened by 11884@DESKTOP-490MKBR

[2023-05-08 13:17:15 #2 type.registry] 
New type domain.Actividad

[2023-05-08 13:17:15 #3 type] 
Type domain.Actividad is not enhanced.

[2023-05-08 13:17:15 #4 type.registry] 
New type domain.Usuario

[2023-05-08 13:17:15 #5 type.registry] 
New type domain.Encargado

[2023-05-08 13:17:15 #6 type] 
Type domain.Usuario is not enhanced.

[2023-05-08 13:17:15 #7 type] 
Type domain.Encargado is not enhanced.

[2023-05-08 13:17:15 #8 type.registry] 
New type domain.Sesion

[2023-05-08 13:17:15 #9 type] 
Type domain.Sesion is not enhanced.

[2023-05-08 13:17:15 #10 type.registry] 
New type domain.Sala

[2023-05-08 13:17:15 #11 type] 
Type domain.Sala is not enhanced.

[2023-05-08 13:17:15 #12 type.registry] 
New type java.util.ArrayList<java.lang.Object>

[2023-05-08 13:17:15 #13 type.registry] 
New type java.util.ArrayList<java.lang.String>

[2023-05-08 13:17:15 #14 type.registry] 
New type java.util.ArrayList<domain.Actividad>

[2023-05-08 13:17:15 #15 type.registry] 
New type java.util.LinkedList<java.lang.Object>

[2023-05-08 13:17:15 #16 type.registry] 
New type java.util.LinkedList<domain.Usuario>

[2023-05-08 13:17:15 #17 type.registry] 
New type java.util.ArrayList<domain.Sesion>

------------------------------------------------------------------------------------------------------------------------

[2023-05-08 13:17:56 #1 store] 
Database 'C:\Users\jonetxe13\Desktop\universidad\IS\Bets21-master\src\main\resources\bets.temp' is opened by 4676@DESKTOP-490MKBR

[2023-05-08 13:17:56 #2 type.registry] 
New type domain.Actividad

[2023-05-08 13:17:56 #3 type] 
Type domain.Actividad is not enhanced.

[2023-05-08 13:17:56 #4 type.registry] 
New type domain.Usuario

[2023-05-08 13:17:56 #5 type.registry] 
New type domain.Encargado

[2023-05-08 13:17:56 #6 type] 
Type domain.Usuario is not enhanced.

[2023-05-08 13:17:56 #7 type] 
Type domain.Encargado is not enhanced.

[2023-05-08 13:17:56 #8 type.registry] 
New type domain.Sesion

[2023-05-08 13:17:56 #9 type] 
Type domain.Sesion is not enhanced.

[2023-05-08 13:17:56 #10 type.registry] 
New type domain.Sala

[2023-05-08 13:17:56 #11 type] 
Type domain.Sala is not enhanced.

[2023-05-08 13:17:56 #12 type.registry] 
New type java.util.ArrayList<java.lang.Object>

[2023-05-08 13:17:56 #13 type.registry] 
New type java.util.ArrayList<java.lang.String>

[2023-05-08 13:17:56 #14 type.registry] 
New type java.util.ArrayList<domain.Actividad>

[2023-05-08 13:17:56 #15 type.registry] 
New type java.util.LinkedList<java.lang.Object>

[2023-05-08 13:17:56 #16 type.registry] 
New type java.util.LinkedList<domain.Usuario>

[2023-05-08 13:17:56 #17 type.registry] 
New type java.util.ArrayList<domain.Sesion>

------------------------------------------------------------------------------------------------------------------------

[2023-05-08 13:35:16 #1 store] 
Database 'C:\Users\jonetxe13\Desktop\universidad\IS\Bets21-master\src\main\resources\bets.temp' is opened by 7888@DESKTOP-490MKBR

[2023-05-08 13:35:16 #2 type.registry] 
New type domain.Actividad

[2023-05-08 13:35:16 #3 type] 
Type domain.Actividad is not enhanced.

[2023-05-08 13:35:16 #4 type.registry] 
New type domain.Usuario

[2023-05-08 13:35:16 #5 type.registry] 
New type domain.Encargado

[2023-05-08 13:35:16 #6 type] 
Type domain.Usuario is not enhanced.

[2023-05-08 13:35:16 #7 type] 
Type domain.Encargado is not enhanced.

[2023-05-08 13:35:16 #8 type.registry] 
New type domain.Sesion

[2023-05-08 13:35:16 #9 type] 
Type domain.Sesion is not enhanced.

[2023-05-08 13:35:16 #10 type.registry] 
New type domain.Sala

[2023-05-08 13:35:16 #11 type] 
Type domain.Sala is not enhanced.

[2023-05-08 13:35:16 #12 type.registry] 
New type java.util.ArrayList<java.lang.Object>

[2023-05-08 13:35:16 #13 type.registry] 
New type java.util.ArrayList<java.lang.String>

[2023-05-08 13:35:16 #14 type.registry] 
New type java.util.ArrayList<domain.Actividad>

[2023-05-08 13:35:16 #15 type.registry] 
New type java.util.LinkedList<java.lang.Object>

[2023-05-08 13:35:16 #16 type.registry] 
New type java.util.LinkedList<domain.Usuario>

[2023-05-08 13:35:16 #17 type.registry] 
New type java.util.ArrayList<domain.Sesion>

------------------------------------------------------------------------------------------------------------------------

[2023-05-08 13:37:24 #1 store] 
Database 'C:\Users\jonetxe13\Desktop\universidad\IS\Bets21-master\src\main\resources\bets.temp' is opened by 6308@DESKTOP-490MKBR

[2023-05-08 13:37:24 #2 type.registry] 
New type domain.Actividad

[2023-05-08 13:37:24 #3 type] 
Type domain.Actividad is not enhanced.

[2023-05-08 13:37:24 #4 type.registry] 
New type domain.Usuario

[2023-05-08 13:37:24 #5 type.registry] 
New type domain.Encargado

[2023-05-08 13:37:24 #6 type] 
Type domain.Usuario is not enhanced.

[2023-05-08 13:37:24 #7 type] 
Type domain.Encargado is not enhanced.

[2023-05-08 13:37:24 #8 type.registry] 
New type domain.Sesion

[2023-05-08 13:37:24 #9 type] 
Type domain.Sesion is not enhanced.

[2023-05-08 13:37:24 #10 type.registry] 
New type domain.Sala

[2023-05-08 13:37:24 #11 type] 
Type domain.Sala is not enhanced.

[2023-05-08 13:37:24 #12 type.registry] 
New type java.util.ArrayList<java.lang.Object>

[2023-05-08 13:37:24 #13 type.registry] 
New type java.util.ArrayList<java.lang.String>

[2023-05-08 13:37:24 #14 type.registry] 
New type java.util.ArrayList<domain.Actividad>

[2023-05-08 13:37:24 #15 type.registry] 
New type java.util.LinkedList<java.lang.Object>

[2023-05-08 13:37:24 #16 type.registry] 
New type java.util.LinkedList<domain.Usuario>

[2023-05-08 13:37:24 #17 type.registry] 
New type java.util.ArrayList<domain.Sesion>

------------------------------------------------------------------------------------------------------------------------

[2023-05-08 13:39:05 #1 store] 
Database 'C:\Users\jonetxe13\Desktop\universidad\IS\Bets21-master\src\main\resources\bets.temp' is opened by 8500@DESKTOP-490MKBR

[2023-05-08 13:39:05 #2 type.registry] 
New type domain.Actividad

[2023-05-08 13:39:05 #3 type] 
Type domain.Actividad is not enhanced.

[2023-05-08 13:39:05 #4 type.registry] 
New type domain.Usuario

[2023-05-08 13:39:05 #5 type.registry] 
New type domain.Encargado

[2023-05-08 13:39:05 #6 type] 
Type domain.Usuario is not enhanced.

[2023-05-08 13:39:05 #7 type] 
Type domain.Encargado is not enhanced.

[2023-05-08 13:39:05 #8 type.registry] 
New type domain.Sesion

[2023-05-08 13:39:05 #9 type] 
Type domain.Sesion is not enhanced.

[2023-05-08 13:39:05 #10 type.registry] 
New type domain.Sala

[2023-05-08 13:39:05 #11 type] 
Type domain.Sala is not enhanced.

[2023-05-08 13:39:05 #12 type.registry] 
New type java.util.ArrayList<java.lang.Object>

[2023-05-08 13:39:05 #13 type.registry] 
New type java.util.ArrayList<java.lang.String>

[2023-05-08 13:39:05 #14 type.registry] 
New type java.util.ArrayList<domain.Actividad>

[2023-05-08 13:39:05 #15 type.registry] 
New type java.util.LinkedList<java.lang.Object>

[2023-05-08 13:39:05 #16 type.registry] 
New type java.util.LinkedList<domain.Usuario>

[2023-05-08 13:39:05 #17 type.registry] 
New type java.util.ArrayList<domain.Sesion>

------------------------------------------------------------------------------------------------------------------------

[2023-05-08 13:41:15 #1 store] 
Database 'C:\Users\jonetxe13\Desktop\universidad\IS\Bets21-master\src\main\resources\bets.temp' is opened by 1800@DESKTOP-490MKBR

[2023-05-08 13:41:15 #2 type.registry] 
New type domain.Actividad

[2023-05-08 13:41:15 #3 type] 
Type domain.Actividad is not enhanced.

[2023-05-08 13:41:15 #4 type.registry] 
New type domain.Usuario

[2023-05-08 13:41:15 #5 type.registry] 
New type domain.Encargado

[2023-05-08 13:41:15 #6 type] 
Type domain.Usuario is not enhanced.

[2023-05-08 13:41:15 #7 type] 
Type domain.Encargado is not enhanced.

[2023-05-08 13:41:15 #8 type.registry] 
New type domain.Sesion

[2023-05-08 13:41:15 #9 type] 
Type domain.Sesion is not enhanced.

[2023-05-08 13:41:15 #10 type.registry] 
New type domain.Sala

[2023-05-08 13:41:15 #11 type] 
Type domain.Sala is not enhanced.

[2023-05-08 13:41:15 #12 type.registry] 
New type java.util.ArrayList<java.lang.Object>

[2023-05-08 13:41:15 #13 type.registry] 
New type java.util.ArrayList<java.lang.String>

[2023-05-08 13:41:15 #14 type.registry] 
New type java.util.ArrayList<domain.Actividad>

[2023-05-08 13:41:15 #15 type.registry] 
New type java.util.LinkedList<java.lang.Object>

[2023-05-08 13:41:15 #16 type.registry] 
New type java.util.LinkedList<domain.Usuario>

[2023-05-08 13:41:15 #17 type.registry] 
New type java.util.ArrayList<domain.Sesion>

------------------------------------------------------------------------------------------------------------------------

[2023-05-08 13:46:24 #1 store] 
Database 'C:\Users\jonetxe13\Desktop\universidad\IS\Bets21-master\src\main\resources\bets.temp' is opened by 2900@DESKTOP-490MKBR

[2023-05-08 13:46:24 #2 type.registry] 
New type domain.Actividad

[2023-05-08 13:46:24 #3 type] 
Type domain.Actividad is not enhanced.

[2023-05-08 13:46:24 #4 type.registry] 
New type domain.Usuario

[2023-05-08 13:46:24 #5 type.registry] 
New type domain.Encargado

[2023-05-08 13:46:24 #6 type] 
Type domain.Usuario is not enhanced.

[2023-05-08 13:46:24 #7 type] 
Type domain.Encargado is not enhanced.

[2023-05-08 13:46:24 #8 type.registry] 
New type domain.Sesion

[2023-05-08 13:46:24 #9 type] 
Type domain.Sesion is not enhanced.

[2023-05-08 13:46:24 #10 type.registry] 
New type domain.Sala

[2023-05-08 13:46:24 #11 type] 
Type domain.Sala is not enhanced.

[2023-05-08 13:46:24 #12 type.registry] 
New type java.util.ArrayList<java.lang.Object>

[2023-05-08 13:46:24 #13 type.registry] 
New type java.util.ArrayList<java.lang.String>

[2023-05-08 13:46:24 #14 type.registry] 
New type java.util.ArrayList<domain.Actividad>

[2023-05-08 13:46:24 #15 type.registry] 
New type java.util.LinkedList<java.lang.Object>

[2023-05-08 13:46:24 #16 type.registry] 
New type java.util.LinkedList<domain.Usuario>

[2023-05-08 13:46:24 #17 type.registry] 
New type java.util.ArrayList<domain.Sesion>

------------------------------------------------------------------------------------------------------------------------

[2023-05-08 13:50:00 #1 store] 
Database 'C:\Users\jonetxe13\Desktop\universidad\IS\Bets21-master\src\main\resources\bets.temp' is opened by 8936@DESKTOP-490MKBR

[2023-05-08 13:50:00 #2 type.registry] 
New type domain.Actividad

[2023-05-08 13:50:00 #3 type] 
Type domain.Actividad is not enhanced.

[2023-05-08 13:50:00 #4 type.registry] 
New type domain.Usuario

[2023-05-08 13:50:00 #5 type.registry] 
New type domain.Encargado

[2023-05-08 13:50:00 #6 type] 
Type domain.Usuario is not enhanced.

[2023-05-08 13:50:00 #7 type] 
Type domain.Encargado is not enhanced.

[2023-05-08 13:50:00 #8 type.registry] 
New type domain.Sesion

[2023-05-08 13:50:00 #9 type] 
Type domain.Sesion is not enhanced.

[2023-05-08 13:50:00 #10 type.registry] 
New type domain.Sala

[2023-05-08 13:50:00 #11 type] 
Type domain.Sala is not enhanced.

[2023-05-08 13:50:00 #12 type.registry] 
New type java.util.ArrayList<java.lang.Object>

[2023-05-08 13:50:00 #13 type.registry] 
New type java.util.ArrayList<java.lang.String>

[2023-05-08 13:50:00 #14 type.registry] 
New type java.util.ArrayList<domain.Actividad>

[2023-05-08 13:50:00 #15 type.registry] 
New type java.util.LinkedList<java.lang.Object>

[2023-05-08 13:50:00 #16 type.registry] 
New type java.util.LinkedList<domain.Usuario>

[2023-05-08 13:50:00 #17 type.registry] 
New type java.util.ArrayList<domain.Sesion>

------------------------------------------------------------------------------------------------------------------------

[2023-05-08 13:51:44 #1 store] 
Database 'C:\Users\jonetxe13\Desktop\universidad\IS\Bets21-master\src\main\resources\bets.temp' is opened by 5856@DESKTOP-490MKBR

[2023-05-08 13:51:44 #2 type.registry] 
New type domain.Actividad

[2023-05-08 13:51:44 #3 type] 
Type domain.Actividad is not enhanced.

[2023-05-08 13:51:44 #4 type.registry] 
New type domain.Usuario

[2023-05-08 13:51:44 #5 type.registry] 
New type domain.Encargado

[2023-05-08 13:51:44 #6 type] 
Type domain.Usuario is not enhanced.

[2023-05-08 13:51:44 #7 type] 
Type domain.Encargado is not enhanced.

[2023-05-08 13:51:44 #8 type.registry] 
New type domain.Sesion

[2023-05-08 13:51:44 #9 type] 
Type domain.Sesion is not enhanced.

[2023-05-08 13:51:44 #10 type.registry] 
New type domain.Sala

[2023-05-08 13:51:44 #11 type] 
Type domain.Sala is not enhanced.

[2023-05-08 13:51:44 #12 type.registry] 
New type java.util.ArrayList<java.lang.Object>

[2023-05-08 13:51:44 #13 type.registry] 
New type java.util.ArrayList<java.lang.String>

[2023-05-08 13:51:44 #14 type.registry] 
New type java.util.ArrayList<domain.Actividad>

[2023-05-08 13:51:44 #15 type.registry] 
New type java.util.LinkedList<java.lang.Object>

[2023-05-08 13:51:44 #16 type.registry] 
New type java.util.LinkedList<domain.Usuario>

[2023-05-08 13:51:44 #17 type.registry] 
New type java.util.ArrayList<domain.Sesion>

------------------------------------------------------------------------------------------------------------------------

[2023-05-08 13:53:00 #1 store] 
Database 'C:\Users\jonetxe13\Desktop\universidad\IS\Bets21-master\src\main\resources\bets.temp' is opened by 10228@DESKTOP-490MKBR

[2023-05-08 13:53:00 #2 type.registry] 
New type domain.Actividad

[2023-05-08 13:53:00 #3 type] 
Type domain.Actividad is not enhanced.

[2023-05-08 13:53:00 #4 type.registry] 
New type domain.Usuario

[2023-05-08 13:53:00 #5 type.registry] 
New type domain.Encargado

[2023-05-08 13:53:00 #6 type] 
Type domain.Usuario is not enhanced.

[2023-05-08 13:53:00 #7 type] 
Type domain.Encargado is not enhanced.

[2023-05-08 13:53:00 #8 type.registry] 
New type domain.Sesion

[2023-05-08 13:53:00 #9 type] 
Type domain.Sesion is not enhanced.

[2023-05-08 13:53:00 #10 type.registry] 
New type domain.Sala

[2023-05-08 13:53:00 #11 type] 
Type domain.Sala is not enhanced.

[2023-05-08 13:53:00 #12 type.registry] 
New type java.util.ArrayList<java.lang.Object>

[2023-05-08 13:53:00 #13 type.registry] 
New type java.util.ArrayList<java.lang.String>

[2023-05-08 13:53:00 #14 type.registry] 
New type java.util.ArrayList<domain.Actividad>

[2023-05-08 13:53:00 #15 type.registry] 
New type java.util.LinkedList<java.lang.Object>

[2023-05-08 13:53:00 #16 type.registry] 
New type java.util.LinkedList<domain.Usuario>

[2023-05-08 13:53:00 #17 type.registry] 
New type java.util.ArrayList<domain.Sesion>

------------------------------------------------------------------------------------------------------------------------

[2023-05-08 13:54:08 #1 store] 
Database 'C:\Users\jonetxe13\Desktop\universidad\IS\Bets21-master\src\main\resources\bets.temp' is opened by 9932@DESKTOP-490MKBR

[2023-05-08 13:54:08 #2 type.registry] 
New type domain.Actividad

[2023-05-08 13:54:08 #3 type] 
Type domain.Actividad is not enhanced.

[2023-05-08 13:54:08 #4 type.registry] 
New type domain.Usuario

[2023-05-08 13:54:08 #5 type.registry] 
New type domain.Encargado

[2023-05-08 13:54:08 #6 type] 
Type domain.Usuario is not enhanced.

[2023-05-08 13:54:08 #7 type] 
Type domain.Encargado is not enhanced.

[2023-05-08 13:54:08 #8 type.registry] 
New type domain.Sesion

[2023-05-08 13:54:08 #9 type] 
Type domain.Sesion is not enhanced.

[2023-05-08 13:54:08 #10 type.registry] 
New type domain.Sala

[2023-05-08 13:54:08 #11 type] 
Type domain.Sala is not enhanced.

[2023-05-08 13:54:08 #12 type.registry] 
New type java.util.ArrayList<java.lang.Object>

[2023-05-08 13:54:08 #13 type.registry] 
New type java.util.ArrayList<java.lang.String>

[2023-05-08 13:54:08 #14 type.registry] 
New type java.util.ArrayList<domain.Actividad>

[2023-05-08 13:54:08 #15 type.registry] 
New type java.util.LinkedList<java.lang.Object>

[2023-05-08 13:54:08 #16 type.registry] 
New type java.util.LinkedList<domain.Usuario>

[2023-05-08 13:54:08 #17 type.registry] 
New type java.util.ArrayList<domain.Sesion>

------------------------------------------------------------------------------------------------------------------------

[2023-05-08 14:12:19 #1 store] 
Database 'C:\Users\jonetxe13\Desktop\universidad\IS\Bets21-master\src\main\resources\bets.temp' is opened by 10308@DESKTOP-490MKBR

[2023-05-08 14:12:19 #2 type.registry] 
New type domain.Actividad

[2023-05-08 14:12:19 #3 type] 
Type domain.Actividad is not enhanced.

[2023-05-08 14:12:19 #4 type.registry] 
New type domain.Usuario

[2023-05-08 14:12:19 #5 type.registry] 
New type domain.Encargado

[2023-05-08 14:12:19 #6 type] 
Type domain.Usuario is not enhanced.

[2023-05-08 14:12:19 #7 type] 
Type domain.Encargado is not enhanced.

[2023-05-08 14:12:19 #8 type.registry] 
New type domain.Sesion

[2023-05-08 14:12:19 #9 type] 
Type domain.Sesion is not enhanced.

[2023-05-08 14:12:19 #10 type.registry] 
New type domain.Sala

[2023-05-08 14:12:19 #11 type] 
Type domain.Sala is not enhanced.

[2023-05-08 14:12:19 #12 type.registry] 
New type java.util.ArrayList<java.lang.Object>

[2023-05-08 14:12:19 #13 type.registry] 
New type java.util.ArrayList<java.lang.String>

[2023-05-08 14:12:19 #14 type.registry] 
New type java.util.ArrayList<domain.Actividad>

[2023-05-08 14:12:19 #15 type.registry] 
New type java.util.LinkedList<java.lang.Object>

[2023-05-08 14:12:19 #16 type.registry] 
New type java.util.LinkedList<domain.Usuario>

[2023-05-08 14:12:19 #17 type.registry] 
New type java.util.ArrayList<domain.Sesion>

------------------------------------------------------------------------------------------------------------------------

[2023-05-08 14:14:19 #1 store] 
Database 'C:\Users\jonetxe13\Desktop\universidad\IS\Bets21-master\src\main\resources\bets.temp' is opened by 2512@DESKTOP-490MKBR

[2023-05-08 14:14:19 #2 type.registry] 
New type domain.Actividad

[2023-05-08 14:14:19 #3 type] 
Type domain.Actividad is not enhanced.

[2023-05-08 14:14:19 #4 type.registry] 
New type domain.Usuario

[2023-05-08 14:14:19 #5 type.registry] 
New type domain.Encargado

[2023-05-08 14:14:19 #6 type] 
Type domain.Usuario is not enhanced.

[2023-05-08 14:14:19 #7 type] 
Type domain.Encargado is not enhanced.

[2023-05-08 14:14:19 #8 type.registry] 
New type domain.Sesion

[2023-05-08 14:14:19 #9 type] 
Type domain.Sesion is not enhanced.

[2023-05-08 14:14:19 #10 type.registry] 
New type domain.Sala

[2023-05-08 14:14:19 #11 type] 
Type domain.Sala is not enhanced.

[2023-05-08 14:14:19 #12 type.registry] 
New type java.util.ArrayList<java.lang.Object>

[2023-05-08 14:14:19 #13 type.registry] 
New type java.util.ArrayList<java.lang.String>

[2023-05-08 14:14:19 #14 type.registry] 
New type java.util.ArrayList<domain.Actividad>

[2023-05-08 14:14:19 #15 type.registry] 
New type java.util.LinkedList<java.lang.Object>

[2023-05-08 14:14:19 #16 type.registry] 
New type java.util.LinkedList<domain.Usuario>

[2023-05-08 14:14:19 #17 type.registry] 
New type java.util.ArrayList<domain.Sesion>

------------------------------------------------------------------------------------------------------------------------

[2023-05-08 14:15:31 #1 store] 
Database 'C:\Users\jonetxe13\Desktop\universidad\IS\Bets21-master\src\main\resources\bets.temp' is opened by 1884@DESKTOP-490MKBR

[2023-05-08 14:15:31 #2 type.registry] 
New type domain.Actividad

[2023-05-08 14:15:31 #3 type] 
Type domain.Actividad is not enhanced.

[2023-05-08 14:15:31 #4 type.registry] 
New type domain.Usuario

[2023-05-08 14:15:31 #5 type.registry] 
New type domain.Encargado

[2023-05-08 14:15:31 #6 type] 
Type domain.Usuario is not enhanced.

[2023-05-08 14:15:31 #7 type] 
Type domain.Encargado is not enhanced.

[2023-05-08 14:15:31 #8 type.registry] 
New type domain.Sesion

[2023-05-08 14:15:31 #9 type] 
Type domain.Sesion is not enhanced.

[2023-05-08 14:15:31 #10 type.registry] 
New type domain.Sala

[2023-05-08 14:15:31 #11 type] 
Type domain.Sala is not enhanced.

[2023-05-08 14:15:31 #12 type.registry] 
New type java.util.ArrayList<java.lang.Object>

[2023-05-08 14:15:31 #13 type.registry] 
New type java.util.ArrayList<java.lang.String>

[2023-05-08 14:15:31 #14 type.registry] 
New type java.util.ArrayList<domain.Actividad>

[2023-05-08 14:15:31 #15 type.registry] 
New type java.util.LinkedList<java.lang.Object>

[2023-05-08 14:15:31 #16 type.registry] 
New type java.util.LinkedList<domain.Usuario>

[2023-05-08 14:15:31 #17 type.registry] 
New type java.util.ArrayList<domain.Sesion>

------------------------------------------------------------------------------------------------------------------------

[2023-05-08 14:17:41 #1 store] 
Database 'C:\Users\jonetxe13\Desktop\universidad\IS\Bets21-master\src\main\resources\bets.temp' is opened by 8088@DESKTOP-490MKBR

[2023-05-08 14:17:41 #2 type.registry] 
New type domain.Actividad

[2023-05-08 14:17:41 #3 type] 
Type domain.Actividad is not enhanced.

[2023-05-08 14:17:41 #4 type.registry] 
New type domain.Usuario

[2023-05-08 14:17:41 #5 type.registry] 
New type domain.Encargado

[2023-05-08 14:17:41 #6 type] 
Type domain.Usuario is not enhanced.

[2023-05-08 14:17:41 #7 type] 
Type domain.Encargado is not enhanced.

[2023-05-08 14:17:41 #8 type.registry] 
New type domain.Sesion

[2023-05-08 14:17:41 #9 type] 
Type domain.Sesion is not enhanced.

[2023-05-08 14:17:41 #10 type.registry] 
New type domain.Sala

[2023-05-08 14:17:41 #11 type] 
Type domain.Sala is not enhanced.

[2023-05-08 14:17:41 #12 type.registry] 
New type java.util.ArrayList<java.lang.Object>

[2023-05-08 14:17:41 #13 type.registry] 
New type java.util.ArrayList<java.lang.String>

[2023-05-08 14:17:41 #14 type.registry] 
New type java.util.ArrayList<domain.Actividad>

[2023-05-08 14:17:41 #15 type.registry] 
New type java.util.LinkedList<java.lang.Object>

[2023-05-08 14:17:41 #16 type.registry] 
New type java.util.LinkedList<domain.Usuario>

[2023-05-08 14:17:41 #17 type.registry] 
New type java.util.ArrayList<domain.Sesion>

------------------------------------------------------------------------------------------------------------------------

[2023-05-08 14:19:40 #1 store] 
Database 'C:\Users\jonetxe13\Desktop\universidad\IS\Bets21-master\src\main\resources\bets.temp' is opened by 1164@DESKTOP-490MKBR

[2023-05-08 14:19:41 #2 type.registry] 
New type domain.Actividad

[2023-05-08 14:19:41 #3 type] 
Type domain.Actividad is not enhanced.

[2023-05-08 14:19:41 #4 type.registry] 
New type domain.Usuario

[2023-05-08 14:19:41 #5 type.registry] 
New type domain.Encargado

[2023-05-08 14:19:41 #6 type] 
Type domain.Usuario is not enhanced.

[2023-05-08 14:19:41 #7 type] 
Type domain.Encargado is not enhanced.

[2023-05-08 14:19:41 #8 type.registry] 
New type domain.Sesion

[2023-05-08 14:19:41 #9 type] 
Type domain.Sesion is not enhanced.

[2023-05-08 14:19:41 #10 type.registry] 
New type domain.Sala

[2023-05-08 14:19:41 #11 type] 
Type domain.Sala is not enhanced.

[2023-05-08 14:19:41 #12 type.registry] 
New type java.util.ArrayList<java.lang.Object>

[2023-05-08 14:19:41 #13 type.registry] 
New type java.util.ArrayList<java.lang.String>

[2023-05-08 14:19:41 #14 type.registry] 
New type java.util.ArrayList<domain.Actividad>

[2023-05-08 14:19:41 #15 type.registry] 
New type java.util.LinkedList<java.lang.Object>

[2023-05-08 14:19:41 #16 type.registry] 
New type java.util.LinkedList<domain.Usuario>

[2023-05-08 14:19:41 #17 type.registry] 
New type java.util.ArrayList<domain.Sesion>

------------------------------------------------------------------------------------------------------------------------

[2023-05-08 14:20:39 #1 store] 
Database 'C:\Users\jonetxe13\Desktop\universidad\IS\Bets21-master\src\main\resources\bets.temp' is opened by 8476@DESKTOP-490MKBR

[2023-05-08 14:20:39 #2 type.registry] 
New type domain.Actividad

[2023-05-08 14:20:39 #3 type] 
Type domain.Actividad is not enhanced.

[2023-05-08 14:20:39 #4 type.registry] 
New type domain.Usuario

[2023-05-08 14:20:39 #5 type.registry] 
New type domain.Encargado

[2023-05-08 14:20:39 #6 type] 
Type domain.Usuario is not enhanced.

[2023-05-08 14:20:39 #7 type] 
Type domain.Encargado is not enhanced.

[2023-05-08 14:20:39 #8 type.registry] 
New type domain.Sesion

[2023-05-08 14:20:39 #9 type] 
Type domain.Sesion is not enhanced.

[2023-05-08 14:20:39 #10 type.registry] 
New type domain.Sala

[2023-05-08 14:20:39 #11 type] 
Type domain.Sala is not enhanced.

[2023-05-08 14:20:39 #12 type.registry] 
New type java.util.ArrayList<java.lang.Object>

[2023-05-08 14:20:39 #13 type.registry] 
New type java.util.ArrayList<java.lang.String>

[2023-05-08 14:20:39 #14 type.registry] 
New type java.util.ArrayList<domain.Actividad>

[2023-05-08 14:20:39 #15 type.registry] 
New type java.util.LinkedList<java.lang.Object>

[2023-05-08 14:20:39 #16 type.registry] 
New type java.util.LinkedList<domain.Usuario>

[2023-05-08 14:20:39 #17 type.registry] 
New type java.util.ArrayList<domain.Sesion>

------------------------------------------------------------------------------------------------------------------------

[2023-05-08 14:26:02 #1 store] 
Database 'C:\Users\jonetxe13\Desktop\universidad\IS\Bets21-master\src\main\resources\bets.temp' is opened by 7268@DESKTOP-490MKBR

[2023-05-08 14:26:02 #2 type.registry] 
New type domain.Actividad

[2023-05-08 14:26:02 #3 type] 
Type domain.Actividad is not enhanced.

[2023-05-08 14:26:02 #4 type.registry] 
New type domain.Usuario

[2023-05-08 14:26:02 #5 type.registry] 
New type domain.Encargado

[2023-05-08 14:26:02 #6 type] 
Type domain.Usuario is not enhanced.

[2023-05-08 14:26:02 #7 type] 
Type domain.Encargado is not enhanced.

[2023-05-08 14:26:02 #8 type.registry] 
New type domain.Sesion

[2023-05-08 14:26:02 #9 type] 
Type domain.Sesion is not enhanced.

[2023-05-08 14:26:02 #10 type.registry] 
New type domain.Sala

[2023-05-08 14:26:02 #11 type] 
Type domain.Sala is not enhanced.

[2023-05-08 14:26:02 #12 type.registry] 
New type java.util.ArrayList<java.lang.Object>

[2023-05-08 14:26:02 #13 type.registry] 
New type java.util.ArrayList<java.lang.String>

[2023-05-08 14:26:02 #14 type.registry] 
New type java.util.ArrayList<domain.Actividad>

[2023-05-08 14:26:02 #15 type.registry] 
New type java.util.LinkedList<java.lang.Object>

[2023-05-08 14:26:02 #16 type.registry] 
New type java.util.LinkedList<domain.Usuario>

[2023-05-08 14:26:02 #17 type.registry] 
New type java.util.ArrayList<domain.Sesion>

------------------------------------------------------------------------------------------------------------------------

[2023-05-08 14:31:30 #1 store] 
Database 'C:\Users\jonetxe13\Desktop\universidad\IS\Bets21-master\src\main\resources\bets.temp' is opened by 4196@DESKTOP-490MKBR

[2023-05-08 14:31:31 #2 type.registry] 
New type domain.Actividad

[2023-05-08 14:31:31 #3 type] 
Type domain.Actividad is not enhanced.

[2023-05-08 14:31:31 #4 type.registry] 
New type domain.Usuario

[2023-05-08 14:31:31 #5 type.registry] 
New type domain.Encargado

[2023-05-08 14:31:31 #6 type] 
Type domain.Usuario is not enhanced.

[2023-05-08 14:31:31 #7 type] 
Type domain.Encargado is not enhanced.

[2023-05-08 14:31:31 #8 type.registry] 
New type domain.Sesion

[2023-05-08 14:31:31 #9 type] 
Type domain.Sesion is not enhanced.

[2023-05-08 14:31:31 #10 type.registry] 
New type domain.Sala

[2023-05-08 14:31:31 #11 type] 
Type domain.Sala is not enhanced.

[2023-05-08 14:31:31 #12 type.registry] 
New type java.util.ArrayList<java.lang.Object>

[2023-05-08 14:31:31 #13 type.registry] 
New type java.util.ArrayList<java.lang.String>

[2023-05-08 14:31:31 #14 type.registry] 
New type java.util.ArrayList<domain.Actividad>

[2023-05-08 14:31:31 #15 type.registry] 
New type java.util.LinkedList<java.lang.Object>

[2023-05-08 14:31:31 #16 type.registry] 
New type java.util.LinkedList<domain.Usuario>

[2023-05-08 14:31:31 #17 type.registry] 
New type java.util.ArrayList<domain.Sesion>

------------------------------------------------------------------------------------------------------------------------

[2023-05-08 14:45:12 #1 store] 
Database 'C:\Users\jonetxe13\Desktop\universidad\IS\Bets21-master\src\main\resources\bets.temp' is opened by 1920@DESKTOP-490MKBR

[2023-05-08 14:45:12 #2 type.registry] 
New type domain.Actividad

[2023-05-08 14:45:12 #3 type] 
Type domain.Actividad is not enhanced.

[2023-05-08 14:45:12 #4 type.registry] 
New type domain.Usuario

[2023-05-08 14:45:12 #5 type.registry] 
New type domain.Encargado

[2023-05-08 14:45:12 #6 type] 
Type domain.Usuario is not enhanced.

[2023-05-08 14:45:12 #7 type] 
Type domain.Encargado is not enhanced.

[2023-05-08 14:45:12 #8 type.registry] 
New type domain.Sesion

[2023-05-08 14:45:12 #9 type] 
Type domain.Sesion is not enhanced.

[2023-05-08 14:45:12 #10 type.registry] 
New type domain.Sala

[2023-05-08 14:45:12 #11 type] 
Type domain.Sala is not enhanced.

[2023-05-08 14:45:12 #12 type.registry] 
New type java.util.ArrayList<java.lang.Object>

[2023-05-08 14:45:12 #13 type.registry] 
New type java.util.ArrayList<java.lang.String>

[2023-05-08 14:45:12 #14 type.registry] 
New type java.util.ArrayList<domain.Actividad>

[2023-05-08 14:45:12 #15 type.registry] 
New type java.util.LinkedList<java.lang.Object>

[2023-05-08 14:45:12 #16 type.registry] 
New type java.util.LinkedList<domain.Usuario>

[2023-05-08 14:45:12 #17 type.registry] 
New type java.util.ArrayList<domain.Sesion>

------------------------------------------------------------------------------------------------------------------------

[2023-05-08 14:56:32 #1 store] 
Database 'C:\Users\jonetxe13\Desktop\universidad\IS\Bets21-master\src\main\resources\bets.temp' is opened by 12584@DESKTOP-490MKBR

[2023-05-08 14:56:32 #2 type.registry] 
New type domain.Actividad

[2023-05-08 14:56:32 #3 type] 
Type domain.Actividad is not enhanced.

[2023-05-08 14:56:32 #4 type.registry] 
New type domain.Usuario

[2023-05-08 14:56:32 #5 type.registry] 
New type domain.Encargado

[2023-05-08 14:56:32 #6 type] 
Type domain.Usuario is not enhanced.

[2023-05-08 14:56:32 #7 type] 
Type domain.Encargado is not enhanced.

[2023-05-08 14:56:32 #8 type.registry] 
New type domain.Sesion

[2023-05-08 14:56:32 #9 type] 
Type domain.Sesion is not enhanced.

[2023-05-08 14:56:32 #10 type.registry] 
New type domain.Sala

[2023-05-08 14:56:32 #11 type] 
Type domain.Sala is not enhanced.

[2023-05-08 14:56:32 #12 type.registry] 
New type java.util.ArrayList<java.lang.Object>

[2023-05-08 14:56:32 #13 type.registry] 
New type java.util.ArrayList<java.lang.String>

[2023-05-08 14:56:32 #14 type.registry] 
New type java.util.ArrayList<domain.Actividad>

[2023-05-08 14:56:32 #15 type.registry] 
New type java.util.LinkedList<java.lang.Object>

[2023-05-08 14:56:32 #16 type.registry] 
New type java.util.LinkedList<domain.Usuario>

[2023-05-08 14:56:32 #17 type.registry] 
New type java.util.ArrayList<domain.Sesion>

------------------------------------------------------------------------------------------------------------------------

[2023-05-08 15:05:26 #1 store] 
Database 'C:\Users\jonetxe13\Desktop\universidad\IS\Bets21-master\src\main\resources\bets.temp' is opened by 3584@DESKTOP-490MKBR

[2023-05-08 15:05:26 #2 type.registry] 
New type domain.Actividad

[2023-05-08 15:05:26 #3 type] 
Type domain.Actividad is not enhanced.

[2023-05-08 15:05:26 #4 type.registry] 
New type domain.Usuario

[2023-05-08 15:05:26 #5 type.registry] 
New type domain.Encargado

[2023-05-08 15:05:26 #6 type] 
Type domain.Usuario is not enhanced.

[2023-05-08 15:05:26 #7 type] 
Type domain.Encargado is not enhanced.

[2023-05-08 15:05:26 #8 type.registry] 
New type domain.Sesion

[2023-05-08 15:05:26 #9 type] 
Type domain.Sesion is not enhanced.

[2023-05-08 15:05:26 #10 type.registry] 
New type domain.Sala

[2023-05-08 15:05:26 #11 type] 
Type domain.Sala is not enhanced.

[2023-05-08 15:05:26 #12 type.registry] 
New type java.util.ArrayList<java.lang.Object>

[2023-05-08 15:05:26 #13 type.registry] 
New type java.util.ArrayList<java.lang.String>

[2023-05-08 15:05:26 #14 type.registry] 
New type java.util.ArrayList<domain.Actividad>

[2023-05-08 15:05:26 #15 type.registry] 
New type java.util.LinkedList<java.lang.Object>

[2023-05-08 15:05:26 #16 type.registry] 
New type java.util.LinkedList<domain.Usuario>

[2023-05-08 15:05:26 #17 type.registry] 
New type java.util.ArrayList<domain.Sesion>

------------------------------------------------------------------------------------------------------------------------

[2023-05-08 15:06:54 #1 store] 
Database 'C:\Users\jonetxe13\Desktop\universidad\IS\Bets21-master\src\main\resources\bets.temp' is opened by 11196@DESKTOP-490MKBR

[2023-05-08 15:06:54 #2 type.registry] 
New type domain.Actividad

[2023-05-08 15:06:54 #3 type] 
Type domain.Actividad is not enhanced.

[2023-05-08 15:06:54 #4 type.registry] 
New type domain.Usuario

[2023-05-08 15:06:54 #5 type.registry] 
New type domain.Encargado

[2023-05-08 15:06:54 #6 type] 
Type domain.Usuario is not enhanced.

[2023-05-08 15:06:54 #7 type] 
Type domain.Encargado is not enhanced.

[2023-05-08 15:06:54 #8 type.registry] 
New type domain.Sesion

[2023-05-08 15:06:54 #9 type] 
Type domain.Sesion is not enhanced.

[2023-05-08 15:06:54 #10 type.registry] 
New type domain.Sala

[2023-05-08 15:06:54 #11 type] 
Type domain.Sala is not enhanced.

[2023-05-08 15:06:54 #12 type.registry] 
New type java.util.ArrayList<java.lang.Object>

[2023-05-08 15:06:54 #13 type.registry] 
New type java.util.ArrayList<java.lang.String>

[2023-05-08 15:06:54 #14 type.registry] 
New type java.util.ArrayList<domain.Actividad>

[2023-05-08 15:06:54 #15 type.registry] 
New type java.util.LinkedList<java.lang.Object>

[2023-05-08 15:06:54 #16 type.registry] 
New type java.util.LinkedList<domain.Usuario>

[2023-05-08 15:06:54 #17 type.registry] 
New type java.util.ArrayList<domain.Sesion>

------------------------------------------------------------------------------------------------------------------------

[2023-05-08 15:09:46 #1 store] 
Database 'C:\Users\jonetxe13\Desktop\universidad\IS\Bets21-master\src\main\resources\bets.temp' is opened by 2796@DESKTOP-490MKBR

[2023-05-08 15:09:46 #2 type.registry] 
New type domain.Actividad

[2023-05-08 15:09:46 #3 type] 
Type domain.Actividad is not enhanced.

[2023-05-08 15:09:46 #4 type.registry] 
New type domain.Usuario

[2023-05-08 15:09:46 #5 type.registry] 
New type domain.Encargado

[2023-05-08 15:09:46 #6 type] 
Type domain.Usuario is not enhanced.

[2023-05-08 15:09:46 #7 type] 
Type domain.Encargado is not enhanced.

[2023-05-08 15:09:46 #8 type.registry] 
New type domain.Sesion

[2023-05-08 15:09:46 #9 type] 
Type domain.Sesion is not enhanced.

[2023-05-08 15:09:46 #10 type.registry] 
New type domain.Sala

[2023-05-08 15:09:46 #11 type] 
Type domain.Sala is not enhanced.

[2023-05-08 15:09:46 #12 type.registry] 
New type java.util.ArrayList<java.lang.Object>

[2023-05-08 15:09:46 #13 type.registry] 
New type java.util.ArrayList<java.lang.String>

[2023-05-08 15:09:46 #14 type.registry] 
New type java.util.ArrayList<domain.Actividad>

[2023-05-08 15:09:46 #15 type.registry] 
New type java.util.LinkedList<java.lang.Object>

[2023-05-08 15:09:46 #16 type.registry] 
New type java.util.LinkedList<domain.Usuario>

[2023-05-08 15:09:46 #17 type.registry] 
New type java.util.ArrayList<domain.Sesion>

------------------------------------------------------------------------------------------------------------------------

[2023-05-08 15:16:00 #1 store] 
Database 'C:\Users\jonetxe13\Desktop\universidad\IS\Bets21-master\src\main\resources\bets.temp' is opened by 6788@DESKTOP-490MKBR

[2023-05-08 15:16:00 #2 type.registry] 
New type domain.Actividad

[2023-05-08 15:16:00 #3 type] 
Type domain.Actividad is not enhanced.

[2023-05-08 15:16:00 #4 type.registry] 
New type domain.Usuario

[2023-05-08 15:16:00 #5 type.registry] 
New type domain.Encargado

[2023-05-08 15:16:00 #6 type] 
Type domain.Usuario is not enhanced.

[2023-05-08 15:16:00 #7 type] 
Type domain.Encargado is not enhanced.

[2023-05-08 15:16:00 #8 type.registry] 
New type domain.Sesion

[2023-05-08 15:16:00 #9 type] 
Type domain.Sesion is not enhanced.

[2023-05-08 15:16:00 #10 type.registry] 
New type domain.Sala

[2023-05-08 15:16:00 #11 type] 
Type domain.Sala is not enhanced.

[2023-05-08 15:16:00 #12 type.registry] 
New type java.util.ArrayList<java.lang.Object>

[2023-05-08 15:16:00 #13 type.registry] 
New type java.util.ArrayList<java.lang.String>

[2023-05-08 15:16:00 #14 type.registry] 
New type java.util.ArrayList<domain.Actividad>

[2023-05-08 15:16:00 #15 type.registry] 
New type java.util.LinkedList<java.lang.Object>

[2023-05-08 15:16:00 #16 type.registry] 
New type java.util.LinkedList<domain.Usuario>

[2023-05-08 15:16:00 #17 type.registry] 
New type java.util.ArrayList<domain.Sesion>

------------------------------------------------------------------------------------------------------------------------

[2023-05-08 15:18:54 #1 store] 
Database 'C:\Users\jonetxe13\Desktop\universidad\IS\Bets21-master\src\main\resources\bets.temp' is opened by 7416@DESKTOP-490MKBR

[2023-05-08 15:18:54 #2 type.registry] 
New type domain.Actividad

[2023-05-08 15:18:54 #3 type] 
Type domain.Actividad is not enhanced.

[2023-05-08 15:18:54 #4 type.registry] 
New type domain.Usuario

[2023-05-08 15:18:54 #5 type.registry] 
New type domain.Encargado

[2023-05-08 15:18:54 #6 type] 
Type domain.Usuario is not enhanced.

[2023-05-08 15:18:54 #7 type] 
Type domain.Encargado is not enhanced.

[2023-05-08 15:18:54 #8 type.registry] 
New type domain.Sesion

[2023-05-08 15:18:54 #9 type] 
Type domain.Sesion is not enhanced.

[2023-05-08 15:18:54 #10 type.registry] 
New type domain.Sala

[2023-05-08 15:18:54 #11 type] 
Type domain.Sala is not enhanced.

[2023-05-08 15:18:54 #12 type.registry] 
New type java.util.ArrayList<java.lang.Object>

[2023-05-08 15:18:54 #13 type.registry] 
New type java.util.ArrayList<java.lang.String>

[2023-05-08 15:18:54 #14 type.registry] 
New type java.util.ArrayList<domain.Actividad>

[2023-05-08 15:18:54 #15 type.registry] 
New type java.util.LinkedList<java.lang.Object>

[2023-05-08 15:18:54 #16 type.registry] 
New type java.util.LinkedList<domain.Usuario>

[2023-05-08 15:18:54 #17 type.registry] 
New type java.util.ArrayList<domain.Sesion>

------------------------------------------------------------------------------------------------------------------------

[2023-05-08 15:19:33 #1 store] 
Database 'C:\Users\jonetxe13\Desktop\universidad\IS\Bets21-master\src\main\resources\bets.temp' is opened by 2512@DESKTOP-490MKBR

[2023-05-08 15:19:33 #2 type.registry] 
New type domain.Actividad

[2023-05-08 15:19:33 #3 type] 
Type domain.Actividad is not enhanced.

[2023-05-08 15:19:33 #4 type.registry] 
New type domain.Usuario

[2023-05-08 15:19:33 #5 type.registry] 
New type domain.Encargado

[2023-05-08 15:19:33 #6 type] 
Type domain.Usuario is not enhanced.

[2023-05-08 15:19:33 #7 type] 
Type domain.Encargado is not enhanced.

[2023-05-08 15:19:33 #8 type.registry] 
New type domain.Sesion

[2023-05-08 15:19:33 #9 type] 
Type domain.Sesion is not enhanced.

[2023-05-08 15:19:33 #10 type.registry] 
New type domain.Sala

[2023-05-08 15:19:33 #11 type] 
Type domain.Sala is not enhanced.

[2023-05-08 15:19:33 #12 type.registry] 
New type java.util.ArrayList<java.lang.Object>

[2023-05-08 15:19:33 #13 type.registry] 
New type java.util.ArrayList<java.lang.String>

[2023-05-08 15:19:33 #14 type.registry] 
New type java.util.ArrayList<domain.Actividad>

[2023-05-08 15:19:33 #15 type.registry] 
New type java.util.LinkedList<java.lang.Object>

[2023-05-08 15:19:33 #16 type.registry] 
New type java.util.LinkedList<domain.Usuario>

[2023-05-08 15:19:33 #17 type.registry] 
New type java.util.ArrayList<domain.Sesion>

------------------------------------------------------------------------------------------------------------------------

[2023-05-08 15:20:51 #1 store] 
Database 'C:\Users\jonetxe13\Desktop\universidad\IS\Bets21-master\src\main\resources\bets.temp' is opened by 8656@DESKTOP-490MKBR

[2023-05-08 15:20:51 #2 type.registry] 
New type domain.Actividad

[2023-05-08 15:20:51 #3 type] 
Type domain.Actividad is not enhanced.

[2023-05-08 15:20:51 #4 type.registry] 
New type domain.Usuario

[2023-05-08 15:20:51 #5 type.registry] 
New type domain.Encargado

[2023-05-08 15:20:51 #6 type] 
Type domain.Usuario is not enhanced.

[2023-05-08 15:20:51 #7 type] 
Type domain.Encargado is not enhanced.

[2023-05-08 15:20:51 #8 type.registry] 
New type domain.Sesion

[2023-05-08 15:20:51 #9 type] 
Type domain.Sesion is not enhanced.

[2023-05-08 15:20:51 #10 type.registry] 
New type domain.Sala

[2023-05-08 15:20:51 #11 type] 
Type domain.Sala is not enhanced.

[2023-05-08 15:20:51 #12 type.registry] 
New type java.util.ArrayList<java.lang.Object>

[2023-05-08 15:20:51 #13 type.registry] 
New type java.util.ArrayList<java.lang.String>

[2023-05-08 15:20:51 #14 type.registry] 
New type java.util.ArrayList<domain.Actividad>

[2023-05-08 15:20:51 #15 type.registry] 
New type java.util.LinkedList<java.lang.Object>

[2023-05-08 15:20:51 #16 type.registry] 
New type java.util.LinkedList<domain.Usuario>

[2023-05-08 15:20:51 #17 type.registry] 
New type java.util.ArrayList<domain.Sesion>

------------------------------------------------------------------------------------------------------------------------

[2023-05-08 15:23:54 #1 store] 
Database 'C:\Users\jonetxe13\Desktop\universidad\IS\Bets21-master\src\main\resources\bets.temp' is opened by 4204@DESKTOP-490MKBR

[2023-05-08 15:23:54 #2 type.registry] 
New type domain.Actividad

[2023-05-08 15:23:54 #3 type] 
Type domain.Actividad is not enhanced.

[2023-05-08 15:23:54 #4 type.registry] 
New type domain.Usuario

[2023-05-08 15:23:54 #5 type.registry] 
New type domain.Encargado

[2023-05-08 15:23:54 #6 type] 
Type domain.Usuario is not enhanced.

[2023-05-08 15:23:54 #7 type] 
Type domain.Encargado is not enhanced.

[2023-05-08 15:23:54 #8 type.registry] 
New type domain.Sesion

[2023-05-08 15:23:54 #9 type] 
Type domain.Sesion is not enhanced.

[2023-05-08 15:23:54 #10 type.registry] 
New type domain.Sala

[2023-05-08 15:23:54 #11 type] 
Type domain.Sala is not enhanced.

[2023-05-08 15:23:54 #12 type.registry] 
New type java.util.ArrayList<java.lang.Object>

[2023-05-08 15:23:54 #13 type.registry] 
New type java.util.ArrayList<java.lang.String>

[2023-05-08 15:23:54 #14 type.registry] 
New type java.util.ArrayList<domain.Actividad>

[2023-05-08 15:23:54 #15 type.registry] 
New type java.util.LinkedList<java.lang.Object>

[2023-05-08 15:23:54 #16 type.registry] 
New type java.util.LinkedList<domain.Usuario>

[2023-05-08 15:23:54 #17 type.registry] 
New type java.util.ArrayList<domain.Sesion>

------------------------------------------------------------------------------------------------------------------------

[2023-05-08 15:25:08 #1 store] 
Database 'C:\Users\jonetxe13\Desktop\universidad\IS\Bets21-master\src\main\resources\bets.temp' is opened by 6192@DESKTOP-490MKBR

[2023-05-08 15:25:08 #2 type.registry] 
New type domain.Actividad

[2023-05-08 15:25:08 #3 type] 
Type domain.Actividad is not enhanced.

[2023-05-08 15:25:08 #4 type.registry] 
New type domain.Usuario

[2023-05-08 15:25:08 #5 type.registry] 
New type domain.Encargado

[2023-05-08 15:25:08 #6 type] 
Type domain.Usuario is not enhanced.

[2023-05-08 15:25:08 #7 type] 
Type domain.Encargado is not enhanced.

[2023-05-08 15:25:08 #8 type.registry] 
New type domain.Sesion

[2023-05-08 15:25:08 #9 type] 
Type domain.Sesion is not enhanced.

[2023-05-08 15:25:08 #10 type.registry] 
New type domain.Sala

[2023-05-08 15:25:08 #11 type] 
Type domain.Sala is not enhanced.

[2023-05-08 15:25:08 #12 type.registry] 
New type java.util.ArrayList<java.lang.Object>

[2023-05-08 15:25:08 #13 type.registry] 
New type java.util.ArrayList<java.lang.String>

[2023-05-08 15:25:08 #14 type.registry] 
New type java.util.ArrayList<domain.Actividad>

[2023-05-08 15:25:08 #15 type.registry] 
New type java.util.LinkedList<java.lang.Object>

[2023-05-08 15:25:08 #16 type.registry] 
New type java.util.LinkedList<domain.Usuario>

[2023-05-08 15:25:08 #17 type.registry] 
New type java.util.ArrayList<domain.Sesion>

------------------------------------------------------------------------------------------------------------------------

[2023-05-08 15:25:56 #1 store] 
Database 'C:\Users\jonetxe13\Desktop\universidad\IS\Bets21-master\src\main\resources\bets.temp' is opened by 5348@DESKTOP-490MKBR

[2023-05-08 15:25:56 #2 type.registry] 
New type domain.Actividad

[2023-05-08 15:25:56 #3 type] 
Type domain.Actividad is not enhanced.

[2023-05-08 15:25:56 #4 type.registry] 
New type domain.Usuario

[2023-05-08 15:25:56 #5 type.registry] 
New type domain.Encargado

[2023-05-08 15:25:56 #6 type] 
Type domain.Usuario is not enhanced.

[2023-05-08 15:25:56 #7 type] 
Type domain.Encargado is not enhanced.

[2023-05-08 15:25:56 #8 type.registry] 
New type domain.Sesion

[2023-05-08 15:25:56 #9 type] 
Type domain.Sesion is not enhanced.

[2023-05-08 15:25:56 #10 type.registry] 
New type domain.Sala

[2023-05-08 15:25:56 #11 type] 
Type domain.Sala is not enhanced.

[2023-05-08 15:25:56 #12 type.registry] 
New type java.util.ArrayList<java.lang.Object>

[2023-05-08 15:25:56 #13 type.registry] 
New type java.util.ArrayList<java.lang.String>

[2023-05-08 15:25:56 #14 type.registry] 
New type java.util.ArrayList<domain.Actividad>

[2023-05-08 15:25:56 #15 type.registry] 
New type java.util.LinkedList<java.lang.Object>

[2023-05-08 15:25:56 #16 type.registry] 
New type java.util.LinkedList<domain.Usuario>

[2023-05-08 15:25:56 #17 type.registry] 
New type java.util.ArrayList<domain.Sesion>

------------------------------------------------------------------------------------------------------------------------

[2023-05-08 15:29:36 #1 store] 
Database 'C:\Users\jonetxe13\Desktop\universidad\IS\Bets21-master\src\main\resources\bets.temp' is opened by 8308@DESKTOP-490MKBR

[2023-05-08 15:29:36 #2 type.registry] 
New type domain.Actividad

[2023-05-08 15:29:36 #3 type] 
Type domain.Actividad is not enhanced.

[2023-05-08 15:29:36 #4 type.registry] 
New type domain.Usuario

[2023-05-08 15:29:36 #5 type.registry] 
New type domain.Encargado

[2023-05-08 15:29:36 #6 type] 
Type domain.Usuario is not enhanced.

[2023-05-08 15:29:36 #7 type] 
Type domain.Encargado is not enhanced.

[2023-05-08 15:29:36 #8 type.registry] 
New type domain.Sesion

[2023-05-08 15:29:36 #9 type] 
Type domain.Sesion is not enhanced.

[2023-05-08 15:29:36 #10 type.registry] 
New type domain.Sala

[2023-05-08 15:29:36 #11 type] 
Type domain.Sala is not enhanced.

[2023-05-08 15:29:36 #12 type.registry] 
New type java.util.ArrayList<java.lang.Object>

[2023-05-08 15:29:36 #13 type.registry] 
New type java.util.ArrayList<java.lang.String>

[2023-05-08 15:29:36 #14 type.registry] 
New type java.util.ArrayList<domain.Actividad>

[2023-05-08 15:29:36 #15 type.registry] 
New type java.util.LinkedList<java.lang.Object>

[2023-05-08 15:29:36 #16 type.registry] 
New type java.util.LinkedList<domain.Usuario>

[2023-05-08 15:29:36 #17 type.registry] 
New type java.util.ArrayList<domain.Sesion>

------------------------------------------------------------------------------------------------------------------------

[2023-05-08 15:30:52 #1 store] 
Database 'C:\Users\jonetxe13\Desktop\universidad\IS\Bets21-master\src\main\resources\bets.temp' is opened by 7648@DESKTOP-490MKBR

[2023-05-08 15:30:52 #2 type.registry] 
New type domain.Actividad

[2023-05-08 15:30:52 #3 type] 
Type domain.Actividad is not enhanced.

[2023-05-08 15:30:52 #4 type.registry] 
New type domain.Usuario

[2023-05-08 15:30:52 #5 type.registry] 
New type domain.Encargado

[2023-05-08 15:30:52 #6 type] 
Type domain.Usuario is not enhanced.

[2023-05-08 15:30:52 #7 type] 
Type domain.Encargado is not enhanced.

[2023-05-08 15:30:52 #8 type.registry] 
New type domain.Sesion

[2023-05-08 15:30:52 #9 type] 
Type domain.Sesion is not enhanced.

[2023-05-08 15:30:52 #10 type.registry] 
New type domain.Sala

[2023-05-08 15:30:52 #11 type] 
Type domain.Sala is not enhanced.

[2023-05-08 15:30:52 #12 type.registry] 
New type java.util.ArrayList<java.lang.Object>

[2023-05-08 15:30:52 #13 type.registry] 
New type java.util.ArrayList<java.lang.String>

[2023-05-08 15:30:52 #14 type.registry] 
New type java.util.ArrayList<domain.Actividad>

[2023-05-08 15:30:52 #15 type.registry] 
New type java.util.LinkedList<java.lang.Object>

[2023-05-08 15:30:52 #16 type.registry] 
New type java.util.LinkedList<domain.Usuario>

[2023-05-08 15:30:52 #17 type.registry] 
New type java.util.ArrayList<domain.Sesion>

------------------------------------------------------------------------------------------------------------------------

[2023-05-08 15:38:56 #1 store] 
Database 'C:\Users\jonetxe13\Desktop\universidad\IS\Bets21-master\src\main\resources\bets.temp' is opened by 9220@DESKTOP-490MKBR

[2023-05-08 15:38:56 #2 type.registry] 
New type domain.Actividad

[2023-05-08 15:38:56 #3 type] 
Type domain.Actividad is not enhanced.

[2023-05-08 15:38:56 #4 type.registry] 
New type domain.Usuario

[2023-05-08 15:38:56 #5 type.registry] 
New type domain.Encargado

[2023-05-08 15:38:56 #6 type] 
Type domain.Usuario is not enhanced.

[2023-05-08 15:38:56 #7 type] 
Type domain.Encargado is not enhanced.

[2023-05-08 15:38:56 #8 type.registry] 
New type domain.Sesion

[2023-05-08 15:38:56 #9 type] 
Type domain.Sesion is not enhanced.

[2023-05-08 15:38:56 #10 type.registry] 
New type domain.Sala

[2023-05-08 15:38:56 #11 type] 
Type domain.Sala is not enhanced.

[2023-05-08 15:38:56 #12 type.registry] 
New type java.util.ArrayList<java.lang.Object>

[2023-05-08 15:38:56 #13 type.registry] 
New type java.util.ArrayList<java.lang.String>

[2023-05-08 15:38:56 #14 type.registry] 
New type java.util.ArrayList<domain.Actividad>

[2023-05-08 15:38:56 #15 type.registry] 
New type java.util.LinkedList<java.lang.Object>

[2023-05-08 15:38:56 #16 type.registry] 
New type java.util.LinkedList<domain.Usuario>

[2023-05-08 15:38:56 #17 type.registry] 
New type java.util.ArrayList<domain.Sesion>

------------------------------------------------------------------------------------------------------------------------

[2023-05-08 15:43:28 #1 store] 
Database 'C:\Users\jonetxe13\Desktop\universidad\IS\Bets21-master\src\main\resources\bets.temp' is opened by 3276@DESKTOP-490MKBR

[2023-05-08 15:43:28 #2 type.registry] 
New type domain.Actividad

[2023-05-08 15:43:28 #3 type] 
Type domain.Actividad is not enhanced.

[2023-05-08 15:43:28 #4 type.registry] 
New type domain.Usuario

[2023-05-08 15:43:28 #5 type.registry] 
New type domain.Encargado

[2023-05-08 15:43:28 #6 type] 
Type domain.Usuario is not enhanced.

[2023-05-08 15:43:28 #7 type] 
Type domain.Encargado is not enhanced.

[2023-05-08 15:43:28 #8 type.registry] 
New type domain.Sesion

[2023-05-08 15:43:28 #9 type] 
Type domain.Sesion is not enhanced.

[2023-05-08 15:43:28 #10 type.registry] 
New type domain.Sala

[2023-05-08 15:43:28 #11 type] 
Type domain.Sala is not enhanced.

[2023-05-08 15:43:28 #12 type.registry] 
New type java.util.ArrayList<java.lang.Object>

[2023-05-08 15:43:28 #13 type.registry] 
New type java.util.ArrayList<java.lang.String>

[2023-05-08 15:43:28 #14 type.registry] 
New type java.util.ArrayList<domain.Actividad>

[2023-05-08 15:43:28 #15 type.registry] 
New type java.util.LinkedList<java.lang.Object>

[2023-05-08 15:43:28 #16 type.registry] 
New type java.util.LinkedList<domain.Usuario>

[2023-05-08 15:43:28 #17 type.registry] 
New type java.util.ArrayList<domain.Sesion>

------------------------------------------------------------------------------------------------------------------------

[2023-05-08 15:44:15 #1 store] 
Database 'C:\Users\jonetxe13\Desktop\universidad\IS\Bets21-master\src\main\resources\bets.temp' is opened by 6864@DESKTOP-490MKBR

[2023-05-08 15:44:15 #2 type.registry] 
New type domain.Actividad

[2023-05-08 15:44:15 #3 type] 
Type domain.Actividad is not enhanced.

[2023-05-08 15:44:15 #4 type.registry] 
New type domain.Usuario

[2023-05-08 15:44:15 #5 type.registry] 
New type domain.Encargado

[2023-05-08 15:44:15 #6 type] 
Type domain.Usuario is not enhanced.

[2023-05-08 15:44:15 #7 type] 
Type domain.Encargado is not enhanced.

[2023-05-08 15:44:15 #8 type.registry] 
New type domain.Sesion

[2023-05-08 15:44:15 #9 type] 
Type domain.Sesion is not enhanced.

[2023-05-08 15:44:15 #10 type.registry] 
New type domain.Sala

[2023-05-08 15:44:15 #11 type] 
Type domain.Sala is not enhanced.

[2023-05-08 15:44:15 #12 type.registry] 
New type java.util.ArrayList<java.lang.Object>

[2023-05-08 15:44:15 #13 type.registry] 
New type java.util.ArrayList<java.lang.String>

[2023-05-08 15:44:15 #14 type.registry] 
New type java.util.ArrayList<domain.Actividad>

[2023-05-08 15:44:15 #15 type.registry] 
New type java.util.LinkedList<java.lang.Object>

[2023-05-08 15:44:15 #16 type.registry] 
New type java.util.LinkedList<domain.Usuario>

[2023-05-08 15:44:15 #17 type.registry] 
New type java.util.ArrayList<domain.Sesion>

------------------------------------------------------------------------------------------------------------------------

[2023-05-08 15:45:21 #1 store] 
Database 'C:\Users\jonetxe13\Desktop\universidad\IS\Bets21-master\src\main\resources\bets.temp' is opened by 6192@DESKTOP-490MKBR

[2023-05-08 15:45:21 #2 type.registry] 
New type domain.Actividad

[2023-05-08 15:45:21 #3 type] 
Type domain.Actividad is not enhanced.

[2023-05-08 15:45:22 #4 type.registry] 
New type domain.Usuario

[2023-05-08 15:45:22 #5 type.registry] 
New type domain.Encargado

[2023-05-08 15:45:22 #6 type] 
Type domain.Usuario is not enhanced.

[2023-05-08 15:45:22 #7 type] 
Type domain.Encargado is not enhanced.

[2023-05-08 15:45:22 #8 type.registry] 
New type domain.Sesion

[2023-05-08 15:45:22 #9 type] 
Type domain.Sesion is not enhanced.

[2023-05-08 15:45:22 #10 type.registry] 
New type domain.Sala

[2023-05-08 15:45:22 #11 type] 
Type domain.Sala is not enhanced.

[2023-05-08 15:45:22 #12 type.registry] 
New type java.util.ArrayList<java.lang.Object>

[2023-05-08 15:45:22 #13 type.registry] 
New type java.util.ArrayList<java.lang.String>

[2023-05-08 15:45:22 #14 type.registry] 
New type java.util.ArrayList<domain.Actividad>

[2023-05-08 15:45:22 #15 type.registry] 
New type java.util.LinkedList<java.lang.Object>

[2023-05-08 15:45:22 #16 type.registry] 
New type java.util.LinkedList<domain.Usuario>

[2023-05-08 15:45:22 #17 type.registry] 
New type java.util.ArrayList<domain.Sesion>

------------------------------------------------------------------------------------------------------------------------

[2023-05-08 15:46:39 #1 store] 
Database 'C:\Users\jonetxe13\Desktop\universidad\IS\Bets21-master\src\main\resources\bets.temp' is opened by 6648@DESKTOP-490MKBR

[2023-05-08 15:46:39 #2 type.registry] 
New type domain.Actividad

[2023-05-08 15:46:39 #3 type] 
Type domain.Actividad is not enhanced.

[2023-05-08 15:46:39 #4 type.registry] 
New type domain.Usuario

[2023-05-08 15:46:39 #5 type.registry] 
New type domain.Encargado

[2023-05-08 15:46:39 #6 type] 
Type domain.Usuario is not enhanced.

[2023-05-08 15:46:39 #7 type] 
Type domain.Encargado is not enhanced.

[2023-05-08 15:46:39 #8 type.registry] 
New type domain.Sesion

[2023-05-08 15:46:39 #9 type] 
Type domain.Sesion is not enhanced.

[2023-05-08 15:46:39 #10 type.registry] 
New type domain.Sala

[2023-05-08 15:46:39 #11 type] 
Type domain.Sala is not enhanced.

[2023-05-08 15:46:39 #12 type.registry] 
New type java.util.ArrayList<java.lang.Object>

[2023-05-08 15:46:39 #13 type.registry] 
New type java.util.ArrayList<java.lang.String>

[2023-05-08 15:46:39 #14 type.registry] 
New type java.util.ArrayList<domain.Actividad>

[2023-05-08 15:46:39 #15 type.registry] 
New type java.util.LinkedList<java.lang.Object>

[2023-05-08 15:46:39 #16 type.registry] 
New type java.util.LinkedList<domain.Usuario>

[2023-05-08 15:46:39 #17 type.registry] 
New type java.util.ArrayList<domain.Sesion>

------------------------------------------------------------------------------------------------------------------------

[2023-05-08 15:50:29 #1 store] 
Database 'C:\Users\jonetxe13\Desktop\universidad\IS\Bets21-master\src\main\resources\bets.temp' is opened by 5852@DESKTOP-490MKBR

[2023-05-08 15:50:29 #2 type.registry] 
New type domain.Actividad

[2023-05-08 15:50:29 #3 type] 
Type domain.Actividad is not enhanced.

[2023-05-08 15:50:29 #4 type.registry] 
New type domain.Usuario

[2023-05-08 15:50:29 #5 type.registry] 
New type domain.Encargado

[2023-05-08 15:50:29 #6 type] 
Type domain.Usuario is not enhanced.

[2023-05-08 15:50:29 #7 type] 
Type domain.Encargado is not enhanced.

[2023-05-08 15:50:29 #8 type.registry] 
New type domain.Sesion

[2023-05-08 15:50:29 #9 type] 
Type domain.Sesion is not enhanced.

[2023-05-08 15:50:29 #10 type.registry] 
New type domain.Sala

[2023-05-08 15:50:29 #11 type] 
Type domain.Sala is not enhanced.

[2023-05-08 15:50:29 #12 type.registry] 
New type java.util.ArrayList<java.lang.Object>

[2023-05-08 15:50:29 #13 type.registry] 
New type java.util.ArrayList<java.lang.String>

[2023-05-08 15:50:29 #14 type.registry] 
New type java.util.ArrayList<domain.Actividad>

[2023-05-08 15:50:29 #15 type.registry] 
New type java.util.LinkedList<java.lang.Object>

[2023-05-08 15:50:29 #16 type.registry] 
New type java.util.LinkedList<domain.Usuario>

[2023-05-08 15:50:29 #17 type.registry] 
New type java.util.ArrayList<domain.Sesion>

------------------------------------------------------------------------------------------------------------------------

[2023-05-08 15:51:47 #1 store] 
Database 'C:\Users\jonetxe13\Desktop\universidad\IS\Bets21-master\src\main\resources\bets.temp' is opened by 8212@DESKTOP-490MKBR

[2023-05-08 15:51:47 #2 type.registry] 
New type domain.Actividad

[2023-05-08 15:51:47 #3 type] 
Type domain.Actividad is not enhanced.

[2023-05-08 15:51:47 #4 type.registry] 
New type domain.Usuario

[2023-05-08 15:51:47 #5 type.registry] 
New type domain.Encargado

[2023-05-08 15:51:47 #6 type] 
Type domain.Usuario is not enhanced.

[2023-05-08 15:51:47 #7 type] 
Type domain.Encargado is not enhanced.

[2023-05-08 15:51:47 #8 type.registry] 
New type domain.Sesion

[2023-05-08 15:51:47 #9 type] 
Type domain.Sesion is not enhanced.

[2023-05-08 15:51:47 #10 type.registry] 
New type domain.Sala

[2023-05-08 15:51:47 #11 type] 
Type domain.Sala is not enhanced.

[2023-05-08 15:51:47 #12 type.registry] 
New type java.util.ArrayList<java.lang.Object>

[2023-05-08 15:51:47 #13 type.registry] 
New type java.util.ArrayList<java.lang.String>

[2023-05-08 15:51:47 #14 type.registry] 
New type java.util.ArrayList<domain.Actividad>

[2023-05-08 15:51:47 #15 type.registry] 
New type java.util.LinkedList<java.lang.Object>

[2023-05-08 15:51:47 #16 type.registry] 
New type java.util.LinkedList<domain.Usuario>

[2023-05-08 15:51:47 #17 type.registry] 
New type java.util.ArrayList<domain.Sesion>

------------------------------------------------------------------------------------------------------------------------

[2023-05-08 22:16:33 #1 store] 
Database 'C:\Users\jonet\OneDrive\Escritorio\universidad\IS\Bets21-master\src\main\resources\bets.temp' is opened by 17388@DESKTOP-KFRJO8S

[2023-05-08 22:16:33 #2 type.registry] 
New type domain.Actividad

[2023-05-08 22:16:33 #3 type] 
Type domain.Actividad is not enhanced.

[2023-05-08 22:16:33 #4 type.registry] 
New type domain.Usuario

[2023-05-08 22:16:33 #5 type.registry] 
New type domain.Encargado

[2023-05-08 22:16:33 #6 type] 
Type domain.Usuario is not enhanced.

[2023-05-08 22:16:33 #7 type] 
Type domain.Encargado is not enhanced.

[2023-05-08 22:16:33 #8 type.registry] 
New type domain.Sesion

[2023-05-08 22:16:33 #9 type] 
Type domain.Sesion is not enhanced.

[2023-05-08 22:16:33 #10 type.registry] 
New type domain.Sala

[2023-05-08 22:16:33 #11 type] 
Type domain.Sala is not enhanced.

[2023-05-08 22:16:33 #12 type.registry] 
New type java.util.ArrayList<java.lang.Object>

[2023-05-08 22:16:33 #13 type.registry] 
New type java.util.ArrayList<java.lang.String>

[2023-05-08 22:16:33 #14 type.registry] 
New type java.util.ArrayList<domain.Actividad>

[2023-05-08 22:16:33 #15 type.registry] 
New type java.util.LinkedList<java.lang.Object>

[2023-05-08 22:16:33 #16 type.registry] 
New type java.util.LinkedList<domain.Usuario>

[2023-05-08 22:16:33 #17 type.registry] 
New type java.util.ArrayList<domain.Sesion>

------------------------------------------------------------------------------------------------------------------------

[2023-05-08 22:20:55 #1 store] 
Database 'C:\Users\jonet\OneDrive\Escritorio\universidad\IS\Bets21-master\src\main\resources\bets.temp' is opened by 9456@DESKTOP-KFRJO8S

[2023-05-08 22:20:55 #2 type.registry] 
New type domain.Actividad

[2023-05-08 22:20:55 #3 type] 
Type domain.Actividad is not enhanced.

[2023-05-08 22:20:55 #4 type.registry] 
New type domain.Usuario

[2023-05-08 22:20:55 #5 type.registry] 
New type domain.Encargado

[2023-05-08 22:20:55 #6 type] 
Type domain.Usuario is not enhanced.

[2023-05-08 22:20:55 #7 type] 
Type domain.Encargado is not enhanced.

[2023-05-08 22:20:55 #8 type.registry] 
New type domain.Sesion

[2023-05-08 22:20:55 #9 type] 
Type domain.Sesion is not enhanced.

[2023-05-08 22:20:55 #10 type.registry] 
New type domain.Sala

[2023-05-08 22:20:55 #11 type] 
Type domain.Sala is not enhanced.

[2023-05-08 22:20:55 #12 type.registry] 
New type java.util.ArrayList<java.lang.Object>

[2023-05-08 22:20:55 #13 type.registry] 
New type java.util.ArrayList<java.lang.String>

[2023-05-08 22:20:55 #14 type.registry] 
New type java.util.ArrayList<domain.Actividad>

[2023-05-08 22:20:55 #15 type.registry] 
New type java.util.LinkedList<java.lang.Object>

[2023-05-08 22:20:55 #16 type.registry] 
New type java.util.LinkedList<domain.Usuario>

[2023-05-08 22:20:55 #17 type.registry] 
New type java.util.ArrayList<domain.Sesion>

------------------------------------------------------------------------------------------------------------------------

[2023-05-08 23:28:48 #1 store] 
Database 'C:\Users\jonet\OneDrive\Escritorio\universidad\IS\Bets21-master\src\main\resources\bets.temp' is opened by 19768@DESKTOP-KFRJO8S

[2023-05-08 23:28:48 #2 type.registry] 
New type domain.Actividad

[2023-05-08 23:28:48 #3 type] 
Type domain.Actividad is not enhanced.

[2023-05-08 23:28:48 #4 type.registry] 
New type domain.Usuario

[2023-05-08 23:28:48 #5 type.registry] 
New type domain.Encargado

[2023-05-08 23:28:48 #6 type] 
Type domain.Usuario is not enhanced.

[2023-05-08 23:28:48 #7 type] 
Type domain.Encargado is not enhanced.

[2023-05-08 23:28:48 #8 type.registry] 
New type domain.Sesion

[2023-05-08 23:28:48 #9 type] 
Type domain.Sesion is not enhanced.

[2023-05-08 23:28:48 #10 type.registry] 
New type domain.Sala

[2023-05-08 23:28:48 #11 type] 
Type domain.Sala is not enhanced.

[2023-05-08 23:28:48 #12 type.registry] 
New type java.util.ArrayList<java.lang.Object>

[2023-05-08 23:28:48 #13 type.registry] 
New type java.util.ArrayList<java.lang.String>

[2023-05-08 23:28:48 #14 type.registry] 
New type java.util.ArrayList<domain.Actividad>

[2023-05-08 23:28:48 #15 type.registry] 
New type java.util.LinkedList<java.lang.Object>

[2023-05-08 23:28:48 #16 type.registry] 
New type java.util.LinkedList<domain.Usuario>

[2023-05-08 23:28:48 #17 type.registry] 
New type java.util.ArrayList<domain.Sesion>

------------------------------------------------------------------------------------------------------------------------

[2023-05-08 23:29:33 #1 store] 
Database 'C:\Users\jonet\OneDrive\Escritorio\universidad\IS\Bets21-master\src\main\resources\bets.temp' is opened by 10208@DESKTOP-KFRJO8S

[2023-05-08 23:29:33 #2 type.registry] 
New type domain.Actividad

[2023-05-08 23:29:33 #3 type] 
Type domain.Actividad is not enhanced.

[2023-05-08 23:29:33 #4 type.registry] 
New type domain.Usuario

[2023-05-08 23:29:33 #5 type.registry] 
New type domain.Encargado

[2023-05-08 23:29:33 #6 type] 
Type domain.Usuario is not enhanced.

[2023-05-08 23:29:33 #7 type] 
Type domain.Encargado is not enhanced.

[2023-05-08 23:29:33 #8 type.registry] 
New type domain.Sesion

[2023-05-08 23:29:33 #9 type] 
Type domain.Sesion is not enhanced.

[2023-05-08 23:29:33 #10 type.registry] 
New type domain.Sala

[2023-05-08 23:29:33 #11 type] 
Type domain.Sala is not enhanced.

[2023-05-08 23:29:33 #12 type.registry] 
New type java.util.ArrayList<java.lang.Object>

[2023-05-08 23:29:33 #13 type.registry] 
New type java.util.ArrayList<java.lang.String>

[2023-05-08 23:29:33 #14 type.registry] 
New type java.util.ArrayList<domain.Actividad>

[2023-05-08 23:29:33 #15 type.registry] 
New type java.util.LinkedList<java.lang.Object>

[2023-05-08 23:29:33 #16 type.registry] 
New type java.util.LinkedList<domain.Usuario>

[2023-05-08 23:29:33 #17 type.registry] 
New type java.util.ArrayList<domain.Sesion>

------------------------------------------------------------------------------------------------------------------------

[2023-05-08 23:48:28 #1 store] 
Database 'C:\Users\jonet\OneDrive\Escritorio\universidad\IS\Bets21-master\src\main\resources\bets.temp' is opened by 3924@DESKTOP-KFRJO8S

[2023-05-08 23:48:29 #2 type.registry] 
New type domain.Actividad

[2023-05-08 23:48:29 #3 type] 
Type domain.Actividad is not enhanced.

[2023-05-08 23:48:29 #4 type.registry] 
New type domain.Usuario

[2023-05-08 23:48:29 #5 type.registry] 
New type domain.Encargado

[2023-05-08 23:48:29 #6 type] 
Type domain.Usuario is not enhanced.

[2023-05-08 23:48:29 #7 type] 
Type domain.Encargado is not enhanced.

[2023-05-08 23:48:29 #8 type.registry] 
New type domain.Sesion

[2023-05-08 23:48:29 #9 type] 
Type domain.Sesion is not enhanced.

[2023-05-08 23:48:29 #10 type.registry] 
New type domain.Sala

[2023-05-08 23:48:29 #11 type] 
Type domain.Sala is not enhanced.

[2023-05-08 23:48:29 #12 type.registry] 
New type java.util.ArrayList<java.lang.Object>

[2023-05-08 23:48:29 #13 type.registry] 
New type java.util.ArrayList<java.lang.String>

[2023-05-08 23:48:29 #14 type.registry] 
New type java.util.ArrayList<domain.Actividad>

[2023-05-08 23:48:29 #15 type.registry] 
New type java.util.LinkedList<java.lang.Object>

[2023-05-08 23:48:29 #16 type.registry] 
New type java.util.LinkedList<domain.Usuario>

[2023-05-08 23:48:29 #17 type.registry] 
New type java.util.ArrayList<domain.Sesion>

------------------------------------------------------------------------------------------------------------------------

[2023-05-08 23:50:30 #1 store] 
Database 'C:\Users\jonet\OneDrive\Escritorio\universidad\IS\Bets21-master\src\main\resources\bets.temp' is opened by 11144@DESKTOP-KFRJO8S

[2023-05-08 23:50:31 #2 type.registry] 
New type domain.Actividad

[2023-05-08 23:50:31 #3 type] 
Type domain.Actividad is not enhanced.

[2023-05-08 23:50:31 #4 type.registry] 
New type domain.Usuario

[2023-05-08 23:50:31 #5 type.registry] 
New type domain.Encargado

[2023-05-08 23:50:31 #6 type] 
Type domain.Usuario is not enhanced.

[2023-05-08 23:50:31 #7 type] 
Type domain.Encargado is not enhanced.

[2023-05-08 23:50:31 #8 type.registry] 
New type domain.Sesion

[2023-05-08 23:50:31 #9 type] 
Type domain.Sesion is not enhanced.

[2023-05-08 23:50:31 #10 type.registry] 
New type domain.Sala

[2023-05-08 23:50:31 #11 type] 
Type domain.Sala is not enhanced.

[2023-05-08 23:50:31 #12 type.registry] 
New type java.util.ArrayList<java.lang.Object>

[2023-05-08 23:50:31 #13 type.registry] 
New type java.util.ArrayList<java.lang.String>

[2023-05-08 23:50:31 #14 type.registry] 
New type java.util.ArrayList<domain.Actividad>

[2023-05-08 23:50:31 #15 type.registry] 
New type java.util.LinkedList<java.lang.Object>

[2023-05-08 23:50:31 #16 type.registry] 
New type java.util.LinkedList<domain.Usuario>

[2023-05-08 23:50:31 #17 type.registry] 
New type java.util.ArrayList<domain.Sesion>

