------------------------------------------------------------------------------------------------------------------------

[2023-05-03 14:05:24 #1 store] 
Database 'C:\Users\jonetxe13\Desktop\universidad\IS\Bets21-master\src\main\resources\bets.temp' is opened by 5236@DESKTOP-490MKBR

[2023-05-03 14:05:24 #2 type.registry] 
New type domain.Question

[2023-05-03 14:05:24 #3 type] 
Type domain.Question is not enhanced.

[2023-05-03 14:05:24 #4 type.registry] 
New type domain.Event

[2023-05-03 14:05:24 #5 type] 
Type domain.Event is not enhanced.

[2023-05-03 14:05:24 #6 type.registry] 
New type java.util.Vector<domain.Question>

[2023-05-03 14:05:24 #7 type.registry] 
New type java.util.Vector<java.lang.Object>

------------------------------------------------------------------------------------------------------------------------

[2023-05-03 14:12:08 #1 store] 
Database 'C:\Users\jonetxe13\Desktop\universidad\IS\Bets21-master\src\main\resources\bets.temp' is opened by 9744@DESKTOP-490MKBR

[2023-05-03 14:12:09 #2 type.registry] 
New type domain.Question

[2023-05-03 14:12:09 #3 type] 
Type domain.Question is not enhanced.

[2023-05-03 14:12:09 #4 type.registry] 
New type domain.Event

[2023-05-03 14:12:09 #5 type] 
Type domain.Event is not enhanced.

[2023-05-03 14:12:09 #6 type.registry] 
New type java.util.Vector<domain.Question>

[2023-05-03 14:12:09 #7 type.registry] 
New type java.util.Vector<java.lang.Object>

------------------------------------------------------------------------------------------------------------------------

[2023-05-03 14:12:34 #1 store] 
Database 'C:\Users\jonetxe13\Desktop\universidad\IS\Bets21-master\src\main\resources\bets.temp' is opened by 3300@DESKTOP-490MKBR

[2023-05-03 14:12:34 #2 type.registry] 
New type domain.Question

[2023-05-03 14:12:34 #3 type] 
Type domain.Question is not enhanced.

[2023-05-03 14:12:34 #4 type.registry] 
New type domain.Event

[2023-05-03 14:12:34 #5 type] 
Type domain.Event is not enhanced.

[2023-05-03 14:12:34 #6 type.registry] 
New type java.util.Vector<domain.Question>

[2023-05-03 14:12:34 #7 type.registry] 
New type java.util.Vector<java.lang.Object>

