------------------------------------------------------------------------------------------------------------------------

[2023-05-04 09:41:36 #1 store] 
Database 'C:\Users\jonetxe13\Desktop\universidad\IS\Bets21-master\src\main\resources\bets.temp' is opened by 12000@DESKTOP-490MKBR

[2023-05-04 09:41:36 #2 type.registry] 
New type domain.Question

[2023-05-04 09:41:36 #3 type] 
Type domain.Question is not enhanced.

[2023-05-04 09:41:36 #4 type.registry] 
New type domain.Event

[2023-05-04 09:41:36 #5 type] 
Type domain.Event is not enhanced.

[2023-05-04 09:41:36 #6 type.registry] 
New type java.util.Vector<domain.Question>

[2023-05-04 09:41:36 #7 type.registry] 
New type java.util.Vector<java.lang.Object>

------------------------------------------------------------------------------------------------------------------------

[2023-05-04 09:49:24 #1 store] 
Database 'C:\Users\jonetxe13\Desktop\universidad\IS\Bets21-master\src\main\resources\bets.temp' is opened by 8636@DESKTOP-490MKBR

[2023-05-04 09:49:24 #2 type.registry] 
New type domain.Question

[2023-05-04 09:49:24 #3 type] 
Type domain.Question is not enhanced.

[2023-05-04 09:49:24 #4 type.registry] 
New type domain.Event

[2023-05-04 09:49:24 #5 type] 
Type domain.Event is not enhanced.

[2023-05-04 09:49:24 #6 type.registry] 
New type java.util.Vector<domain.Question>

[2023-05-04 09:49:24 #7 type.registry] 
New type java.util.Vector<java.lang.Object>

------------------------------------------------------------------------------------------------------------------------

[2023-05-04 09:50:01 #1 store] 
Database 'C:\Users\jonetxe13\Desktop\universidad\IS\Bets21-master\src\main\resources\bets.temp' is opened by 10908@DESKTOP-490MKBR

[2023-05-04 09:50:01 #2 type.registry] 
New type domain.Question

[2023-05-04 09:50:01 #3 type] 
Type domain.Question is not enhanced.

[2023-05-04 09:50:01 #4 type.registry] 
New type domain.Event

[2023-05-04 09:50:01 #5 type] 
Type domain.Event is not enhanced.

[2023-05-04 09:50:01 #6 type.registry] 
New type java.util.Vector<domain.Question>

[2023-05-04 09:50:01 #7 type.registry] 
New type java.util.Vector<java.lang.Object>

------------------------------------------------------------------------------------------------------------------------

[2023-05-04 09:50:19 #1 store] 
Database 'C:\Users\jonetxe13\Desktop\universidad\IS\Bets21-master\src\main\resources\bets.temp' is opened by 4972@DESKTOP-490MKBR

[2023-05-04 09:50:20 #2 type.registry] 
New type domain.Question

[2023-05-04 09:50:20 #3 type] 
Type domain.Question is not enhanced.

[2023-05-04 09:50:20 #4 type.registry] 
New type domain.Event

[2023-05-04 09:50:20 #5 type] 
Type domain.Event is not enhanced.

[2023-05-04 09:50:20 #6 type.registry] 
New type java.util.Vector<domain.Question>

[2023-05-04 09:50:20 #7 type.registry] 
New type java.util.Vector<java.lang.Object>

------------------------------------------------------------------------------------------------------------------------

[2023-05-04 10:21:49 #1 store] 
Database 'C:\Users\jonetxe13\Desktop\universidad\IS\Bets21-master\src\main\resources\bets.temp' is opened by 2536@DESKTOP-490MKBR

[2023-05-04 10:21:49 #2 type.registry] 
New type domain.Question

[2023-05-04 10:21:49 #3 type] 
Type domain.Question is not enhanced.

[2023-05-04 10:21:49 #4 type.registry] 
New type domain.Event

[2023-05-04 10:21:49 #5 type] 
Type domain.Event is not enhanced.

[2023-05-04 10:21:49 #6 type.registry] 
New type java.util.Vector<domain.Question>

[2023-05-04 10:21:49 #7 type.registry] 
New type domain.Usuario

------------------------------------------------------------------------------------------------------------------------

[2023-05-04 10:22:28 #1 store] 
Database 'C:\Users\jonetxe13\Desktop\universidad\IS\Bets21-master\src\main\resources\bets.temp' is opened by 9220@DESKTOP-490MKBR

[2023-05-04 10:22:28 #2 type.registry] 
New type domain.Question

[2023-05-04 10:22:28 #3 type] 
Type domain.Question is not enhanced.

[2023-05-04 10:22:28 #4 type.registry] 
New type domain.Event

[2023-05-04 10:22:28 #5 type] 
Type domain.Event is not enhanced.

[2023-05-04 10:22:28 #6 type.registry] 
New type java.util.Vector<domain.Question>

[2023-05-04 10:22:28 #7 type.registry] 
New type domain.Usuario

[2023-05-04 10:22:28 #8 type] 
Type domain.Usuario is not enhanced.

[2023-05-04 10:22:28 #9 type.registry] 
New type java.util.Vector<java.lang.Object>

------------------------------------------------------------------------------------------------------------------------

[2023-05-04 10:23:35 #1 store] 
Database 'C:\Users\jonetxe13\Desktop\universidad\IS\Bets21-master\src\main\resources\bets.temp' is opened by 9148@DESKTOP-490MKBR

[2023-05-04 10:23:35 #2 type.registry] 
New type domain.Question

[2023-05-04 10:23:35 #3 type] 
Type domain.Question is not enhanced.

[2023-05-04 10:23:35 #4 type.registry] 
New type domain.Event

[2023-05-04 10:23:35 #5 type] 
Type domain.Event is not enhanced.

[2023-05-04 10:23:35 #6 type.registry] 
New type java.util.Vector<domain.Question>

[2023-05-04 10:23:35 #7 type.registry] 
New type domain.Usuario

[2023-05-04 10:23:35 #8 type] 
Type domain.Usuario is not enhanced.

[2023-05-04 10:23:35 #9 type.registry] 
New type java.util.Vector<java.lang.Object>

------------------------------------------------------------------------------------------------------------------------

[2023-05-04 10:25:51 #1 store] 
Database 'C:\Users\jonetxe13\Desktop\universidad\IS\Bets21-master\src\main\resources\bets.temp' is opened by 9488@DESKTOP-490MKBR

[2023-05-04 10:25:51 #2 type.registry] 
New type domain.Question

[2023-05-04 10:25:51 #3 type] 
Type domain.Question is not enhanced.

[2023-05-04 10:25:51 #4 type.registry] 
New type domain.Event

[2023-05-04 10:25:51 #5 type] 
Type domain.Event is not enhanced.

[2023-05-04 10:25:51 #6 type.registry] 
New type java.util.Vector<domain.Question>

[2023-05-04 10:25:51 #7 type.registry] 
New type domain.Usuario

[2023-05-04 10:25:51 #8 type] 
Type domain.Usuario is not enhanced.

[2023-05-04 10:25:51 #9 type.registry] 
New type java.util.Vector<java.lang.Object>

------------------------------------------------------------------------------------------------------------------------

[2023-05-04 10:26:36 #1 store] 
Database 'C:\Users\jonetxe13\Desktop\universidad\IS\Bets21-master\src\main\resources\bets.temp' is opened by 3716@DESKTOP-490MKBR

[2023-05-04 10:26:36 #2 type.registry] 
New type domain.Question

[2023-05-04 10:26:36 #3 type] 
Type domain.Question is not enhanced.

[2023-05-04 10:26:36 #4 type.registry] 
New type domain.Event

[2023-05-04 10:26:36 #5 type] 
Type domain.Event is not enhanced.

[2023-05-04 10:26:36 #6 type.registry] 
New type java.util.Vector<domain.Question>

[2023-05-04 10:26:36 #7 type.registry] 
New type domain.Usuario

[2023-05-04 10:26:36 #8 type] 
Type domain.Usuario is not enhanced.

[2023-05-04 10:26:36 #9 type.registry] 
New type java.util.Vector<java.lang.Object>

------------------------------------------------------------------------------------------------------------------------

[2023-05-04 10:29:01 #1 store] 
Database 'C:\Users\jonetxe13\Desktop\universidad\IS\Bets21-master\src\main\resources\bets.temp' is opened by 8860@DESKTOP-490MKBR

[2023-05-04 10:29:01 #2 type.registry] 
New type domain.Question

[2023-05-04 10:29:01 #3 type] 
Type domain.Question is not enhanced.

[2023-05-04 10:29:01 #4 type.registry] 
New type domain.Event

[2023-05-04 10:29:01 #5 type] 
Type domain.Event is not enhanced.

[2023-05-04 10:29:01 #6 type.registry] 
New type java.util.Vector<domain.Question>

[2023-05-04 10:29:01 #7 type.registry] 
New type domain.Usuario

[2023-05-04 10:29:01 #8 type] 
Type domain.Usuario is not enhanced.

[2023-05-04 10:29:01 #9 type.registry] 
New type java.util.Vector<java.lang.Object>

------------------------------------------------------------------------------------------------------------------------

[2023-05-04 10:58:23 #1 store] 
Database 'C:\Users\jonetxe13\Desktop\universidad\IS\Bets21-master\src\main\resources\bets.temp' is opened by 9792@DESKTOP-490MKBR

[2023-05-04 10:58:23 #2 type.registry] 
New type domain.Question

[2023-05-04 10:58:23 #3 type] 
Type domain.Question is not enhanced.

[2023-05-04 10:58:23 #4 type.registry] 
New type domain.Event

[2023-05-04 10:58:23 #5 type] 
Type domain.Event is not enhanced.

[2023-05-04 10:58:23 #6 type.registry] 
New type java.util.Vector<domain.Question>

[2023-05-04 10:58:23 #7 type.registry] 
New type domain.Usuario

[2023-05-04 10:58:23 #8 type] 
Type domain.Usuario is not enhanced.

[2023-05-04 10:58:23 #9 type.registry] 
New type java.util.Vector<java.lang.Object>

------------------------------------------------------------------------------------------------------------------------

[2023-05-04 11:02:15 #1 store] 
Database 'C:\Users\jonetxe13\Desktop\universidad\IS\Bets21-master\src\main\resources\bets.temp' is opened by 3768@DESKTOP-490MKBR

[2023-05-04 11:02:15 #2 type.registry] 
New type domain.Question

[2023-05-04 11:02:15 #3 type] 
Type domain.Question is not enhanced.

[2023-05-04 11:02:15 #4 type.registry] 
New type domain.Event

[2023-05-04 11:02:15 #5 type] 
Type domain.Event is not enhanced.

[2023-05-04 11:02:15 #6 type.registry] 
New type java.util.Vector<domain.Question>

[2023-05-04 11:02:15 #7 type.registry] 
New type domain.Usuario

[2023-05-04 11:02:15 #8 type] 
Type domain.Usuario is not enhanced.

[2023-05-04 11:02:15 #9 type.registry] 
New type java.util.Vector<java.lang.Object>

------------------------------------------------------------------------------------------------------------------------

[2023-05-04 11:04:06 #1 store] 
Database 'C:\Users\jonetxe13\Desktop\universidad\IS\Bets21-master\src\main\resources\bets.temp' is opened by 10572@DESKTOP-490MKBR

[2023-05-04 11:04:06 #2 type.registry] 
New type domain.Question

[2023-05-04 11:04:06 #3 type] 
Type domain.Question is not enhanced.

[2023-05-04 11:04:06 #4 type.registry] 
New type domain.Event

[2023-05-04 11:04:06 #5 type] 
Type domain.Event is not enhanced.

[2023-05-04 11:04:06 #6 type.registry] 
New type java.util.Vector<domain.Question>

[2023-05-04 11:04:06 #7 type.registry] 
New type domain.Usuario

[2023-05-04 11:04:06 #8 type] 
Type domain.Usuario is not enhanced.

[2023-05-04 11:04:06 #9 type.registry] 
New type java.util.Vector<java.lang.Object>

------------------------------------------------------------------------------------------------------------------------

[2023-05-04 11:05:43 #1 store] 
Database 'C:\Users\jonetxe13\Desktop\universidad\IS\Bets21-master\src\main\resources\bets.temp' is opened by 8044@DESKTOP-490MKBR

[2023-05-04 11:05:43 #2 type.registry] 
New type domain.Question

[2023-05-04 11:05:43 #3 type] 
Type domain.Question is not enhanced.

[2023-05-04 11:05:43 #4 type.registry] 
New type domain.Event

[2023-05-04 11:05:43 #5 type] 
Type domain.Event is not enhanced.

[2023-05-04 11:05:43 #6 type.registry] 
New type java.util.Vector<domain.Question>

[2023-05-04 11:05:43 #7 type.registry] 
New type domain.Usuario

[2023-05-04 11:05:43 #8 type] 
Type domain.Usuario is not enhanced.

[2023-05-04 11:05:43 #9 type.registry] 
New type java.util.Vector<java.lang.Object>

------------------------------------------------------------------------------------------------------------------------

[2023-05-04 11:07:33 #1 store] 
Database 'C:\Users\jonetxe13\Desktop\universidad\IS\Bets21-master\src\main\resources\bets.temp' is opened by 8224@DESKTOP-490MKBR

[2023-05-04 11:07:33 #2 type.registry] 
New type domain.Question

[2023-05-04 11:07:33 #3 type] 
Type domain.Question is not enhanced.

[2023-05-04 11:07:33 #4 type.registry] 
New type domain.Event

[2023-05-04 11:07:33 #5 type] 
Type domain.Event is not enhanced.

[2023-05-04 11:07:33 #6 type.registry] 
New type java.util.Vector<domain.Question>

[2023-05-04 11:07:33 #7 type.registry] 
New type domain.Usuario

[2023-05-04 11:07:33 #8 type] 
Type domain.Usuario is not enhanced.

[2023-05-04 11:07:33 #9 type.registry] 
New type java.util.Vector<java.lang.Object>

------------------------------------------------------------------------------------------------------------------------

[2023-05-04 11:17:05 #1 store] 
Database 'C:\Users\jonetxe13\Desktop\universidad\IS\Bets21-master\src\main\resources\bets.temp' has been recovered (tr. 1-6)

[2023-05-04 11:17:05 #2 store] 
Database 'C:\Users\jonetxe13\Desktop\universidad\IS\Bets21-master\src\main\resources\bets.temp' is opened by 2064@DESKTOP-490MKBR

[2023-05-04 11:17:05 #3 type] 
Type domain.Question is not enhanced.

[2023-05-04 11:17:05 #4 type] 
Type domain.Event is not enhanced.

[2023-05-04 11:17:05 #5 type] 
Type domain.Usuario is not enhanced.

------------------------------------------------------------------------------------------------------------------------

[2023-05-04 11:17:35 #1 store] 
Database 'C:\Users\jonetxe13\Desktop\universidad\IS\Bets21-master\src\main\resources\bets.temp' is opened by 6596@DESKTOP-490MKBR

[2023-05-04 11:17:36 #2 type.registry] 
New type domain.Question

[2023-05-04 11:17:36 #3 type] 
Type domain.Question is not enhanced.

[2023-05-04 11:17:36 #4 type.registry] 
New type domain.Event

[2023-05-04 11:17:36 #5 type] 
Type domain.Event is not enhanced.

[2023-05-04 11:17:36 #6 type.registry] 
New type java.util.Vector<domain.Question>

[2023-05-04 11:17:36 #7 type.registry] 
New type domain.Usuario

[2023-05-04 11:17:36 #8 type] 
Type domain.Usuario is not enhanced.

[2023-05-04 11:17:36 #9 type.registry] 
New type java.util.Vector<java.lang.Object>

------------------------------------------------------------------------------------------------------------------------

[2023-05-04 11:18:38 #1 store] 
Database 'C:\Users\jonetxe13\Desktop\universidad\IS\Bets21-master\src\main\resources\bets.temp' is opened by 10820@DESKTOP-490MKBR

[2023-05-04 11:18:38 #2 type.registry] 
New type domain.Question

[2023-05-04 11:18:38 #3 type] 
Type domain.Question is not enhanced.

[2023-05-04 11:18:38 #4 type.registry] 
New type domain.Event

[2023-05-04 11:18:38 #5 type] 
Type domain.Event is not enhanced.

[2023-05-04 11:18:38 #6 type.registry] 
New type java.util.Vector<domain.Question>

[2023-05-04 11:18:38 #7 type.registry] 
New type domain.Usuario

[2023-05-04 11:18:38 #8 type] 
Type domain.Usuario is not enhanced.

[2023-05-04 11:18:38 #9 type.registry] 
New type java.util.Vector<java.lang.Object>

------------------------------------------------------------------------------------------------------------------------

[2023-05-04 11:19:21 #1 store] 
Database 'C:\Users\jonetxe13\Desktop\universidad\IS\Bets21-master\src\main\resources\bets.temp' is opened by 11256@DESKTOP-490MKBR

[2023-05-04 11:19:21 #2 type.registry] 
New type domain.Question

[2023-05-04 11:19:21 #3 type] 
Type domain.Question is not enhanced.

[2023-05-04 11:19:21 #4 type.registry] 
New type domain.Event

[2023-05-04 11:19:21 #5 type] 
Type domain.Event is not enhanced.

[2023-05-04 11:19:21 #6 type.registry] 
New type java.util.Vector<domain.Question>

[2023-05-04 11:19:21 #7 type.registry] 
New type domain.Usuario

[2023-05-04 11:19:21 #8 type] 
Type domain.Usuario is not enhanced.

[2023-05-04 11:19:21 #9 type.registry] 
New type java.util.Vector<java.lang.Object>

------------------------------------------------------------------------------------------------------------------------

[2023-05-04 11:28:54 #1 store] 
Database 'C:\Users\jonetxe13\Desktop\universidad\IS\Bets21-master\src\main\resources\bets.temp' is opened by 5692@DESKTOP-490MKBR

[2023-05-04 11:28:54 #2 type.registry] 
New type domain.Question

[2023-05-04 11:28:54 #3 type] 
Type domain.Question is not enhanced.

[2023-05-04 11:28:54 #4 type.registry] 
New type domain.Event

[2023-05-04 11:28:54 #5 type] 
Type domain.Event is not enhanced.

[2023-05-04 11:28:54 #6 type.registry] 
New type java.util.Vector<domain.Question>

[2023-05-04 11:28:54 #7 type.registry] 
New type domain.Usuario

[2023-05-04 11:28:54 #8 type] 
Type domain.Usuario is not enhanced.

[2023-05-04 11:28:54 #9 type.registry] 
New type java.util.Vector<java.lang.Object>

------------------------------------------------------------------------------------------------------------------------

[2023-05-04 11:33:33 #1 store] 
Database 'C:\Users\jonetxe13\Desktop\universidad\IS\Bets21-master\src\main\resources\bets.temp' is opened by 6260@DESKTOP-490MKBR

[2023-05-04 11:33:33 #2 type.registry] 
New type domain.Question

[2023-05-04 11:33:33 #3 type] 
Type domain.Question is not enhanced.

[2023-05-04 11:33:33 #4 type.registry] 
New type domain.Event

[2023-05-04 11:33:33 #5 type] 
Type domain.Event is not enhanced.

[2023-05-04 11:33:33 #6 type.registry] 
New type java.util.Vector<domain.Question>

[2023-05-04 11:33:33 #7 type.registry] 
New type domain.Usuario

[2023-05-04 11:33:33 #8 type] 
Type domain.Usuario is not enhanced.

[2023-05-04 11:33:33 #9 type.registry] 
New type java.util.Vector<java.lang.Object>

------------------------------------------------------------------------------------------------------------------------

[2023-05-04 11:35:13 #1 store] 
Database 'C:\Users\jonetxe13\Desktop\universidad\IS\Bets21-master\src\main\resources\bets.temp' is opened by 11832@DESKTOP-490MKBR

[2023-05-04 11:35:13 #2 type.registry] 
New type domain.Question

[2023-05-04 11:35:13 #3 type] 
Type domain.Question is not enhanced.

[2023-05-04 11:35:13 #4 type.registry] 
New type domain.Event

[2023-05-04 11:35:13 #5 type] 
Type domain.Event is not enhanced.

[2023-05-04 11:35:13 #6 type.registry] 
New type java.util.Vector<domain.Question>

[2023-05-04 11:35:13 #7 type.registry] 
New type domain.Usuario

[2023-05-04 11:35:13 #8 type] 
Type domain.Usuario is not enhanced.

[2023-05-04 11:35:13 #9 type.registry] 
New type java.util.Vector<java.lang.Object>

------------------------------------------------------------------------------------------------------------------------

[2023-05-04 11:38:07 #1 store] 
Database 'C:\Users\jonetxe13\Desktop\universidad\IS\Bets21-master\src\main\resources\bets.temp' is opened by 8740@DESKTOP-490MKBR

[2023-05-04 11:38:07 #2 type.registry] 
New type domain.Question

[2023-05-04 11:38:07 #3 type] 
Type domain.Question is not enhanced.

[2023-05-04 11:38:07 #4 type.registry] 
New type domain.Event

[2023-05-04 11:38:07 #5 type] 
Type domain.Event is not enhanced.

[2023-05-04 11:38:07 #6 type.registry] 
New type java.util.Vector<domain.Question>

[2023-05-04 11:38:07 #7 type.registry] 
New type domain.Usuario

[2023-05-04 11:38:07 #8 type] 
Type domain.Usuario is not enhanced.

[2023-05-04 11:38:07 #9 type.registry] 
New type java.util.Vector<java.lang.Object>

------------------------------------------------------------------------------------------------------------------------

[2023-05-04 11:39:35 #1 store] 
Database 'C:\Users\jonetxe13\Desktop\universidad\IS\Bets21-master\src\main\resources\bets.temp' is opened by 3024@DESKTOP-490MKBR

[2023-05-04 11:39:36 #2 type.registry] 
New type domain.Question

[2023-05-04 11:39:36 #3 type] 
Type domain.Question is not enhanced.

[2023-05-04 11:39:36 #4 type.registry] 
New type domain.Event

[2023-05-04 11:39:36 #5 type] 
Type domain.Event is not enhanced.

[2023-05-04 11:39:36 #6 type.registry] 
New type java.util.Vector<domain.Question>

[2023-05-04 11:39:36 #7 type.registry] 
New type domain.Usuario

[2023-05-04 11:39:36 #8 type] 
Type domain.Usuario is not enhanced.

[2023-05-04 11:39:36 #9 type.registry] 
New type java.util.Vector<java.lang.Object>

------------------------------------------------------------------------------------------------------------------------

[2023-05-04 11:40:00 #1 store] 
Database 'C:\Users\jonetxe13\Desktop\universidad\IS\Bets21-master\src\main\resources\bets.temp' is opened by 10296@DESKTOP-490MKBR

[2023-05-04 11:40:00 #2 type.registry] 
New type domain.Question

[2023-05-04 11:40:00 #3 type] 
Type domain.Question is not enhanced.

[2023-05-04 11:40:00 #4 type.registry] 
New type domain.Event

[2023-05-04 11:40:00 #5 type] 
Type domain.Event is not enhanced.

[2023-05-04 11:40:00 #6 type.registry] 
New type java.util.Vector<domain.Question>

[2023-05-04 11:40:00 #7 type.registry] 
New type domain.Usuario

[2023-05-04 11:40:00 #8 type] 
Type domain.Usuario is not enhanced.

[2023-05-04 11:40:00 #9 type.registry] 
New type java.util.Vector<java.lang.Object>

------------------------------------------------------------------------------------------------------------------------

[2023-05-04 11:43:32 #1 store] 
Database 'C:\Users\jonetxe13\Desktop\universidad\IS\Bets21-master\src\main\resources\bets.temp' is opened by 10860@DESKTOP-490MKBR

[2023-05-04 11:43:32 #2 type.registry] 
New type domain.Question

[2023-05-04 11:43:32 #3 type] 
Type domain.Question is not enhanced.

[2023-05-04 11:43:32 #4 type.registry] 
New type domain.Event

[2023-05-04 11:43:32 #5 type] 
Type domain.Event is not enhanced.

[2023-05-04 11:43:32 #6 type.registry] 
New type java.util.Vector<domain.Question>

[2023-05-04 11:43:32 #7 type.registry] 
New type domain.Usuario

[2023-05-04 11:43:32 #8 type] 
Type domain.Usuario is not enhanced.

[2023-05-04 11:43:32 #9 type.registry] 
New type java.util.Vector<java.lang.Object>

------------------------------------------------------------------------------------------------------------------------

[2023-05-04 11:44:11 #1 store] 
Database 'C:\Users\jonetxe13\Desktop\universidad\IS\Bets21-master\src\main\resources\bets.temp' is opened by 2716@DESKTOP-490MKBR

[2023-05-04 11:44:11 #2 type.registry] 
New type domain.Question

[2023-05-04 11:44:11 #3 type] 
Type domain.Question is not enhanced.

[2023-05-04 11:44:11 #4 type.registry] 
New type domain.Event

[2023-05-04 11:44:11 #5 type] 
Type domain.Event is not enhanced.

[2023-05-04 11:44:11 #6 type.registry] 
New type java.util.Vector<domain.Question>

[2023-05-04 11:44:11 #7 type.registry] 
New type domain.Usuario

[2023-05-04 11:44:11 #8 type] 
Type domain.Usuario is not enhanced.

[2023-05-04 11:44:11 #9 type.registry] 
New type java.util.Vector<java.lang.Object>

------------------------------------------------------------------------------------------------------------------------

[2023-05-04 11:48:41 #1 store] 
Database 'C:\Users\jonetxe13\Desktop\universidad\IS\Bets21-master\src\main\resources\bets.temp' is opened by 12632@DESKTOP-490MKBR

[2023-05-04 11:48:41 #2 type.registry] 
New type domain.Question

[2023-05-04 11:48:41 #3 type] 
Type domain.Question is not enhanced.

[2023-05-04 11:48:41 #4 type.registry] 
New type domain.Event

[2023-05-04 11:48:41 #5 type] 
Type domain.Event is not enhanced.

[2023-05-04 11:48:41 #6 type.registry] 
New type java.util.Vector<domain.Question>

[2023-05-04 11:48:41 #7 type.registry] 
New type domain.Usuario

[2023-05-04 11:48:41 #8 type] 
Type domain.Usuario is not enhanced.

[2023-05-04 11:48:41 #9 type.registry] 
New type java.util.Vector<java.lang.Object>

------------------------------------------------------------------------------------------------------------------------

[2023-05-04 11:49:57 #1 store] 
Database 'C:\Users\jonetxe13\Desktop\universidad\IS\Bets21-master\src\main\resources\bets.temp' is opened by 5108@DESKTOP-490MKBR

[2023-05-04 11:49:57 #2 type.registry] 
New type domain.Question

[2023-05-04 11:49:57 #3 type] 
Type domain.Question is not enhanced.

[2023-05-04 11:49:57 #4 type.registry] 
New type domain.Event

[2023-05-04 11:49:57 #5 type] 
Type domain.Event is not enhanced.

[2023-05-04 11:49:57 #6 type.registry] 
New type java.util.Vector<domain.Question>

[2023-05-04 11:49:57 #7 type.registry] 
New type domain.Usuario

[2023-05-04 11:49:57 #8 type] 
Type domain.Usuario is not enhanced.

[2023-05-04 11:49:57 #9 type.registry] 
New type java.util.Vector<java.lang.Object>

------------------------------------------------------------------------------------------------------------------------

[2023-05-04 12:06:42 #1 store] 
Database 'C:\Users\jonetxe13\Desktop\universidad\IS\Bets21-master\src\main\resources\bets.temp' is opened by 12652@DESKTOP-490MKBR

[2023-05-04 12:06:42 #2 type.registry] 
New type domain.Question

[2023-05-04 12:06:42 #3 type] 
Type domain.Question is not enhanced.

[2023-05-04 12:06:42 #4 type.registry] 
New type domain.Event

[2023-05-04 12:06:42 #5 type] 
Type domain.Event is not enhanced.

[2023-05-04 12:06:42 #6 type.registry] 
New type java.util.Vector<domain.Question>

[2023-05-04 12:06:42 #7 type.registry] 
New type domain.Usuario

[2023-05-04 12:06:42 #8 type] 
Type domain.Usuario is not enhanced.

[2023-05-04 12:06:42 #9 type.registry] 
New type java.util.Vector<java.lang.Object>

------------------------------------------------------------------------------------------------------------------------

[2023-05-04 12:07:26 #1 store] 
Database 'C:\Users\jonetxe13\Desktop\universidad\IS\Bets21-master\src\main\resources\bets.temp' is opened by 11364@DESKTOP-490MKBR

[2023-05-04 12:07:26 #2 type.registry] 
New type domain.Question

[2023-05-04 12:07:26 #3 type] 
Type domain.Question is not enhanced.

[2023-05-04 12:07:27 #4 type.registry] 
New type domain.Event

[2023-05-04 12:07:27 #5 type] 
Type domain.Event is not enhanced.

[2023-05-04 12:07:27 #6 type.registry] 
New type java.util.Vector<domain.Question>

[2023-05-04 12:07:27 #7 type.registry] 
New type domain.Usuario

[2023-05-04 12:07:27 #8 type] 
Type domain.Usuario is not enhanced.

[2023-05-04 12:07:27 #9 type.registry] 
New type java.util.Vector<java.lang.Object>

