------------------------------------------------------------------------------------------------------------------------

[2023-06-07 08:01:14 #1 store] 
Database 'C:\Users\jonetxe13\Desktop\universidad\IS\Bets21-master\src\main\resources\bets.temp' is opened by 6960@DESKTOP-490MKBR

[2023-06-07 08:01:14 #2 type.registry] 
New type domain.Actividad

[2023-06-07 08:01:14 #3 type] 
Type domain.Actividad is not enhanced.

[2023-06-07 08:01:14 #4 type.registry] 
New type domain.Encargado

[2023-06-07 08:01:14 #5 type] 
Type domain.Encargado is not enhanced.

[2023-06-07 08:01:14 #6 type.registry] 
New type domain.Usuario

[2023-06-07 08:01:14 #7 type] 
Type domain.Usuario is not enhanced.

[2023-06-07 08:01:14 #8 type.registry] 
New type domain.Sesion

[2023-06-07 08:01:14 #9 type] 
Type domain.Sesion is not enhanced.

[2023-06-07 08:01:14 #10 type.registry] 
New type domain.Sala

[2023-06-07 08:01:14 #11 type] 
Type domain.Sala is not enhanced.

[2023-06-07 08:01:14 #12 type.registry] 
New type java.util.ArrayList<java.lang.Object>

[2023-06-07 08:01:14 #13 type.registry] 
New type java.util.ArrayList<java.lang.String>

[2023-06-07 08:01:14 #14 type.registry] 
New type java.util.LinkedList<java.lang.Object>

[2023-06-07 08:01:14 #15 type.registry] 
New type java.util.LinkedList<domain.Usuario>

[2023-06-07 08:01:14 #16 type.registry] 
New type java.util.ArrayList<domain.Sesion>

------------------------------------------------------------------------------------------------------------------------

[2023-06-07 08:03:55 #1 store] 
Database 'C:\Users\jonetxe13\Desktop\universidad\IS\Bets21-master\src\main\resources\bets.temp' is opened by 4880@DESKTOP-490MKBR

[2023-06-07 08:03:55 #2 type.registry] 
New type domain.Actividad

[2023-06-07 08:03:55 #3 type] 
Type domain.Actividad is not enhanced.

[2023-06-07 08:03:55 #4 type.registry] 
New type domain.Encargado

[2023-06-07 08:03:55 #5 type] 
Type domain.Encargado is not enhanced.

[2023-06-07 08:03:55 #6 type.registry] 
New type domain.Usuario

[2023-06-07 08:03:55 #7 type] 
Type domain.Usuario is not enhanced.

[2023-06-07 08:03:55 #8 type.registry] 
New type domain.Sesion

[2023-06-07 08:03:55 #9 type] 
Type domain.Sesion is not enhanced.

[2023-06-07 08:03:55 #10 type.registry] 
New type domain.Sala

[2023-06-07 08:03:55 #11 type] 
Type domain.Sala is not enhanced.

[2023-06-07 08:03:55 #12 type.registry] 
New type java.util.ArrayList<java.lang.Object>

[2023-06-07 08:03:55 #13 type.registry] 
New type java.util.ArrayList<java.lang.String>

[2023-06-07 08:03:55 #14 type.registry] 
New type java.util.LinkedList<java.lang.Object>

[2023-06-07 08:03:55 #15 type.registry] 
New type java.util.LinkedList<domain.Usuario>

[2023-06-07 08:03:55 #16 type.registry] 
New type java.util.ArrayList<domain.Sesion>

------------------------------------------------------------------------------------------------------------------------

[2023-06-07 08:05:08 #1 store] 
Database 'C:\Users\jonetxe13\Desktop\universidad\IS\Bets21-master\src\main\resources\bets.temp' is opened by 13756@DESKTOP-490MKBR

[2023-06-07 08:05:08 #2 type.registry] 
New type domain.Actividad

[2023-06-07 08:05:08 #3 type] 
Type domain.Actividad is not enhanced.

[2023-06-07 08:05:08 #4 type.registry] 
New type domain.Encargado

[2023-06-07 08:05:08 #5 type] 
Type domain.Encargado is not enhanced.

[2023-06-07 08:05:08 #6 type.registry] 
New type domain.Usuario

[2023-06-07 08:05:08 #7 type] 
Type domain.Usuario is not enhanced.

[2023-06-07 08:05:08 #8 type.registry] 
New type domain.Sesion

[2023-06-07 08:05:08 #9 type] 
Type domain.Sesion is not enhanced.

[2023-06-07 08:05:08 #10 type.registry] 
New type domain.Sala

[2023-06-07 08:05:08 #11 type] 
Type domain.Sala is not enhanced.

[2023-06-07 08:05:08 #12 type.registry] 
New type java.util.ArrayList<java.lang.Object>

[2023-06-07 08:05:08 #13 type.registry] 
New type java.util.ArrayList<java.lang.String>

[2023-06-07 08:05:08 #14 type.registry] 
New type java.util.LinkedList<java.lang.Object>

[2023-06-07 08:05:08 #15 type.registry] 
New type java.util.LinkedList<domain.Usuario>

[2023-06-07 08:05:08 #16 type.registry] 
New type java.util.ArrayList<domain.Sesion>

------------------------------------------------------------------------------------------------------------------------

[2023-06-07 08:05:34 #1 store] 
Database 'C:\Users\jonetxe13\Desktop\universidad\IS\Bets21-master\src\main\resources\bets.temp' is opened by 12532@DESKTOP-490MKBR

[2023-06-07 08:05:34 #2 type.registry] 
New type domain.Actividad

[2023-06-07 08:05:34 #3 type] 
Type domain.Actividad is not enhanced.

[2023-06-07 08:05:34 #4 type.registry] 
New type domain.Encargado

[2023-06-07 08:05:34 #5 type] 
Type domain.Encargado is not enhanced.

[2023-06-07 08:05:34 #6 type.registry] 
New type domain.Usuario

[2023-06-07 08:05:34 #7 type] 
Type domain.Usuario is not enhanced.

[2023-06-07 08:05:34 #8 type.registry] 
New type domain.Sesion

[2023-06-07 08:05:34 #9 type] 
Type domain.Sesion is not enhanced.

[2023-06-07 08:05:34 #10 type.registry] 
New type domain.Sala

[2023-06-07 08:05:34 #11 type] 
Type domain.Sala is not enhanced.

[2023-06-07 08:05:34 #12 type.registry] 
New type java.util.ArrayList<java.lang.Object>

[2023-06-07 08:05:34 #13 type.registry] 
New type java.util.ArrayList<java.lang.String>

[2023-06-07 08:05:34 #14 type.registry] 
New type java.util.LinkedList<java.lang.Object>

[2023-06-07 08:05:34 #15 type.registry] 
New type java.util.LinkedList<domain.Usuario>

[2023-06-07 08:05:34 #16 type.registry] 
New type java.util.ArrayList<domain.Sesion>

------------------------------------------------------------------------------------------------------------------------

[2023-06-07 08:07:22 #1 store] 
Database 'C:\Users\jonetxe13\Desktop\universidad\IS\Bets21-master\src\main\resources\bets.temp' is opened by 12856@DESKTOP-490MKBR

[2023-06-07 08:07:22 #2 type.registry] 
New type domain.Actividad

[2023-06-07 08:07:22 #3 type] 
Type domain.Actividad is not enhanced.

[2023-06-07 08:07:22 #4 type.registry] 
New type domain.Encargado

[2023-06-07 08:07:22 #5 type] 
Type domain.Encargado is not enhanced.

[2023-06-07 08:07:22 #6 type.registry] 
New type domain.Usuario

[2023-06-07 08:07:22 #7 type] 
Type domain.Usuario is not enhanced.

[2023-06-07 08:07:22 #8 type.registry] 
New type domain.Sesion

[2023-06-07 08:07:22 #9 type] 
Type domain.Sesion is not enhanced.

[2023-06-07 08:07:22 #10 type.registry] 
New type domain.Sala

[2023-06-07 08:07:22 #11 type] 
Type domain.Sala is not enhanced.

[2023-06-07 08:07:22 #12 type.registry] 
New type java.util.ArrayList<java.lang.Object>

[2023-06-07 08:07:22 #13 type.registry] 
New type java.util.ArrayList<java.lang.String>

[2023-06-07 08:07:22 #14 type.registry] 
New type java.util.LinkedList<java.lang.Object>

[2023-06-07 08:07:22 #15 type.registry] 
New type java.util.LinkedList<domain.Usuario>

[2023-06-07 08:07:22 #16 type.registry] 
New type java.util.ArrayList<domain.Sesion>

------------------------------------------------------------------------------------------------------------------------

[2023-06-07 08:11:51 #1 store] 
Database 'C:\Users\jonetxe13\Desktop\universidad\IS\Bets21-master\src\main\resources\bets.temp' is opened by 2504@DESKTOP-490MKBR

[2023-06-07 08:11:51 #2 type.registry] 
New type domain.Actividad

[2023-06-07 08:11:51 #3 type] 
Type domain.Actividad is not enhanced.

[2023-06-07 08:11:51 #4 type.registry] 
New type domain.Encargado

[2023-06-07 08:11:51 #5 type] 
Type domain.Encargado is not enhanced.

[2023-06-07 08:11:51 #6 type.registry] 
New type domain.Usuario

[2023-06-07 08:11:51 #7 type] 
Type domain.Usuario is not enhanced.

[2023-06-07 08:11:51 #8 type.registry] 
New type domain.Sesion

[2023-06-07 08:11:51 #9 type] 
Type domain.Sesion is not enhanced.

[2023-06-07 08:11:51 #10 type.registry] 
New type domain.Sala

[2023-06-07 08:11:51 #11 type] 
Type domain.Sala is not enhanced.

[2023-06-07 08:11:51 #12 type.registry] 
New type java.util.ArrayList<java.lang.Object>

[2023-06-07 08:11:51 #13 type.registry] 
New type java.util.ArrayList<java.lang.String>

[2023-06-07 08:11:51 #14 type.registry] 
New type java.util.LinkedList<java.lang.Object>

[2023-06-07 08:11:51 #15 type.registry] 
New type java.util.LinkedList<domain.Usuario>

[2023-06-07 08:11:51 #16 type.registry] 
New type java.util.ArrayList<domain.Sesion>

------------------------------------------------------------------------------------------------------------------------

[2023-06-07 09:35:13 #1 store] 
Database 'C:\Users\jonetxe13\Desktop\universidad\IS\Bets21-master\src\main\resources\bets.temp' is opened by 5172@DESKTOP-490MKBR

[2023-06-07 09:35:13 #2 type.registry] 
New type domain.Actividad

[2023-06-07 09:35:13 #3 type] 
Type domain.Actividad is not enhanced.

[2023-06-07 09:35:13 #4 type.registry] 
New type domain.Encargado

[2023-06-07 09:35:13 #5 type] 
Type domain.Encargado is not enhanced.

[2023-06-07 09:35:13 #6 type.registry] 
New type domain.Usuario

[2023-06-07 09:35:13 #7 type] 
Type domain.Usuario is not enhanced.

[2023-06-07 09:35:13 #8 type.registry] 
New type domain.Sesion

[2023-06-07 09:35:13 #9 type] 
Type domain.Sesion is not enhanced.

[2023-06-07 09:35:13 #10 type.registry] 
New type domain.Sala

[2023-06-07 09:35:13 #11 type] 
Type domain.Sala is not enhanced.

[2023-06-07 09:35:13 #12 type.registry] 
New type java.util.ArrayList<java.lang.Object>

[2023-06-07 09:35:13 #13 type.registry] 
New type java.util.ArrayList<java.lang.String>

[2023-06-07 09:35:13 #14 type.registry] 
New type java.util.LinkedList<java.lang.Object>

[2023-06-07 09:35:13 #15 type.registry] 
New type java.util.LinkedList<domain.Usuario>

[2023-06-07 09:35:13 #16 type.registry] 
New type java.util.ArrayList<domain.Sesion>

------------------------------------------------------------------------------------------------------------------------

[2023-06-07 09:36:58 #1 store] 
Database 'C:\Users\jonetxe13\Desktop\universidad\IS\Bets21-master\src\main\resources\bets.temp' is opened by 12892@DESKTOP-490MKBR

[2023-06-07 09:36:58 #2 type.registry] 
New type domain.Actividad

[2023-06-07 09:36:58 #3 type] 
Type domain.Actividad is not enhanced.

[2023-06-07 09:36:58 #4 type.registry] 
New type domain.Encargado

[2023-06-07 09:36:58 #5 type] 
Type domain.Encargado is not enhanced.

[2023-06-07 09:36:58 #6 type.registry] 
New type domain.Usuario

[2023-06-07 09:36:58 #7 type] 
Type domain.Usuario is not enhanced.

[2023-06-07 09:36:58 #8 type.registry] 
New type domain.Sesion

[2023-06-07 09:36:58 #9 type] 
Type domain.Sesion is not enhanced.

[2023-06-07 09:36:58 #10 type.registry] 
New type domain.Sala

[2023-06-07 09:36:58 #11 type] 
Type domain.Sala is not enhanced.

[2023-06-07 09:36:58 #12 type.registry] 
New type java.util.ArrayList<java.lang.Object>

[2023-06-07 09:36:58 #13 type.registry] 
New type java.util.ArrayList<java.lang.String>

[2023-06-07 09:36:58 #14 type.registry] 
New type java.util.LinkedList<java.lang.Object>

[2023-06-07 09:36:58 #15 type.registry] 
New type java.util.LinkedList<domain.Usuario>

[2023-06-07 09:36:58 #16 type.registry] 
New type java.util.ArrayList<domain.Sesion>

------------------------------------------------------------------------------------------------------------------------

[2023-06-07 09:39:49 #1 store] 
Database 'C:\Users\jonetxe13\Desktop\universidad\IS\Bets21-master\src\main\resources\bets.temp' is opened by 12128@DESKTOP-490MKBR

[2023-06-07 09:39:49 #2 type.registry] 
New type domain.Actividad

[2023-06-07 09:39:49 #3 type] 
Type domain.Actividad is not enhanced.

[2023-06-07 09:39:49 #4 type.registry] 
New type domain.Encargado

[2023-06-07 09:39:49 #5 type] 
Type domain.Encargado is not enhanced.

[2023-06-07 09:39:49 #6 type.registry] 
New type domain.Usuario

[2023-06-07 09:39:49 #7 type] 
Type domain.Usuario is not enhanced.

[2023-06-07 09:39:49 #8 type.registry] 
New type domain.Sesion

[2023-06-07 09:39:49 #9 type] 
Type domain.Sesion is not enhanced.

[2023-06-07 09:39:49 #10 type.registry] 
New type domain.Sala

[2023-06-07 09:39:49 #11 type] 
Type domain.Sala is not enhanced.

[2023-06-07 09:39:49 #12 type.registry] 
New type java.util.ArrayList<java.lang.Object>

[2023-06-07 09:39:49 #13 type.registry] 
New type java.util.ArrayList<java.lang.String>

[2023-06-07 09:39:49 #14 type.registry] 
New type java.util.LinkedList<java.lang.Object>

[2023-06-07 09:39:49 #15 type.registry] 
New type java.util.LinkedList<domain.Usuario>

[2023-06-07 09:39:49 #16 type.registry] 
New type java.util.ArrayList<domain.Sesion>

------------------------------------------------------------------------------------------------------------------------

[2023-06-07 09:41:23 #1 store] 
Database 'C:\Users\jonetxe13\Desktop\universidad\IS\Bets21-master\src\main\resources\bets.temp' is opened by 7908@DESKTOP-490MKBR

[2023-06-07 09:41:23 #2 type.registry] 
New type domain.Actividad

[2023-06-07 09:41:23 #3 type] 
Type domain.Actividad is not enhanced.

[2023-06-07 09:41:23 #4 type.registry] 
New type domain.Encargado

[2023-06-07 09:41:23 #5 type] 
Type domain.Encargado is not enhanced.

[2023-06-07 09:41:23 #6 type.registry] 
New type domain.Usuario

[2023-06-07 09:41:23 #7 type] 
Type domain.Usuario is not enhanced.

[2023-06-07 09:41:23 #8 type.registry] 
New type domain.Sesion

[2023-06-07 09:41:23 #9 type] 
Type domain.Sesion is not enhanced.

[2023-06-07 09:41:23 #10 type.registry] 
New type domain.Sala

[2023-06-07 09:41:23 #11 type] 
Type domain.Sala is not enhanced.

[2023-06-07 09:41:23 #12 type.registry] 
New type java.util.ArrayList<java.lang.Object>

[2023-06-07 09:41:23 #13 type.registry] 
New type java.util.ArrayList<java.lang.String>

[2023-06-07 09:41:23 #14 type.registry] 
New type java.util.LinkedList<java.lang.Object>

[2023-06-07 09:41:23 #15 type.registry] 
New type java.util.LinkedList<domain.Usuario>

[2023-06-07 09:41:23 #16 type.registry] 
New type java.util.ArrayList<domain.Sesion>

------------------------------------------------------------------------------------------------------------------------

[2023-06-07 09:44:16 #1 store] 
Database 'C:\Users\jonetxe13\Desktop\universidad\IS\Bets21-master\src\main\resources\bets.temp' is opened by 9076@DESKTOP-490MKBR

[2023-06-07 09:44:16 #2 type.registry] 
New type domain.Actividad

[2023-06-07 09:44:16 #3 type] 
Type domain.Actividad is not enhanced.

[2023-06-07 09:44:16 #4 type.registry] 
New type domain.Encargado

[2023-06-07 09:44:16 #5 type] 
Type domain.Encargado is not enhanced.

[2023-06-07 09:44:16 #6 type.registry] 
New type domain.Usuario

[2023-06-07 09:44:16 #7 type] 
Type domain.Usuario is not enhanced.

[2023-06-07 09:44:16 #8 type.registry] 
New type domain.Sesion

[2023-06-07 09:44:16 #9 type] 
Type domain.Sesion is not enhanced.

[2023-06-07 09:44:16 #10 type.registry] 
New type domain.Sala

[2023-06-07 09:44:16 #11 type] 
Type domain.Sala is not enhanced.

[2023-06-07 09:44:16 #12 type.registry] 
New type java.util.ArrayList<java.lang.Object>

[2023-06-07 09:44:16 #13 type.registry] 
New type java.util.ArrayList<java.lang.String>

[2023-06-07 09:44:16 #14 type.registry] 
New type java.util.LinkedList<java.lang.Object>

[2023-06-07 09:44:16 #15 type.registry] 
New type java.util.LinkedList<domain.Usuario>

[2023-06-07 09:44:16 #16 type.registry] 
New type java.util.ArrayList<domain.Sesion>

------------------------------------------------------------------------------------------------------------------------

[2023-06-07 09:47:49 #1 store] 
Database 'C:\Users\jonetxe13\Desktop\universidad\IS\Bets21-master\src\main\resources\bets.temp' is opened by 12980@DESKTOP-490MKBR

[2023-06-07 09:47:49 #2 type.registry] 
New type domain.Actividad

[2023-06-07 09:47:49 #3 type] 
Type domain.Actividad is not enhanced.

[2023-06-07 09:47:49 #4 type.registry] 
New type domain.Encargado

[2023-06-07 09:47:49 #5 type] 
Type domain.Encargado is not enhanced.

------------------------------------------------------------------------------------------------------------------------

[2023-06-07 09:48:26 #1 store] 
Database 'C:\Users\jonetxe13\Desktop\universidad\IS\Bets21-master\src\main\resources\bets.temp' is opened by 13620@DESKTOP-490MKBR

[2023-06-07 09:48:26 #2 type.registry] 
New type domain.Actividad

[2023-06-07 09:48:26 #3 type] 
Type domain.Actividad is not enhanced.

[2023-06-07 09:48:26 #4 type.registry] 
New type domain.Encargado

[2023-06-07 09:48:26 #5 type] 
Type domain.Encargado is not enhanced.

[2023-06-07 09:48:26 #6 type.registry] 
New type domain.Usuario

[2023-06-07 09:48:26 #7 type] 
Type domain.Usuario is not enhanced.

[2023-06-07 09:48:26 #8 type.registry] 
New type domain.Sesion

[2023-06-07 09:48:26 #9 type] 
Type domain.Sesion is not enhanced.

[2023-06-07 09:48:26 #10 type.registry] 
New type domain.Sala

[2023-06-07 09:48:26 #11 type] 
Type domain.Sala is not enhanced.

[2023-06-07 09:48:26 #12 type.registry] 
New type java.util.ArrayList<java.lang.Object>

[2023-06-07 09:48:26 #13 type.registry] 
New type java.util.ArrayList<java.lang.String>

[2023-06-07 09:48:26 #14 type.registry] 
New type java.util.LinkedList<java.lang.Object>

[2023-06-07 09:48:26 #15 type.registry] 
New type java.util.LinkedList<domain.Usuario>

[2023-06-07 09:48:26 #16 type.registry] 
New type java.util.ArrayList<domain.Sesion>

[2023-06-07 09:48:26 #17 type.registry] 
New type domain.Cargo

------------------------------------------------------------------------------------------------------------------------

[2023-06-07 09:49:15 #1 store] 
Database 'C:\Users\jonetxe13\Desktop\universidad\IS\Bets21-master\src\main\resources\bets.temp' is opened by 5872@DESKTOP-490MKBR

[2023-06-07 09:49:15 #2 type.registry] 
New type domain.Actividad

[2023-06-07 09:49:15 #3 type] 
Type domain.Actividad is not enhanced.

[2023-06-07 09:49:15 #4 type.registry] 
New type domain.Encargado

[2023-06-07 09:49:15 #5 type] 
Type domain.Encargado is not enhanced.

[2023-06-07 09:49:15 #6 type.registry] 
New type domain.Usuario

[2023-06-07 09:49:15 #7 type] 
Type domain.Usuario is not enhanced.

[2023-06-07 09:49:15 #8 type.registry] 
New type domain.Sesion

[2023-06-07 09:49:15 #9 type] 
Type domain.Sesion is not enhanced.

[2023-06-07 09:49:15 #10 type.registry] 
New type domain.Sala

[2023-06-07 09:49:15 #11 type] 
Type domain.Sala is not enhanced.

[2023-06-07 09:49:15 #12 type.registry] 
New type java.util.ArrayList<java.lang.Object>

[2023-06-07 09:49:15 #13 type.registry] 
New type java.util.ArrayList<java.lang.String>

[2023-06-07 09:49:15 #14 type.registry] 
New type java.util.LinkedList<java.lang.Object>

[2023-06-07 09:49:15 #15 type.registry] 
New type java.util.LinkedList<domain.Usuario>

[2023-06-07 09:49:15 #16 type.registry] 
New type java.util.ArrayList<domain.Sesion>

[2023-06-07 09:49:15 #17 type.registry] 
New type domain.Cargo

[2023-06-07 09:49:15 #18 type] 
Type domain.Cargo is not enhanced.

------------------------------------------------------------------------------------------------------------------------

[2023-06-07 09:56:39 #1 store] 
Database 'C:\Users\jonetxe13\Desktop\universidad\IS\Bets21-master\src\main\resources\bets.temp' is opened by 7980@DESKTOP-490MKBR

[2023-06-07 09:56:39 #2 type.registry] 
New type domain.Actividad

[2023-06-07 09:56:39 #3 type] 
Type domain.Actividad is not enhanced.

[2023-06-07 09:56:39 #4 type.registry] 
New type domain.Encargado

[2023-06-07 09:56:39 #5 type] 
Type domain.Encargado is not enhanced.

[2023-06-07 09:56:39 #6 type.registry] 
New type domain.Usuario

[2023-06-07 09:56:39 #7 type] 
Type domain.Usuario is not enhanced.

[2023-06-07 09:56:39 #8 type.registry] 
New type domain.Sesion

[2023-06-07 09:56:39 #9 type] 
Type domain.Sesion is not enhanced.

[2023-06-07 09:56:39 #10 type.registry] 
New type domain.Sala

[2023-06-07 09:56:39 #11 type] 
Type domain.Sala is not enhanced.

[2023-06-07 09:56:39 #12 type.registry] 
New type java.util.ArrayList<java.lang.Object>

[2023-06-07 09:56:39 #13 type.registry] 
New type java.util.ArrayList<java.lang.String>

[2023-06-07 09:56:39 #14 type.registry] 
New type java.util.LinkedList<java.lang.Object>

[2023-06-07 09:56:39 #15 type.registry] 
New type java.util.LinkedList<domain.Usuario>

[2023-06-07 09:56:39 #16 type.registry] 
New type java.util.ArrayList<domain.Sesion>

[2023-06-07 09:56:39 #17 type.registry] 
New type domain.Cargo

[2023-06-07 09:56:39 #18 type] 
Type domain.Cargo is not enhanced.

------------------------------------------------------------------------------------------------------------------------

[2023-06-07 09:59:44 #1 store] 
Database 'C:\Users\jonetxe13\Desktop\universidad\IS\Bets21-master\src\main\resources\bets.temp' is opened by 9108@DESKTOP-490MKBR

[2023-06-07 09:59:44 #2 type.registry] 
New type domain.Actividad

[2023-06-07 09:59:44 #3 type] 
Type domain.Actividad is not enhanced.

[2023-06-07 09:59:44 #4 type.registry] 
New type domain.Encargado

[2023-06-07 09:59:44 #5 type] 
Type domain.Encargado is not enhanced.

[2023-06-07 09:59:44 #6 type.registry] 
New type domain.Usuario

[2023-06-07 09:59:44 #7 type] 
Type domain.Usuario is not enhanced.

[2023-06-07 09:59:44 #8 type.registry] 
New type domain.Sesion

[2023-06-07 09:59:44 #9 type] 
Type domain.Sesion is not enhanced.

[2023-06-07 09:59:44 #10 type.registry] 
New type domain.Sala

[2023-06-07 09:59:44 #11 type] 
Type domain.Sala is not enhanced.

[2023-06-07 09:59:45 #12 type.registry] 
New type java.util.ArrayList<java.lang.Object>

[2023-06-07 09:59:45 #13 type.registry] 
New type java.util.ArrayList<java.lang.String>

[2023-06-07 09:59:45 #14 type.registry] 
New type java.util.LinkedList<java.lang.Object>

[2023-06-07 09:59:45 #15 type.registry] 
New type java.util.LinkedList<domain.Usuario>

[2023-06-07 09:59:45 #16 type.registry] 
New type java.util.ArrayList<domain.Sesion>

------------------------------------------------------------------------------------------------------------------------

[2023-06-07 10:01:05 #1 store] 
Database 'C:\Users\jonetxe13\Desktop\universidad\IS\Bets21-master\src\main\resources\bets.temp' is opened by 4172@DESKTOP-490MKBR

[2023-06-07 10:01:05 #2 type.registry] 
New type domain.Actividad

[2023-06-07 10:01:05 #3 type] 
Type domain.Actividad is not enhanced.

[2023-06-07 10:01:05 #4 type.registry] 
New type domain.Encargado

[2023-06-07 10:01:05 #5 type] 
Type domain.Encargado is not enhanced.

[2023-06-07 10:01:05 #6 type.registry] 
New type domain.Usuario

[2023-06-07 10:01:05 #7 type] 
Type domain.Usuario is not enhanced.

[2023-06-07 10:01:05 #8 type.registry] 
New type domain.Sesion

[2023-06-07 10:01:05 #9 type] 
Type domain.Sesion is not enhanced.

[2023-06-07 10:01:05 #10 type.registry] 
New type domain.Sala

[2023-06-07 10:01:05 #11 type] 
Type domain.Sala is not enhanced.

[2023-06-07 10:01:05 #12 type.registry] 
New type java.util.ArrayList<java.lang.Object>

[2023-06-07 10:01:05 #13 type.registry] 
New type java.util.ArrayList<java.lang.String>

[2023-06-07 10:01:05 #14 type.registry] 
New type java.util.LinkedList<java.lang.Object>

[2023-06-07 10:01:05 #15 type.registry] 
New type java.util.LinkedList<domain.Usuario>

[2023-06-07 10:01:05 #16 type.registry] 
New type java.util.ArrayList<domain.Sesion>

------------------------------------------------------------------------------------------------------------------------

[2023-06-07 10:01:30 #1 store] 
Database 'C:\Users\jonetxe13\Desktop\universidad\IS\Bets21-master\src\main\resources\bets.temp' is opened by 12752@DESKTOP-490MKBR

[2023-06-07 10:01:30 #2 type.registry] 
New type domain.Actividad

[2023-06-07 10:01:30 #3 type] 
Type domain.Actividad is not enhanced.

[2023-06-07 10:01:30 #4 type.registry] 
New type domain.Encargado

[2023-06-07 10:01:30 #5 type] 
Type domain.Encargado is not enhanced.

[2023-06-07 10:01:30 #6 type.registry] 
New type domain.Usuario

[2023-06-07 10:01:30 #7 type] 
Type domain.Usuario is not enhanced.

[2023-06-07 10:01:30 #8 type.registry] 
New type domain.Sesion

[2023-06-07 10:01:30 #9 type] 
Type domain.Sesion is not enhanced.

[2023-06-07 10:01:30 #10 type.registry] 
New type domain.Sala

[2023-06-07 10:01:30 #11 type] 
Type domain.Sala is not enhanced.

[2023-06-07 10:01:31 #12 type.registry] 
New type java.util.ArrayList<java.lang.Object>

[2023-06-07 10:01:31 #13 type.registry] 
New type java.util.ArrayList<java.lang.String>

[2023-06-07 10:01:31 #14 type.registry] 
New type java.util.LinkedList<java.lang.Object>

[2023-06-07 10:01:31 #15 type.registry] 
New type java.util.LinkedList<domain.Usuario>

[2023-06-07 10:01:31 #16 type.registry] 
New type java.util.ArrayList<domain.Sesion>

------------------------------------------------------------------------------------------------------------------------

[2023-06-07 10:02:42 #1 store] 
Database 'C:\Users\jonetxe13\Desktop\universidad\IS\Bets21-master\src\main\resources\bets.temp' is opened by 5560@DESKTOP-490MKBR

[2023-06-07 10:02:42 #2 type.registry] 
New type domain.Actividad

[2023-06-07 10:02:42 #3 type] 
Type domain.Actividad is not enhanced.

[2023-06-07 10:02:42 #4 type.registry] 
New type domain.Encargado

[2023-06-07 10:02:42 #5 type] 
Type domain.Encargado is not enhanced.

[2023-06-07 10:02:42 #6 type.registry] 
New type domain.Usuario

[2023-06-07 10:02:42 #7 type] 
Type domain.Usuario is not enhanced.

[2023-06-07 10:02:42 #8 type.registry] 
New type domain.Sesion

[2023-06-07 10:02:42 #9 type] 
Type domain.Sesion is not enhanced.

[2023-06-07 10:02:42 #10 type.registry] 
New type domain.Sala

[2023-06-07 10:02:42 #11 type] 
Type domain.Sala is not enhanced.

[2023-06-07 10:02:42 #12 type.registry] 
New type java.util.ArrayList<java.lang.Object>

[2023-06-07 10:02:42 #13 type.registry] 
New type java.util.ArrayList<java.lang.String>

[2023-06-07 10:02:42 #14 type.registry] 
New type java.util.LinkedList<java.lang.Object>

[2023-06-07 10:02:42 #15 type.registry] 
New type java.util.LinkedList<domain.Usuario>

[2023-06-07 10:02:42 #16 type.registry] 
New type java.util.ArrayList<domain.Sesion>

[2023-06-07 10:02:42 #17 type.registry] 
New type domain.Cargo

[2023-06-07 10:02:42 #18 type] 
Type domain.Cargo is not enhanced.

------------------------------------------------------------------------------------------------------------------------

[2023-06-07 10:03:22 #1 store] 
Database 'C:\Users\jonetxe13\Desktop\universidad\IS\Bets21-master\src\main\resources\bets.temp' is opened by 12852@DESKTOP-490MKBR

[2023-06-07 10:03:22 #2 type.registry] 
New type domain.Actividad

[2023-06-07 10:03:22 #3 type] 
Type domain.Actividad is not enhanced.

[2023-06-07 10:03:22 #4 type.registry] 
New type domain.Encargado

[2023-06-07 10:03:22 #5 type] 
Type domain.Encargado is not enhanced.

[2023-06-07 10:03:22 #6 type.registry] 
New type domain.Usuario

[2023-06-07 10:03:22 #7 type] 
Type domain.Usuario is not enhanced.

[2023-06-07 10:03:22 #8 type.registry] 
New type domain.Sesion

[2023-06-07 10:03:22 #9 type] 
Type domain.Sesion is not enhanced.

[2023-06-07 10:03:22 #10 type.registry] 
New type domain.Sala

[2023-06-07 10:03:22 #11 type] 
Type domain.Sala is not enhanced.

[2023-06-07 10:03:22 #12 type.registry] 
New type java.util.ArrayList<java.lang.Object>

[2023-06-07 10:03:22 #13 type.registry] 
New type java.util.ArrayList<java.lang.String>

[2023-06-07 10:03:22 #14 type.registry] 
New type java.util.LinkedList<java.lang.Object>

[2023-06-07 10:03:22 #15 type.registry] 
New type java.util.LinkedList<domain.Usuario>

[2023-06-07 10:03:22 #16 type.registry] 
New type java.util.ArrayList<domain.Sesion>

[2023-06-07 10:03:22 #17 type.registry] 
New type domain.Cargo

[2023-06-07 10:03:22 #18 type] 
Type domain.Cargo is not enhanced.

------------------------------------------------------------------------------------------------------------------------

[2023-06-07 10:03:34 #1 store] 
Database 'C:\Users\jonetxe13\Desktop\universidad\IS\Bets21-master\src\main\resources\bets.temp' is opened by 4556@DESKTOP-490MKBR

[2023-06-07 10:03:34 #2 type.registry] 
New type domain.Actividad

[2023-06-07 10:03:34 #3 type] 
Type domain.Actividad is not enhanced.

[2023-06-07 10:03:34 #4 type.registry] 
New type domain.Encargado

[2023-06-07 10:03:34 #5 type] 
Type domain.Encargado is not enhanced.

[2023-06-07 10:03:34 #6 type.registry] 
New type domain.Usuario

[2023-06-07 10:03:34 #7 type] 
Type domain.Usuario is not enhanced.

[2023-06-07 10:03:34 #8 type.registry] 
New type domain.Sesion

[2023-06-07 10:03:34 #9 type] 
Type domain.Sesion is not enhanced.

[2023-06-07 10:03:34 #10 type.registry] 
New type domain.Sala

[2023-06-07 10:03:34 #11 type] 
Type domain.Sala is not enhanced.

[2023-06-07 10:03:34 #12 type.registry] 
New type java.util.ArrayList<java.lang.Object>

[2023-06-07 10:03:34 #13 type.registry] 
New type java.util.ArrayList<java.lang.String>

[2023-06-07 10:03:34 #14 type.registry] 
New type java.util.LinkedList<java.lang.Object>

[2023-06-07 10:03:34 #15 type.registry] 
New type java.util.LinkedList<domain.Usuario>

[2023-06-07 10:03:34 #16 type.registry] 
New type java.util.ArrayList<domain.Sesion>

[2023-06-07 10:03:34 #17 type.registry] 
New type domain.Cargo

[2023-06-07 10:03:34 #18 type] 
Type domain.Cargo is not enhanced.

------------------------------------------------------------------------------------------------------------------------

[2023-06-07 10:04:05 #1 store] 
Database 'C:\Users\jonetxe13\Desktop\universidad\IS\Bets21-master\src\main\resources\bets.temp' is opened by 8776@DESKTOP-490MKBR

[2023-06-07 10:04:05 #2 type.registry] 
New type domain.Actividad

[2023-06-07 10:04:05 #3 type] 
Type domain.Actividad is not enhanced.

[2023-06-07 10:04:05 #4 type.registry] 
New type domain.Encargado

[2023-06-07 10:04:05 #5 type] 
Type domain.Encargado is not enhanced.

[2023-06-07 10:04:05 #6 type.registry] 
New type domain.Usuario

[2023-06-07 10:04:05 #7 type] 
Type domain.Usuario is not enhanced.

[2023-06-07 10:04:05 #8 type.registry] 
New type domain.Sesion

[2023-06-07 10:04:05 #9 type] 
Type domain.Sesion is not enhanced.

[2023-06-07 10:04:05 #10 type.registry] 
New type domain.Sala

[2023-06-07 10:04:05 #11 type] 
Type domain.Sala is not enhanced.

[2023-06-07 10:04:05 #12 type.registry] 
New type java.util.ArrayList<java.lang.Object>

[2023-06-07 10:04:05 #13 type.registry] 
New type java.util.ArrayList<java.lang.String>

[2023-06-07 10:04:05 #14 type.registry] 
New type java.util.LinkedList<java.lang.Object>

[2023-06-07 10:04:05 #15 type.registry] 
New type java.util.LinkedList<domain.Usuario>

[2023-06-07 10:04:05 #16 type.registry] 
New type java.util.ArrayList<domain.Sesion>

[2023-06-07 10:04:05 #17 type.registry] 
New type domain.Cargo

[2023-06-07 10:04:05 #18 type] 
Type domain.Cargo is not enhanced.

------------------------------------------------------------------------------------------------------------------------

[2023-06-07 10:36:16 #1 store] 
Database 'C:\Users\jonetxe13\Desktop\universidad\IS\Bets21-master\src\main\resources\bets.temp' is opened by 6020@DESKTOP-490MKBR

[2023-06-07 10:36:16 #2 type.registry] 
New type domain.Actividad

[2023-06-07 10:36:16 #3 type] 
Type domain.Actividad is not enhanced.

[2023-06-07 10:36:16 #4 type.registry] 
New type domain.Encargado

[2023-06-07 10:36:16 #5 type] 
Type domain.Encargado is not enhanced.

[2023-06-07 10:36:16 #6 type.registry] 
New type domain.Usuario

[2023-06-07 10:36:16 #7 type] 
Type domain.Usuario is not enhanced.

[2023-06-07 10:36:16 #8 type.registry] 
New type domain.Sesion

[2023-06-07 10:36:16 #9 type] 
Type domain.Sesion is not enhanced.

[2023-06-07 10:36:16 #10 type.registry] 
New type domain.Sala

[2023-06-07 10:36:16 #11 type] 
Type domain.Sala is not enhanced.

[2023-06-07 10:36:17 #12 type.registry] 
New type java.util.ArrayList<java.lang.Object>

[2023-06-07 10:36:17 #13 type.registry] 
New type java.util.ArrayList<java.lang.String>

[2023-06-07 10:36:17 #14 type.registry] 
New type java.util.LinkedList<java.lang.Object>

[2023-06-07 10:36:17 #15 type.registry] 
New type java.util.LinkedList<domain.Usuario>

[2023-06-07 10:36:17 #16 type.registry] 
New type java.util.ArrayList<domain.Sesion>

------------------------------------------------------------------------------------------------------------------------

[2023-06-07 10:37:22 #1 store] 
Database 'C:\Users\jonetxe13\Desktop\universidad\IS\Bets21-master\src\main\resources\bets.temp' is opened by 9696@DESKTOP-490MKBR

[2023-06-07 10:37:22 #2 type.registry] 
New type domain.Actividad

[2023-06-07 10:37:22 #3 type] 
Type domain.Actividad is not enhanced.

[2023-06-07 10:37:22 #4 type.registry] 
New type domain.Encargado

[2023-06-07 10:37:22 #5 type] 
Type domain.Encargado is not enhanced.

[2023-06-07 10:37:22 #6 type.registry] 
New type domain.Usuario

[2023-06-07 10:37:22 #7 type] 
Type domain.Usuario is not enhanced.

[2023-06-07 10:37:22 #8 type.registry] 
New type domain.Sesion

[2023-06-07 10:37:22 #9 type] 
Type domain.Sesion is not enhanced.

[2023-06-07 10:37:22 #10 type.registry] 
New type domain.Sala

[2023-06-07 10:37:22 #11 type] 
Type domain.Sala is not enhanced.

[2023-06-07 10:37:22 #12 type.registry] 
New type java.util.ArrayList<java.lang.Object>

[2023-06-07 10:37:22 #13 type.registry] 
New type java.util.ArrayList<java.lang.String>

[2023-06-07 10:37:22 #14 type.registry] 
New type java.util.LinkedList<java.lang.Object>

[2023-06-07 10:37:22 #15 type.registry] 
New type java.util.LinkedList<domain.Usuario>

[2023-06-07 10:37:22 #16 type.registry] 
New type java.util.ArrayList<domain.Sesion>

[2023-06-07 10:37:22 #17 type.registry] 
New type domain.Cargo

[2023-06-07 10:37:22 #18 type] 
Type domain.Cargo is not enhanced.

------------------------------------------------------------------------------------------------------------------------

[2023-06-07 10:38:08 #1 store] 
Database 'C:\Users\jonetxe13\Desktop\universidad\IS\Bets21-master\src\main\resources\bets.temp' is opened by 7560@DESKTOP-490MKBR

[2023-06-07 10:38:08 #2 type.registry] 
New type domain.Actividad

[2023-06-07 10:38:08 #3 type] 
Type domain.Actividad is not enhanced.

[2023-06-07 10:38:08 #4 type.registry] 
New type domain.Encargado

[2023-06-07 10:38:08 #5 type] 
Type domain.Encargado is not enhanced.

[2023-06-07 10:38:08 #6 type.registry] 
New type domain.Usuario

[2023-06-07 10:38:08 #7 type] 
Type domain.Usuario is not enhanced.

[2023-06-07 10:38:08 #8 type.registry] 
New type domain.Sesion

[2023-06-07 10:38:08 #9 type] 
Type domain.Sesion is not enhanced.

[2023-06-07 10:38:08 #10 type.registry] 
New type domain.Sala

[2023-06-07 10:38:08 #11 type] 
Type domain.Sala is not enhanced.

[2023-06-07 10:38:08 #12 type.registry] 
New type java.util.ArrayList<java.lang.Object>

[2023-06-07 10:38:08 #13 type.registry] 
New type java.util.ArrayList<java.lang.String>

[2023-06-07 10:38:08 #14 type.registry] 
New type java.util.LinkedList<java.lang.Object>

[2023-06-07 10:38:08 #15 type.registry] 
New type java.util.LinkedList<domain.Usuario>

[2023-06-07 10:38:08 #16 type.registry] 
New type java.util.ArrayList<domain.Sesion>

[2023-06-07 10:38:08 #17 type.registry] 
New type domain.Cargo

[2023-06-07 10:38:08 #18 type] 
Type domain.Cargo is not enhanced.

------------------------------------------------------------------------------------------------------------------------

[2023-06-07 10:38:28 #1 store] 
Database 'C:\Users\jonetxe13\Desktop\universidad\IS\Bets21-master\src\main\resources\bets.temp' has been recovered (tr. 1-19)

[2023-06-07 10:38:28 #2 store] 
Database 'C:\Users\jonetxe13\Desktop\universidad\IS\Bets21-master\src\main\resources\bets.temp' is opened by 14100@DESKTOP-490MKBR

[2023-06-07 10:38:28 #3 type] 
Type domain.Actividad is not enhanced.

[2023-06-07 10:38:28 #4 type] 
Type domain.Encargado is not enhanced.

[2023-06-07 10:38:28 #5 type] 
Type domain.Usuario is not enhanced.

[2023-06-07 10:38:28 #6 type] 
Type domain.Sesion is not enhanced.

[2023-06-07 10:38:28 #7 type] 
Type domain.Sala is not enhanced.

[2023-06-07 10:38:28 #8 type] 
Type domain.Cargo is not enhanced.

------------------------------------------------------------------------------------------------------------------------

[2023-06-07 10:39:36 #1 store] 
Database 'C:\Users\jonetxe13\Desktop\universidad\IS\Bets21-master\src\main\resources\bets.temp' is opened by 8416@DESKTOP-490MKBR

[2023-06-07 10:39:36 #2 type] 
Type domain.Actividad is not enhanced.

[2023-06-07 10:39:36 #3 type] 
Type domain.Encargado is not enhanced.

[2023-06-07 10:39:36 #4 type] 
Type domain.Usuario is not enhanced.

[2023-06-07 10:39:36 #5 type] 
Type domain.Sesion is not enhanced.

[2023-06-07 10:39:36 #6 type] 
Type domain.Sala is not enhanced.

[2023-06-07 10:39:36 #7 type] 
Type domain.Cargo is not enhanced.

------------------------------------------------------------------------------------------------------------------------

[2023-06-07 10:39:47 #1 store] 
Database 'C:\Users\jonetxe13\Desktop\universidad\IS\Bets21-master\src\main\resources\bets.temp' is opened by 5964@DESKTOP-490MKBR

[2023-06-07 10:39:47 #2 type] 
Type domain.Actividad is not enhanced.

[2023-06-07 10:39:47 #3 type] 
Type domain.Encargado is not enhanced.

[2023-06-07 10:39:47 #4 type] 
Type domain.Usuario is not enhanced.

[2023-06-07 10:39:47 #5 type] 
Type domain.Sesion is not enhanced.

[2023-06-07 10:39:47 #6 type] 
Type domain.Sala is not enhanced.

[2023-06-07 10:39:47 #7 type] 
Type domain.Cargo is not enhanced.

------------------------------------------------------------------------------------------------------------------------

[2023-06-07 10:40:26 #1 store] 
Database 'C:\Users\jonetxe13\Desktop\universidad\IS\Bets21-master\src\main\resources\bets.temp' is opened by 3096@DESKTOP-490MKBR

[2023-06-07 10:40:26 #2 type] 
Type domain.Actividad is not enhanced.

[2023-06-07 10:40:26 #3 type] 
Type domain.Encargado is not enhanced.

[2023-06-07 10:40:26 #4 type] 
Type domain.Usuario is not enhanced.

[2023-06-07 10:40:26 #5 type] 
Type domain.Sesion is not enhanced.

[2023-06-07 10:40:26 #6 type] 
Type domain.Sala is not enhanced.

[2023-06-07 10:40:26 #7 type] 
Type domain.Cargo is not enhanced.

------------------------------------------------------------------------------------------------------------------------

[2023-06-07 10:41:23 #1 store] 
Database 'C:\Users\jonetxe13\Desktop\universidad\IS\Bets21-master\src\main\resources\bets.temp' is opened by 12844@DESKTOP-490MKBR

[2023-06-07 10:41:23 #2 type] 
Type domain.Actividad is not enhanced.

[2023-06-07 10:41:23 #3 type] 
Type domain.Encargado is not enhanced.

[2023-06-07 10:41:23 #4 type] 
Type domain.Usuario is not enhanced.

[2023-06-07 10:41:23 #5 type] 
Type domain.Sesion is not enhanced.

[2023-06-07 10:41:23 #6 type] 
Type domain.Sala is not enhanced.

[2023-06-07 10:41:23 #7 type] 
Type domain.Cargo is not enhanced.

------------------------------------------------------------------------------------------------------------------------

[2023-06-07 10:44:22 #1 store] 
Database 'C:\Users\jonetxe13\Desktop\universidad\IS\Bets21-master\src\main\resources\bets.temp' is opened by 12492@DESKTOP-490MKBR

[2023-06-07 10:44:22 #2 type] 
Type domain.Actividad is not enhanced.

[2023-06-07 10:44:22 #3 type] 
Type domain.Encargado is not enhanced.

[2023-06-07 10:44:22 #4 type] 
Type domain.Usuario is not enhanced.

[2023-06-07 10:44:22 #5 type] 
Type domain.Sesion is not enhanced.

[2023-06-07 10:44:22 #6 type] 
Type domain.Sala is not enhanced.

[2023-06-07 10:44:22 #7 type] 
Type domain.Cargo is not enhanced.

------------------------------------------------------------------------------------------------------------------------

[2023-06-07 10:45:00 #1 store] 
Database 'C:\Users\jonetxe13\Desktop\universidad\IS\Bets21-master\src\main\resources\bets.temp' is opened by 3576@DESKTOP-490MKBR

[2023-06-07 10:45:00 #2 type] 
Type domain.Actividad is not enhanced.

[2023-06-07 10:45:00 #3 type] 
Type domain.Encargado is not enhanced.

[2023-06-07 10:45:00 #4 type] 
Type domain.Usuario is not enhanced.

[2023-06-07 10:45:00 #5 type] 
Type domain.Sesion is not enhanced.

[2023-06-07 10:45:00 #6 type] 
Type domain.Sala is not enhanced.

[2023-06-07 10:45:00 #7 type] 
Type domain.Cargo is not enhanced.

------------------------------------------------------------------------------------------------------------------------

[2023-06-07 10:49:04 #1 store] 
Database 'C:\Users\jonetxe13\Desktop\universidad\IS\Bets21-master\src\main\resources\bets.temp' is opened by 1948@DESKTOP-490MKBR

[2023-06-07 10:49:04 #2 type] 
Type domain.Actividad is not enhanced.

[2023-06-07 10:49:04 #3 type] 
Type domain.Encargado is not enhanced.

[2023-06-07 10:49:04 #4 type] 
Type domain.Usuario is not enhanced.

[2023-06-07 10:49:04 #5 type] 
Type domain.Sesion is not enhanced.

[2023-06-07 10:49:04 #6 type] 
Type domain.Sala is not enhanced.

[2023-06-07 10:49:04 #7 type] 
Type domain.Cargo is not enhanced.

------------------------------------------------------------------------------------------------------------------------

[2023-06-07 10:49:55 #1 store] 
Database 'C:\Users\jonetxe13\Desktop\universidad\IS\Bets21-master\src\main\resources\bets.temp' has been recovered (tr. 20-21)

[2023-06-07 10:49:55 #2 store] 
Database 'C:\Users\jonetxe13\Desktop\universidad\IS\Bets21-master\src\main\resources\bets.temp' is opened by 13176@DESKTOP-490MKBR

[2023-06-07 10:49:55 #3 type] 
Type domain.Actividad is not enhanced.

[2023-06-07 10:49:55 #4 type] 
Type domain.Encargado is not enhanced.

[2023-06-07 10:49:55 #5 type] 
Type domain.Usuario is not enhanced.

[2023-06-07 10:49:55 #6 type] 
Type domain.Sesion is not enhanced.

[2023-06-07 10:49:55 #7 type] 
Type domain.Sala is not enhanced.

[2023-06-07 10:49:55 #8 type] 
Type domain.Cargo is not enhanced.

------------------------------------------------------------------------------------------------------------------------

[2023-06-07 10:50:17 #1 store] 
Database 'C:\Users\jonetxe13\Desktop\universidad\IS\Bets21-master\src\main\resources\bets.temp' has been recovered (tr. 22-22)

[2023-06-07 10:50:17 #2 store] 
Database 'C:\Users\jonetxe13\Desktop\universidad\IS\Bets21-master\src\main\resources\bets.temp' is opened by 6656@DESKTOP-490MKBR

[2023-06-07 10:50:18 #3 type] 
Type domain.Actividad is not enhanced.

[2023-06-07 10:50:18 #4 type] 
Type domain.Encargado is not enhanced.

[2023-06-07 10:50:18 #5 type] 
Type domain.Usuario is not enhanced.

[2023-06-07 10:50:18 #6 type] 
Type domain.Sesion is not enhanced.

[2023-06-07 10:50:18 #7 type] 
Type domain.Sala is not enhanced.

[2023-06-07 10:50:18 #8 type] 
Type domain.Cargo is not enhanced.

