------------------------------------------------------------------------------------------------------------------------

[2023-05-07 09:41:12 #1 store] 
Database 'C:\Users\jonetxe13\Desktop\universidad\IS\Bets21-master\src\main\resources\bets.temp' is opened by 13032@DESKTOP-490MKBR

[2023-05-07 09:41:12 #2 type] 
Type domain.Usuario is not enhanced.

[2023-05-07 09:41:12 #3 type] 
Type domain.Sesion is not enhanced.

[2023-05-07 09:41:12 #4 type] 
Type domain.Sala is not enhanced.

[2023-05-07 09:41:12 #5 type] 
Type domain.Actividad is not enhanced.

------------------------------------------------------------------------------------------------------------------------

[2023-05-07 09:42:23 #1 store] 
Database 'C:\Users\jonetxe13\Desktop\universidad\IS\Bets21-master\src\main\resources\bets.temp' is opened by 8028@DESKTOP-490MKBR

[2023-05-07 09:42:23 #2 type.registry] 
New type domain.Usuario

[2023-05-07 09:42:23 #3 type] 
Type domain.Usuario is not enhanced.

[2023-05-07 09:42:23 #4 type.registry] 
New type domain.Sesion

[2023-05-07 09:42:23 #5 type] 
Type domain.Sesion is not enhanced.

[2023-05-07 09:42:23 #6 type.registry] 
New type domain.Sala

[2023-05-07 09:42:23 #7 type.registry] 
New type domain.Actividad

[2023-05-07 09:42:23 #8 type] 
Type domain.Sala is not enhanced.

[2023-05-07 09:42:23 #9 type] 
Type domain.Actividad is not enhanced.

[2023-05-07 09:42:23 #10 type.registry] 
New type java.util.ArrayList<java.lang.Object>

[2023-05-07 09:42:23 #11 type.registry] 
New type java.util.ArrayList<java.lang.String>

[2023-05-07 09:42:23 #12 type.registry] 
New type java.util.LinkedList<java.lang.Object>

[2023-05-07 09:42:23 #13 type.registry] 
New type java.util.LinkedList<domain.Usuario>

[2023-05-07 09:42:23 #14 type.registry] 
New type java.util.ArrayList<domain.Actividad>

[2023-05-07 09:42:23 #15 type.registry] 
New type java.util.ArrayList<domain.Sesion>

------------------------------------------------------------------------------------------------------------------------

[2023-05-07 09:43:35 #1 store] 
Database 'C:\Users\jonetxe13\Desktop\universidad\IS\Bets21-master\src\main\resources\bets.temp' is opened by 8684@DESKTOP-490MKBR

[2023-05-07 09:43:35 #2 type.registry] 
New type domain.Usuario

[2023-05-07 09:43:35 #3 type] 
Type domain.Usuario is not enhanced.

[2023-05-07 09:43:35 #4 type.registry] 
New type domain.Sesion

[2023-05-07 09:43:35 #5 type] 
Type domain.Sesion is not enhanced.

[2023-05-07 09:43:35 #6 type.registry] 
New type domain.Sala

[2023-05-07 09:43:35 #7 type.registry] 
New type domain.Actividad

[2023-05-07 09:43:35 #8 type] 
Type domain.Sala is not enhanced.

[2023-05-07 09:43:35 #9 type] 
Type domain.Actividad is not enhanced.

[2023-05-07 09:43:35 #10 type.registry] 
New type java.util.ArrayList<java.lang.Object>

[2023-05-07 09:43:35 #11 type.registry] 
New type java.util.ArrayList<java.lang.String>

[2023-05-07 09:43:35 #12 type.registry] 
New type java.util.LinkedList<java.lang.Object>

[2023-05-07 09:43:35 #13 type.registry] 
New type java.util.LinkedList<domain.Usuario>

[2023-05-07 09:43:35 #14 type.registry] 
New type java.util.ArrayList<domain.Actividad>

[2023-05-07 09:43:35 #15 type.registry] 
New type java.util.ArrayList<domain.Sesion>

------------------------------------------------------------------------------------------------------------------------

[2023-05-07 09:45:27 #1 store] 
Database 'C:\Users\jonetxe13\Desktop\universidad\IS\Bets21-master\src\main\resources\bets.temp' is opened by 3092@DESKTOP-490MKBR

[2023-05-07 09:45:28 #2 type.registry] 
New type domain.Usuario

[2023-05-07 09:45:28 #3 type] 
Type domain.Usuario is not enhanced.

[2023-05-07 09:45:28 #4 type.registry] 
New type domain.Sesion

[2023-05-07 09:45:28 #5 type] 
Type domain.Sesion is not enhanced.

[2023-05-07 09:45:28 #6 type.registry] 
New type domain.Sala

[2023-05-07 09:45:28 #7 type.registry] 
New type domain.Actividad

[2023-05-07 09:45:28 #8 type] 
Type domain.Sala is not enhanced.

[2023-05-07 09:45:28 #9 type] 
Type domain.Actividad is not enhanced.

[2023-05-07 09:45:28 #10 type.registry] 
New type java.util.ArrayList<java.lang.Object>

[2023-05-07 09:45:28 #11 type.registry] 
New type java.util.ArrayList<java.lang.String>

[2023-05-07 09:45:28 #12 type.registry] 
New type java.util.ArrayList<domain.Actividad>

[2023-05-07 09:45:28 #13 type.registry] 
New type java.util.LinkedList<java.lang.Object>

[2023-05-07 09:45:28 #14 type.registry] 
New type java.util.LinkedList<domain.Usuario>

[2023-05-07 09:45:28 #15 type.registry] 
New type java.util.ArrayList<domain.Sesion>

------------------------------------------------------------------------------------------------------------------------

[2023-05-07 09:45:59 #1 store] 
Database 'C:\Users\jonetxe13\Desktop\universidad\IS\Bets21-master\src\main\resources\bets.temp' is opened by 2076@DESKTOP-490MKBR

[2023-05-07 09:46:00 #2 type.registry] 
New type domain.Usuario

[2023-05-07 09:46:00 #3 type] 
Type domain.Usuario is not enhanced.

[2023-05-07 09:46:00 #4 type.registry] 
New type domain.Sesion

[2023-05-07 09:46:00 #5 type] 
Type domain.Sesion is not enhanced.

[2023-05-07 09:46:00 #6 type.registry] 
New type domain.Sala

[2023-05-07 09:46:00 #7 type.registry] 
New type domain.Actividad

[2023-05-07 09:46:00 #8 type] 
Type domain.Sala is not enhanced.

[2023-05-07 09:46:00 #9 type] 
Type domain.Actividad is not enhanced.

[2023-05-07 09:46:00 #10 type.registry] 
New type java.util.ArrayList<java.lang.Object>

[2023-05-07 09:46:00 #11 type.registry] 
New type java.util.ArrayList<java.lang.String>

[2023-05-07 09:46:00 #12 type.registry] 
New type java.util.LinkedList<java.lang.Object>

[2023-05-07 09:46:00 #13 type.registry] 
New type java.util.LinkedList<domain.Usuario>

[2023-05-07 09:46:00 #14 type.registry] 
New type java.util.ArrayList<domain.Actividad>

[2023-05-07 09:46:00 #15 type.registry] 
New type java.util.ArrayList<domain.Sesion>

------------------------------------------------------------------------------------------------------------------------

[2023-05-07 09:47:59 #1 store] 
Database 'C:\Users\jonetxe13\Desktop\universidad\IS\Bets21-master\src\main\resources\bets.temp' is opened by 10860@DESKTOP-490MKBR

[2023-05-07 09:48:00 #2 type.registry] 
New type domain.Usuario

[2023-05-07 09:48:00 #3 type] 
Type domain.Usuario is not enhanced.

[2023-05-07 09:48:00 #4 type.registry] 
New type domain.Sesion

[2023-05-07 09:48:00 #5 type] 
Type domain.Sesion is not enhanced.

[2023-05-07 09:48:00 #6 type.registry] 
New type domain.Sala

[2023-05-07 09:48:00 #7 type.registry] 
New type domain.Actividad

[2023-05-07 09:48:00 #8 type] 
Type domain.Sala is not enhanced.

[2023-05-07 09:48:00 #9 type] 
Type domain.Actividad is not enhanced.

[2023-05-07 09:48:00 #10 type.registry] 
New type java.util.ArrayList<java.lang.Object>

[2023-05-07 09:48:00 #11 type.registry] 
New type java.util.ArrayList<java.lang.String>

[2023-05-07 09:48:00 #12 type.registry] 
New type java.util.LinkedList<java.lang.Object>

[2023-05-07 09:48:00 #13 type.registry] 
New type java.util.LinkedList<domain.Usuario>

[2023-05-07 09:48:00 #14 type.registry] 
New type java.util.ArrayList<domain.Actividad>

[2023-05-07 09:48:00 #15 type.registry] 
New type java.util.ArrayList<domain.Sesion>

------------------------------------------------------------------------------------------------------------------------

[2023-05-07 09:49:28 #1 store] 
Database 'C:\Users\jonetxe13\Desktop\universidad\IS\Bets21-master\src\main\resources\bets.temp' is opened by 5716@DESKTOP-490MKBR

[2023-05-07 09:49:28 #2 type.registry] 
New type domain.Usuario

[2023-05-07 09:49:28 #3 type] 
Type domain.Usuario is not enhanced.

[2023-05-07 09:49:28 #4 type.registry] 
New type domain.Sesion

[2023-05-07 09:49:28 #5 type] 
Type domain.Sesion is not enhanced.

[2023-05-07 09:49:28 #6 type.registry] 
New type domain.Sala

[2023-05-07 09:49:28 #7 type.registry] 
New type domain.Actividad

[2023-05-07 09:49:28 #8 type] 
Type domain.Sala is not enhanced.

[2023-05-07 09:49:28 #9 type] 
Type domain.Actividad is not enhanced.

[2023-05-07 09:49:28 #10 type.registry] 
New type java.util.ArrayList<java.lang.Object>

[2023-05-07 09:49:28 #11 type.registry] 
New type java.util.ArrayList<java.lang.String>

[2023-05-07 09:49:28 #12 type.registry] 
New type java.util.LinkedList<java.lang.Object>

[2023-05-07 09:49:28 #13 type.registry] 
New type java.util.LinkedList<domain.Usuario>

[2023-05-07 09:49:28 #14 type.registry] 
New type java.util.ArrayList<domain.Actividad>

[2023-05-07 09:49:28 #15 type.registry] 
New type java.util.ArrayList<domain.Sesion>

------------------------------------------------------------------------------------------------------------------------

[2023-05-07 09:50:54 #1 store] 
Database 'C:\Users\jonetxe13\Desktop\universidad\IS\Bets21-master\src\main\resources\bets.temp' is opened by 9192@DESKTOP-490MKBR

[2023-05-07 09:50:54 #2 type.registry] 
New type domain.Usuario

[2023-05-07 09:50:54 #3 type] 
Type domain.Usuario is not enhanced.

[2023-05-07 09:50:54 #4 type.registry] 
New type domain.Sesion

[2023-05-07 09:50:54 #5 type] 
Type domain.Sesion is not enhanced.

[2023-05-07 09:50:54 #6 type.registry] 
New type domain.Sala

[2023-05-07 09:50:54 #7 type.registry] 
New type domain.Actividad

[2023-05-07 09:50:54 #8 type] 
Type domain.Sala is not enhanced.

[2023-05-07 09:50:54 #9 type] 
Type domain.Actividad is not enhanced.

[2023-05-07 09:50:54 #10 type.registry] 
New type java.util.ArrayList<java.lang.Object>

[2023-05-07 09:50:54 #11 type.registry] 
New type java.util.ArrayList<java.lang.String>

[2023-05-07 09:50:54 #12 type.registry] 
New type java.util.ArrayList<domain.Actividad>

[2023-05-07 09:50:54 #13 type.registry] 
New type java.util.LinkedList<java.lang.Object>

[2023-05-07 09:50:54 #14 type.registry] 
New type java.util.LinkedList<domain.Usuario>

[2023-05-07 09:50:54 #15 type.registry] 
New type java.util.ArrayList<domain.Sesion>

------------------------------------------------------------------------------------------------------------------------

[2023-05-07 09:51:43 #1 store] 
Database 'C:\Users\jonetxe13\Desktop\universidad\IS\Bets21-master\src\main\resources\bets.temp' is opened by 4888@DESKTOP-490MKBR

[2023-05-07 09:51:44 #2 type.registry] 
New type domain.Usuario

[2023-05-07 09:51:44 #3 type] 
Type domain.Usuario is not enhanced.

[2023-05-07 09:51:44 #4 type.registry] 
New type domain.Sesion

[2023-05-07 09:51:44 #5 type] 
Type domain.Sesion is not enhanced.

[2023-05-07 09:51:44 #6 type.registry] 
New type domain.Sala

[2023-05-07 09:51:44 #7 type.registry] 
New type domain.Actividad

[2023-05-07 09:51:44 #8 type] 
Type domain.Sala is not enhanced.

[2023-05-07 09:51:44 #9 type] 
Type domain.Actividad is not enhanced.

[2023-05-07 09:51:44 #10 type.registry] 
New type java.util.ArrayList<java.lang.Object>

[2023-05-07 09:51:44 #11 type.registry] 
New type java.util.ArrayList<java.lang.String>

[2023-05-07 09:51:44 #12 type.registry] 
New type java.util.ArrayList<domain.Actividad>

[2023-05-07 09:51:44 #13 type.registry] 
New type java.util.LinkedList<java.lang.Object>

[2023-05-07 09:51:44 #14 type.registry] 
New type java.util.LinkedList<domain.Usuario>

[2023-05-07 09:51:44 #15 type.registry] 
New type java.util.ArrayList<domain.Sesion>

------------------------------------------------------------------------------------------------------------------------

[2023-05-07 09:57:58 #1 store] 
Database 'C:\Users\jonetxe13\Desktop\universidad\IS\Bets21-master\src\main\resources\bets.temp' is opened by 7680@DESKTOP-490MKBR

[2023-05-07 09:57:58 #2 type.registry] 
New type domain.Usuario

[2023-05-07 09:57:58 #3 type] 
Type domain.Usuario is not enhanced.

[2023-05-07 09:57:58 #4 type.registry] 
New type domain.Actividad

[2023-05-07 09:57:58 #5 type] 
Type domain.Actividad is not enhanced.

[2023-05-07 09:57:58 #6 type.registry] 
New type domain.Sesion

[2023-05-07 09:57:58 #7 type] 
Type domain.Sesion is not enhanced.

[2023-05-07 09:57:58 #8 type.registry] 
New type domain.Sala

[2023-05-07 09:57:58 #9 type] 
Type domain.Sala is not enhanced.

[2023-05-07 09:57:58 #10 type.registry] 
New type java.util.ArrayList<java.lang.Object>

[2023-05-07 09:57:58 #11 type.registry] 
New type java.util.ArrayList<java.lang.String>

[2023-05-07 09:57:58 #12 type.registry] 
New type java.util.ArrayList<domain.Actividad>

[2023-05-07 09:57:58 #13 type.registry] 
New type java.util.LinkedList<java.lang.Object>

[2023-05-07 09:57:58 #14 type.registry] 
New type java.util.LinkedList<domain.Usuario>

[2023-05-07 09:57:58 #15 type.registry] 
New type java.util.ArrayList<domain.Sesion>

------------------------------------------------------------------------------------------------------------------------

[2023-05-07 09:58:53 #1 store] 
Database 'C:\Users\jonetxe13\Desktop\universidad\IS\Bets21-master\src\main\resources\bets.temp' is opened by 5200@DESKTOP-490MKBR

[2023-05-07 09:58:53 #2 type.registry] 
New type domain.Usuario

[2023-05-07 09:58:53 #3 type] 
Type domain.Usuario is not enhanced.

[2023-05-07 09:58:53 #4 type.registry] 
New type domain.Actividad

[2023-05-07 09:58:53 #5 type] 
Type domain.Actividad is not enhanced.

[2023-05-07 09:58:53 #6 type.registry] 
New type domain.Sesion

[2023-05-07 09:58:53 #7 type] 
Type domain.Sesion is not enhanced.

[2023-05-07 09:58:53 #8 type.registry] 
New type domain.Sala

[2023-05-07 09:58:53 #9 type] 
Type domain.Sala is not enhanced.

[2023-05-07 09:58:53 #10 type.registry] 
New type java.util.ArrayList<java.lang.Object>

[2023-05-07 09:58:53 #11 type.registry] 
New type java.util.ArrayList<java.lang.String>

[2023-05-07 09:58:53 #12 type.registry] 
New type java.util.ArrayList<domain.Actividad>

[2023-05-07 09:58:53 #13 type.registry] 
New type java.util.LinkedList<java.lang.Object>

[2023-05-07 09:58:53 #14 type.registry] 
New type java.util.LinkedList<domain.Usuario>

[2023-05-07 09:58:53 #15 type.registry] 
New type java.util.ArrayList<domain.Sesion>

------------------------------------------------------------------------------------------------------------------------

[2023-05-07 09:59:18 #1 store] 
Database 'C:\Users\jonetxe13\Desktop\universidad\IS\Bets21-master\src\main\resources\bets.temp' is opened by 12860@DESKTOP-490MKBR

[2023-05-07 09:59:18 #2 type.registry] 
New type domain.Usuario

[2023-05-07 09:59:18 #3 type] 
Type domain.Usuario is not enhanced.

[2023-05-07 09:59:18 #4 type.registry] 
New type domain.Actividad

[2023-05-07 09:59:18 #5 type] 
Type domain.Actividad is not enhanced.

[2023-05-07 09:59:18 #6 type.registry] 
New type domain.Sesion

[2023-05-07 09:59:18 #7 type] 
Type domain.Sesion is not enhanced.

[2023-05-07 09:59:18 #8 type.registry] 
New type domain.Sala

[2023-05-07 09:59:18 #9 type] 
Type domain.Sala is not enhanced.

[2023-05-07 09:59:18 #10 type.registry] 
New type java.util.ArrayList<java.lang.Object>

[2023-05-07 09:59:18 #11 type.registry] 
New type java.util.ArrayList<java.lang.String>

[2023-05-07 09:59:18 #12 type.registry] 
New type java.util.ArrayList<domain.Actividad>

[2023-05-07 09:59:18 #13 type.registry] 
New type java.util.LinkedList<java.lang.Object>

[2023-05-07 09:59:18 #14 type.registry] 
New type java.util.LinkedList<domain.Usuario>

[2023-05-07 09:59:18 #15 type.registry] 
New type java.util.ArrayList<domain.Sesion>

------------------------------------------------------------------------------------------------------------------------

[2023-05-07 10:03:29 #1 store] 
Database 'C:\Users\jonetxe13\Desktop\universidad\IS\Bets21-master\src\main\resources\bets.temp' is opened by 2064@DESKTOP-490MKBR

[2023-05-07 10:03:29 #2 type.registry] 
New type domain.Usuario

[2023-05-07 10:03:29 #3 type] 
Type domain.Usuario is not enhanced.

[2023-05-07 10:03:29 #4 type.registry] 
New type domain.Actividad

[2023-05-07 10:03:29 #5 type] 
Type domain.Actividad is not enhanced.

[2023-05-07 10:03:29 #6 type.registry] 
New type domain.Sesion

[2023-05-07 10:03:29 #7 type] 
Type domain.Sesion is not enhanced.

[2023-05-07 10:03:29 #8 type.registry] 
New type domain.Sala

[2023-05-07 10:03:29 #9 type] 
Type domain.Sala is not enhanced.

[2023-05-07 10:03:30 #10 type.registry] 
New type java.util.ArrayList<java.lang.Object>

[2023-05-07 10:03:30 #11 type.registry] 
New type java.util.ArrayList<java.lang.String>

[2023-05-07 10:03:30 #12 type.registry] 
New type java.util.ArrayList<domain.Actividad>

[2023-05-07 10:03:30 #13 type.registry] 
New type java.util.LinkedList<java.lang.Object>

[2023-05-07 10:03:30 #14 type.registry] 
New type java.util.LinkedList<domain.Usuario>

[2023-05-07 10:03:30 #15 type.registry] 
New type java.util.ArrayList<domain.Sesion>

------------------------------------------------------------------------------------------------------------------------

[2023-05-07 10:07:33 #1 store] 
Database 'C:\Users\jonetxe13\Desktop\universidad\IS\Bets21-master\src\main\resources\bets.temp' is opened by 2372@DESKTOP-490MKBR

[2023-05-07 10:07:33 #2 type.registry] 
New type domain.Usuario

[2023-05-07 10:07:33 #3 type] 
Type domain.Usuario is not enhanced.

[2023-05-07 10:07:33 #4 type.registry] 
New type domain.Actividad

[2023-05-07 10:07:33 #5 type] 
Type domain.Actividad is not enhanced.

[2023-05-07 10:07:33 #6 type.registry] 
New type domain.Sesion

[2023-05-07 10:07:33 #7 type] 
Type domain.Sesion is not enhanced.

[2023-05-07 10:07:33 #8 type.registry] 
New type domain.Sala

[2023-05-07 10:07:33 #9 type] 
Type domain.Sala is not enhanced.

[2023-05-07 10:07:33 #10 type.registry] 
New type java.util.ArrayList<java.lang.Object>

[2023-05-07 10:07:33 #11 type.registry] 
New type java.util.ArrayList<java.lang.String>

[2023-05-07 10:07:33 #12 type.registry] 
New type java.util.ArrayList<domain.Actividad>

[2023-05-07 10:07:33 #13 type.registry] 
New type java.util.LinkedList<java.lang.Object>

[2023-05-07 10:07:33 #14 type.registry] 
New type java.util.LinkedList<domain.Usuario>

[2023-05-07 10:07:33 #15 type.registry] 
New type java.util.ArrayList<domain.Sesion>

------------------------------------------------------------------------------------------------------------------------

[2023-05-07 10:08:38 #1 store] 
Database 'C:\Users\jonetxe13\Desktop\universidad\IS\Bets21-master\src\main\resources\bets.temp' has been recovered (tr. 1-15)

[2023-05-07 10:08:38 #2 store] 
Database 'C:\Users\jonetxe13\Desktop\universidad\IS\Bets21-master\src\main\resources\bets.temp' is opened by 4620@DESKTOP-490MKBR

[2023-05-07 10:08:39 #3 type] 
Type domain.Usuario is not enhanced.

[2023-05-07 10:08:39 #4 type] 
Type domain.Actividad is not enhanced.

[2023-05-07 10:08:39 #5 type] 
Type domain.Sesion is not enhanced.

[2023-05-07 10:08:39 #6 type] 
Type domain.Sala is not enhanced.

------------------------------------------------------------------------------------------------------------------------

[2023-05-07 10:12:24 #1 store] 
Database 'C:\Users\jonetxe13\Desktop\universidad\IS\Bets21-master\src\main\resources\bets.temp' is opened by 10656@DESKTOP-490MKBR

[2023-05-07 10:12:24 #2 type.registry] 
New type domain.Usuario

[2023-05-07 10:12:24 #3 type] 
Type domain.Usuario is not enhanced.

[2023-05-07 10:12:24 #4 type.registry] 
New type domain.Actividad

[2023-05-07 10:12:24 #5 type] 
Type domain.Actividad is not enhanced.

[2023-05-07 10:12:24 #6 type.registry] 
New type domain.Sesion

[2023-05-07 10:12:24 #7 type] 
Type domain.Sesion is not enhanced.

[2023-05-07 10:12:24 #8 type.registry] 
New type domain.Sala

[2023-05-07 10:12:24 #9 type] 
Type domain.Sala is not enhanced.

[2023-05-07 10:12:24 #10 type.registry] 
New type java.util.ArrayList<java.lang.Object>

[2023-05-07 10:12:24 #11 type.registry] 
New type java.util.ArrayList<java.lang.String>

[2023-05-07 10:12:24 #12 type.registry] 
New type java.util.ArrayList<domain.Actividad>

[2023-05-07 10:12:24 #13 type.registry] 
New type java.util.LinkedList<java.lang.Object>

[2023-05-07 10:12:24 #14 type.registry] 
New type java.util.LinkedList<domain.Usuario>

[2023-05-07 10:12:24 #15 type.registry] 
New type java.util.ArrayList<domain.Sesion>

------------------------------------------------------------------------------------------------------------------------

[2023-05-07 10:13:13 #1 store] 
Database 'C:\Users\jonetxe13\Desktop\universidad\IS\Bets21-master\src\main\resources\bets.temp' has been recovered (tr. 1-16)

[2023-05-07 10:13:13 #2 store] 
Database 'C:\Users\jonetxe13\Desktop\universidad\IS\Bets21-master\src\main\resources\bets.temp' is opened by 9948@DESKTOP-490MKBR

[2023-05-07 10:13:13 #3 type] 
Type domain.Usuario is not enhanced.

[2023-05-07 10:13:13 #4 type] 
Type domain.Actividad is not enhanced.

[2023-05-07 10:13:13 #5 type] 
Type domain.Sesion is not enhanced.

[2023-05-07 10:13:13 #6 type] 
Type domain.Sala is not enhanced.

------------------------------------------------------------------------------------------------------------------------

[2023-05-07 10:20:17 #1 store] 
Database 'C:\Users\jonetxe13\Desktop\universidad\IS\Bets21-master\src\main\resources\bets.temp' is opened by 6344@DESKTOP-490MKBR

[2023-05-07 10:20:17 #2 type.registry] 
New type domain.Usuario

[2023-05-07 10:20:17 #3 type] 
Type domain.Usuario is not enhanced.

[2023-05-07 10:20:17 #4 type.registry] 
New type domain.Actividad

[2023-05-07 10:20:17 #5 type] 
Type domain.Actividad is not enhanced.

[2023-05-07 10:20:17 #6 type.registry] 
New type domain.Sesion

[2023-05-07 10:20:17 #7 type] 
Type domain.Sesion is not enhanced.

[2023-05-07 10:20:17 #8 type.registry] 
New type domain.Sala

[2023-05-07 10:20:17 #9 type] 
Type domain.Sala is not enhanced.

[2023-05-07 10:20:17 #10 type.registry] 
New type java.util.ArrayList<java.lang.Object>

[2023-05-07 10:20:17 #11 type.registry] 
New type java.util.ArrayList<java.lang.String>

[2023-05-07 10:20:17 #12 type.registry] 
New type java.util.ArrayList<domain.Actividad>

[2023-05-07 10:20:17 #13 type.registry] 
New type java.util.LinkedList<java.lang.Object>

[2023-05-07 10:20:17 #14 type.registry] 
New type java.util.LinkedList<domain.Usuario>

[2023-05-07 10:20:17 #15 type.registry] 
New type java.util.ArrayList<domain.Sesion>

------------------------------------------------------------------------------------------------------------------------

[2023-05-07 10:20:37 #1 store] 
Database 'C:\Users\jonetxe13\Desktop\universidad\IS\Bets21-master\src\main\resources\bets.temp' is opened by 4800@DESKTOP-490MKBR

[2023-05-07 10:20:37 #2 type.registry] 
New type domain.Usuario

[2023-05-07 10:20:37 #3 type] 
Type domain.Usuario is not enhanced.

[2023-05-07 10:20:37 #4 type.registry] 
New type domain.Actividad

[2023-05-07 10:20:37 #5 type] 
Type domain.Actividad is not enhanced.

[2023-05-07 10:20:37 #6 type.registry] 
New type domain.Sesion

[2023-05-07 10:20:37 #7 type] 
Type domain.Sesion is not enhanced.

[2023-05-07 10:20:37 #8 type.registry] 
New type domain.Sala

[2023-05-07 10:20:37 #9 type] 
Type domain.Sala is not enhanced.

[2023-05-07 10:20:37 #10 type.registry] 
New type java.util.ArrayList<java.lang.Object>

[2023-05-07 10:20:37 #11 type.registry] 
New type java.util.ArrayList<java.lang.String>

[2023-05-07 10:20:37 #12 type.registry] 
New type java.util.ArrayList<domain.Actividad>

[2023-05-07 10:20:37 #13 type.registry] 
New type java.util.LinkedList<java.lang.Object>

[2023-05-07 10:20:37 #14 type.registry] 
New type java.util.LinkedList<domain.Usuario>

[2023-05-07 10:20:37 #15 type.registry] 
New type java.util.ArrayList<domain.Sesion>

------------------------------------------------------------------------------------------------------------------------

[2023-05-07 10:40:58 #1 store] 
Database 'C:\Users\jonetxe13\Desktop\universidad\IS\Bets21-master\src\main\resources\bets.temp' is opened by 8144@DESKTOP-490MKBR

[2023-05-07 10:40:59 #2 type.registry] 
New type domain.Usuario

[2023-05-07 10:40:59 #3 type] 
Type domain.Usuario is not enhanced.

[2023-05-07 10:40:59 #4 type.registry] 
New type domain.Actividad

[2023-05-07 10:40:59 #5 type] 
Type domain.Actividad is not enhanced.

[2023-05-07 10:40:59 #6 type.registry] 
New type domain.Sesion

[2023-05-07 10:40:59 #7 type] 
Type domain.Sesion is not enhanced.

[2023-05-07 10:40:59 #8 type.registry] 
New type domain.Sala

[2023-05-07 10:40:59 #9 type] 
Type domain.Sala is not enhanced.

[2023-05-07 10:40:59 #10 type.registry] 
New type java.util.ArrayList<java.lang.Object>

[2023-05-07 10:40:59 #11 type.registry] 
New type java.util.ArrayList<java.lang.String>

[2023-05-07 10:40:59 #12 type.registry] 
New type java.util.ArrayList<domain.Actividad>

[2023-05-07 10:40:59 #13 type.registry] 
New type java.util.LinkedList<java.lang.Object>

[2023-05-07 10:40:59 #14 type.registry] 
New type java.util.LinkedList<domain.Usuario>

[2023-05-07 10:40:59 #15 type.registry] 
New type java.util.ArrayList<domain.Sesion>

------------------------------------------------------------------------------------------------------------------------

[2023-05-07 10:58:54 #1 store] 
Database 'C:\Users\jonetxe13\Desktop\universidad\IS\Bets21-master\src\main\resources\bets.temp' is opened by 4376@DESKTOP-490MKBR

[2023-05-07 10:58:54 #2 type.registry] 
New type domain.Usuario

[2023-05-07 10:58:54 #3 type] 
Type domain.Usuario is not enhanced.

[2023-05-07 10:58:54 #4 type.registry] 
New type domain.Actividad

[2023-05-07 10:58:54 #5 type] 
Type domain.Actividad is not enhanced.

[2023-05-07 10:58:54 #6 type.registry] 
New type domain.Sesion

[2023-05-07 10:58:54 #7 type] 
Type domain.Sesion is not enhanced.

[2023-05-07 10:58:54 #8 type.registry] 
New type domain.Sala

[2023-05-07 10:58:54 #9 type] 
Type domain.Sala is not enhanced.

[2023-05-07 10:58:54 #10 type.registry] 
New type java.util.ArrayList<java.lang.Object>

[2023-05-07 10:58:54 #11 type.registry] 
New type java.util.ArrayList<java.lang.String>

[2023-05-07 10:58:54 #12 type.registry] 
New type java.util.ArrayList<domain.Actividad>

[2023-05-07 10:58:54 #13 type.registry] 
New type java.util.LinkedList<java.lang.Object>

[2023-05-07 10:58:54 #14 type.registry] 
New type java.util.LinkedList<domain.Usuario>

[2023-05-07 10:58:54 #15 type.registry] 
New type java.util.ArrayList<domain.Sesion>

------------------------------------------------------------------------------------------------------------------------

[2023-05-07 11:00:23 #1 store] 
Database 'C:\Users\jonetxe13\Desktop\universidad\IS\Bets21-master\src\main\resources\bets.temp' is opened by 1836@DESKTOP-490MKBR

[2023-05-07 11:00:24 #2 type.registry] 
New type domain.Usuario

[2023-05-07 11:00:24 #3 type] 
Type domain.Usuario is not enhanced.

[2023-05-07 11:00:24 #4 type.registry] 
New type domain.Actividad

[2023-05-07 11:00:24 #5 type] 
Type domain.Actividad is not enhanced.

[2023-05-07 11:00:24 #6 type.registry] 
New type domain.Sesion

[2023-05-07 11:00:24 #7 type] 
Type domain.Sesion is not enhanced.

[2023-05-07 11:00:24 #8 type.registry] 
New type domain.Sala

[2023-05-07 11:00:24 #9 type] 
Type domain.Sala is not enhanced.

[2023-05-07 11:00:24 #10 type.registry] 
New type java.util.ArrayList<java.lang.Object>

[2023-05-07 11:00:24 #11 type.registry] 
New type java.util.ArrayList<java.lang.String>

[2023-05-07 11:00:24 #12 type.registry] 
New type java.util.ArrayList<domain.Actividad>

[2023-05-07 11:00:24 #13 type.registry] 
New type java.util.LinkedList<java.lang.Object>

[2023-05-07 11:00:24 #14 type.registry] 
New type java.util.LinkedList<domain.Usuario>

[2023-05-07 11:00:24 #15 type.registry] 
New type java.util.ArrayList<domain.Sesion>

------------------------------------------------------------------------------------------------------------------------

[2023-05-07 11:03:18 #1 store] 
Database 'C:\Users\jonetxe13\Desktop\universidad\IS\Bets21-master\src\main\resources\bets.temp' is opened by 7520@DESKTOP-490MKBR

[2023-05-07 11:03:18 #2 type.registry] 
New type domain.Usuario

[2023-05-07 11:03:18 #3 type] 
Type domain.Usuario is not enhanced.

[2023-05-07 11:03:18 #4 type.registry] 
New type domain.Actividad

[2023-05-07 11:03:18 #5 type] 
Type domain.Actividad is not enhanced.

[2023-05-07 11:03:18 #6 type.registry] 
New type domain.Sesion

[2023-05-07 11:03:18 #7 type] 
Type domain.Sesion is not enhanced.

[2023-05-07 11:03:18 #8 type.registry] 
New type domain.Sala

[2023-05-07 11:03:18 #9 type] 
Type domain.Sala is not enhanced.

[2023-05-07 11:03:18 #10 type.registry] 
New type java.util.ArrayList<java.lang.Object>

[2023-05-07 11:03:18 #11 type.registry] 
New type java.util.ArrayList<java.lang.String>

[2023-05-07 11:03:18 #12 type.registry] 
New type java.util.ArrayList<domain.Actividad>

[2023-05-07 11:03:18 #13 type.registry] 
New type java.util.LinkedList<java.lang.Object>

[2023-05-07 11:03:18 #14 type.registry] 
New type java.util.LinkedList<domain.Usuario>

[2023-05-07 11:03:18 #15 type.registry] 
New type java.util.ArrayList<domain.Sesion>

------------------------------------------------------------------------------------------------------------------------

[2023-05-07 11:07:22 #1 store] 
Database 'C:\Users\jonetxe13\Desktop\universidad\IS\Bets21-master\src\main\resources\bets.temp' is opened by 13072@DESKTOP-490MKBR

[2023-05-07 11:07:22 #2 type.registry] 
New type domain.Usuario

[2023-05-07 11:07:22 #3 type] 
Type domain.Usuario is not enhanced.

[2023-05-07 11:07:22 #4 type.registry] 
New type domain.Actividad

[2023-05-07 11:07:22 #5 type] 
Type domain.Actividad is not enhanced.

[2023-05-07 11:07:22 #6 type.registry] 
New type domain.Sesion

[2023-05-07 11:07:22 #7 type] 
Type domain.Sesion is not enhanced.

[2023-05-07 11:07:22 #8 type.registry] 
New type domain.Sala

[2023-05-07 11:07:22 #9 type] 
Type domain.Sala is not enhanced.

[2023-05-07 11:07:22 #10 type.registry] 
New type java.util.ArrayList<java.lang.Object>

[2023-05-07 11:07:22 #11 type.registry] 
New type java.util.ArrayList<java.lang.String>

[2023-05-07 11:07:22 #12 type.registry] 
New type java.util.ArrayList<domain.Actividad>

[2023-05-07 11:07:22 #13 type.registry] 
New type java.util.LinkedList<java.lang.Object>

[2023-05-07 11:07:22 #14 type.registry] 
New type java.util.LinkedList<domain.Usuario>

[2023-05-07 11:07:22 #15 type.registry] 
New type java.util.ArrayList<domain.Sesion>

------------------------------------------------------------------------------------------------------------------------

[2023-05-07 11:08:44 #1 store] 
Database 'C:\Users\jonetxe13\Desktop\universidad\IS\Bets21-master\src\main\resources\bets.temp' is opened by 3020@DESKTOP-490MKBR

[2023-05-07 11:08:44 #2 type.registry] 
New type domain.Usuario

[2023-05-07 11:08:44 #3 type] 
Type domain.Usuario is not enhanced.

[2023-05-07 11:08:44 #4 type.registry] 
New type domain.Actividad

[2023-05-07 11:08:44 #5 type] 
Type domain.Actividad is not enhanced.

[2023-05-07 11:08:44 #6 type.registry] 
New type domain.Sesion

[2023-05-07 11:08:44 #7 type] 
Type domain.Sesion is not enhanced.

[2023-05-07 11:08:44 #8 type.registry] 
New type domain.Sala

[2023-05-07 11:08:44 #9 type] 
Type domain.Sala is not enhanced.

[2023-05-07 11:08:44 #10 type.registry] 
New type java.util.ArrayList<java.lang.Object>

[2023-05-07 11:08:44 #11 type.registry] 
New type java.util.ArrayList<java.lang.String>

[2023-05-07 11:08:44 #12 type.registry] 
New type java.util.ArrayList<domain.Actividad>

[2023-05-07 11:08:44 #13 type.registry] 
New type java.util.LinkedList<java.lang.Object>

[2023-05-07 11:08:44 #14 type.registry] 
New type java.util.LinkedList<domain.Usuario>

[2023-05-07 11:08:44 #15 type.registry] 
New type java.util.ArrayList<domain.Sesion>

------------------------------------------------------------------------------------------------------------------------

[2023-05-07 11:09:27 #1 store] 
Database 'C:\Users\jonetxe13\Desktop\universidad\IS\Bets21-master\src\main\resources\bets.temp' has been recovered (tr. 1-15)

[2023-05-07 11:09:27 #2 store] 
Database 'C:\Users\jonetxe13\Desktop\universidad\IS\Bets21-master\src\main\resources\bets.temp' is opened by 5052@DESKTOP-490MKBR

[2023-05-07 11:09:27 #3 type] 
Type domain.Usuario is not enhanced.

[2023-05-07 11:09:27 #4 type] 
Type domain.Actividad is not enhanced.

[2023-05-07 11:09:27 #5 type] 
Type domain.Sesion is not enhanced.

[2023-05-07 11:09:27 #6 type] 
Type domain.Sala is not enhanced.

------------------------------------------------------------------------------------------------------------------------

[2023-05-07 11:10:03 #1 store] 
Database 'C:\Users\jonetxe13\Desktop\universidad\IS\Bets21-master\src\main\resources\bets.temp' has been recovered (tr. 16-16)

[2023-05-07 11:10:04 #2 store] 
Database 'C:\Users\jonetxe13\Desktop\universidad\IS\Bets21-master\src\main\resources\bets.temp' is opened by 11908@DESKTOP-490MKBR

[2023-05-07 11:10:04 #3 type] 
Type domain.Usuario is not enhanced.

[2023-05-07 11:10:04 #4 type] 
Type domain.Actividad is not enhanced.

[2023-05-07 11:10:04 #5 type] 
Type domain.Sesion is not enhanced.

[2023-05-07 11:10:04 #6 type] 
Type domain.Sala is not enhanced.

------------------------------------------------------------------------------------------------------------------------

[2023-05-07 11:11:25 #1 store] 
Database 'C:\Users\jonetxe13\Desktop\universidad\IS\Bets21-master\src\main\resources\bets.temp' is opened by 3860@DESKTOP-490MKBR

[2023-05-07 11:11:25 #2 type.registry] 
New type domain.Usuario

[2023-05-07 11:11:25 #3 type] 
Type domain.Usuario is not enhanced.

[2023-05-07 11:11:25 #4 type.registry] 
New type domain.Actividad

[2023-05-07 11:11:25 #5 type] 
Type domain.Actividad is not enhanced.

[2023-05-07 11:11:25 #6 type.registry] 
New type domain.Sesion

[2023-05-07 11:11:25 #7 type] 
Type domain.Sesion is not enhanced.

[2023-05-07 11:11:25 #8 type.registry] 
New type domain.Sala

[2023-05-07 11:11:25 #9 type] 
Type domain.Sala is not enhanced.

[2023-05-07 11:11:25 #10 type.registry] 
New type java.util.ArrayList<java.lang.Object>

[2023-05-07 11:11:25 #11 type.registry] 
New type java.util.ArrayList<java.lang.String>

[2023-05-07 11:11:25 #12 type.registry] 
New type java.util.ArrayList<domain.Actividad>

[2023-05-07 11:11:25 #13 type.registry] 
New type java.util.LinkedList<java.lang.Object>

[2023-05-07 11:11:25 #14 type.registry] 
New type java.util.LinkedList<domain.Usuario>

[2023-05-07 11:11:25 #15 type.registry] 
New type java.util.ArrayList<domain.Sesion>

------------------------------------------------------------------------------------------------------------------------

[2023-05-07 11:22:18 #1 store] 
Database 'C:\Users\jonetxe13\Desktop\universidad\IS\Bets21-master\src\main\resources\bets.temp' is opened by 7740@DESKTOP-490MKBR

[2023-05-07 11:22:18 #2 type.registry] 
New type domain.Usuario

[2023-05-07 11:22:18 #3 type] 
Type domain.Usuario is not enhanced.

[2023-05-07 11:22:18 #4 type.registry] 
New type domain.Actividad

[2023-05-07 11:22:18 #5 type] 
Type domain.Actividad is not enhanced.

[2023-05-07 11:22:18 #6 type.registry] 
New type domain.Sesion

[2023-05-07 11:22:18 #7 type] 
Type domain.Sesion is not enhanced.

[2023-05-07 11:22:18 #8 type.registry] 
New type domain.Sala

[2023-05-07 11:22:18 #9 type] 
Type domain.Sala is not enhanced.

[2023-05-07 11:22:18 #10 type.registry] 
New type java.util.ArrayList<java.lang.Object>

[2023-05-07 11:22:18 #11 type.registry] 
New type java.util.ArrayList<java.lang.String>

[2023-05-07 11:22:18 #12 type.registry] 
New type java.util.ArrayList<domain.Actividad>

[2023-05-07 11:22:18 #13 type.registry] 
New type java.util.LinkedList<java.lang.Object>

[2023-05-07 11:22:18 #14 type.registry] 
New type java.util.LinkedList<domain.Usuario>

[2023-05-07 11:22:18 #15 type.registry] 
New type java.util.ArrayList<domain.Sesion>

------------------------------------------------------------------------------------------------------------------------

[2023-05-07 11:25:54 #1 store] 
Database 'C:\Users\jonetxe13\Desktop\universidad\IS\Bets21-master\src\main\resources\bets.temp' is opened by 8720@DESKTOP-490MKBR

[2023-05-07 11:25:54 #2 type.registry] 
New type domain.Usuario

[2023-05-07 11:25:54 #3 type] 
Type domain.Usuario is not enhanced.

[2023-05-07 11:25:54 #4 type.registry] 
New type domain.Actividad

[2023-05-07 11:25:54 #5 type] 
Type domain.Actividad is not enhanced.

[2023-05-07 11:25:54 #6 type.registry] 
New type domain.Sesion

[2023-05-07 11:25:54 #7 type] 
Type domain.Sesion is not enhanced.

[2023-05-07 11:25:54 #8 type.registry] 
New type domain.Sala

[2023-05-07 11:25:54 #9 type] 
Type domain.Sala is not enhanced.

[2023-05-07 11:25:54 #10 type.registry] 
New type java.util.ArrayList<java.lang.Object>

[2023-05-07 11:25:54 #11 type.registry] 
New type java.util.ArrayList<java.lang.String>

[2023-05-07 11:25:54 #12 type.registry] 
New type java.util.ArrayList<domain.Actividad>

[2023-05-07 11:25:54 #13 type.registry] 
New type java.util.LinkedList<java.lang.Object>

[2023-05-07 11:25:54 #14 type.registry] 
New type java.util.LinkedList<domain.Usuario>

[2023-05-07 11:25:54 #15 type.registry] 
New type java.util.ArrayList<domain.Sesion>

------------------------------------------------------------------------------------------------------------------------

[2023-05-07 11:27:20 #1 store] 
Database 'C:\Users\jonetxe13\Desktop\universidad\IS\Bets21-master\src\main\resources\bets.temp' is opened by 5880@DESKTOP-490MKBR

[2023-05-07 11:27:20 #2 type.registry] 
New type domain.Usuario

[2023-05-07 11:27:20 #3 type] 
Type domain.Usuario is not enhanced.

[2023-05-07 11:27:20 #4 type.registry] 
New type domain.Actividad

[2023-05-07 11:27:20 #5 type] 
Type domain.Actividad is not enhanced.

[2023-05-07 11:27:20 #6 type.registry] 
New type domain.Sesion

[2023-05-07 11:27:20 #7 type] 
Type domain.Sesion is not enhanced.

[2023-05-07 11:27:20 #8 type.registry] 
New type domain.Sala

[2023-05-07 11:27:20 #9 type] 
Type domain.Sala is not enhanced.

[2023-05-07 11:27:20 #10 type.registry] 
New type java.util.ArrayList<java.lang.Object>

[2023-05-07 11:27:20 #11 type.registry] 
New type java.util.ArrayList<java.lang.String>

[2023-05-07 11:27:20 #12 type.registry] 
New type java.util.ArrayList<domain.Actividad>

[2023-05-07 11:27:20 #13 type.registry] 
New type java.util.LinkedList<java.lang.Object>

[2023-05-07 11:27:20 #14 type.registry] 
New type java.util.LinkedList<domain.Usuario>

[2023-05-07 11:27:20 #15 type.registry] 
New type java.util.ArrayList<domain.Sesion>

------------------------------------------------------------------------------------------------------------------------

[2023-05-07 13:06:44 #1 store] 
Database 'C:\Users\jonetxe13\Desktop\universidad\IS\Bets21-master\src\main\resources\bets.temp' is opened by 3188@DESKTOP-490MKBR

[2023-05-07 13:06:44 #2 type.registry] 
New type domain.Usuario

[2023-05-07 13:06:44 #3 type.registry] 
New type domain.Encargado

[2023-05-07 13:06:44 #4 type] 
Type domain.Usuario is not enhanced.

[2023-05-07 13:06:44 #5 type] 
Type domain.Encargado is not enhanced.

[2023-05-07 13:06:44 #6 type.registry] 
New type domain.Actividad

[2023-05-07 13:06:44 #7 type] 
Type domain.Actividad is not enhanced.

[2023-05-07 13:06:44 #8 type.registry] 
New type domain.Sesion

[2023-05-07 13:06:44 #9 type] 
Type domain.Sesion is not enhanced.

[2023-05-07 13:06:44 #10 type.registry] 
New type domain.Sala

[2023-05-07 13:06:44 #11 type] 
Type domain.Sala is not enhanced.

[2023-05-07 13:06:44 #12 type.registry] 
New type java.util.ArrayList<java.lang.Object>

[2023-05-07 13:06:44 #13 type.registry] 
New type java.util.ArrayList<java.lang.String>

[2023-05-07 13:06:44 #14 type.registry] 
New type java.util.ArrayList<domain.Actividad>

[2023-05-07 13:06:44 #15 type.registry] 
New type java.util.LinkedList<java.lang.Object>

[2023-05-07 13:06:44 #16 type.registry] 
New type java.util.LinkedList<domain.Usuario>

[2023-05-07 13:06:44 #17 type.registry] 
New type java.util.ArrayList<domain.Sesion>

------------------------------------------------------------------------------------------------------------------------

[2023-05-07 13:10:13 #1 store] 
Database 'C:\Users\jonetxe13\Desktop\universidad\IS\Bets21-master\src\main\resources\bets.temp' is opened by 7768@DESKTOP-490MKBR

[2023-05-07 13:10:13 #2 type.registry] 
New type domain.Usuario

[2023-05-07 13:10:13 #3 type.registry] 
New type domain.Encargado

[2023-05-07 13:10:13 #4 type] 
Type domain.Usuario is not enhanced.

[2023-05-07 13:10:13 #5 type] 
Type domain.Encargado is not enhanced.

[2023-05-07 13:10:13 #6 type.registry] 
New type domain.Actividad

[2023-05-07 13:10:13 #7 type] 
Type domain.Actividad is not enhanced.

[2023-05-07 13:10:13 #8 type.registry] 
New type domain.Sesion

[2023-05-07 13:10:13 #9 type] 
Type domain.Sesion is not enhanced.

[2023-05-07 13:10:13 #10 type.registry] 
New type domain.Sala

[2023-05-07 13:10:13 #11 type] 
Type domain.Sala is not enhanced.

[2023-05-07 13:10:13 #12 type.registry] 
New type java.util.ArrayList<java.lang.Object>

[2023-05-07 13:10:13 #13 type.registry] 
New type java.util.ArrayList<java.lang.String>

[2023-05-07 13:10:13 #14 type.registry] 
New type java.util.ArrayList<domain.Actividad>

[2023-05-07 13:10:13 #15 type.registry] 
New type java.util.LinkedList<java.lang.Object>

[2023-05-07 13:10:13 #16 type.registry] 
New type java.util.LinkedList<domain.Usuario>

[2023-05-07 13:10:13 #17 type.registry] 
New type java.util.ArrayList<domain.Sesion>

------------------------------------------------------------------------------------------------------------------------

[2023-05-07 13:13:44 #1 store] 
Database 'C:\Users\jonetxe13\Desktop\universidad\IS\Bets21-master\src\main\resources\bets.temp' is opened by 8792@DESKTOP-490MKBR

[2023-05-07 13:13:44 #2 type.registry] 
New type domain.Usuario

[2023-05-07 13:13:44 #3 type.registry] 
New type domain.Encargado

[2023-05-07 13:13:44 #4 type] 
Type domain.Usuario is not enhanced.

[2023-05-07 13:13:44 #5 type] 
Type domain.Encargado is not enhanced.

[2023-05-07 13:13:44 #6 type.registry] 
New type domain.Actividad

[2023-05-07 13:13:44 #7 type] 
Type domain.Actividad is not enhanced.

[2023-05-07 13:13:44 #8 type.registry] 
New type domain.Sesion

[2023-05-07 13:13:44 #9 type] 
Type domain.Sesion is not enhanced.

[2023-05-07 13:13:44 #10 type.registry] 
New type domain.Sala

[2023-05-07 13:13:44 #11 type] 
Type domain.Sala is not enhanced.

[2023-05-07 13:13:44 #12 type.registry] 
New type java.util.ArrayList<java.lang.Object>

[2023-05-07 13:13:44 #13 type.registry] 
New type java.util.ArrayList<java.lang.String>

[2023-05-07 13:13:44 #14 type.registry] 
New type java.util.ArrayList<domain.Actividad>

[2023-05-07 13:13:44 #15 type.registry] 
New type java.util.LinkedList<java.lang.Object>

[2023-05-07 13:13:44 #16 type.registry] 
New type java.util.LinkedList<domain.Usuario>

[2023-05-07 13:13:44 #17 type.registry] 
New type java.util.ArrayList<domain.Sesion>

------------------------------------------------------------------------------------------------------------------------

[2023-05-07 13:15:35 #1 store] 
Database 'C:\Users\jonetxe13\Desktop\universidad\IS\Bets21-master\src\main\resources\bets.temp' is opened by 10508@DESKTOP-490MKBR

[2023-05-07 13:15:35 #2 type.registry] 
New type domain.Usuario

[2023-05-07 13:15:35 #3 type.registry] 
New type domain.Encargado

[2023-05-07 13:15:35 #4 type] 
Type domain.Usuario is not enhanced.

[2023-05-07 13:15:35 #5 type] 
Type domain.Encargado is not enhanced.

[2023-05-07 13:15:35 #6 type.registry] 
New type domain.Actividad

[2023-05-07 13:15:35 #7 type] 
Type domain.Actividad is not enhanced.

[2023-05-07 13:15:35 #8 type.registry] 
New type domain.Sesion

[2023-05-07 13:15:35 #9 type] 
Type domain.Sesion is not enhanced.

[2023-05-07 13:15:35 #10 type.registry] 
New type domain.Sala

[2023-05-07 13:15:35 #11 type] 
Type domain.Sala is not enhanced.

[2023-05-07 13:15:35 #12 type.registry] 
New type java.util.ArrayList<java.lang.Object>

[2023-05-07 13:15:35 #13 type.registry] 
New type java.util.ArrayList<java.lang.String>

[2023-05-07 13:15:35 #14 type.registry] 
New type java.util.ArrayList<domain.Actividad>

[2023-05-07 13:15:35 #15 type.registry] 
New type java.util.LinkedList<java.lang.Object>

[2023-05-07 13:15:35 #16 type.registry] 
New type java.util.LinkedList<domain.Usuario>

[2023-05-07 13:15:35 #17 type.registry] 
New type java.util.ArrayList<domain.Sesion>

------------------------------------------------------------------------------------------------------------------------

[2023-05-07 13:17:47 #1 store] 
Database 'C:\Users\jonetxe13\Desktop\universidad\IS\Bets21-master\src\main\resources\bets.temp' is opened by 8200@DESKTOP-490MKBR

[2023-05-07 13:17:47 #2 type.registry] 
New type domain.Usuario

[2023-05-07 13:17:47 #3 type.registry] 
New type domain.Encargado

[2023-05-07 13:17:47 #4 type] 
Type domain.Usuario is not enhanced.

[2023-05-07 13:17:47 #5 type] 
Type domain.Encargado is not enhanced.

[2023-05-07 13:17:47 #6 type.registry] 
New type domain.Actividad

[2023-05-07 13:17:47 #7 type] 
Type domain.Actividad is not enhanced.

[2023-05-07 13:17:47 #8 type.registry] 
New type domain.Sesion

[2023-05-07 13:17:47 #9 type] 
Type domain.Sesion is not enhanced.

[2023-05-07 13:17:47 #10 type.registry] 
New type domain.Sala

[2023-05-07 13:17:47 #11 type] 
Type domain.Sala is not enhanced.

[2023-05-07 13:17:47 #12 type.registry] 
New type java.util.ArrayList<java.lang.Object>

[2023-05-07 13:17:47 #13 type.registry] 
New type java.util.ArrayList<java.lang.String>

[2023-05-07 13:17:47 #14 type.registry] 
New type java.util.ArrayList<domain.Actividad>

[2023-05-07 13:17:47 #15 type.registry] 
New type java.util.LinkedList<java.lang.Object>

[2023-05-07 13:17:47 #16 type.registry] 
New type java.util.LinkedList<domain.Usuario>

[2023-05-07 13:17:47 #17 type.registry] 
New type java.util.ArrayList<domain.Sesion>

------------------------------------------------------------------------------------------------------------------------

[2023-05-07 13:19:59 #1 store] 
Database 'C:\Users\jonetxe13\Desktop\universidad\IS\Bets21-master\src\main\resources\bets.temp' is opened by 6336@DESKTOP-490MKBR

[2023-05-07 13:19:59 #2 type.registry] 
New type domain.Usuario

[2023-05-07 13:19:59 #3 type.registry] 
New type domain.Encargado

[2023-05-07 13:19:59 #4 type] 
Type domain.Usuario is not enhanced.

[2023-05-07 13:19:59 #5 type] 
Type domain.Encargado is not enhanced.

[2023-05-07 13:19:59 #6 type.registry] 
New type domain.Actividad

[2023-05-07 13:19:59 #7 type] 
Type domain.Actividad is not enhanced.

[2023-05-07 13:19:59 #8 type.registry] 
New type domain.Sesion

[2023-05-07 13:19:59 #9 type] 
Type domain.Sesion is not enhanced.

[2023-05-07 13:19:59 #10 type.registry] 
New type domain.Sala

[2023-05-07 13:19:59 #11 type] 
Type domain.Sala is not enhanced.

[2023-05-07 13:20:00 #12 type.registry] 
New type java.util.ArrayList<java.lang.Object>

[2023-05-07 13:20:00 #13 type.registry] 
New type java.util.ArrayList<java.lang.String>

[2023-05-07 13:20:00 #14 type.registry] 
New type java.util.ArrayList<domain.Actividad>

[2023-05-07 13:20:00 #15 type.registry] 
New type java.util.LinkedList<java.lang.Object>

[2023-05-07 13:20:00 #16 type.registry] 
New type java.util.LinkedList<domain.Usuario>

[2023-05-07 13:20:00 #17 type.registry] 
New type java.util.ArrayList<domain.Sesion>

------------------------------------------------------------------------------------------------------------------------

[2023-05-07 13:21:29 #1 store] 
Database 'C:\Users\jonetxe13\Desktop\universidad\IS\Bets21-master\src\main\resources\bets.temp' is opened by 6876@DESKTOP-490MKBR

[2023-05-07 13:21:29 #2 type.registry] 
New type domain.Usuario

[2023-05-07 13:21:29 #3 type.registry] 
New type domain.Encargado

[2023-05-07 13:21:29 #4 type] 
Type domain.Usuario is not enhanced.

[2023-05-07 13:21:29 #5 type] 
Type domain.Encargado is not enhanced.

[2023-05-07 13:21:29 #6 type.registry] 
New type domain.Actividad

[2023-05-07 13:21:29 #7 type] 
Type domain.Actividad is not enhanced.

[2023-05-07 13:21:29 #8 type.registry] 
New type domain.Sesion

[2023-05-07 13:21:29 #9 type] 
Type domain.Sesion is not enhanced.

[2023-05-07 13:21:29 #10 type.registry] 
New type domain.Sala

[2023-05-07 13:21:29 #11 type] 
Type domain.Sala is not enhanced.

[2023-05-07 13:21:29 #12 type.registry] 
New type java.util.ArrayList<java.lang.Object>

[2023-05-07 13:21:29 #13 type.registry] 
New type java.util.ArrayList<java.lang.String>

[2023-05-07 13:21:29 #14 type.registry] 
New type java.util.ArrayList<domain.Actividad>

[2023-05-07 13:21:29 #15 type.registry] 
New type java.util.LinkedList<java.lang.Object>

[2023-05-07 13:21:29 #16 type.registry] 
New type java.util.LinkedList<domain.Usuario>

[2023-05-07 13:21:29 #17 type.registry] 
New type java.util.ArrayList<domain.Sesion>

------------------------------------------------------------------------------------------------------------------------

[2023-05-07 13:27:09 #1 store] 
Database 'C:\Users\jonetxe13\Desktop\universidad\IS\Bets21-master\src\main\resources\bets.temp' is opened by 12712@DESKTOP-490MKBR

[2023-05-07 13:27:09 #2 type.registry] 
New type domain.Usuario

[2023-05-07 13:27:09 #3 type.registry] 
New type domain.Encargado

[2023-05-07 13:27:09 #4 type] 
Type domain.Usuario is not enhanced.

[2023-05-07 13:27:09 #5 type] 
Type domain.Encargado is not enhanced.

[2023-05-07 13:27:09 #6 type.registry] 
New type domain.Actividad

[2023-05-07 13:27:09 #7 type] 
Type domain.Actividad is not enhanced.

[2023-05-07 13:27:09 #8 type.registry] 
New type domain.Sesion

[2023-05-07 13:27:09 #9 type] 
Type domain.Sesion is not enhanced.

[2023-05-07 13:27:09 #10 type.registry] 
New type domain.Sala

[2023-05-07 13:27:09 #11 type] 
Type domain.Sala is not enhanced.

[2023-05-07 13:27:09 #12 type.registry] 
New type java.util.ArrayList<java.lang.Object>

[2023-05-07 13:27:09 #13 type.registry] 
New type java.util.ArrayList<java.lang.String>

[2023-05-07 13:27:09 #14 type.registry] 
New type java.util.ArrayList<domain.Actividad>

[2023-05-07 13:27:09 #15 type.registry] 
New type java.util.LinkedList<java.lang.Object>

[2023-05-07 13:27:09 #16 type.registry] 
New type java.util.LinkedList<domain.Usuario>

[2023-05-07 13:27:09 #17 type.registry] 
New type java.util.ArrayList<domain.Sesion>

------------------------------------------------------------------------------------------------------------------------

[2023-05-07 13:28:17 #1 store] 
Database 'C:\Users\jonetxe13\Desktop\universidad\IS\Bets21-master\src\main\resources\bets.temp' is opened by 7976@DESKTOP-490MKBR

[2023-05-07 13:28:17 #2 type.registry] 
New type domain.Usuario

[2023-05-07 13:28:17 #3 type.registry] 
New type domain.Encargado

[2023-05-07 13:28:17 #4 type] 
Type domain.Usuario is not enhanced.

[2023-05-07 13:28:17 #5 type] 
Type domain.Encargado is not enhanced.

[2023-05-07 13:28:17 #6 type.registry] 
New type domain.Actividad

[2023-05-07 13:28:17 #7 type] 
Type domain.Actividad is not enhanced.

[2023-05-07 13:28:17 #8 type.registry] 
New type domain.Sesion

[2023-05-07 13:28:17 #9 type] 
Type domain.Sesion is not enhanced.

[2023-05-07 13:28:17 #10 type.registry] 
New type domain.Sala

[2023-05-07 13:28:17 #11 type] 
Type domain.Sala is not enhanced.

[2023-05-07 13:28:17 #12 type.registry] 
New type java.util.ArrayList<java.lang.Object>

[2023-05-07 13:28:17 #13 type.registry] 
New type java.util.ArrayList<java.lang.String>

[2023-05-07 13:28:17 #14 type.registry] 
New type java.util.ArrayList<domain.Actividad>

[2023-05-07 13:28:17 #15 type.registry] 
New type java.util.LinkedList<java.lang.Object>

[2023-05-07 13:28:17 #16 type.registry] 
New type java.util.LinkedList<domain.Usuario>

[2023-05-07 13:28:17 #17 type.registry] 
New type java.util.ArrayList<domain.Sesion>

------------------------------------------------------------------------------------------------------------------------

[2023-05-07 13:28:50 #1 store] 
Database 'C:\Users\jonetxe13\Desktop\universidad\IS\Bets21-master\src\main\resources\bets.temp' is opened by 13260@DESKTOP-490MKBR

[2023-05-07 13:28:51 #2 type.registry] 
New type domain.Usuario

[2023-05-07 13:28:51 #3 type.registry] 
New type domain.Encargado

[2023-05-07 13:28:51 #4 type] 
Type domain.Usuario is not enhanced.

[2023-05-07 13:28:51 #5 type] 
Type domain.Encargado is not enhanced.

[2023-05-07 13:28:51 #6 type.registry] 
New type domain.Actividad

[2023-05-07 13:28:51 #7 type] 
Type domain.Actividad is not enhanced.

[2023-05-07 13:28:51 #8 type.registry] 
New type domain.Sesion

[2023-05-07 13:28:51 #9 type] 
Type domain.Sesion is not enhanced.

[2023-05-07 13:28:51 #10 type.registry] 
New type domain.Sala

[2023-05-07 13:28:51 #11 type] 
Type domain.Sala is not enhanced.

[2023-05-07 13:28:51 #12 type.registry] 
New type java.util.ArrayList<java.lang.Object>

[2023-05-07 13:28:51 #13 type.registry] 
New type java.util.ArrayList<java.lang.String>

[2023-05-07 13:28:51 #14 type.registry] 
New type java.util.ArrayList<domain.Actividad>

[2023-05-07 13:28:51 #15 type.registry] 
New type java.util.LinkedList<java.lang.Object>

[2023-05-07 13:28:51 #16 type.registry] 
New type java.util.LinkedList<domain.Usuario>

[2023-05-07 13:28:51 #17 type.registry] 
New type java.util.ArrayList<domain.Sesion>

------------------------------------------------------------------------------------------------------------------------

[2023-05-07 13:29:36 #1 store] 
Database 'C:\Users\jonetxe13\Desktop\universidad\IS\Bets21-master\src\main\resources\bets.temp' is opened by 10684@DESKTOP-490MKBR

[2023-05-07 13:29:37 #2 type.registry] 
New type domain.Usuario

[2023-05-07 13:29:37 #3 type.registry] 
New type domain.Encargado

[2023-05-07 13:29:37 #4 type] 
Type domain.Usuario is not enhanced.

[2023-05-07 13:29:37 #5 type] 
Type domain.Encargado is not enhanced.

[2023-05-07 13:29:37 #6 type.registry] 
New type domain.Actividad

[2023-05-07 13:29:37 #7 type] 
Type domain.Actividad is not enhanced.

[2023-05-07 13:29:37 #8 type.registry] 
New type domain.Sesion

[2023-05-07 13:29:37 #9 type] 
Type domain.Sesion is not enhanced.

[2023-05-07 13:29:37 #10 type.registry] 
New type domain.Sala

[2023-05-07 13:29:37 #11 type] 
Type domain.Sala is not enhanced.

[2023-05-07 13:29:37 #12 type.registry] 
New type java.util.ArrayList<java.lang.Object>

[2023-05-07 13:29:37 #13 type.registry] 
New type java.util.ArrayList<java.lang.String>

[2023-05-07 13:29:37 #14 type.registry] 
New type java.util.ArrayList<domain.Actividad>

[2023-05-07 13:29:37 #15 type.registry] 
New type java.util.LinkedList<java.lang.Object>

[2023-05-07 13:29:37 #16 type.registry] 
New type java.util.LinkedList<domain.Usuario>

[2023-05-07 13:29:37 #17 type.registry] 
New type java.util.ArrayList<domain.Sesion>

------------------------------------------------------------------------------------------------------------------------

[2023-05-07 13:35:56 #1 store] 
Database 'C:\Users\jonetxe13\Desktop\universidad\IS\Bets21-master\src\main\resources\bets.temp' is opened by 4532@DESKTOP-490MKBR

[2023-05-07 13:35:56 #2 type.registry] 
New type domain.Usuario

[2023-05-07 13:35:56 #3 type.registry] 
New type domain.Encargado

[2023-05-07 13:35:56 #4 type] 
Type domain.Usuario is not enhanced.

[2023-05-07 13:35:56 #5 type] 
Type domain.Encargado is not enhanced.

[2023-05-07 13:35:56 #6 type.registry] 
New type domain.Actividad

[2023-05-07 13:35:56 #7 type] 
Type domain.Actividad is not enhanced.

[2023-05-07 13:35:56 #8 type.registry] 
New type domain.Sesion

[2023-05-07 13:35:56 #9 type] 
Type domain.Sesion is not enhanced.

[2023-05-07 13:35:56 #10 type.registry] 
New type domain.Sala

[2023-05-07 13:35:56 #11 type] 
Type domain.Sala is not enhanced.

[2023-05-07 13:35:56 #12 type.registry] 
New type java.util.ArrayList<java.lang.Object>

[2023-05-07 13:35:56 #13 type.registry] 
New type java.util.ArrayList<java.lang.String>

[2023-05-07 13:35:56 #14 type.registry] 
New type java.util.ArrayList<domain.Actividad>

[2023-05-07 13:35:56 #15 type.registry] 
New type java.util.LinkedList<java.lang.Object>

[2023-05-07 13:35:56 #16 type.registry] 
New type java.util.LinkedList<domain.Usuario>

[2023-05-07 13:35:56 #17 type.registry] 
New type java.util.ArrayList<domain.Sesion>

------------------------------------------------------------------------------------------------------------------------

[2023-05-07 13:38:06 #1 store] 
Database 'C:\Users\jonetxe13\Desktop\universidad\IS\Bets21-master\src\main\resources\bets.temp' is opened by 6960@DESKTOP-490MKBR

[2023-05-07 13:38:06 #2 type.registry] 
New type domain.Usuario

[2023-05-07 13:38:06 #3 type.registry] 
New type domain.Encargado

[2023-05-07 13:38:06 #4 type] 
Type domain.Usuario is not enhanced.

[2023-05-07 13:38:06 #5 type] 
Type domain.Encargado is not enhanced.

[2023-05-07 13:38:06 #6 type.registry] 
New type domain.Actividad

[2023-05-07 13:38:06 #7 type] 
Type domain.Actividad is not enhanced.

[2023-05-07 13:38:06 #8 type.registry] 
New type domain.Sesion

[2023-05-07 13:38:06 #9 type] 
Type domain.Sesion is not enhanced.

[2023-05-07 13:38:06 #10 type.registry] 
New type domain.Sala

[2023-05-07 13:38:06 #11 type] 
Type domain.Sala is not enhanced.

[2023-05-07 13:38:06 #12 type.registry] 
New type java.util.ArrayList<java.lang.Object>

[2023-05-07 13:38:06 #13 type.registry] 
New type java.util.ArrayList<java.lang.String>

[2023-05-07 13:38:06 #14 type.registry] 
New type java.util.ArrayList<domain.Actividad>

[2023-05-07 13:38:06 #15 type.registry] 
New type java.util.LinkedList<java.lang.Object>

[2023-05-07 13:38:06 #16 type.registry] 
New type java.util.LinkedList<domain.Usuario>

[2023-05-07 13:38:06 #17 type.registry] 
New type java.util.ArrayList<domain.Sesion>

------------------------------------------------------------------------------------------------------------------------

[2023-05-07 13:39:39 #1 store] 
Database 'C:\Users\jonetxe13\Desktop\universidad\IS\Bets21-master\src\main\resources\bets.temp' is opened by 7580@DESKTOP-490MKBR

[2023-05-07 13:39:39 #2 type.registry] 
New type domain.Usuario

[2023-05-07 13:39:39 #3 type.registry] 
New type domain.Encargado

[2023-05-07 13:39:39 #4 type] 
Type domain.Usuario is not enhanced.

[2023-05-07 13:39:39 #5 type] 
Type domain.Encargado is not enhanced.

[2023-05-07 13:39:39 #6 type.registry] 
New type domain.Actividad

[2023-05-07 13:39:39 #7 type] 
Type domain.Actividad is not enhanced.

[2023-05-07 13:39:39 #8 type.registry] 
New type domain.Sesion

[2023-05-07 13:39:39 #9 type] 
Type domain.Sesion is not enhanced.

[2023-05-07 13:39:39 #10 type.registry] 
New type domain.Sala

[2023-05-07 13:39:39 #11 type] 
Type domain.Sala is not enhanced.

[2023-05-07 13:39:39 #12 type.registry] 
New type java.util.ArrayList<java.lang.Object>

[2023-05-07 13:39:39 #13 type.registry] 
New type java.util.ArrayList<java.lang.String>

[2023-05-07 13:39:39 #14 type.registry] 
New type java.util.ArrayList<domain.Actividad>

[2023-05-07 13:39:39 #15 type.registry] 
New type java.util.LinkedList<java.lang.Object>

[2023-05-07 13:39:39 #16 type.registry] 
New type java.util.LinkedList<domain.Usuario>

[2023-05-07 13:39:39 #17 type.registry] 
New type java.util.ArrayList<domain.Sesion>

------------------------------------------------------------------------------------------------------------------------

[2023-05-07 13:44:59 #1 store] 
Database 'C:\Users\jonetxe13\Desktop\universidad\IS\Bets21-master\src\main\resources\bets.temp' is opened by 7608@DESKTOP-490MKBR

[2023-05-07 13:44:59 #2 type.registry] 
New type domain.Usuario

[2023-05-07 13:44:59 #3 type.registry] 
New type domain.Encargado

[2023-05-07 13:44:59 #4 type] 
Type domain.Usuario is not enhanced.

[2023-05-07 13:44:59 #5 type] 
Type domain.Encargado is not enhanced.

[2023-05-07 13:44:59 #6 type.registry] 
New type domain.Actividad

[2023-05-07 13:44:59 #7 type] 
Type domain.Actividad is not enhanced.

[2023-05-07 13:44:59 #8 type.registry] 
New type domain.Sesion

[2023-05-07 13:44:59 #9 type] 
Type domain.Sesion is not enhanced.

[2023-05-07 13:44:59 #10 type.registry] 
New type domain.Sala

[2023-05-07 13:44:59 #11 type] 
Type domain.Sala is not enhanced.

[2023-05-07 13:44:59 #12 type.registry] 
New type java.util.ArrayList<java.lang.Object>

[2023-05-07 13:44:59 #13 type.registry] 
New type java.util.ArrayList<java.lang.String>

[2023-05-07 13:44:59 #14 type.registry] 
New type java.util.ArrayList<domain.Actividad>

[2023-05-07 13:44:59 #15 type.registry] 
New type java.util.LinkedList<java.lang.Object>

[2023-05-07 13:44:59 #16 type.registry] 
New type java.util.LinkedList<domain.Usuario>

[2023-05-07 13:44:59 #17 type.registry] 
New type java.util.ArrayList<domain.Sesion>

------------------------------------------------------------------------------------------------------------------------

[2023-05-07 13:49:56 #1 store] 
Database 'C:\Users\jonetxe13\Desktop\universidad\IS\Bets21-master\src\main\resources\bets.temp' is opened by 5992@DESKTOP-490MKBR

[2023-05-07 13:49:56 #2 type.registry] 
New type domain.Usuario

[2023-05-07 13:49:56 #3 type.registry] 
New type domain.Encargado

[2023-05-07 13:49:56 #4 type] 
Type domain.Usuario is not enhanced.

[2023-05-07 13:49:56 #5 type] 
Type domain.Encargado is not enhanced.

[2023-05-07 13:49:56 #6 type.registry] 
New type domain.Actividad

[2023-05-07 13:49:56 #7 type] 
Type domain.Actividad is not enhanced.

[2023-05-07 13:49:56 #8 type.registry] 
New type domain.Sesion

[2023-05-07 13:49:56 #9 type] 
Type domain.Sesion is not enhanced.

[2023-05-07 13:49:56 #10 type.registry] 
New type domain.Sala

[2023-05-07 13:49:56 #11 type] 
Type domain.Sala is not enhanced.

[2023-05-07 13:49:56 #12 type.registry] 
New type java.util.ArrayList<java.lang.Object>

[2023-05-07 13:49:56 #13 type.registry] 
New type java.util.ArrayList<java.lang.String>

[2023-05-07 13:49:56 #14 type.registry] 
New type java.util.ArrayList<domain.Actividad>

[2023-05-07 13:49:56 #15 type.registry] 
New type java.util.LinkedList<java.lang.Object>

[2023-05-07 13:49:56 #16 type.registry] 
New type java.util.LinkedList<domain.Usuario>

[2023-05-07 13:49:56 #17 type.registry] 
New type java.util.ArrayList<domain.Sesion>

------------------------------------------------------------------------------------------------------------------------

[2023-05-07 13:51:45 #1 store] 
Database 'C:\Users\jonetxe13\Desktop\universidad\IS\Bets21-master\src\main\resources\bets.temp' is opened by 2680@DESKTOP-490MKBR

[2023-05-07 13:51:46 #2 type.registry] 
New type domain.Usuario

[2023-05-07 13:51:46 #3 type.registry] 
New type domain.Encargado

[2023-05-07 13:51:46 #4 type] 
Type domain.Usuario is not enhanced.

[2023-05-07 13:51:46 #5 type] 
Type domain.Encargado is not enhanced.

[2023-05-07 13:51:46 #6 type.registry] 
New type domain.Actividad

[2023-05-07 13:51:46 #7 type] 
Type domain.Actividad is not enhanced.

[2023-05-07 13:51:46 #8 type.registry] 
New type domain.Sesion

[2023-05-07 13:51:46 #9 type] 
Type domain.Sesion is not enhanced.

[2023-05-07 13:51:46 #10 type.registry] 
New type domain.Sala

[2023-05-07 13:51:46 #11 type] 
Type domain.Sala is not enhanced.

[2023-05-07 13:51:46 #12 type.registry] 
New type java.util.ArrayList<java.lang.Object>

[2023-05-07 13:51:46 #13 type.registry] 
New type java.util.ArrayList<java.lang.String>

[2023-05-07 13:51:46 #14 type.registry] 
New type java.util.ArrayList<domain.Actividad>

[2023-05-07 13:51:46 #15 type.registry] 
New type java.util.LinkedList<java.lang.Object>

[2023-05-07 13:51:46 #16 type.registry] 
New type java.util.LinkedList<domain.Usuario>

[2023-05-07 13:51:46 #17 type.registry] 
New type java.util.ArrayList<domain.Sesion>

------------------------------------------------------------------------------------------------------------------------

[2023-05-07 13:52:33 #1 store] 
Database 'C:\Users\jonetxe13\Desktop\universidad\IS\Bets21-master\src\main\resources\bets.temp' is opened by 9396@DESKTOP-490MKBR

[2023-05-07 13:52:33 #2 type.registry] 
New type domain.Usuario

[2023-05-07 13:52:33 #3 type.registry] 
New type domain.Encargado

[2023-05-07 13:52:33 #4 type] 
Type domain.Usuario is not enhanced.

[2023-05-07 13:52:33 #5 type] 
Type domain.Encargado is not enhanced.

[2023-05-07 13:52:33 #6 type.registry] 
New type domain.Actividad

[2023-05-07 13:52:33 #7 type] 
Type domain.Actividad is not enhanced.

[2023-05-07 13:52:33 #8 type.registry] 
New type domain.Sesion

[2023-05-07 13:52:33 #9 type] 
Type domain.Sesion is not enhanced.

[2023-05-07 13:52:33 #10 type.registry] 
New type domain.Sala

[2023-05-07 13:52:33 #11 type] 
Type domain.Sala is not enhanced.

[2023-05-07 13:52:33 #12 type.registry] 
New type java.util.ArrayList<java.lang.Object>

[2023-05-07 13:52:33 #13 type.registry] 
New type java.util.ArrayList<java.lang.String>

[2023-05-07 13:52:33 #14 type.registry] 
New type java.util.ArrayList<domain.Actividad>

[2023-05-07 13:52:33 #15 type.registry] 
New type java.util.LinkedList<java.lang.Object>

[2023-05-07 13:52:33 #16 type.registry] 
New type java.util.LinkedList<domain.Usuario>

[2023-05-07 13:52:33 #17 type.registry] 
New type java.util.ArrayList<domain.Sesion>

