------------------------------------------------------------------------------------------------------------------------

[2023-05-13 09:43:01 #1 store] 
Database 'C:\Users\jonetxe13\Desktop\universidad\IS\Bets21-master\src\main\resources\bets.temp' is opened by 8876@DESKTOP-490MKBR

[2023-05-13 09:43:01 #2 type.registry] 
New type domain.Actividad

[2023-05-13 09:43:01 #3 type] 
Type domain.Actividad is not enhanced.

[2023-05-13 09:43:01 #4 type.registry] 
New type domain.Encargado

[2023-05-13 09:43:01 #5 type] 
Type domain.Encargado is not enhanced.

[2023-05-13 09:43:01 #6 type.registry] 
New type domain.Usuario

[2023-05-13 09:43:01 #7 type] 
Type domain.Usuario is not enhanced.

[2023-05-13 09:43:01 #8 type.registry] 
New type domain.Sesion

[2023-05-13 09:43:01 #9 type] 
Type domain.Sesion is not enhanced.

[2023-05-13 09:43:01 #10 type.registry] 
New type domain.Sala

[2023-05-13 09:43:01 #11 type] 
Type domain.Sala is not enhanced.

[2023-05-13 09:43:01 #12 type.registry] 
New type java.util.ArrayList<java.lang.Object>

[2023-05-13 09:43:01 #13 type.registry] 
New type java.util.ArrayList<java.lang.String>

[2023-05-13 09:43:01 #14 type.registry] 
New type java.util.LinkedList<java.lang.Object>

[2023-05-13 09:43:01 #15 type.registry] 
New type java.util.LinkedList<domain.Usuario>

[2023-05-13 09:43:01 #16 type.registry] 
New type java.util.ArrayList<domain.Sesion>

------------------------------------------------------------------------------------------------------------------------

[2023-05-13 09:43:51 #1 store] 
Database 'C:\Users\jonetxe13\Desktop\universidad\IS\Bets21-master\src\main\resources\bets.temp' is opened by 2440@DESKTOP-490MKBR

[2023-05-13 09:43:51 #2 type.registry] 
New type domain.Actividad

[2023-05-13 09:43:51 #3 type] 
Type domain.Actividad is not enhanced.

[2023-05-13 09:43:51 #4 type.registry] 
New type domain.Encargado

[2023-05-13 09:43:51 #5 type] 
Type domain.Encargado is not enhanced.

[2023-05-13 09:43:51 #6 type.registry] 
New type domain.Usuario

[2023-05-13 09:43:51 #7 type] 
Type domain.Usuario is not enhanced.

[2023-05-13 09:43:51 #8 type.registry] 
New type domain.Sesion

[2023-05-13 09:43:51 #9 type] 
Type domain.Sesion is not enhanced.

[2023-05-13 09:43:51 #10 type.registry] 
New type domain.Sala

[2023-05-13 09:43:51 #11 type] 
Type domain.Sala is not enhanced.

[2023-05-13 09:43:51 #12 type.registry] 
New type java.util.ArrayList<java.lang.Object>

[2023-05-13 09:43:51 #13 type.registry] 
New type java.util.ArrayList<java.lang.String>

[2023-05-13 09:43:51 #14 type.registry] 
New type java.util.LinkedList<java.lang.Object>

[2023-05-13 09:43:51 #15 type.registry] 
New type java.util.LinkedList<domain.Usuario>

[2023-05-13 09:43:51 #16 type.registry] 
New type java.util.ArrayList<domain.Sesion>

------------------------------------------------------------------------------------------------------------------------

[2023-05-13 09:46:34 #1 store] 
Database 'C:\Users\jonetxe13\Desktop\universidad\IS\Bets21-master\src\main\resources\bets.temp' is opened by 11788@DESKTOP-490MKBR

[2023-05-13 09:46:34 #2 type.registry] 
New type domain.Actividad

[2023-05-13 09:46:34 #3 type] 
Type domain.Actividad is not enhanced.

[2023-05-13 09:46:34 #4 type.registry] 
New type domain.Encargado

[2023-05-13 09:46:34 #5 type] 
Type domain.Encargado is not enhanced.

[2023-05-13 09:46:34 #6 type.registry] 
New type domain.Usuario

[2023-05-13 09:46:34 #7 type] 
Type domain.Usuario is not enhanced.

[2023-05-13 09:46:34 #8 type.registry] 
New type domain.Sesion

[2023-05-13 09:46:34 #9 type] 
Type domain.Sesion is not enhanced.

[2023-05-13 09:46:34 #10 type.registry] 
New type domain.Sala

[2023-05-13 09:46:34 #11 type] 
Type domain.Sala is not enhanced.

[2023-05-13 09:46:34 #12 type.registry] 
New type java.util.ArrayList<java.lang.Object>

[2023-05-13 09:46:34 #13 type.registry] 
New type java.util.ArrayList<java.lang.String>

[2023-05-13 09:46:34 #14 type.registry] 
New type java.util.LinkedList<java.lang.Object>

[2023-05-13 09:46:34 #15 type.registry] 
New type java.util.LinkedList<domain.Usuario>

[2023-05-13 09:46:34 #16 type.registry] 
New type java.util.ArrayList<domain.Sesion>

------------------------------------------------------------------------------------------------------------------------

[2023-05-13 09:47:57 #1 store] 
Database 'C:\Users\jonetxe13\Desktop\universidad\IS\Bets21-master\src\main\resources\bets.temp' is opened by 4944@DESKTOP-490MKBR

[2023-05-13 09:47:57 #2 type.registry] 
New type domain.Actividad

[2023-05-13 09:47:57 #3 type] 
Type domain.Actividad is not enhanced.

[2023-05-13 09:47:57 #4 type.registry] 
New type domain.Encargado

[2023-05-13 09:47:57 #5 type] 
Type domain.Encargado is not enhanced.

[2023-05-13 09:47:57 #6 type.registry] 
New type domain.Usuario

[2023-05-13 09:47:57 #7 type] 
Type domain.Usuario is not enhanced.

[2023-05-13 09:47:57 #8 type.registry] 
New type domain.Sesion

[2023-05-13 09:47:57 #9 type] 
Type domain.Sesion is not enhanced.

[2023-05-13 09:47:57 #10 type.registry] 
New type domain.Sala

[2023-05-13 09:47:57 #11 type] 
Type domain.Sala is not enhanced.

[2023-05-13 09:47:57 #12 type.registry] 
New type java.util.ArrayList<java.lang.Object>

[2023-05-13 09:47:57 #13 type.registry] 
New type java.util.ArrayList<java.lang.String>

[2023-05-13 09:47:57 #14 type.registry] 
New type java.util.LinkedList<java.lang.Object>

[2023-05-13 09:47:57 #15 type.registry] 
New type java.util.LinkedList<domain.Usuario>

[2023-05-13 09:47:57 #16 type.registry] 
New type java.util.ArrayList<domain.Sesion>

------------------------------------------------------------------------------------------------------------------------

[2023-05-13 09:50:21 #1 store] 
Database 'C:\Users\jonetxe13\Desktop\universidad\IS\Bets21-master\src\main\resources\bets.temp' is opened by 3628@DESKTOP-490MKBR

[2023-05-13 09:50:21 #2 type.registry] 
New type domain.Actividad

[2023-05-13 09:50:21 #3 type] 
Type domain.Actividad is not enhanced.

[2023-05-13 09:50:21 #4 type.registry] 
New type domain.Encargado

[2023-05-13 09:50:21 #5 type] 
Type domain.Encargado is not enhanced.

[2023-05-13 09:50:21 #6 type.registry] 
New type domain.Usuario

[2023-05-13 09:50:21 #7 type] 
Type domain.Usuario is not enhanced.

[2023-05-13 09:50:21 #8 type.registry] 
New type domain.Sesion

[2023-05-13 09:50:21 #9 type] 
Type domain.Sesion is not enhanced.

[2023-05-13 09:50:21 #10 type.registry] 
New type domain.Sala

[2023-05-13 09:50:21 #11 type] 
Type domain.Sala is not enhanced.

[2023-05-13 09:50:22 #12 type.registry] 
New type java.util.ArrayList<java.lang.Object>

[2023-05-13 09:50:22 #13 type.registry] 
New type java.util.ArrayList<java.lang.String>

[2023-05-13 09:50:22 #14 type.registry] 
New type java.util.LinkedList<java.lang.Object>

[2023-05-13 09:50:22 #15 type.registry] 
New type java.util.LinkedList<domain.Usuario>

[2023-05-13 09:50:22 #16 type.registry] 
New type java.util.ArrayList<domain.Sesion>

------------------------------------------------------------------------------------------------------------------------

[2023-05-13 09:59:10 #1 store] 
Database 'C:\Users\jonetxe13\Desktop\universidad\IS\Bets21-master\src\main\resources\bets.temp' is opened by 10492@DESKTOP-490MKBR

[2023-05-13 09:59:11 #2 type.registry] 
New type domain.Actividad

[2023-05-13 09:59:11 #3 type] 
Type domain.Actividad is not enhanced.

[2023-05-13 09:59:11 #4 type.registry] 
New type domain.Encargado

[2023-05-13 09:59:11 #5 type] 
Type domain.Encargado is not enhanced.

[2023-05-13 09:59:11 #6 type.registry] 
New type domain.Usuario

[2023-05-13 09:59:11 #7 type] 
Type domain.Usuario is not enhanced.

[2023-05-13 09:59:11 #8 type.registry] 
New type domain.Sesion

[2023-05-13 09:59:11 #9 type] 
Type domain.Sesion is not enhanced.

[2023-05-13 09:59:11 #10 type.registry] 
New type domain.Sala

[2023-05-13 09:59:11 #11 type] 
Type domain.Sala is not enhanced.

[2023-05-13 09:59:11 #12 type.registry] 
New type java.util.ArrayList<java.lang.Object>

[2023-05-13 09:59:11 #13 type.registry] 
New type java.util.ArrayList<java.lang.String>

[2023-05-13 09:59:11 #14 type.registry] 
New type java.util.LinkedList<java.lang.Object>

[2023-05-13 09:59:11 #15 type.registry] 
New type java.util.LinkedList<domain.Usuario>

[2023-05-13 09:59:11 #16 type.registry] 
New type java.util.ArrayList<domain.Sesion>

------------------------------------------------------------------------------------------------------------------------

[2023-05-13 10:02:22 #1 store] 
Database 'C:\Users\jonetxe13\Desktop\universidad\IS\Bets21-master\src\main\resources\bets.temp' is opened by 6116@DESKTOP-490MKBR

[2023-05-13 10:02:22 #2 type.registry] 
New type domain.Actividad

[2023-05-13 10:02:22 #3 type] 
Type domain.Actividad is not enhanced.

[2023-05-13 10:02:22 #4 type.registry] 
New type domain.Encargado

[2023-05-13 10:02:22 #5 type] 
Type domain.Encargado is not enhanced.

[2023-05-13 10:02:22 #6 type.registry] 
New type domain.Usuario

[2023-05-13 10:02:22 #7 type] 
Type domain.Usuario is not enhanced.

[2023-05-13 10:02:22 #8 type.registry] 
New type domain.Sesion

[2023-05-13 10:02:22 #9 type] 
Type domain.Sesion is not enhanced.

[2023-05-13 10:02:22 #10 type.registry] 
New type domain.Sala

[2023-05-13 10:02:22 #11 type] 
Type domain.Sala is not enhanced.

[2023-05-13 10:02:22 #12 type.registry] 
New type java.util.ArrayList<java.lang.Object>

[2023-05-13 10:02:22 #13 type.registry] 
New type java.util.ArrayList<java.lang.String>

[2023-05-13 10:02:22 #14 type.registry] 
New type java.util.LinkedList<java.lang.Object>

[2023-05-13 10:02:22 #15 type.registry] 
New type java.util.LinkedList<domain.Usuario>

[2023-05-13 10:02:22 #16 type.registry] 
New type java.util.ArrayList<domain.Sesion>

------------------------------------------------------------------------------------------------------------------------

[2023-05-13 10:02:55 #1 store] 
Database 'C:\Users\jonetxe13\Desktop\universidad\IS\Bets21-master\src\main\resources\bets.temp' is opened by 6952@DESKTOP-490MKBR

[2023-05-13 10:02:55 #2 type.registry] 
New type domain.Actividad

[2023-05-13 10:02:55 #3 type] 
Type domain.Actividad is not enhanced.

[2023-05-13 10:02:55 #4 type.registry] 
New type domain.Encargado

[2023-05-13 10:02:55 #5 type] 
Type domain.Encargado is not enhanced.

[2023-05-13 10:02:55 #6 type.registry] 
New type domain.Usuario

[2023-05-13 10:02:55 #7 type] 
Type domain.Usuario is not enhanced.

[2023-05-13 10:02:55 #8 type.registry] 
New type domain.Sesion

[2023-05-13 10:02:55 #9 type] 
Type domain.Sesion is not enhanced.

[2023-05-13 10:02:55 #10 type.registry] 
New type domain.Sala

[2023-05-13 10:02:55 #11 type] 
Type domain.Sala is not enhanced.

[2023-05-13 10:02:55 #12 type.registry] 
New type java.util.ArrayList<java.lang.Object>

[2023-05-13 10:02:55 #13 type.registry] 
New type java.util.ArrayList<java.lang.String>

[2023-05-13 10:02:55 #14 type.registry] 
New type java.util.LinkedList<java.lang.Object>

[2023-05-13 10:02:55 #15 type.registry] 
New type java.util.LinkedList<domain.Usuario>

[2023-05-13 10:02:55 #16 type.registry] 
New type java.util.ArrayList<domain.Sesion>

------------------------------------------------------------------------------------------------------------------------

[2023-05-13 10:04:15 #1 store] 
Database 'C:\Users\jonetxe13\Desktop\universidad\IS\Bets21-master\src\main\resources\bets.temp' is opened by 5644@DESKTOP-490MKBR

[2023-05-13 10:04:15 #2 type.registry] 
New type domain.Actividad

[2023-05-13 10:04:15 #3 type] 
Type domain.Actividad is not enhanced.

[2023-05-13 10:04:15 #4 type.registry] 
New type domain.Encargado

[2023-05-13 10:04:15 #5 type] 
Type domain.Encargado is not enhanced.

[2023-05-13 10:04:15 #6 type.registry] 
New type domain.Usuario

[2023-05-13 10:04:15 #7 type] 
Type domain.Usuario is not enhanced.

[2023-05-13 10:04:15 #8 type.registry] 
New type domain.Sesion

[2023-05-13 10:04:15 #9 type] 
Type domain.Sesion is not enhanced.

[2023-05-13 10:04:15 #10 type.registry] 
New type domain.Sala

[2023-05-13 10:04:15 #11 type] 
Type domain.Sala is not enhanced.

[2023-05-13 10:04:15 #12 type.registry] 
New type java.util.ArrayList<java.lang.Object>

[2023-05-13 10:04:15 #13 type.registry] 
New type java.util.ArrayList<java.lang.String>

[2023-05-13 10:04:15 #14 type.registry] 
New type java.util.LinkedList<java.lang.Object>

[2023-05-13 10:04:15 #15 type.registry] 
New type java.util.LinkedList<domain.Usuario>

[2023-05-13 10:04:15 #16 type.registry] 
New type java.util.ArrayList<domain.Sesion>

------------------------------------------------------------------------------------------------------------------------

[2023-05-13 10:05:32 #1 store] 
Database 'C:\Users\jonetxe13\Desktop\universidad\IS\Bets21-master\src\main\resources\bets.temp' is opened by 3052@DESKTOP-490MKBR

[2023-05-13 10:05:32 #2 type.registry] 
New type domain.Actividad

[2023-05-13 10:05:32 #3 type] 
Type domain.Actividad is not enhanced.

[2023-05-13 10:05:32 #4 type.registry] 
New type domain.Encargado

[2023-05-13 10:05:32 #5 type] 
Type domain.Encargado is not enhanced.

[2023-05-13 10:05:32 #6 type.registry] 
New type domain.Usuario

[2023-05-13 10:05:32 #7 type] 
Type domain.Usuario is not enhanced.

[2023-05-13 10:05:32 #8 type.registry] 
New type domain.Sesion

[2023-05-13 10:05:32 #9 type] 
Type domain.Sesion is not enhanced.

[2023-05-13 10:05:32 #10 type.registry] 
New type domain.Sala

[2023-05-13 10:05:32 #11 type] 
Type domain.Sala is not enhanced.

[2023-05-13 10:05:32 #12 type.registry] 
New type java.util.ArrayList<java.lang.Object>

[2023-05-13 10:05:32 #13 type.registry] 
New type java.util.ArrayList<java.lang.String>

[2023-05-13 10:05:32 #14 type.registry] 
New type java.util.LinkedList<java.lang.Object>

[2023-05-13 10:05:32 #15 type.registry] 
New type java.util.LinkedList<domain.Usuario>

[2023-05-13 10:05:32 #16 type.registry] 
New type java.util.ArrayList<domain.Sesion>

------------------------------------------------------------------------------------------------------------------------

[2023-05-13 10:15:06 #1 store] 
Database 'C:\Users\jonetxe13\Desktop\universidad\IS\Bets21-master\src\main\resources\bets.temp' is opened by 3820@DESKTOP-490MKBR

[2023-05-13 10:15:06 #2 type.registry] 
New type domain.Actividad

[2023-05-13 10:15:06 #3 type] 
Type domain.Actividad is not enhanced.

[2023-05-13 10:15:06 #4 type.registry] 
New type domain.Encargado

[2023-05-13 10:15:06 #5 type] 
Type domain.Encargado is not enhanced.

[2023-05-13 10:15:06 #6 type.registry] 
New type domain.Usuario

[2023-05-13 10:15:06 #7 type] 
Type domain.Usuario is not enhanced.

[2023-05-13 10:15:06 #8 type.registry] 
New type domain.Sesion

[2023-05-13 10:15:06 #9 type] 
Type domain.Sesion is not enhanced.

[2023-05-13 10:15:06 #10 type.registry] 
New type domain.Sala

[2023-05-13 10:15:06 #11 type] 
Type domain.Sala is not enhanced.

[2023-05-13 10:15:06 #12 type.registry] 
New type java.util.ArrayList<java.lang.Object>

[2023-05-13 10:15:06 #13 type.registry] 
New type java.util.ArrayList<java.lang.String>

[2023-05-13 10:15:06 #14 type.registry] 
New type java.util.LinkedList<java.lang.Object>

[2023-05-13 10:15:06 #15 type.registry] 
New type java.util.LinkedList<domain.Usuario>

[2023-05-13 10:15:06 #16 type.registry] 
New type java.util.ArrayList<domain.Sesion>

------------------------------------------------------------------------------------------------------------------------

[2023-05-13 10:17:19 #1 store] 
Database 'C:\Users\jonetxe13\Desktop\universidad\IS\Bets21-master\src\main\resources\bets.temp' is opened by 964@DESKTOP-490MKBR

[2023-05-13 10:17:19 #2 type.registry] 
New type domain.Actividad

[2023-05-13 10:17:19 #3 type] 
Type domain.Actividad is not enhanced.

[2023-05-13 10:17:19 #4 type.registry] 
New type domain.Encargado

[2023-05-13 10:17:19 #5 type] 
Type domain.Encargado is not enhanced.

[2023-05-13 10:17:19 #6 type.registry] 
New type domain.Usuario

[2023-05-13 10:17:19 #7 type] 
Type domain.Usuario is not enhanced.

[2023-05-13 10:17:19 #8 type.registry] 
New type domain.Sesion

[2023-05-13 10:17:19 #9 type] 
Type domain.Sesion is not enhanced.

[2023-05-13 10:17:19 #10 type.registry] 
New type domain.Sala

[2023-05-13 10:17:19 #11 type] 
Type domain.Sala is not enhanced.

[2023-05-13 10:17:19 #12 type.registry] 
New type java.util.ArrayList<java.lang.Object>

[2023-05-13 10:17:19 #13 type.registry] 
New type java.util.ArrayList<java.lang.String>

[2023-05-13 10:17:19 #14 type.registry] 
New type java.util.LinkedList<java.lang.Object>

[2023-05-13 10:17:19 #15 type.registry] 
New type java.util.LinkedList<domain.Usuario>

[2023-05-13 10:17:19 #16 type.registry] 
New type java.util.ArrayList<domain.Sesion>

------------------------------------------------------------------------------------------------------------------------

[2023-05-13 10:37:26 #1 store] 
Database 'C:\Users\jonetxe13\Desktop\universidad\IS\Bets21-master\src\main\resources\bets.temp' is opened by 3780@DESKTOP-490MKBR

[2023-05-13 10:37:26 #2 type.registry] 
New type domain.Actividad

[2023-05-13 10:37:26 #3 type] 
Type domain.Actividad is not enhanced.

[2023-05-13 10:37:26 #4 type.registry] 
New type domain.Encargado

[2023-05-13 10:37:26 #5 type] 
Type domain.Encargado is not enhanced.

[2023-05-13 10:37:26 #6 type.registry] 
New type domain.Usuario

[2023-05-13 10:37:26 #7 type] 
Type domain.Usuario is not enhanced.

[2023-05-13 10:37:26 #8 type.registry] 
New type domain.Sesion

[2023-05-13 10:37:26 #9 type] 
Type domain.Sesion is not enhanced.

[2023-05-13 10:37:26 #10 type.registry] 
New type domain.Sala

[2023-05-13 10:37:26 #11 type] 
Type domain.Sala is not enhanced.

[2023-05-13 10:37:26 #12 type.registry] 
New type java.util.ArrayList<java.lang.Object>

[2023-05-13 10:37:26 #13 type.registry] 
New type java.util.ArrayList<java.lang.String>

[2023-05-13 10:37:26 #14 type.registry] 
New type java.util.LinkedList<java.lang.Object>

[2023-05-13 10:37:26 #15 type.registry] 
New type java.util.LinkedList<domain.Usuario>

[2023-05-13 10:37:26 #16 type.registry] 
New type java.util.ArrayList<domain.Sesion>

------------------------------------------------------------------------------------------------------------------------

[2023-05-13 10:38:06 #1 store] 
Database 'C:\Users\jonetxe13\Desktop\universidad\IS\Bets21-master\src\main\resources\bets.temp' is opened by 1280@DESKTOP-490MKBR

[2023-05-13 10:38:06 #2 type.registry] 
New type domain.Actividad

[2023-05-13 10:38:06 #3 type] 
Type domain.Actividad is not enhanced.

[2023-05-13 10:38:06 #4 type.registry] 
New type domain.Encargado

[2023-05-13 10:38:06 #5 type] 
Type domain.Encargado is not enhanced.

[2023-05-13 10:38:06 #6 type.registry] 
New type domain.Usuario

[2023-05-13 10:38:06 #7 type] 
Type domain.Usuario is not enhanced.

[2023-05-13 10:38:06 #8 type.registry] 
New type domain.Sesion

[2023-05-13 10:38:06 #9 type] 
Type domain.Sesion is not enhanced.

[2023-05-13 10:38:06 #10 type.registry] 
New type domain.Sala

[2023-05-13 10:38:06 #11 type] 
Type domain.Sala is not enhanced.

[2023-05-13 10:38:07 #12 type.registry] 
New type java.util.ArrayList<java.lang.Object>

[2023-05-13 10:38:07 #13 type.registry] 
New type java.util.ArrayList<java.lang.String>

[2023-05-13 10:38:07 #14 type.registry] 
New type java.util.LinkedList<java.lang.Object>

[2023-05-13 10:38:07 #15 type.registry] 
New type java.util.LinkedList<domain.Usuario>

[2023-05-13 10:38:07 #16 type.registry] 
New type java.util.ArrayList<domain.Sesion>

------------------------------------------------------------------------------------------------------------------------

[2023-05-13 10:41:57 #1 store] 
Database 'C:\Users\jonetxe13\Desktop\universidad\IS\Bets21-master\src\main\resources\bets.temp' is opened by 8816@DESKTOP-490MKBR

[2023-05-13 10:41:57 #2 type.registry] 
New type domain.Actividad

[2023-05-13 10:41:57 #3 type] 
Type domain.Actividad is not enhanced.

[2023-05-13 10:41:57 #4 type.registry] 
New type domain.Encargado

[2023-05-13 10:41:57 #5 type] 
Type domain.Encargado is not enhanced.

[2023-05-13 10:41:57 #6 type.registry] 
New type domain.Usuario

[2023-05-13 10:41:57 #7 type] 
Type domain.Usuario is not enhanced.

[2023-05-13 10:41:57 #8 type.registry] 
New type domain.Sesion

[2023-05-13 10:41:57 #9 type] 
Type domain.Sesion is not enhanced.

[2023-05-13 10:41:57 #10 type.registry] 
New type domain.Sala

[2023-05-13 10:41:57 #11 type] 
Type domain.Sala is not enhanced.

[2023-05-13 10:41:57 #12 type.registry] 
New type java.util.ArrayList<java.lang.Object>

[2023-05-13 10:41:57 #13 type.registry] 
New type java.util.ArrayList<java.lang.String>

[2023-05-13 10:41:57 #14 type.registry] 
New type java.util.LinkedList<java.lang.Object>

[2023-05-13 10:41:57 #15 type.registry] 
New type java.util.LinkedList<domain.Usuario>

[2023-05-13 10:41:57 #16 type.registry] 
New type java.util.ArrayList<domain.Sesion>

------------------------------------------------------------------------------------------------------------------------

[2023-05-13 10:51:44 #1 store] 
Database 'C:\Users\jonetxe13\Desktop\universidad\IS\Bets21-master\src\main\resources\bets.temp' is opened by 5828@DESKTOP-490MKBR

[2023-05-13 10:51:44 #2 type.registry] 
New type domain.Actividad

[2023-05-13 10:51:44 #3 type] 
Type domain.Actividad is not enhanced.

[2023-05-13 10:51:44 #4 type.registry] 
New type domain.Encargado

[2023-05-13 10:51:44 #5 type] 
Type domain.Encargado is not enhanced.

[2023-05-13 10:51:44 #6 type.registry] 
New type domain.Usuario

[2023-05-13 10:51:44 #7 type] 
Type domain.Usuario is not enhanced.

[2023-05-13 10:51:44 #8 type.registry] 
New type domain.Sesion

[2023-05-13 10:51:44 #9 type] 
Type domain.Sesion is not enhanced.

[2023-05-13 10:51:44 #10 type.registry] 
New type domain.Sala

[2023-05-13 10:51:44 #11 type] 
Type domain.Sala is not enhanced.

[2023-05-13 10:51:44 #12 type.registry] 
New type java.util.ArrayList<java.lang.Object>

[2023-05-13 10:51:44 #13 type.registry] 
New type java.util.ArrayList<java.lang.String>

[2023-05-13 10:51:44 #14 type.registry] 
New type java.util.LinkedList<java.lang.Object>

[2023-05-13 10:51:44 #15 type.registry] 
New type java.util.LinkedList<domain.Usuario>

[2023-05-13 10:51:44 #16 type.registry] 
New type java.util.ArrayList<domain.Sesion>

------------------------------------------------------------------------------------------------------------------------

[2023-05-13 10:53:15 #1 store] 
Database 'C:\Users\jonetxe13\Desktop\universidad\IS\Bets21-master\src\main\resources\bets.temp' is opened by 5816@DESKTOP-490MKBR

[2023-05-13 10:53:15 #2 type.registry] 
New type domain.Actividad

[2023-05-13 10:53:15 #3 type] 
Type domain.Actividad is not enhanced.

[2023-05-13 10:53:15 #4 type.registry] 
New type domain.Encargado

[2023-05-13 10:53:15 #5 type] 
Type domain.Encargado is not enhanced.

[2023-05-13 10:53:15 #6 type.registry] 
New type domain.Usuario

[2023-05-13 10:53:15 #7 type] 
Type domain.Usuario is not enhanced.

[2023-05-13 10:53:15 #8 type.registry] 
New type domain.Sesion

[2023-05-13 10:53:15 #9 type] 
Type domain.Sesion is not enhanced.

[2023-05-13 10:53:15 #10 type.registry] 
New type domain.Sala

[2023-05-13 10:53:15 #11 type] 
Type domain.Sala is not enhanced.

[2023-05-13 10:53:15 #12 type.registry] 
New type java.util.ArrayList<java.lang.Object>

[2023-05-13 10:53:15 #13 type.registry] 
New type java.util.ArrayList<java.lang.String>

[2023-05-13 10:53:15 #14 type.registry] 
New type java.util.LinkedList<java.lang.Object>

[2023-05-13 10:53:15 #15 type.registry] 
New type java.util.LinkedList<domain.Usuario>

[2023-05-13 10:53:15 #16 type.registry] 
New type java.util.ArrayList<domain.Sesion>

------------------------------------------------------------------------------------------------------------------------

[2023-05-13 10:56:56 #1 store] 
Database 'C:\Users\jonetxe13\Desktop\universidad\IS\Bets21-master\src\main\resources\bets.temp' is opened by 9320@DESKTOP-490MKBR

[2023-05-13 10:56:56 #2 type.registry] 
New type domain.Actividad

[2023-05-13 10:56:56 #3 type] 
Type domain.Actividad is not enhanced.

[2023-05-13 10:56:56 #4 type.registry] 
New type domain.Encargado

[2023-05-13 10:56:56 #5 type] 
Type domain.Encargado is not enhanced.

[2023-05-13 10:56:56 #6 type.registry] 
New type domain.Usuario

[2023-05-13 10:56:56 #7 type] 
Type domain.Usuario is not enhanced.

------------------------------------------------------------------------------------------------------------------------

[2023-05-13 10:58:05 #1 store] 
Database 'C:\Users\jonetxe13\Desktop\universidad\IS\Bets21-master\src\main\resources\bets.temp' is opened by 6364@DESKTOP-490MKBR

[2023-05-13 10:58:05 #2 type.registry] 
New type domain.Actividad

[2023-05-13 10:58:05 #3 type] 
Type domain.Actividad is not enhanced.

[2023-05-13 10:58:05 #4 type.registry] 
New type domain.Encargado

[2023-05-13 10:58:05 #5 type] 
Type domain.Encargado is not enhanced.

[2023-05-13 10:58:05 #6 type.registry] 
New type domain.Usuario

[2023-05-13 10:58:05 #7 type] 
Type domain.Usuario is not enhanced.

[2023-05-13 10:58:05 #8 type.registry] 
New type domain.Sesion

[2023-05-13 10:58:05 #9 type] 
Type domain.Sesion is not enhanced.

[2023-05-13 10:58:05 #10 type.registry] 
New type domain.Sala

[2023-05-13 10:58:05 #11 type] 
Type domain.Sala is not enhanced.

[2023-05-13 10:58:05 #12 type.registry] 
New type java.util.ArrayList<java.lang.Object>

[2023-05-13 10:58:05 #13 type.registry] 
New type java.util.ArrayList<java.lang.String>

[2023-05-13 10:58:05 #14 type.registry] 
New type java.util.LinkedList<java.lang.Object>

[2023-05-13 10:58:05 #15 type.registry] 
New type java.util.LinkedList<domain.Usuario>

[2023-05-13 10:58:05 #16 type.registry] 
New type java.util.ArrayList<domain.Sesion>

------------------------------------------------------------------------------------------------------------------------

[2023-05-13 11:00:56 #1 store] 
Database 'C:\Users\jonetxe13\Desktop\universidad\IS\Bets21-master\src\main\resources\bets.temp' is opened by 2976@DESKTOP-490MKBR

[2023-05-13 11:00:56 #2 type.registry] 
New type domain.Actividad

[2023-05-13 11:00:56 #3 type] 
Type domain.Actividad is not enhanced.

[2023-05-13 11:00:56 #4 type.registry] 
New type domain.Encargado

[2023-05-13 11:00:56 #5 type] 
Type domain.Encargado is not enhanced.

[2023-05-13 11:00:56 #6 type.registry] 
New type domain.Usuario

[2023-05-13 11:00:56 #7 type] 
Type domain.Usuario is not enhanced.

[2023-05-13 11:00:56 #8 type.registry] 
New type domain.Sesion

[2023-05-13 11:00:56 #9 type] 
Type domain.Sesion is not enhanced.

[2023-05-13 11:00:56 #10 type.registry] 
New type domain.Sala

[2023-05-13 11:00:56 #11 type] 
Type domain.Sala is not enhanced.

[2023-05-13 11:00:56 #12 type.registry] 
New type java.util.ArrayList<java.lang.Object>

[2023-05-13 11:00:56 #13 type.registry] 
New type java.util.ArrayList<java.lang.String>

[2023-05-13 11:00:56 #14 type.registry] 
New type java.util.LinkedList<java.lang.Object>

[2023-05-13 11:00:56 #15 type.registry] 
New type java.util.LinkedList<domain.Usuario>

[2023-05-13 11:00:56 #16 type.registry] 
New type java.util.ArrayList<domain.Sesion>

------------------------------------------------------------------------------------------------------------------------

[2023-05-13 11:03:13 #1 store] 
Database 'C:\Users\jonetxe13\Desktop\universidad\IS\Bets21-master\src\main\resources\bets.temp' is opened by 12984@DESKTOP-490MKBR

[2023-05-13 11:03:13 #2 type.registry] 
New type domain.Actividad

[2023-05-13 11:03:13 #3 type] 
Type domain.Actividad is not enhanced.

[2023-05-13 11:03:13 #4 type.registry] 
New type domain.Encargado

[2023-05-13 11:03:13 #5 type] 
Type domain.Encargado is not enhanced.

[2023-05-13 11:03:13 #6 type.registry] 
New type domain.Usuario

[2023-05-13 11:03:13 #7 type] 
Type domain.Usuario is not enhanced.

[2023-05-13 11:03:13 #8 type.registry] 
New type domain.Sesion

[2023-05-13 11:03:13 #9 type] 
Type domain.Sesion is not enhanced.

[2023-05-13 11:03:13 #10 type.registry] 
New type domain.Sala

[2023-05-13 11:03:13 #11 type] 
Type domain.Sala is not enhanced.

[2023-05-13 11:03:13 #12 type.registry] 
New type java.util.ArrayList<java.lang.Object>

[2023-05-13 11:03:13 #13 type.registry] 
New type java.util.ArrayList<java.lang.String>

[2023-05-13 11:03:13 #14 type.registry] 
New type java.util.LinkedList<java.lang.Object>

[2023-05-13 11:03:13 #15 type.registry] 
New type java.util.LinkedList<domain.Usuario>

[2023-05-13 11:03:13 #16 type.registry] 
New type java.util.ArrayList<domain.Sesion>

------------------------------------------------------------------------------------------------------------------------

[2023-05-13 11:05:41 #1 store] 
Database 'C:\Users\jonetxe13\Desktop\universidad\IS\Bets21-master\src\main\resources\bets.temp' is opened by 11196@DESKTOP-490MKBR

[2023-05-13 11:05:41 #2 type.registry] 
New type domain.Actividad

[2023-05-13 11:05:41 #3 type] 
Type domain.Actividad is not enhanced.

[2023-05-13 11:05:41 #4 type.registry] 
New type domain.Encargado

[2023-05-13 11:05:41 #5 type] 
Type domain.Encargado is not enhanced.

[2023-05-13 11:05:41 #6 type.registry] 
New type domain.Usuario

[2023-05-13 11:05:41 #7 type] 
Type domain.Usuario is not enhanced.

[2023-05-13 11:05:41 #8 type.registry] 
New type domain.Sesion

[2023-05-13 11:05:41 #9 type] 
Type domain.Sesion is not enhanced.

[2023-05-13 11:05:41 #10 type.registry] 
New type domain.Sala

[2023-05-13 11:05:41 #11 type] 
Type domain.Sala is not enhanced.

[2023-05-13 11:05:41 #12 type.registry] 
New type java.util.ArrayList<java.lang.Object>

[2023-05-13 11:05:41 #13 type.registry] 
New type java.util.ArrayList<java.lang.String>

[2023-05-13 11:05:41 #14 type.registry] 
New type java.util.LinkedList<java.lang.Object>

[2023-05-13 11:05:41 #15 type.registry] 
New type java.util.LinkedList<domain.Usuario>

[2023-05-13 11:05:41 #16 type.registry] 
New type java.util.ArrayList<domain.Sesion>

------------------------------------------------------------------------------------------------------------------------

[2023-05-13 11:07:27 #1 store] 
Database 'C:\Users\jonetxe13\Desktop\universidad\IS\Bets21-master\src\main\resources\bets.temp' is opened by 6756@DESKTOP-490MKBR

[2023-05-13 11:07:27 #2 type.registry] 
New type domain.Actividad

[2023-05-13 11:07:27 #3 type] 
Type domain.Actividad is not enhanced.

[2023-05-13 11:07:27 #4 type.registry] 
New type domain.Encargado

[2023-05-13 11:07:27 #5 type] 
Type domain.Encargado is not enhanced.

[2023-05-13 11:07:27 #6 type.registry] 
New type domain.Usuario

[2023-05-13 11:07:27 #7 type] 
Type domain.Usuario is not enhanced.

[2023-05-13 11:07:27 #8 type.registry] 
New type domain.Sesion

[2023-05-13 11:07:27 #9 type] 
Type domain.Sesion is not enhanced.

[2023-05-13 11:07:27 #10 type.registry] 
New type domain.Sala

[2023-05-13 11:07:27 #11 type] 
Type domain.Sala is not enhanced.

[2023-05-13 11:07:27 #12 type.registry] 
New type java.util.ArrayList<java.lang.Object>

[2023-05-13 11:07:27 #13 type.registry] 
New type java.util.ArrayList<java.lang.String>

[2023-05-13 11:07:27 #14 type.registry] 
New type java.util.LinkedList<java.lang.Object>

[2023-05-13 11:07:27 #15 type.registry] 
New type java.util.LinkedList<domain.Usuario>

[2023-05-13 11:07:27 #16 type.registry] 
New type java.util.ArrayList<domain.Sesion>

------------------------------------------------------------------------------------------------------------------------

[2023-05-13 11:08:32 #1 store] 
Database 'C:\Users\jonetxe13\Desktop\universidad\IS\Bets21-master\src\main\resources\bets.temp' is opened by 7232@DESKTOP-490MKBR

[2023-05-13 11:08:33 #2 type.registry] 
New type domain.Actividad

[2023-05-13 11:08:33 #3 type] 
Type domain.Actividad is not enhanced.

[2023-05-13 11:08:33 #4 type.registry] 
New type domain.Encargado

[2023-05-13 11:08:33 #5 type] 
Type domain.Encargado is not enhanced.

[2023-05-13 11:08:33 #6 type.registry] 
New type domain.Usuario

[2023-05-13 11:08:33 #7 type] 
Type domain.Usuario is not enhanced.

[2023-05-13 11:08:33 #8 type.registry] 
New type domain.Sesion

[2023-05-13 11:08:33 #9 type] 
Type domain.Sesion is not enhanced.

[2023-05-13 11:08:33 #10 type.registry] 
New type domain.Sala

[2023-05-13 11:08:33 #11 type] 
Type domain.Sala is not enhanced.

[2023-05-13 11:08:33 #12 type.registry] 
New type java.util.ArrayList<java.lang.Object>

[2023-05-13 11:08:33 #13 type.registry] 
New type java.util.ArrayList<java.lang.String>

[2023-05-13 11:08:33 #14 type.registry] 
New type java.util.LinkedList<java.lang.Object>

[2023-05-13 11:08:33 #15 type.registry] 
New type java.util.LinkedList<domain.Usuario>

[2023-05-13 11:08:33 #16 type.registry] 
New type java.util.ArrayList<domain.Sesion>

------------------------------------------------------------------------------------------------------------------------

[2023-05-13 11:09:16 #1 store] 
Database 'C:\Users\jonetxe13\Desktop\universidad\IS\Bets21-master\src\main\resources\bets.temp' is opened by 3392@DESKTOP-490MKBR

[2023-05-13 11:09:16 #2 type.registry] 
New type domain.Actividad

[2023-05-13 11:09:16 #3 type] 
Type domain.Actividad is not enhanced.

[2023-05-13 11:09:16 #4 type.registry] 
New type domain.Encargado

[2023-05-13 11:09:16 #5 type] 
Type domain.Encargado is not enhanced.

[2023-05-13 11:09:16 #6 type.registry] 
New type domain.Usuario

[2023-05-13 11:09:16 #7 type] 
Type domain.Usuario is not enhanced.

[2023-05-13 11:09:16 #8 type.registry] 
New type domain.Sesion

[2023-05-13 11:09:16 #9 type] 
Type domain.Sesion is not enhanced.

[2023-05-13 11:09:16 #10 type.registry] 
New type domain.Sala

[2023-05-13 11:09:16 #11 type] 
Type domain.Sala is not enhanced.

[2023-05-13 11:09:16 #12 type.registry] 
New type java.util.ArrayList<java.lang.Object>

[2023-05-13 11:09:16 #13 type.registry] 
New type java.util.ArrayList<java.lang.String>

[2023-05-13 11:09:16 #14 type.registry] 
New type java.util.LinkedList<java.lang.Object>

[2023-05-13 11:09:16 #15 type.registry] 
New type java.util.LinkedList<domain.Usuario>

[2023-05-13 11:09:16 #16 type.registry] 
New type java.util.ArrayList<domain.Sesion>

------------------------------------------------------------------------------------------------------------------------

[2023-05-13 11:10:11 #1 store] 
Database 'C:\Users\jonetxe13\Desktop\universidad\IS\Bets21-master\src\main\resources\bets.temp' is opened by 4784@DESKTOP-490MKBR

[2023-05-13 11:10:11 #2 type.registry] 
New type domain.Actividad

[2023-05-13 11:10:11 #3 type] 
Type domain.Actividad is not enhanced.

[2023-05-13 11:10:11 #4 type.registry] 
New type domain.Encargado

[2023-05-13 11:10:11 #5 type] 
Type domain.Encargado is not enhanced.

[2023-05-13 11:10:11 #6 type.registry] 
New type domain.Usuario

[2023-05-13 11:10:11 #7 type] 
Type domain.Usuario is not enhanced.

[2023-05-13 11:10:11 #8 type.registry] 
New type domain.Sesion

[2023-05-13 11:10:11 #9 type] 
Type domain.Sesion is not enhanced.

[2023-05-13 11:10:11 #10 type.registry] 
New type domain.Sala

[2023-05-13 11:10:11 #11 type] 
Type domain.Sala is not enhanced.

[2023-05-13 11:10:11 #12 type.registry] 
New type java.util.ArrayList<java.lang.Object>

[2023-05-13 11:10:11 #13 type.registry] 
New type java.util.ArrayList<java.lang.String>

[2023-05-13 11:10:11 #14 type.registry] 
New type java.util.LinkedList<java.lang.Object>

[2023-05-13 11:10:11 #15 type.registry] 
New type java.util.LinkedList<domain.Usuario>

[2023-05-13 11:10:11 #16 type.registry] 
New type java.util.ArrayList<domain.Sesion>

------------------------------------------------------------------------------------------------------------------------

[2023-05-13 11:13:05 #1 store] 
Database 'C:\Users\jonetxe13\Desktop\universidad\IS\Bets21-master\src\main\resources\bets.temp' is opened by 4620@DESKTOP-490MKBR

[2023-05-13 11:13:05 #2 type.registry] 
New type domain.Actividad

[2023-05-13 11:13:05 #3 type] 
Type domain.Actividad is not enhanced.

[2023-05-13 11:13:05 #4 type.registry] 
New type domain.Encargado

[2023-05-13 11:13:05 #5 type] 
Type domain.Encargado is not enhanced.

[2023-05-13 11:13:05 #6 type.registry] 
New type domain.Usuario

[2023-05-13 11:13:05 #7 type] 
Type domain.Usuario is not enhanced.

[2023-05-13 11:13:05 #8 type.registry] 
New type domain.Sesion

[2023-05-13 11:13:05 #9 type] 
Type domain.Sesion is not enhanced.

[2023-05-13 11:13:05 #10 type.registry] 
New type domain.Sala

[2023-05-13 11:13:05 #11 type] 
Type domain.Sala is not enhanced.

[2023-05-13 11:13:05 #12 type.registry] 
New type java.util.ArrayList<java.lang.Object>

[2023-05-13 11:13:05 #13 type.registry] 
New type java.util.ArrayList<java.lang.String>

[2023-05-13 11:13:05 #14 type.registry] 
New type java.util.LinkedList<java.lang.Object>

[2023-05-13 11:13:05 #15 type.registry] 
New type java.util.LinkedList<domain.Usuario>

[2023-05-13 11:13:05 #16 type.registry] 
New type java.util.ArrayList<domain.Sesion>

------------------------------------------------------------------------------------------------------------------------

[2023-05-13 11:14:54 #1 store] 
Database 'C:\Users\jonetxe13\Desktop\universidad\IS\Bets21-master\src\main\resources\bets.temp' is opened by 3956@DESKTOP-490MKBR

[2023-05-13 11:14:54 #2 type.registry] 
New type domain.Actividad

[2023-05-13 11:14:54 #3 type] 
Type domain.Actividad is not enhanced.

[2023-05-13 11:14:54 #4 type.registry] 
New type domain.Encargado

[2023-05-13 11:14:54 #5 type] 
Type domain.Encargado is not enhanced.

[2023-05-13 11:14:54 #6 type.registry] 
New type domain.Usuario

[2023-05-13 11:14:54 #7 type] 
Type domain.Usuario is not enhanced.

[2023-05-13 11:14:54 #8 type.registry] 
New type domain.Sesion

[2023-05-13 11:14:54 #9 type] 
Type domain.Sesion is not enhanced.

[2023-05-13 11:14:54 #10 type.registry] 
New type domain.Sala

[2023-05-13 11:14:54 #11 type] 
Type domain.Sala is not enhanced.

[2023-05-13 11:14:54 #12 type.registry] 
New type java.util.ArrayList<java.lang.Object>

[2023-05-13 11:14:54 #13 type.registry] 
New type java.util.ArrayList<java.lang.String>

[2023-05-13 11:14:54 #14 type.registry] 
New type java.util.LinkedList<java.lang.Object>

[2023-05-13 11:14:54 #15 type.registry] 
New type java.util.LinkedList<domain.Usuario>

[2023-05-13 11:14:54 #16 type.registry] 
New type java.util.ArrayList<domain.Sesion>

------------------------------------------------------------------------------------------------------------------------

[2023-05-13 11:15:50 #1 store] 
Database 'C:\Users\jonetxe13\Desktop\universidad\IS\Bets21-master\src\main\resources\bets.temp' is opened by 13120@DESKTOP-490MKBR

[2023-05-13 11:15:50 #2 type.registry] 
New type domain.Actividad

[2023-05-13 11:15:50 #3 type] 
Type domain.Actividad is not enhanced.

[2023-05-13 11:15:50 #4 type.registry] 
New type domain.Encargado

[2023-05-13 11:15:50 #5 type] 
Type domain.Encargado is not enhanced.

[2023-05-13 11:15:50 #6 type.registry] 
New type domain.Usuario

[2023-05-13 11:15:50 #7 type] 
Type domain.Usuario is not enhanced.

[2023-05-13 11:15:50 #8 type.registry] 
New type domain.Sesion

[2023-05-13 11:15:50 #9 type] 
Type domain.Sesion is not enhanced.

[2023-05-13 11:15:50 #10 type.registry] 
New type domain.Sala

[2023-05-13 11:15:50 #11 type] 
Type domain.Sala is not enhanced.

[2023-05-13 11:15:50 #12 type.registry] 
New type java.util.ArrayList<java.lang.Object>

[2023-05-13 11:15:50 #13 type.registry] 
New type java.util.ArrayList<java.lang.String>

[2023-05-13 11:15:50 #14 type.registry] 
New type java.util.LinkedList<java.lang.Object>

[2023-05-13 11:15:50 #15 type.registry] 
New type java.util.LinkedList<domain.Usuario>

[2023-05-13 11:15:50 #16 type.registry] 
New type java.util.ArrayList<domain.Sesion>

------------------------------------------------------------------------------------------------------------------------

[2023-05-13 11:20:45 #1 store] 
Database 'C:\Users\jonetxe13\Desktop\universidad\IS\Bets21-master\src\main\resources\bets.temp' is opened by 8376@DESKTOP-490MKBR

[2023-05-13 11:20:45 #2 type.registry] 
New type domain.Actividad

[2023-05-13 11:20:45 #3 type] 
Type domain.Actividad is not enhanced.

[2023-05-13 11:20:45 #4 type.registry] 
New type domain.Encargado

[2023-05-13 11:20:45 #5 type] 
Type domain.Encargado is not enhanced.

[2023-05-13 11:20:45 #6 type.registry] 
New type domain.Usuario

[2023-05-13 11:20:45 #7 type] 
Type domain.Usuario is not enhanced.

[2023-05-13 11:20:45 #8 type.registry] 
New type domain.Sesion

[2023-05-13 11:20:45 #9 type] 
Type domain.Sesion is not enhanced.

[2023-05-13 11:20:45 #10 type.registry] 
New type domain.Sala

[2023-05-13 11:20:45 #11 type] 
Type domain.Sala is not enhanced.

[2023-05-13 11:20:45 #12 type.registry] 
New type java.util.ArrayList<java.lang.Object>

[2023-05-13 11:20:45 #13 type.registry] 
New type java.util.ArrayList<java.lang.String>

[2023-05-13 11:20:45 #14 type.registry] 
New type java.util.LinkedList<java.lang.Object>

[2023-05-13 11:20:45 #15 type.registry] 
New type java.util.LinkedList<domain.Usuario>

[2023-05-13 11:20:45 #16 type.registry] 
New type java.util.ArrayList<domain.Sesion>

------------------------------------------------------------------------------------------------------------------------

[2023-05-13 11:22:12 #1 store] 
Database 'C:\Users\jonetxe13\Desktop\universidad\IS\Bets21-master\src\main\resources\bets.temp' is opened by 4040@DESKTOP-490MKBR

[2023-05-13 11:22:12 #2 type.registry] 
New type domain.Actividad

[2023-05-13 11:22:12 #3 type] 
Type domain.Actividad is not enhanced.

[2023-05-13 11:22:12 #4 type.registry] 
New type domain.Encargado

[2023-05-13 11:22:12 #5 type] 
Type domain.Encargado is not enhanced.

[2023-05-13 11:22:12 #6 type.registry] 
New type domain.Usuario

[2023-05-13 11:22:12 #7 type] 
Type domain.Usuario is not enhanced.

[2023-05-13 11:22:12 #8 type.registry] 
New type domain.Sesion

[2023-05-13 11:22:12 #9 type] 
Type domain.Sesion is not enhanced.

[2023-05-13 11:22:12 #10 type.registry] 
New type domain.Sala

[2023-05-13 11:22:12 #11 type] 
Type domain.Sala is not enhanced.

[2023-05-13 11:22:12 #12 type.registry] 
New type java.util.ArrayList<java.lang.Object>

[2023-05-13 11:22:12 #13 type.registry] 
New type java.util.ArrayList<java.lang.String>

[2023-05-13 11:22:12 #14 type.registry] 
New type java.util.LinkedList<java.lang.Object>

[2023-05-13 11:22:12 #15 type.registry] 
New type java.util.LinkedList<domain.Usuario>

[2023-05-13 11:22:12 #16 type.registry] 
New type java.util.ArrayList<domain.Sesion>

------------------------------------------------------------------------------------------------------------------------

[2023-05-13 11:24:11 #1 store] 
Database 'C:\Users\jonetxe13\Desktop\universidad\IS\Bets21-master\src\main\resources\bets.temp' is opened by 1804@DESKTOP-490MKBR

[2023-05-13 11:24:11 #2 type.registry] 
New type domain.Actividad

[2023-05-13 11:24:11 #3 type] 
Type domain.Actividad is not enhanced.

[2023-05-13 11:24:11 #4 type.registry] 
New type domain.Encargado

[2023-05-13 11:24:11 #5 type] 
Type domain.Encargado is not enhanced.

[2023-05-13 11:24:11 #6 type.registry] 
New type domain.Usuario

[2023-05-13 11:24:11 #7 type] 
Type domain.Usuario is not enhanced.

[2023-05-13 11:24:11 #8 type.registry] 
New type domain.Sesion

[2023-05-13 11:24:11 #9 type] 
Type domain.Sesion is not enhanced.

[2023-05-13 11:24:11 #10 type.registry] 
New type domain.Sala

[2023-05-13 11:24:11 #11 type] 
Type domain.Sala is not enhanced.

[2023-05-13 11:24:11 #12 type.registry] 
New type java.util.ArrayList<java.lang.Object>

[2023-05-13 11:24:11 #13 type.registry] 
New type java.util.ArrayList<java.lang.String>

[2023-05-13 11:24:11 #14 type.registry] 
New type java.util.LinkedList<java.lang.Object>

[2023-05-13 11:24:11 #15 type.registry] 
New type java.util.LinkedList<domain.Usuario>

[2023-05-13 11:24:11 #16 type.registry] 
New type java.util.ArrayList<domain.Sesion>

------------------------------------------------------------------------------------------------------------------------

[2023-05-13 11:26:06 #1 store] 
Database 'C:\Users\jonetxe13\Desktop\universidad\IS\Bets21-master\src\main\resources\bets.temp' is opened by 2900@DESKTOP-490MKBR

[2023-05-13 11:26:06 #2 type.registry] 
New type domain.Actividad

[2023-05-13 11:26:06 #3 type] 
Type domain.Actividad is not enhanced.

[2023-05-13 11:26:06 #4 type.registry] 
New type domain.Encargado

[2023-05-13 11:26:06 #5 type] 
Type domain.Encargado is not enhanced.

[2023-05-13 11:26:06 #6 type.registry] 
New type domain.Usuario

[2023-05-13 11:26:06 #7 type] 
Type domain.Usuario is not enhanced.

[2023-05-13 11:26:06 #8 type.registry] 
New type domain.Sesion

[2023-05-13 11:26:06 #9 type] 
Type domain.Sesion is not enhanced.

[2023-05-13 11:26:06 #10 type.registry] 
New type domain.Sala

[2023-05-13 11:26:06 #11 type] 
Type domain.Sala is not enhanced.

[2023-05-13 11:26:06 #12 type.registry] 
New type java.util.ArrayList<java.lang.Object>

[2023-05-13 11:26:06 #13 type.registry] 
New type java.util.ArrayList<java.lang.String>

[2023-05-13 11:26:06 #14 type.registry] 
New type java.util.LinkedList<java.lang.Object>

[2023-05-13 11:26:06 #15 type.registry] 
New type java.util.LinkedList<domain.Usuario>

[2023-05-13 11:26:06 #16 type.registry] 
New type java.util.ArrayList<domain.Sesion>

------------------------------------------------------------------------------------------------------------------------

[2023-05-13 11:26:45 #1 store] 
Database 'C:\Users\jonetxe13\Desktop\universidad\IS\Bets21-master\src\main\resources\bets.temp' is opened by 4420@DESKTOP-490MKBR

[2023-05-13 11:26:46 #2 type.registry] 
New type domain.Actividad

[2023-05-13 11:26:46 #3 type] 
Type domain.Actividad is not enhanced.

[2023-05-13 11:26:46 #4 type.registry] 
New type domain.Encargado

[2023-05-13 11:26:46 #5 type] 
Type domain.Encargado is not enhanced.

[2023-05-13 11:26:46 #6 type.registry] 
New type domain.Usuario

[2023-05-13 11:26:46 #7 type] 
Type domain.Usuario is not enhanced.

[2023-05-13 11:26:46 #8 type.registry] 
New type domain.Sesion

[2023-05-13 11:26:46 #9 type] 
Type domain.Sesion is not enhanced.

[2023-05-13 11:26:46 #10 type.registry] 
New type domain.Sala

[2023-05-13 11:26:46 #11 type] 
Type domain.Sala is not enhanced.

[2023-05-13 11:26:46 #12 type.registry] 
New type java.util.ArrayList<java.lang.Object>

[2023-05-13 11:26:46 #13 type.registry] 
New type java.util.ArrayList<java.lang.String>

[2023-05-13 11:26:46 #14 type.registry] 
New type java.util.LinkedList<java.lang.Object>

[2023-05-13 11:26:46 #15 type.registry] 
New type java.util.LinkedList<domain.Usuario>

[2023-05-13 11:26:46 #16 type.registry] 
New type java.util.ArrayList<domain.Sesion>

------------------------------------------------------------------------------------------------------------------------

[2023-05-13 11:29:11 #1 store] 
Database 'C:\Users\jonetxe13\Desktop\universidad\IS\Bets21-master\src\main\resources\bets.temp' is opened by 320@DESKTOP-490MKBR

[2023-05-13 11:29:11 #2 type.registry] 
New type domain.Actividad

[2023-05-13 11:29:11 #3 type] 
Type domain.Actividad is not enhanced.

[2023-05-13 11:29:11 #4 type.registry] 
New type domain.Encargado

[2023-05-13 11:29:11 #5 type] 
Type domain.Encargado is not enhanced.

[2023-05-13 11:29:11 #6 type.registry] 
New type domain.Usuario

[2023-05-13 11:29:11 #7 type] 
Type domain.Usuario is not enhanced.

[2023-05-13 11:29:11 #8 type.registry] 
New type domain.Sesion

[2023-05-13 11:29:11 #9 type] 
Type domain.Sesion is not enhanced.

[2023-05-13 11:29:11 #10 type.registry] 
New type domain.Sala

[2023-05-13 11:29:11 #11 type] 
Type domain.Sala is not enhanced.

[2023-05-13 11:29:11 #12 type.registry] 
New type java.util.ArrayList<java.lang.Object>

[2023-05-13 11:29:11 #13 type.registry] 
New type java.util.ArrayList<java.lang.String>

[2023-05-13 11:29:11 #14 type.registry] 
New type java.util.LinkedList<java.lang.Object>

[2023-05-13 11:29:11 #15 type.registry] 
New type java.util.LinkedList<domain.Usuario>

[2023-05-13 11:29:11 #16 type.registry] 
New type java.util.ArrayList<domain.Sesion>

------------------------------------------------------------------------------------------------------------------------

[2023-05-13 11:32:06 #1 store] 
Database 'C:\Users\jonetxe13\Desktop\universidad\IS\Bets21-master\src\main\resources\bets.temp' is opened by 7568@DESKTOP-490MKBR

[2023-05-13 11:32:07 #2 type.registry] 
New type domain.Actividad

[2023-05-13 11:32:07 #3 type] 
Type domain.Actividad is not enhanced.

[2023-05-13 11:32:07 #4 type.registry] 
New type domain.Encargado

[2023-05-13 11:32:07 #5 type] 
Type domain.Encargado is not enhanced.

[2023-05-13 11:32:07 #6 type.registry] 
New type domain.Usuario

[2023-05-13 11:32:07 #7 type] 
Type domain.Usuario is not enhanced.

[2023-05-13 11:32:07 #8 type.registry] 
New type domain.Sesion

[2023-05-13 11:32:07 #9 type] 
Type domain.Sesion is not enhanced.

[2023-05-13 11:32:07 #10 type.registry] 
New type domain.Sala

[2023-05-13 11:32:07 #11 type] 
Type domain.Sala is not enhanced.

[2023-05-13 11:32:07 #12 type.registry] 
New type java.util.ArrayList<java.lang.Object>

[2023-05-13 11:32:07 #13 type.registry] 
New type java.util.ArrayList<java.lang.String>

[2023-05-13 11:32:07 #14 type.registry] 
New type java.util.LinkedList<java.lang.Object>

[2023-05-13 11:32:07 #15 type.registry] 
New type java.util.LinkedList<domain.Usuario>

[2023-05-13 11:32:07 #16 type.registry] 
New type java.util.ArrayList<domain.Sesion>

------------------------------------------------------------------------------------------------------------------------

[2023-05-13 11:34:57 #1 store] 
Database 'C:\Users\jonetxe13\Desktop\universidad\IS\Bets21-master\src\main\resources\bets.temp' is opened by 10224@DESKTOP-490MKBR

[2023-05-13 11:34:57 #2 type.registry] 
New type domain.Actividad

[2023-05-13 11:34:57 #3 type] 
Type domain.Actividad is not enhanced.

[2023-05-13 11:34:57 #4 type.registry] 
New type domain.Encargado

[2023-05-13 11:34:57 #5 type] 
Type domain.Encargado is not enhanced.

[2023-05-13 11:34:57 #6 type.registry] 
New type domain.Usuario

[2023-05-13 11:34:57 #7 type] 
Type domain.Usuario is not enhanced.

[2023-05-13 11:34:57 #8 type.registry] 
New type domain.Sesion

[2023-05-13 11:34:57 #9 type] 
Type domain.Sesion is not enhanced.

[2023-05-13 11:34:57 #10 type.registry] 
New type domain.Sala

[2023-05-13 11:34:57 #11 type] 
Type domain.Sala is not enhanced.

[2023-05-13 11:34:57 #12 type.registry] 
New type java.util.ArrayList<java.lang.Object>

[2023-05-13 11:34:57 #13 type.registry] 
New type java.util.ArrayList<java.lang.String>

[2023-05-13 11:34:57 #14 type.registry] 
New type java.util.LinkedList<java.lang.Object>

[2023-05-13 11:34:57 #15 type.registry] 
New type java.util.LinkedList<domain.Usuario>

[2023-05-13 11:34:57 #16 type.registry] 
New type java.util.ArrayList<domain.Sesion>

------------------------------------------------------------------------------------------------------------------------

[2023-05-13 11:36:29 #1 store] 
Database 'C:\Users\jonetxe13\Desktop\universidad\IS\Bets21-master\src\main\resources\bets.temp' is opened by 10352@DESKTOP-490MKBR

[2023-05-13 11:36:29 #2 type.registry] 
New type domain.Actividad

[2023-05-13 11:36:29 #3 type] 
Type domain.Actividad is not enhanced.

[2023-05-13 11:36:29 #4 type.registry] 
New type domain.Encargado

[2023-05-13 11:36:29 #5 type] 
Type domain.Encargado is not enhanced.

[2023-05-13 11:36:29 #6 type.registry] 
New type domain.Usuario

[2023-05-13 11:36:29 #7 type] 
Type domain.Usuario is not enhanced.

[2023-05-13 11:36:29 #8 type.registry] 
New type domain.Sesion

[2023-05-13 11:36:29 #9 type] 
Type domain.Sesion is not enhanced.

[2023-05-13 11:36:29 #10 type.registry] 
New type domain.Sala

[2023-05-13 11:36:29 #11 type] 
Type domain.Sala is not enhanced.

[2023-05-13 11:36:29 #12 type.registry] 
New type java.util.ArrayList<java.lang.Object>

[2023-05-13 11:36:29 #13 type.registry] 
New type java.util.ArrayList<java.lang.String>

[2023-05-13 11:36:29 #14 type.registry] 
New type java.util.LinkedList<java.lang.Object>

[2023-05-13 11:36:29 #15 type.registry] 
New type java.util.LinkedList<domain.Usuario>

[2023-05-13 11:36:29 #16 type.registry] 
New type java.util.ArrayList<domain.Sesion>

------------------------------------------------------------------------------------------------------------------------

[2023-05-13 11:41:41 #1 store] 
Database 'C:\Users\jonetxe13\Desktop\universidad\IS\Bets21-master\src\main\resources\bets.temp' is opened by 9372@DESKTOP-490MKBR

[2023-05-13 11:41:41 #2 type.registry] 
New type domain.Actividad

[2023-05-13 11:41:41 #3 type] 
Type domain.Actividad is not enhanced.

[2023-05-13 11:41:41 #4 type.registry] 
New type domain.Encargado

[2023-05-13 11:41:41 #5 type] 
Type domain.Encargado is not enhanced.

[2023-05-13 11:41:41 #6 type.registry] 
New type domain.Usuario

[2023-05-13 11:41:41 #7 type] 
Type domain.Usuario is not enhanced.

[2023-05-13 11:41:41 #8 type.registry] 
New type domain.Sesion

[2023-05-13 11:41:41 #9 type] 
Type domain.Sesion is not enhanced.

[2023-05-13 11:41:41 #10 type.registry] 
New type domain.Sala

[2023-05-13 11:41:41 #11 type] 
Type domain.Sala is not enhanced.

[2023-05-13 11:41:41 #12 type.registry] 
New type java.util.ArrayList<java.lang.Object>

[2023-05-13 11:41:41 #13 type.registry] 
New type java.util.ArrayList<java.lang.String>

[2023-05-13 11:41:41 #14 type.registry] 
New type java.util.LinkedList<java.lang.Object>

[2023-05-13 11:41:41 #15 type.registry] 
New type java.util.LinkedList<domain.Usuario>

[2023-05-13 11:41:41 #16 type.registry] 
New type java.util.ArrayList<domain.Sesion>

------------------------------------------------------------------------------------------------------------------------

[2023-05-13 11:48:51 #1 store] 
Database 'C:\Users\jonetxe13\Desktop\universidad\IS\Bets21-master\src\main\resources\bets.temp' is opened by 11712@DESKTOP-490MKBR

[2023-05-13 11:48:51 #2 type.registry] 
New type domain.Actividad

[2023-05-13 11:48:51 #3 type] 
Type domain.Actividad is not enhanced.

[2023-05-13 11:48:51 #4 type.registry] 
New type domain.Encargado

[2023-05-13 11:48:51 #5 type] 
Type domain.Encargado is not enhanced.

[2023-05-13 11:48:51 #6 type.registry] 
New type domain.Usuario

[2023-05-13 11:48:51 #7 type] 
Type domain.Usuario is not enhanced.

[2023-05-13 11:48:51 #8 type.registry] 
New type domain.Sesion

[2023-05-13 11:48:51 #9 type] 
Type domain.Sesion is not enhanced.

[2023-05-13 11:48:51 #10 type.registry] 
New type domain.Sala

[2023-05-13 11:48:51 #11 type] 
Type domain.Sala is not enhanced.

[2023-05-13 11:48:52 #12 type.registry] 
New type java.util.ArrayList<java.lang.Object>

[2023-05-13 11:48:52 #13 type.registry] 
New type java.util.ArrayList<java.lang.String>

[2023-05-13 11:48:52 #14 type.registry] 
New type java.util.LinkedList<java.lang.Object>

[2023-05-13 11:48:52 #15 type.registry] 
New type java.util.LinkedList<domain.Usuario>

[2023-05-13 11:48:52 #16 type.registry] 
New type java.util.ArrayList<domain.Sesion>

------------------------------------------------------------------------------------------------------------------------

[2023-05-13 11:51:29 #1 store] 
Database 'C:\Users\jonetxe13\Desktop\universidad\IS\Bets21-master\src\main\resources\bets.temp' is opened by 12148@DESKTOP-490MKBR

[2023-05-13 11:51:29 #2 type.registry] 
New type domain.Actividad

[2023-05-13 11:51:29 #3 type] 
Type domain.Actividad is not enhanced.

[2023-05-13 11:51:29 #4 type.registry] 
New type domain.Encargado

[2023-05-13 11:51:29 #5 type] 
Type domain.Encargado is not enhanced.

[2023-05-13 11:51:29 #6 type.registry] 
New type domain.Usuario

[2023-05-13 11:51:29 #7 type] 
Type domain.Usuario is not enhanced.

[2023-05-13 11:51:29 #8 type.registry] 
New type domain.Sesion

[2023-05-13 11:51:29 #9 type] 
Type domain.Sesion is not enhanced.

[2023-05-13 11:51:29 #10 type.registry] 
New type domain.Sala

[2023-05-13 11:51:29 #11 type] 
Type domain.Sala is not enhanced.

[2023-05-13 11:51:29 #12 type.registry] 
New type java.util.ArrayList<java.lang.Object>

[2023-05-13 11:51:29 #13 type.registry] 
New type java.util.ArrayList<java.lang.String>

[2023-05-13 11:51:29 #14 type.registry] 
New type java.util.LinkedList<java.lang.Object>

[2023-05-13 11:51:29 #15 type.registry] 
New type java.util.LinkedList<domain.Usuario>

[2023-05-13 11:51:29 #16 type.registry] 
New type java.util.ArrayList<domain.Sesion>

------------------------------------------------------------------------------------------------------------------------

[2023-05-13 11:53:29 #1 store] 
Database 'C:\Users\jonetxe13\Desktop\universidad\IS\Bets21-master\src\main\resources\bets.temp' is opened by 9952@DESKTOP-490MKBR

[2023-05-13 11:53:29 #2 type.registry] 
New type domain.Actividad

[2023-05-13 11:53:29 #3 type] 
Type domain.Actividad is not enhanced.

[2023-05-13 11:53:29 #4 type.registry] 
New type domain.Encargado

[2023-05-13 11:53:29 #5 type] 
Type domain.Encargado is not enhanced.

[2023-05-13 11:53:29 #6 type.registry] 
New type domain.Usuario

[2023-05-13 11:53:29 #7 type] 
Type domain.Usuario is not enhanced.

[2023-05-13 11:53:29 #8 type.registry] 
New type domain.Sesion

[2023-05-13 11:53:29 #9 type] 
Type domain.Sesion is not enhanced.

[2023-05-13 11:53:29 #10 type.registry] 
New type domain.Sala

[2023-05-13 11:53:29 #11 type] 
Type domain.Sala is not enhanced.

[2023-05-13 11:53:29 #12 type.registry] 
New type java.util.ArrayList<java.lang.Object>

[2023-05-13 11:53:29 #13 type.registry] 
New type java.util.ArrayList<java.lang.String>

[2023-05-13 11:53:29 #14 type.registry] 
New type java.util.LinkedList<java.lang.Object>

[2023-05-13 11:53:29 #15 type.registry] 
New type java.util.LinkedList<domain.Usuario>

[2023-05-13 11:53:29 #16 type.registry] 
New type java.util.ArrayList<domain.Sesion>

------------------------------------------------------------------------------------------------------------------------

[2023-05-13 11:54:54 #1 store] 
Database 'C:\Users\jonetxe13\Desktop\universidad\IS\Bets21-master\src\main\resources\bets.temp' is opened by 1572@DESKTOP-490MKBR

[2023-05-13 11:54:55 #2 type.registry] 
New type domain.Actividad

[2023-05-13 11:54:55 #3 type] 
Type domain.Actividad is not enhanced.

[2023-05-13 11:54:55 #4 type.registry] 
New type domain.Encargado

[2023-05-13 11:54:55 #5 type] 
Type domain.Encargado is not enhanced.

[2023-05-13 11:54:55 #6 type.registry] 
New type domain.Usuario

[2023-05-13 11:54:55 #7 type] 
Type domain.Usuario is not enhanced.

[2023-05-13 11:54:55 #8 type.registry] 
New type domain.Sesion

[2023-05-13 11:54:55 #9 type] 
Type domain.Sesion is not enhanced.

[2023-05-13 11:54:55 #10 type.registry] 
New type domain.Sala

[2023-05-13 11:54:55 #11 type] 
Type domain.Sala is not enhanced.

[2023-05-13 11:54:55 #12 type.registry] 
New type java.util.ArrayList<java.lang.Object>

[2023-05-13 11:54:55 #13 type.registry] 
New type java.util.ArrayList<java.lang.String>

[2023-05-13 11:54:55 #14 type.registry] 
New type java.util.LinkedList<java.lang.Object>

[2023-05-13 11:54:55 #15 type.registry] 
New type java.util.LinkedList<domain.Usuario>

[2023-05-13 11:54:55 #16 type.registry] 
New type java.util.ArrayList<domain.Sesion>

------------------------------------------------------------------------------------------------------------------------

[2023-05-13 11:56:25 #1 store] 
Database 'C:\Users\jonetxe13\Desktop\universidad\IS\Bets21-master\src\main\resources\bets.temp' is opened by 1804@DESKTOP-490MKBR

[2023-05-13 11:56:25 #2 type.registry] 
New type domain.Actividad

[2023-05-13 11:56:25 #3 type] 
Type domain.Actividad is not enhanced.

[2023-05-13 11:56:25 #4 type.registry] 
New type domain.Encargado

[2023-05-13 11:56:25 #5 type] 
Type domain.Encargado is not enhanced.

[2023-05-13 11:56:25 #6 type.registry] 
New type domain.Usuario

[2023-05-13 11:56:25 #7 type] 
Type domain.Usuario is not enhanced.

[2023-05-13 11:56:25 #8 type.registry] 
New type domain.Sesion

[2023-05-13 11:56:25 #9 type] 
Type domain.Sesion is not enhanced.

[2023-05-13 11:56:25 #10 type.registry] 
New type domain.Sala

[2023-05-13 11:56:25 #11 type] 
Type domain.Sala is not enhanced.

[2023-05-13 11:56:25 #12 type.registry] 
New type java.util.ArrayList<java.lang.Object>

[2023-05-13 11:56:25 #13 type.registry] 
New type java.util.ArrayList<java.lang.String>

[2023-05-13 11:56:25 #14 type.registry] 
New type java.util.LinkedList<java.lang.Object>

[2023-05-13 11:56:25 #15 type.registry] 
New type java.util.LinkedList<domain.Usuario>

[2023-05-13 11:56:25 #16 type.registry] 
New type java.util.ArrayList<domain.Sesion>

------------------------------------------------------------------------------------------------------------------------

[2023-05-13 12:00:19 #1 store] 
Database 'C:\Users\jonetxe13\Desktop\universidad\IS\Bets21-master\src\main\resources\bets.temp' is opened by 9924@DESKTOP-490MKBR

[2023-05-13 12:00:20 #2 type.registry] 
New type domain.Actividad

[2023-05-13 12:00:20 #3 type] 
Type domain.Actividad is not enhanced.

[2023-05-13 12:00:20 #4 type.registry] 
New type domain.Encargado

[2023-05-13 12:00:20 #5 type] 
Type domain.Encargado is not enhanced.

[2023-05-13 12:00:20 #6 type.registry] 
New type domain.Usuario

[2023-05-13 12:00:20 #7 type] 
Type domain.Usuario is not enhanced.

[2023-05-13 12:00:20 #8 type.registry] 
New type domain.Sesion

[2023-05-13 12:00:20 #9 type] 
Type domain.Sesion is not enhanced.

[2023-05-13 12:00:20 #10 type.registry] 
New type domain.Sala

[2023-05-13 12:00:20 #11 type] 
Type domain.Sala is not enhanced.

[2023-05-13 12:00:20 #12 type.registry] 
New type java.util.ArrayList<java.lang.Object>

[2023-05-13 12:00:20 #13 type.registry] 
New type java.util.ArrayList<java.lang.String>

[2023-05-13 12:00:20 #14 type.registry] 
New type java.util.LinkedList<java.lang.Object>

[2023-05-13 12:00:20 #15 type.registry] 
New type java.util.LinkedList<domain.Usuario>

[2023-05-13 12:00:20 #16 type.registry] 
New type java.util.ArrayList<domain.Sesion>

------------------------------------------------------------------------------------------------------------------------

[2023-05-13 12:00:57 #1 store] 
Database 'C:\Users\jonetxe13\Desktop\universidad\IS\Bets21-master\src\main\resources\bets.temp' is opened by 2564@DESKTOP-490MKBR

[2023-05-13 12:00:57 #2 type.registry] 
New type domain.Actividad

[2023-05-13 12:00:57 #3 type] 
Type domain.Actividad is not enhanced.

[2023-05-13 12:00:57 #4 type.registry] 
New type domain.Encargado

[2023-05-13 12:00:57 #5 type] 
Type domain.Encargado is not enhanced.

[2023-05-13 12:00:57 #6 type.registry] 
New type domain.Usuario

[2023-05-13 12:00:57 #7 type] 
Type domain.Usuario is not enhanced.

[2023-05-13 12:00:57 #8 type.registry] 
New type domain.Sesion

[2023-05-13 12:00:57 #9 type] 
Type domain.Sesion is not enhanced.

[2023-05-13 12:00:57 #10 type.registry] 
New type domain.Sala

[2023-05-13 12:00:57 #11 type] 
Type domain.Sala is not enhanced.

[2023-05-13 12:00:57 #12 type.registry] 
New type java.util.ArrayList<java.lang.Object>

[2023-05-13 12:00:57 #13 type.registry] 
New type java.util.ArrayList<java.lang.String>

[2023-05-13 12:00:57 #14 type.registry] 
New type java.util.LinkedList<java.lang.Object>

[2023-05-13 12:00:57 #15 type.registry] 
New type java.util.LinkedList<domain.Usuario>

[2023-05-13 12:00:57 #16 type.registry] 
New type java.util.ArrayList<domain.Sesion>

------------------------------------------------------------------------------------------------------------------------

[2023-05-13 12:03:45 #1 store] 
Database 'C:\Users\jonetxe13\Desktop\universidad\IS\Bets21-master\src\main\resources\bets.temp' is opened by 11104@DESKTOP-490MKBR

[2023-05-13 12:03:45 #2 type.registry] 
New type domain.Actividad

[2023-05-13 12:03:45 #3 type] 
Type domain.Actividad is not enhanced.

[2023-05-13 12:03:45 #4 type.registry] 
New type domain.Encargado

[2023-05-13 12:03:45 #5 type] 
Type domain.Encargado is not enhanced.

[2023-05-13 12:03:45 #6 type.registry] 
New type domain.Usuario

[2023-05-13 12:03:45 #7 type] 
Type domain.Usuario is not enhanced.

[2023-05-13 12:03:45 #8 type.registry] 
New type domain.Sesion

[2023-05-13 12:03:45 #9 type] 
Type domain.Sesion is not enhanced.

[2023-05-13 12:03:45 #10 type.registry] 
New type domain.Sala

[2023-05-13 12:03:45 #11 type] 
Type domain.Sala is not enhanced.

[2023-05-13 12:03:45 #12 type.registry] 
New type java.util.ArrayList<java.lang.Object>

[2023-05-13 12:03:45 #13 type.registry] 
New type java.util.ArrayList<java.lang.String>

[2023-05-13 12:03:45 #14 type.registry] 
New type java.util.LinkedList<java.lang.Object>

[2023-05-13 12:03:45 #15 type.registry] 
New type java.util.LinkedList<domain.Usuario>

[2023-05-13 12:03:45 #16 type.registry] 
New type java.util.ArrayList<domain.Sesion>

------------------------------------------------------------------------------------------------------------------------

[2023-05-13 12:04:28 #1 store] 
Database 'C:\Users\jonetxe13\Desktop\universidad\IS\Bets21-master\src\main\resources\bets.temp' is opened by 10556@DESKTOP-490MKBR

[2023-05-13 12:04:28 #2 type.registry] 
New type domain.Actividad

[2023-05-13 12:04:28 #3 type] 
Type domain.Actividad is not enhanced.

[2023-05-13 12:04:28 #4 type.registry] 
New type domain.Encargado

[2023-05-13 12:04:28 #5 type] 
Type domain.Encargado is not enhanced.

[2023-05-13 12:04:28 #6 type.registry] 
New type domain.Usuario

[2023-05-13 12:04:28 #7 type] 
Type domain.Usuario is not enhanced.

[2023-05-13 12:04:28 #8 type.registry] 
New type domain.Sesion

[2023-05-13 12:04:28 #9 type] 
Type domain.Sesion is not enhanced.

[2023-05-13 12:04:28 #10 type.registry] 
New type domain.Sala

[2023-05-13 12:04:28 #11 type] 
Type domain.Sala is not enhanced.

[2023-05-13 12:04:28 #12 type.registry] 
New type java.util.ArrayList<java.lang.Object>

[2023-05-13 12:04:28 #13 type.registry] 
New type java.util.ArrayList<java.lang.String>

[2023-05-13 12:04:28 #14 type.registry] 
New type java.util.LinkedList<java.lang.Object>

[2023-05-13 12:04:29 #15 type.registry] 
New type java.util.LinkedList<domain.Usuario>

[2023-05-13 12:04:29 #16 type.registry] 
New type java.util.ArrayList<domain.Sesion>

------------------------------------------------------------------------------------------------------------------------

[2023-05-13 12:06:41 #1 store] 
Database 'C:\Users\jonetxe13\Desktop\universidad\IS\Bets21-master\src\main\resources\bets.temp' is opened by 4620@DESKTOP-490MKBR

[2023-05-13 12:06:41 #2 type.registry] 
New type domain.Actividad

[2023-05-13 12:06:41 #3 type] 
Type domain.Actividad is not enhanced.

[2023-05-13 12:06:41 #4 type.registry] 
New type domain.Encargado

[2023-05-13 12:06:41 #5 type] 
Type domain.Encargado is not enhanced.

[2023-05-13 12:06:41 #6 type.registry] 
New type domain.Usuario

[2023-05-13 12:06:41 #7 type] 
Type domain.Usuario is not enhanced.

[2023-05-13 12:06:41 #8 type.registry] 
New type domain.Sesion

[2023-05-13 12:06:41 #9 type] 
Type domain.Sesion is not enhanced.

[2023-05-13 12:06:41 #10 type.registry] 
New type domain.Sala

[2023-05-13 12:06:41 #11 type] 
Type domain.Sala is not enhanced.

[2023-05-13 12:06:41 #12 type.registry] 
New type java.util.ArrayList<java.lang.Object>

[2023-05-13 12:06:41 #13 type.registry] 
New type java.util.ArrayList<java.lang.String>

[2023-05-13 12:06:41 #14 type.registry] 
New type java.util.LinkedList<java.lang.Object>

[2023-05-13 12:06:41 #15 type.registry] 
New type java.util.LinkedList<domain.Usuario>

[2023-05-13 12:06:41 #16 type.registry] 
New type java.util.ArrayList<domain.Sesion>

------------------------------------------------------------------------------------------------------------------------

[2023-05-13 12:09:02 #1 store] 
Database 'C:\Users\jonetxe13\Desktop\universidad\IS\Bets21-master\src\main\resources\bets.temp' is opened by 2880@DESKTOP-490MKBR

[2023-05-13 12:09:02 #2 type.registry] 
New type domain.Actividad

[2023-05-13 12:09:02 #3 type] 
Type domain.Actividad is not enhanced.

[2023-05-13 12:09:02 #4 type.registry] 
New type domain.Encargado

[2023-05-13 12:09:02 #5 type] 
Type domain.Encargado is not enhanced.

[2023-05-13 12:09:02 #6 type.registry] 
New type domain.Usuario

[2023-05-13 12:09:02 #7 type] 
Type domain.Usuario is not enhanced.

[2023-05-13 12:09:03 #8 type.registry] 
New type domain.Sesion

[2023-05-13 12:09:03 #9 type] 
Type domain.Sesion is not enhanced.

[2023-05-13 12:09:03 #10 type.registry] 
New type domain.Sala

[2023-05-13 12:09:03 #11 type] 
Type domain.Sala is not enhanced.

[2023-05-13 12:09:03 #12 type.registry] 
New type java.util.ArrayList<java.lang.Object>

[2023-05-13 12:09:03 #13 type.registry] 
New type java.util.ArrayList<java.lang.String>

[2023-05-13 12:09:03 #14 type.registry] 
New type java.util.LinkedList<java.lang.Object>

[2023-05-13 12:09:03 #15 type.registry] 
New type java.util.LinkedList<domain.Usuario>

[2023-05-13 12:09:03 #16 type.registry] 
New type java.util.ArrayList<domain.Sesion>

------------------------------------------------------------------------------------------------------------------------

[2023-05-13 12:09:41 #1 store] 
Database 'C:\Users\jonetxe13\Desktop\universidad\IS\Bets21-master\src\main\resources\bets.temp' is opened by 1396@DESKTOP-490MKBR

[2023-05-13 12:09:41 #2 type.registry] 
New type domain.Actividad

[2023-05-13 12:09:41 #3 type] 
Type domain.Actividad is not enhanced.

[2023-05-13 12:09:41 #4 type.registry] 
New type domain.Encargado

[2023-05-13 12:09:41 #5 type] 
Type domain.Encargado is not enhanced.

[2023-05-13 12:09:41 #6 type.registry] 
New type domain.Usuario

[2023-05-13 12:09:41 #7 type] 
Type domain.Usuario is not enhanced.

[2023-05-13 12:09:41 #8 type.registry] 
New type domain.Sesion

[2023-05-13 12:09:41 #9 type] 
Type domain.Sesion is not enhanced.

[2023-05-13 12:09:41 #10 type.registry] 
New type domain.Sala

[2023-05-13 12:09:41 #11 type] 
Type domain.Sala is not enhanced.

[2023-05-13 12:09:41 #12 type.registry] 
New type java.util.ArrayList<java.lang.Object>

[2023-05-13 12:09:41 #13 type.registry] 
New type java.util.ArrayList<java.lang.String>

[2023-05-13 12:09:41 #14 type.registry] 
New type java.util.LinkedList<java.lang.Object>

[2023-05-13 12:09:41 #15 type.registry] 
New type java.util.LinkedList<domain.Usuario>

[2023-05-13 12:09:41 #16 type.registry] 
New type java.util.ArrayList<domain.Sesion>

------------------------------------------------------------------------------------------------------------------------

[2023-05-13 12:10:17 #1 store] 
Database 'C:\Users\jonetxe13\Desktop\universidad\IS\Bets21-master\src\main\resources\bets.temp' is opened by 11152@DESKTOP-490MKBR

[2023-05-13 12:10:18 #2 type.registry] 
New type domain.Actividad

[2023-05-13 12:10:18 #3 type] 
Type domain.Actividad is not enhanced.

[2023-05-13 12:10:18 #4 type.registry] 
New type domain.Encargado

[2023-05-13 12:10:18 #5 type] 
Type domain.Encargado is not enhanced.

[2023-05-13 12:10:18 #6 type.registry] 
New type domain.Usuario

[2023-05-13 12:10:18 #7 type] 
Type domain.Usuario is not enhanced.

[2023-05-13 12:10:18 #8 type.registry] 
New type domain.Sesion

[2023-05-13 12:10:18 #9 type] 
Type domain.Sesion is not enhanced.

[2023-05-13 12:10:18 #10 type.registry] 
New type domain.Sala

[2023-05-13 12:10:18 #11 type] 
Type domain.Sala is not enhanced.

[2023-05-13 12:10:18 #12 type.registry] 
New type java.util.ArrayList<java.lang.Object>

[2023-05-13 12:10:18 #13 type.registry] 
New type java.util.ArrayList<java.lang.String>

[2023-05-13 12:10:18 #14 type.registry] 
New type java.util.LinkedList<java.lang.Object>

[2023-05-13 12:10:18 #15 type.registry] 
New type java.util.LinkedList<domain.Usuario>

[2023-05-13 12:10:18 #16 type.registry] 
New type java.util.ArrayList<domain.Sesion>

------------------------------------------------------------------------------------------------------------------------

[2023-05-13 12:10:39 #1 store] 
Database 'C:\Users\jonetxe13\Desktop\universidad\IS\Bets21-master\src\main\resources\bets.temp' is opened by 8408@DESKTOP-490MKBR

[2023-05-13 12:10:39 #2 type.registry] 
New type domain.Actividad

[2023-05-13 12:10:39 #3 type] 
Type domain.Actividad is not enhanced.

[2023-05-13 12:10:39 #4 type.registry] 
New type domain.Encargado

[2023-05-13 12:10:39 #5 type] 
Type domain.Encargado is not enhanced.

[2023-05-13 12:10:39 #6 type.registry] 
New type domain.Usuario

[2023-05-13 12:10:39 #7 type] 
Type domain.Usuario is not enhanced.

[2023-05-13 12:10:39 #8 type.registry] 
New type domain.Sesion

[2023-05-13 12:10:39 #9 type] 
Type domain.Sesion is not enhanced.

[2023-05-13 12:10:39 #10 type.registry] 
New type domain.Sala

[2023-05-13 12:10:39 #11 type] 
Type domain.Sala is not enhanced.

[2023-05-13 12:10:39 #12 type.registry] 
New type java.util.ArrayList<java.lang.Object>

[2023-05-13 12:10:39 #13 type.registry] 
New type java.util.ArrayList<java.lang.String>

[2023-05-13 12:10:39 #14 type.registry] 
New type java.util.LinkedList<java.lang.Object>

[2023-05-13 12:10:39 #15 type.registry] 
New type java.util.LinkedList<domain.Usuario>

[2023-05-13 12:10:39 #16 type.registry] 
New type java.util.ArrayList<domain.Sesion>

------------------------------------------------------------------------------------------------------------------------

[2023-05-13 12:14:51 #1 store] 
Database 'C:\Users\jonetxe13\Desktop\universidad\IS\Bets21-master\src\main\resources\bets.temp' is opened by 6868@DESKTOP-490MKBR

[2023-05-13 12:14:51 #2 type.registry] 
New type domain.Actividad

[2023-05-13 12:14:51 #3 type] 
Type domain.Actividad is not enhanced.

[2023-05-13 12:14:51 #4 type.registry] 
New type domain.Encargado

[2023-05-13 12:14:51 #5 type] 
Type domain.Encargado is not enhanced.

[2023-05-13 12:14:51 #6 type.registry] 
New type domain.Usuario

[2023-05-13 12:14:51 #7 type] 
Type domain.Usuario is not enhanced.

[2023-05-13 12:14:51 #8 type.registry] 
New type domain.Sesion

[2023-05-13 12:14:51 #9 type] 
Type domain.Sesion is not enhanced.

[2023-05-13 12:14:51 #10 type.registry] 
New type domain.Sala

[2023-05-13 12:14:51 #11 type] 
Type domain.Sala is not enhanced.

[2023-05-13 12:14:51 #12 type.registry] 
New type java.util.ArrayList<java.lang.Object>

[2023-05-13 12:14:51 #13 type.registry] 
New type java.util.ArrayList<java.lang.String>

[2023-05-13 12:14:51 #14 type.registry] 
New type java.util.LinkedList<java.lang.Object>

[2023-05-13 12:14:51 #15 type.registry] 
New type java.util.LinkedList<domain.Usuario>

[2023-05-13 12:14:51 #16 type.registry] 
New type java.util.ArrayList<domain.Sesion>

------------------------------------------------------------------------------------------------------------------------

[2023-05-13 12:17:18 #1 store] 
Database 'C:\Users\jonetxe13\Desktop\universidad\IS\Bets21-master\src\main\resources\bets.temp' is opened by 1780@DESKTOP-490MKBR

[2023-05-13 12:17:18 #2 type.registry] 
New type domain.Actividad

[2023-05-13 12:17:18 #3 type] 
Type domain.Actividad is not enhanced.

[2023-05-13 12:17:18 #4 type.registry] 
New type domain.Encargado

[2023-05-13 12:17:18 #5 type] 
Type domain.Encargado is not enhanced.

[2023-05-13 12:17:18 #6 type.registry] 
New type domain.Usuario

[2023-05-13 12:17:18 #7 type] 
Type domain.Usuario is not enhanced.

[2023-05-13 12:17:18 #8 type.registry] 
New type domain.Sesion

[2023-05-13 12:17:18 #9 type] 
Type domain.Sesion is not enhanced.

[2023-05-13 12:17:18 #10 type.registry] 
New type domain.Sala

[2023-05-13 12:17:18 #11 type] 
Type domain.Sala is not enhanced.

[2023-05-13 12:17:18 #12 type.registry] 
New type java.util.ArrayList<java.lang.Object>

[2023-05-13 12:17:18 #13 type.registry] 
New type java.util.ArrayList<java.lang.String>

[2023-05-13 12:17:18 #14 type.registry] 
New type java.util.LinkedList<java.lang.Object>

[2023-05-13 12:17:18 #15 type.registry] 
New type java.util.LinkedList<domain.Usuario>

[2023-05-13 12:17:18 #16 type.registry] 
New type java.util.ArrayList<domain.Sesion>

------------------------------------------------------------------------------------------------------------------------

[2023-05-13 12:21:21 #1 store] 
Database 'C:\Users\jonetxe13\Desktop\universidad\IS\Bets21-master\src\main\resources\bets.temp' is opened by 3632@DESKTOP-490MKBR

[2023-05-13 12:21:21 #2 type.registry] 
New type domain.Actividad

[2023-05-13 12:21:21 #3 type] 
Type domain.Actividad is not enhanced.

[2023-05-13 12:21:21 #4 type.registry] 
New type domain.Encargado

[2023-05-13 12:21:21 #5 type] 
Type domain.Encargado is not enhanced.

[2023-05-13 12:21:21 #6 type.registry] 
New type domain.Usuario

[2023-05-13 12:21:21 #7 type] 
Type domain.Usuario is not enhanced.

[2023-05-13 12:21:21 #8 type.registry] 
New type domain.Sesion

[2023-05-13 12:21:21 #9 type] 
Type domain.Sesion is not enhanced.

[2023-05-13 12:21:21 #10 type.registry] 
New type domain.Sala

[2023-05-13 12:21:21 #11 type] 
Type domain.Sala is not enhanced.

[2023-05-13 12:21:21 #12 type.registry] 
New type java.util.ArrayList<java.lang.Object>

[2023-05-13 12:21:21 #13 type.registry] 
New type java.util.ArrayList<java.lang.String>

[2023-05-13 12:21:21 #14 type.registry] 
New type java.util.LinkedList<java.lang.Object>

[2023-05-13 12:21:21 #15 type.registry] 
New type java.util.LinkedList<domain.Usuario>

[2023-05-13 12:21:21 #16 type.registry] 
New type java.util.ArrayList<domain.Sesion>

------------------------------------------------------------------------------------------------------------------------

[2023-05-13 12:23:42 #1 store] 
Database 'C:\Users\jonetxe13\Desktop\universidad\IS\Bets21-master\src\main\resources\bets.temp' is opened by 2672@DESKTOP-490MKBR

[2023-05-13 12:23:42 #2 type.registry] 
New type domain.Actividad

[2023-05-13 12:23:42 #3 type] 
Type domain.Actividad is not enhanced.

[2023-05-13 12:23:42 #4 type.registry] 
New type domain.Encargado

[2023-05-13 12:23:42 #5 type] 
Type domain.Encargado is not enhanced.

[2023-05-13 12:23:42 #6 type.registry] 
New type domain.Usuario

[2023-05-13 12:23:42 #7 type] 
Type domain.Usuario is not enhanced.

[2023-05-13 12:23:42 #8 type.registry] 
New type domain.Sesion

[2023-05-13 12:23:42 #9 type] 
Type domain.Sesion is not enhanced.

[2023-05-13 12:23:42 #10 type.registry] 
New type domain.Sala

[2023-05-13 12:23:42 #11 type] 
Type domain.Sala is not enhanced.

[2023-05-13 12:23:42 #12 type.registry] 
New type java.util.ArrayList<java.lang.Object>

[2023-05-13 12:23:42 #13 type.registry] 
New type java.util.ArrayList<java.lang.String>

[2023-05-13 12:23:42 #14 type.registry] 
New type java.util.LinkedList<java.lang.Object>

[2023-05-13 12:23:42 #15 type.registry] 
New type java.util.LinkedList<domain.Usuario>

[2023-05-13 12:23:42 #16 type.registry] 
New type java.util.ArrayList<domain.Sesion>

------------------------------------------------------------------------------------------------------------------------

[2023-05-13 12:28:38 #1 server] 
Server on port 6136 has started by 9684@DESKTOP-490MKBR

