------------------------------------------------------------------------------------------------------------------------

[2023-05-10 10:23:32 #1 store] 
Database 'C:\Users\jonetxe13\Desktop\universidad\IS\Bets21-master\src\main\resources\bets.temp' has been recovered (tr. 1-15)

[2023-05-10 10:23:32 #2 store] 
Database 'C:\Users\jonetxe13\Desktop\universidad\IS\Bets21-master\src\main\resources\bets.temp' is opened by 7008@DESKTOP-490MKBR

[2023-05-10 10:23:32 #3 type] 
Type domain.Actividad is not enhanced.

[2023-05-10 10:23:32 #4 type] 
Type domain.Encargado is not enhanced.

[2023-05-10 10:23:32 #5 type] 
Type domain.Usuario is not enhanced.

[2023-05-10 10:23:32 #6 type] 
Type domain.Sesion is not enhanced.

[2023-05-10 10:23:32 #7 type] 
Type domain.Sala is not enhanced.

------------------------------------------------------------------------------------------------------------------------

[2023-05-10 10:23:37 #1 store] 
Database 'C:\Users\jonetxe13\Desktop\universidad\IS\Bets21-master\src\main\resources\bets.temp' is opened by 11732@DESKTOP-490MKBR

[2023-05-10 10:23:37 #2 type] 
Type domain.Actividad is not enhanced.

[2023-05-10 10:23:37 #3 type] 
Type domain.Encargado is not enhanced.

[2023-05-10 10:23:37 #4 type] 
Type domain.Usuario is not enhanced.

[2023-05-10 10:23:37 #5 type] 
Type domain.Sesion is not enhanced.

[2023-05-10 10:23:37 #6 type] 
Type domain.Sala is not enhanced.

------------------------------------------------------------------------------------------------------------------------

[2023-05-10 10:27:59 #1 store] 
Database 'C:\Users\jonetxe13\Desktop\universidad\IS\Bets21-master\src\main\resources\bets.temp' has been recovered (tr. 16-21)

[2023-05-10 10:27:59 #2 store] 
Database 'C:\Users\jonetxe13\Desktop\universidad\IS\Bets21-master\src\main\resources\bets.temp' is opened by 3736@DESKTOP-490MKBR

[2023-05-10 10:27:59 #3 type] 
Type domain.Actividad is not enhanced.

[2023-05-10 10:27:59 #4 type] 
Type domain.Encargado is not enhanced.

[2023-05-10 10:27:59 #5 type] 
Type domain.Usuario is not enhanced.

[2023-05-10 10:27:59 #6 type] 
Type domain.Sesion is not enhanced.

[2023-05-10 10:27:59 #7 type] 
Type domain.Sala is not enhanced.

------------------------------------------------------------------------------------------------------------------------

[2023-05-10 10:29:57 #1 store] 
Database 'C:\Users\jonetxe13\Desktop\universidad\IS\Bets21-master\src\main\resources\bets.temp' has been recovered (tr. 22-23)

[2023-05-10 10:29:57 #2 store] 
Database 'C:\Users\jonetxe13\Desktop\universidad\IS\Bets21-master\src\main\resources\bets.temp' is opened by 13476@DESKTOP-490MKBR

[2023-05-10 10:29:57 #3 type] 
Type domain.Actividad is not enhanced.

[2023-05-10 10:29:57 #4 type] 
Type domain.Encargado is not enhanced.

[2023-05-10 10:29:57 #5 type] 
Type domain.Usuario is not enhanced.

[2023-05-10 10:29:57 #6 type] 
Type domain.Sesion is not enhanced.

[2023-05-10 10:29:57 #7 type] 
Type domain.Sala is not enhanced.

------------------------------------------------------------------------------------------------------------------------

[2023-05-10 10:31:20 #1 store] 
Database 'C:\Users\jonetxe13\Desktop\universidad\IS\Bets21-master\src\main\resources\bets.temp' has been recovered (tr. 24-24)

[2023-05-10 10:31:20 #2 store] 
Database 'C:\Users\jonetxe13\Desktop\universidad\IS\Bets21-master\src\main\resources\bets.temp' is opened by 12520@DESKTOP-490MKBR

[2023-05-10 10:31:20 #3 type] 
Type domain.Actividad is not enhanced.

[2023-05-10 10:31:20 #4 type] 
Type domain.Encargado is not enhanced.

[2023-05-10 10:31:20 #5 type] 
Type domain.Usuario is not enhanced.

[2023-05-10 10:31:20 #6 type] 
Type domain.Sesion is not enhanced.

[2023-05-10 10:31:20 #7 type] 
Type domain.Sala is not enhanced.

------------------------------------------------------------------------------------------------------------------------

[2023-05-10 10:33:12 #1 store] 
Database 'C:\Users\jonetxe13\Desktop\universidad\IS\Bets21-master\src\main\resources\bets.temp' is opened by 2764@DESKTOP-490MKBR

[2023-05-10 10:33:12 #2 type] 
Type domain.Actividad is not enhanced.

[2023-05-10 10:33:12 #3 type] 
Type domain.Encargado is not enhanced.

[2023-05-10 10:33:12 #4 type] 
Type domain.Usuario is not enhanced.

[2023-05-10 10:33:12 #5 type] 
Type domain.Sesion is not enhanced.

[2023-05-10 10:33:12 #6 type] 
Type domain.Sala is not enhanced.

------------------------------------------------------------------------------------------------------------------------

[2023-05-10 10:34:51 #1 store] 
Database 'C:\Users\jonetxe13\Desktop\universidad\IS\Bets21-master\src\main\resources\bets.temp' is opened by 13204@DESKTOP-490MKBR

[2023-05-10 10:34:51 #2 type] 
Type domain.Actividad is not enhanced.

[2023-05-10 10:34:51 #3 type] 
Type domain.Encargado is not enhanced.

[2023-05-10 10:34:51 #4 type] 
Type domain.Usuario is not enhanced.

[2023-05-10 10:34:51 #5 type] 
Type domain.Sesion is not enhanced.

[2023-05-10 10:34:51 #6 type] 
Type domain.Sala is not enhanced.

------------------------------------------------------------------------------------------------------------------------

[2023-05-10 10:36:49 #1 store] 
Database 'C:\Users\jonetxe13\Desktop\universidad\IS\Bets21-master\src\main\resources\bets.temp' is opened by 8780@DESKTOP-490MKBR

[2023-05-10 10:36:49 #2 type] 
Type domain.Actividad is not enhanced.

[2023-05-10 10:36:49 #3 type] 
Type domain.Encargado is not enhanced.

[2023-05-10 10:36:49 #4 type] 
Type domain.Usuario is not enhanced.

[2023-05-10 10:36:49 #5 type] 
Type domain.Sesion is not enhanced.

[2023-05-10 10:36:49 #6 type] 
Type domain.Sala is not enhanced.

------------------------------------------------------------------------------------------------------------------------

[2023-05-10 10:39:11 #1 store] 
Database 'C:\Users\jonetxe13\Desktop\universidad\IS\Bets21-master\src\main\resources\bets.temp' is opened by 7780@DESKTOP-490MKBR

[2023-05-10 10:39:11 #2 type] 
Type domain.Actividad is not enhanced.

[2023-05-10 10:39:11 #3 type] 
Type domain.Encargado is not enhanced.

[2023-05-10 10:39:11 #4 type] 
Type domain.Usuario is not enhanced.

[2023-05-10 10:39:11 #5 type] 
Type domain.Sesion is not enhanced.

[2023-05-10 10:39:11 #6 type] 
Type domain.Sala is not enhanced.

------------------------------------------------------------------------------------------------------------------------

[2023-05-10 10:39:45 #1 store] 
Database 'C:\Users\jonetxe13\Desktop\universidad\IS\Bets21-master\src\main\resources\bets.temp' has been recovered (tr. 25-26)

[2023-05-10 10:39:45 #2 store] 
Database 'C:\Users\jonetxe13\Desktop\universidad\IS\Bets21-master\src\main\resources\bets.temp' is opened by 13100@DESKTOP-490MKBR

[2023-05-10 10:39:45 #3 type] 
Type domain.Actividad is not enhanced.

[2023-05-10 10:39:45 #4 type] 
Type domain.Encargado is not enhanced.

[2023-05-10 10:39:45 #5 type] 
Type domain.Usuario is not enhanced.

[2023-05-10 10:39:45 #6 type] 
Type domain.Sesion is not enhanced.

[2023-05-10 10:39:45 #7 type] 
Type domain.Sala is not enhanced.

------------------------------------------------------------------------------------------------------------------------

[2023-05-10 10:40:23 #1 store] 
Database 'C:\Users\jonetxe13\Desktop\universidad\IS\Bets21-master\src\main\resources\bets.temp' has been recovered (tr. 27-28)

[2023-05-10 10:40:23 #2 store] 
Database 'C:\Users\jonetxe13\Desktop\universidad\IS\Bets21-master\src\main\resources\bets.temp' is opened by 8220@DESKTOP-490MKBR

[2023-05-10 10:40:23 #3 type] 
Type domain.Actividad is not enhanced.

[2023-05-10 10:40:23 #4 type] 
Type domain.Encargado is not enhanced.

[2023-05-10 10:40:23 #5 type] 
Type domain.Usuario is not enhanced.

[2023-05-10 10:40:23 #6 type] 
Type domain.Sesion is not enhanced.

[2023-05-10 10:40:23 #7 type] 
Type domain.Sala is not enhanced.

