------------------------------------------------------------------------------------------------------------------------

[2023-05-12 08:03:19 #1 server] 
Server on port 8080 has started by 6780@DESKTOP-490MKBR

[2023-05-12 08:03:21 #2 store] 
Database 'C:\Users\jonetxe13\Desktop\universidad\IS\Bets21-master\src\main\resources\db\src\main\resources\bets.temp' is opened by 6780@DESKTOP-490MKBR

------------------------------------------------------------------------------------------------------------------------

[2023-05-12 08:03:21 #1 type.registry] 
New type domain.Encargado

[2023-05-12 08:03:21 #2 type] 
Type domain.Encargado is not enhanced.

[2023-05-12 08:03:21 #3 type.registry] 
New type domain.Usuario

[2023-05-12 08:03:21 #4 type] 
Type domain.Usuario is not enhanced.

[2023-05-12 08:03:21 #5 type.registry] 
New type domain.Actividad

[2023-05-12 08:03:21 #6 type] 
Type domain.Actividad is not enhanced.

[2023-05-12 08:03:21 #7 type.registry] 
New type domain.Sesion

[2023-05-12 08:03:21 #8 type] 
Type domain.Sesion is not enhanced.

[2023-05-12 08:03:21 #9 type.registry] 
New type domain.Sala

[2023-05-12 08:03:21 #10 type] 
Type domain.Sala is not enhanced.

[2023-05-12 08:03:21 #11 type.registry] 
New type java.util.ArrayList<java.lang.Object>

[2023-05-12 08:03:21 #12 type.registry] 
New type java.util.ArrayList<java.lang.String>

[2023-05-12 08:03:21 #13 type.registry] 
New type java.util.ArrayList<domain.Actividad>

[2023-05-12 08:03:21 #14 type.registry] 
New type java.util.LinkedList<java.lang.Object>

[2023-05-12 08:03:21 #15 type.registry] 
New type java.util.LinkedList<domain.Usuario>

[2023-05-12 08:03:21 #16 type.registry] 
New type java.util.ArrayList<domain.Sesion>

[2023-05-12 08:06:47 #3 store] 
Database 'C:\Users\jonetxe13\Desktop\universidad\IS\Bets21-master\src\main\resources\db\src\main\resources\bets.temp' is closed by 6780@DESKTOP-490MKBR

------------------------------------------------------------------------------------------------------------------------

[2023-05-12 08:07:19 #1 server] 
java.net.BindException: Address already in use: JVM_Bind
	at java.net.DualStackPlainSocketImpl.bind0(Native Method)
	at java.net.DualStackPlainSocketImpl.socketBind(Unknown Source)
	at java.net.AbstractPlainSocketImpl.bind(Unknown Source)
	at java.net.PlainSocketImpl.bind(Unknown Source)
	at java.net.ServerSocket.bind(Unknown Source)
	at java.net.ServerSocket.<init>(Unknown Source)
	at java.net.ServerSocket.<init>(Unknown Source)
	at com.objectdb.o.SMR.I(SMR.java:259)
	at com.objectdb.o.SMR.n(SMR.java:159)
	at com.objectdb.o.TOL.run(TOL.java:116)
	at com.objectdb.Server.runCommand(Server.java:200)
	at com.objectdb.Server.run(Server.java:104)
	at com.objectdb.Server.main(Server.java:63)

[2023-05-12 08:07:27 #4 store] 
Database 'C:\Users\jonetxe13\Desktop\universidad\IS\Bets21-master\src\main\resources\db\src\main\resources\bets.temp' is opened by 6780@DESKTOP-490MKBR

------------------------------------------------------------------------------------------------------------------------

[2023-05-12 08:07:27 #1 type.registry] 
New type domain.Encargado

[2023-05-12 08:07:27 #2 type] 
Type domain.Encargado is not enhanced.

[2023-05-12 08:07:27 #3 type.registry] 
New type domain.Usuario

[2023-05-12 08:07:27 #4 type] 
Type domain.Usuario is not enhanced.

[2023-05-12 08:07:27 #5 type.registry] 
New type domain.Actividad

[2023-05-12 08:07:27 #6 type] 
Type domain.Actividad is not enhanced.

[2023-05-12 08:07:27 #7 type.registry] 
New type domain.Sesion

[2023-05-12 08:07:27 #8 type] 
Type domain.Sesion is not enhanced.

[2023-05-12 08:07:27 #9 type.registry] 
New type domain.Sala

[2023-05-12 08:07:27 #10 type] 
Type domain.Sala is not enhanced.

[2023-05-12 08:07:27 #11 type.registry] 
New type java.util.ArrayList<java.lang.Object>

[2023-05-12 08:07:27 #12 type.registry] 
New type java.util.ArrayList<java.lang.String>

[2023-05-12 08:07:27 #13 type.registry] 
New type java.util.ArrayList<domain.Actividad>

[2023-05-12 08:07:27 #14 type.registry] 
New type java.util.LinkedList<java.lang.Object>

[2023-05-12 08:07:27 #15 type.registry] 
New type java.util.LinkedList<domain.Usuario>

[2023-05-12 08:07:27 #16 type.registry] 
New type java.util.ArrayList<domain.Sesion>

[2023-05-12 08:11:41 #5 store] 
Database 'C:\Users\jonetxe13\Desktop\universidad\IS\Bets21-master\src\main\resources\db\src\main\resources\bets.temp' is closed by 6780@DESKTOP-490MKBR

[2023-05-12 08:12:54 #6 store] 
Database 'C:\Users\jonetxe13\Desktop\universidad\IS\Bets21-master\src\main\resources\db\src\main\resources\bets.temp' is opened by 6780@DESKTOP-490MKBR

------------------------------------------------------------------------------------------------------------------------

[2023-05-12 08:12:55 #1 type.registry] 
New type domain.Encargado

[2023-05-12 08:12:55 #2 type] 
Type domain.Encargado is not enhanced.

[2023-05-12 08:12:55 #3 type.registry] 
New type domain.Usuario

[2023-05-12 08:12:55 #4 type] 
Type domain.Usuario is not enhanced.

[2023-05-12 08:12:55 #5 type.registry] 
New type domain.Actividad

[2023-05-12 08:12:55 #6 type] 
Type domain.Actividad is not enhanced.

[2023-05-12 08:12:55 #7 type.registry] 
New type domain.Sesion

[2023-05-12 08:12:55 #8 type] 
Type domain.Sesion is not enhanced.

[2023-05-12 08:12:55 #9 type.registry] 
New type domain.Sala

[2023-05-12 08:12:55 #10 type] 
Type domain.Sala is not enhanced.

[2023-05-12 08:12:55 #11 type.registry] 
New type java.util.ArrayList<java.lang.Object>

[2023-05-12 08:12:55 #12 type.registry] 
New type java.util.ArrayList<java.lang.String>

[2023-05-12 08:12:55 #13 type.registry] 
New type java.util.ArrayList<domain.Actividad>

[2023-05-12 08:12:55 #14 type.registry] 
New type java.util.LinkedList<java.lang.Object>

[2023-05-12 08:12:55 #15 type.registry] 
New type java.util.LinkedList<domain.Usuario>

[2023-05-12 08:12:55 #16 type.registry] 
New type java.util.ArrayList<domain.Sesion>

