------------------------------------------------------------------------------------------------------------------------

[2023-05-05 09:24:03 #1 store] 
Database 'C:\Users\jonetxe13\Desktop\universidad\IS\Bets21-master\src\main\resources\bets.temp' is opened by 9268@DESKTOP-490MKBR

[2023-05-05 09:24:03 #2 type.registry] 
New type domain.Usuario

[2023-05-05 09:24:03 #3 type] 
Type domain.Usuario is not enhanced.

[2023-05-05 09:24:03 #4 type.registry] 
New type domain.Sesion

[2023-05-05 09:24:03 #5 type] 
Type domain.Sesion is not enhanced.

[2023-05-05 09:24:03 #6 type.registry] 
New type domain.Sala

[2023-05-05 09:24:03 #7 type] 
Type domain.Sala is not enhanced.

[2023-05-05 09:24:03 #8 type.registry] 
New type java.util.ArrayList<java.lang.Object>

[2023-05-05 09:24:03 #9 type.registry] 
New type java.util.ArrayList<domain.Sesion>

------------------------------------------------------------------------------------------------------------------------

[2023-05-05 09:26:08 #1 store] 
Database 'C:\Users\jonetxe13\Desktop\universidad\IS\Bets21-master\src\main\resources\bets.temp' is opened by 4568@DESKTOP-490MKBR

[2023-05-05 09:26:08 #2 type.registry] 
New type domain.Usuario

[2023-05-05 09:26:08 #3 type] 
Type domain.Usuario is not enhanced.

[2023-05-05 09:26:08 #4 type.registry] 
New type domain.Sesion

[2023-05-05 09:26:08 #5 type] 
Type domain.Sesion is not enhanced.

[2023-05-05 09:26:08 #6 type.registry] 
New type domain.Sala

[2023-05-05 09:26:08 #7 type] 
Type domain.Sala is not enhanced.

[2023-05-05 09:26:08 #8 type.registry] 
New type java.util.ArrayList<java.lang.Object>

[2023-05-05 09:26:08 #9 type.registry] 
New type java.util.ArrayList<domain.Sesion>

------------------------------------------------------------------------------------------------------------------------

[2023-05-05 09:34:03 #1 store] 
Database 'C:\Users\jonetxe13\Desktop\universidad\IS\Bets21-master\src\main\resources\bets.temp' is opened by 8864@DESKTOP-490MKBR

[2023-05-05 09:34:03 #2 type.registry] 
New type domain.Usuario

[2023-05-05 09:34:03 #3 type] 
Type domain.Usuario is not enhanced.

[2023-05-05 09:34:03 #4 type.registry] 
New type domain.Sesion

[2023-05-05 09:34:03 #5 type] 
Type domain.Sesion is not enhanced.

[2023-05-05 09:34:03 #6 type.registry] 
New type domain.Sala

[2023-05-05 09:34:03 #7 type] 
Type domain.Sala is not enhanced.

[2023-05-05 09:34:03 #8 type.registry] 
New type java.util.ArrayList<java.lang.Object>

[2023-05-05 09:34:03 #9 type.registry] 
New type java.util.ArrayList<domain.Sesion>

------------------------------------------------------------------------------------------------------------------------

[2023-05-05 09:39:20 #1 store] 
Database 'C:\Users\jonetxe13\Desktop\universidad\IS\Bets21-master\src\main\resources\bets.temp' is opened by 4324@DESKTOP-490MKBR

[2023-05-05 09:39:20 #2 type.registry] 
New type domain.Usuario

[2023-05-05 09:39:20 #3 type] 
Type domain.Usuario is not enhanced.

[2023-05-05 09:39:20 #4 type.registry] 
New type domain.Sesion

[2023-05-05 09:39:20 #5 type] 
Type domain.Sesion is not enhanced.

[2023-05-05 09:39:20 #6 type.registry] 
New type domain.Sala

[2023-05-05 09:39:20 #7 type] 
Type domain.Sala is not enhanced.

[2023-05-05 09:39:20 #8 type.registry] 
New type java.util.ArrayList<java.lang.Object>

[2023-05-05 09:39:20 #9 type.registry] 
New type java.util.ArrayList<domain.Sesion>

------------------------------------------------------------------------------------------------------------------------

[2023-05-05 09:39:29 #1 store] 
Database 'C:\Users\jonetxe13\Desktop\universidad\IS\Bets21-master\src\main\resources\bets.temp' is opened by 11960@DESKTOP-490MKBR

[2023-05-05 09:39:29 #2 type.registry] 
New type domain.Usuario

[2023-05-05 09:39:29 #3 type] 
Type domain.Usuario is not enhanced.

[2023-05-05 09:39:29 #4 type.registry] 
New type domain.Sesion

[2023-05-05 09:39:29 #5 type] 
Type domain.Sesion is not enhanced.

[2023-05-05 09:39:29 #6 type.registry] 
New type domain.Sala

[2023-05-05 09:39:29 #7 type] 
Type domain.Sala is not enhanced.

[2023-05-05 09:39:29 #8 type.registry] 
New type java.util.ArrayList<java.lang.Object>

[2023-05-05 09:39:29 #9 type.registry] 
New type java.util.ArrayList<domain.Sesion>

------------------------------------------------------------------------------------------------------------------------

[2023-05-05 09:40:49 #1 store] 
Database 'C:\Users\jonetxe13\Desktop\universidad\IS\Bets21-master\src\main\resources\bets.temp' is opened by 4196@DESKTOP-490MKBR

[2023-05-05 09:40:49 #2 type.registry] 
New type domain.Usuario

[2023-05-05 09:40:49 #3 type] 
Type domain.Usuario is not enhanced.

[2023-05-05 09:40:49 #4 type.registry] 
New type domain.Sesion

[2023-05-05 09:40:49 #5 type] 
Type domain.Sesion is not enhanced.

[2023-05-05 09:40:49 #6 type.registry] 
New type domain.Sala

[2023-05-05 09:40:49 #7 type] 
Type domain.Sala is not enhanced.

[2023-05-05 09:40:49 #8 type.registry] 
New type java.util.ArrayList<java.lang.Object>

[2023-05-05 09:40:49 #9 type.registry] 
New type java.util.ArrayList<domain.Sesion>

------------------------------------------------------------------------------------------------------------------------

[2023-05-05 09:41:13 #1 store] 
Database 'C:\Users\jonetxe13\Desktop\universidad\IS\Bets21-master\src\main\resources\bets.temp' is opened by 1184@DESKTOP-490MKBR

[2023-05-05 09:41:13 #2 type.registry] 
New type domain.Usuario

[2023-05-05 09:41:13 #3 type] 
Type domain.Usuario is not enhanced.

[2023-05-05 09:41:13 #4 type.registry] 
New type domain.Sesion

[2023-05-05 09:41:13 #5 type] 
Type domain.Sesion is not enhanced.

[2023-05-05 09:41:13 #6 type.registry] 
New type domain.Sala

[2023-05-05 09:41:13 #7 type] 
Type domain.Sala is not enhanced.

[2023-05-05 09:41:13 #8 type.registry] 
New type java.util.ArrayList<java.lang.Object>

[2023-05-05 09:41:13 #9 type.registry] 
New type java.util.ArrayList<domain.Sesion>

------------------------------------------------------------------------------------------------------------------------

[2023-05-05 09:41:44 #1 store] 
Database 'C:\Users\jonetxe13\Desktop\universidad\IS\Bets21-master\src\main\resources\bets.temp' is opened by 3264@DESKTOP-490MKBR

[2023-05-05 09:41:44 #2 type.registry] 
New type domain.Usuario

[2023-05-05 09:41:44 #3 type] 
Type domain.Usuario is not enhanced.

[2023-05-05 09:41:44 #4 type.registry] 
New type domain.Sesion

[2023-05-05 09:41:44 #5 type] 
Type domain.Sesion is not enhanced.

[2023-05-05 09:41:44 #6 type.registry] 
New type domain.Sala

[2023-05-05 09:41:44 #7 type] 
Type domain.Sala is not enhanced.

[2023-05-05 09:41:44 #8 type.registry] 
New type java.util.ArrayList<java.lang.Object>

[2023-05-05 09:41:44 #9 type.registry] 
New type java.util.ArrayList<domain.Sesion>

------------------------------------------------------------------------------------------------------------------------

[2023-05-05 09:43:22 #1 store] 
Database 'C:\Users\jonetxe13\Desktop\universidad\IS\Bets21-master\src\main\resources\bets.temp' is opened by 4448@DESKTOP-490MKBR

[2023-05-05 09:43:22 #2 type.registry] 
New type domain.Usuario

[2023-05-05 09:43:22 #3 type] 
Type domain.Usuario is not enhanced.

[2023-05-05 09:43:22 #4 type.registry] 
New type domain.Sesion

[2023-05-05 09:43:22 #5 type] 
Type domain.Sesion is not enhanced.

[2023-05-05 09:43:22 #6 type.registry] 
New type domain.Sala

[2023-05-05 09:43:22 #7 type] 
Type domain.Sala is not enhanced.

[2023-05-05 09:43:22 #8 type.registry] 
New type java.util.ArrayList<java.lang.Object>

[2023-05-05 09:43:22 #9 type.registry] 
New type java.util.ArrayList<domain.Sesion>

------------------------------------------------------------------------------------------------------------------------

[2023-05-05 09:44:28 #1 store] 
Database 'C:\Users\jonetxe13\Desktop\universidad\IS\Bets21-master\src\main\resources\bets.temp' is opened by 2576@DESKTOP-490MKBR

[2023-05-05 09:44:29 #2 type.registry] 
New type domain.Usuario

[2023-05-05 09:44:29 #3 type] 
Type domain.Usuario is not enhanced.

[2023-05-05 09:44:29 #4 type.registry] 
New type domain.Sesion

[2023-05-05 09:44:29 #5 type] 
Type domain.Sesion is not enhanced.

[2023-05-05 09:44:29 #6 type.registry] 
New type domain.Sala

[2023-05-05 09:44:29 #7 type] 
Type domain.Sala is not enhanced.

[2023-05-05 09:44:29 #8 type.registry] 
New type java.util.ArrayList<java.lang.Object>

[2023-05-05 09:44:29 #9 type.registry] 
New type java.util.ArrayList<domain.Sesion>

------------------------------------------------------------------------------------------------------------------------

[2023-05-05 09:45:04 #1 store] 
Database 'C:\Users\jonetxe13\Desktop\universidad\IS\Bets21-master\src\main\resources\bets.temp' is opened by 3588@DESKTOP-490MKBR

[2023-05-05 09:45:04 #2 type.registry] 
New type domain.Usuario

[2023-05-05 09:45:04 #3 type] 
Type domain.Usuario is not enhanced.

[2023-05-05 09:45:04 #4 type.registry] 
New type domain.Sesion

[2023-05-05 09:45:04 #5 type] 
Type domain.Sesion is not enhanced.

[2023-05-05 09:45:04 #6 type.registry] 
New type domain.Sala

[2023-05-05 09:45:04 #7 type] 
Type domain.Sala is not enhanced.

[2023-05-05 09:45:04 #8 type.registry] 
New type java.util.ArrayList<java.lang.Object>

[2023-05-05 09:45:04 #9 type.registry] 
New type java.util.ArrayList<domain.Sesion>

------------------------------------------------------------------------------------------------------------------------

[2023-05-05 09:45:57 #1 store] 
Database 'C:\Users\jonetxe13\Desktop\universidad\IS\Bets21-master\src\main\resources\bets.temp' is opened by 10976@DESKTOP-490MKBR

[2023-05-05 09:45:57 #2 type.registry] 
New type domain.Usuario

[2023-05-05 09:45:57 #3 type] 
Type domain.Usuario is not enhanced.

[2023-05-05 09:45:57 #4 type.registry] 
New type domain.Sesion

[2023-05-05 09:45:57 #5 type] 
Type domain.Sesion is not enhanced.

[2023-05-05 09:45:57 #6 type.registry] 
New type domain.Sala

[2023-05-05 09:45:57 #7 type] 
Type domain.Sala is not enhanced.

[2023-05-05 09:45:57 #8 type.registry] 
New type java.util.ArrayList<java.lang.Object>

[2023-05-05 09:45:57 #9 type.registry] 
New type java.util.ArrayList<domain.Sesion>

------------------------------------------------------------------------------------------------------------------------

[2023-05-05 09:51:02 #1 store] 
Database 'C:\Users\jonetxe13\Desktop\universidad\IS\Bets21-master\src\main\resources\bets.temp' is opened by 3056@DESKTOP-490MKBR

[2023-05-05 09:51:02 #2 type.registry] 
New type domain.Usuario

[2023-05-05 09:51:02 #3 type] 
Type domain.Usuario is not enhanced.

[2023-05-05 09:51:03 #4 type.registry] 
New type domain.Sesion

[2023-05-05 09:51:03 #5 type] 
Type domain.Sesion is not enhanced.

[2023-05-05 09:51:03 #6 type.registry] 
New type domain.Sala

[2023-05-05 09:51:03 #7 type] 
Type domain.Sala is not enhanced.

[2023-05-05 09:51:03 #8 type.registry] 
New type java.util.ArrayList<java.lang.Object>

[2023-05-05 09:51:03 #9 type.registry] 
New type java.util.ArrayList<domain.Sesion>

------------------------------------------------------------------------------------------------------------------------

[2023-05-05 09:51:16 #1 store] 
Database 'C:\Users\jonetxe13\Desktop\universidad\IS\Bets21-master\src\main\resources\bets.temp' is opened by 2684@DESKTOP-490MKBR

[2023-05-05 09:51:16 #2 type.registry] 
New type domain.Usuario

[2023-05-05 09:51:16 #3 type] 
Type domain.Usuario is not enhanced.

[2023-05-05 09:51:16 #4 type.registry] 
New type domain.Sesion

[2023-05-05 09:51:16 #5 type] 
Type domain.Sesion is not enhanced.

[2023-05-05 09:51:16 #6 type.registry] 
New type domain.Sala

[2023-05-05 09:51:16 #7 type] 
Type domain.Sala is not enhanced.

[2023-05-05 09:51:16 #8 type.registry] 
New type java.util.ArrayList<java.lang.Object>

[2023-05-05 09:51:16 #9 type.registry] 
New type java.util.ArrayList<domain.Sesion>

------------------------------------------------------------------------------------------------------------------------

[2023-05-05 09:52:58 #1 store] 
Database 'C:\Users\jonetxe13\Desktop\universidad\IS\Bets21-master\src\main\resources\bets.temp' is opened by 10196@DESKTOP-490MKBR

[2023-05-05 09:52:58 #2 type.registry] 
New type domain.Usuario

[2023-05-05 09:52:58 #3 type] 
Type domain.Usuario is not enhanced.

[2023-05-05 09:52:58 #4 type.registry] 
New type domain.Sesion

[2023-05-05 09:52:58 #5 type] 
Type domain.Sesion is not enhanced.

[2023-05-05 09:52:58 #6 type.registry] 
New type domain.Sala

[2023-05-05 09:52:58 #7 type] 
Type domain.Sala is not enhanced.

[2023-05-05 09:52:58 #8 type.registry] 
New type java.util.ArrayList<java.lang.Object>

[2023-05-05 09:52:58 #9 type.registry] 
New type java.util.ArrayList<domain.Sesion>

------------------------------------------------------------------------------------------------------------------------

[2023-05-05 09:53:23 #1 store] 
Database 'C:\Users\jonetxe13\Desktop\universidad\IS\Bets21-master\src\main\resources\bets.temp' is opened by 9540@DESKTOP-490MKBR

[2023-05-05 09:53:23 #2 type.registry] 
New type domain.Usuario

[2023-05-05 09:53:23 #3 type] 
Type domain.Usuario is not enhanced.

[2023-05-05 09:53:23 #4 type.registry] 
New type domain.Sesion

[2023-05-05 09:53:23 #5 type] 
Type domain.Sesion is not enhanced.

[2023-05-05 09:53:23 #6 type.registry] 
New type domain.Sala

[2023-05-05 09:53:23 #7 type] 
Type domain.Sala is not enhanced.

[2023-05-05 09:53:23 #8 type.registry] 
New type java.util.ArrayList<java.lang.Object>

[2023-05-05 09:53:23 #9 type.registry] 
New type java.util.ArrayList<domain.Sesion>

------------------------------------------------------------------------------------------------------------------------

[2023-05-05 09:57:31 #1 store] 
Database 'C:\Users\jonetxe13\Desktop\universidad\IS\Bets21-master\src\main\resources\bets.temp' is opened by 7260@DESKTOP-490MKBR

[2023-05-05 09:57:31 #2 type.registry] 
New type domain.Usuario

[2023-05-05 09:57:31 #3 type] 
Type domain.Usuario is not enhanced.

[2023-05-05 09:57:31 #4 type.registry] 
New type domain.Sesion

[2023-05-05 09:57:31 #5 type] 
Type domain.Sesion is not enhanced.

[2023-05-05 09:57:31 #6 type.registry] 
New type domain.Sala

[2023-05-05 09:57:31 #7 type] 
Type domain.Sala is not enhanced.

[2023-05-05 09:57:31 #8 type.registry] 
New type java.util.ArrayList<java.lang.Object>

[2023-05-05 09:57:31 #9 type.registry] 
New type java.util.ArrayList<domain.Sesion>

------------------------------------------------------------------------------------------------------------------------

[2023-05-05 10:03:29 #1 store] 
Database 'C:\Users\jonetxe13\Desktop\universidad\IS\Bets21-master\src\main\resources\bets.temp' is opened by 6620@DESKTOP-490MKBR

[2023-05-05 10:03:29 #2 type.registry] 
New type domain.Usuario

[2023-05-05 10:03:29 #3 type] 
Type domain.Usuario is not enhanced.

[2023-05-05 10:03:29 #4 type.registry] 
New type domain.Sesion

[2023-05-05 10:03:29 #5 type] 
Type domain.Sesion is not enhanced.

[2023-05-05 10:03:29 #6 type.registry] 
New type domain.Sala

[2023-05-05 10:03:29 #7 type] 
Type domain.Sala is not enhanced.

[2023-05-05 10:03:29 #8 type.registry] 
New type java.util.ArrayList<java.lang.Object>

[2023-05-05 10:03:29 #9 type.registry] 
New type java.util.ArrayList<domain.Sesion>

------------------------------------------------------------------------------------------------------------------------

[2023-05-05 10:03:49 #1 store] 
Database 'C:\Users\jonetxe13\Desktop\universidad\IS\Bets21-master\src\main\resources\bets.temp' is opened by 3780@DESKTOP-490MKBR

[2023-05-05 10:03:49 #2 type.registry] 
New type domain.Usuario

[2023-05-05 10:03:49 #3 type] 
Type domain.Usuario is not enhanced.

[2023-05-05 10:03:49 #4 type.registry] 
New type domain.Sesion

[2023-05-05 10:03:49 #5 type] 
Type domain.Sesion is not enhanced.

[2023-05-05 10:03:49 #6 type.registry] 
New type domain.Sala

[2023-05-05 10:03:49 #7 type] 
Type domain.Sala is not enhanced.

[2023-05-05 10:03:49 #8 type.registry] 
New type java.util.ArrayList<java.lang.Object>

[2023-05-05 10:03:49 #9 type.registry] 
New type java.util.ArrayList<domain.Sesion>

------------------------------------------------------------------------------------------------------------------------

[2023-05-05 10:04:08 #1 store] 
Database 'C:\Users\jonetxe13\Desktop\universidad\IS\Bets21-master\src\main\resources\bets.temp' is opened by 6576@DESKTOP-490MKBR

[2023-05-05 10:04:08 #2 type.registry] 
New type domain.Usuario

[2023-05-05 10:04:08 #3 type] 
Type domain.Usuario is not enhanced.

[2023-05-05 10:04:08 #4 type.registry] 
New type domain.Sesion

[2023-05-05 10:04:08 #5 type] 
Type domain.Sesion is not enhanced.

[2023-05-05 10:04:08 #6 type.registry] 
New type domain.Sala

[2023-05-05 10:04:08 #7 type] 
Type domain.Sala is not enhanced.

[2023-05-05 10:04:08 #8 type.registry] 
New type java.util.ArrayList<java.lang.Object>

[2023-05-05 10:04:08 #9 type.registry] 
New type java.util.ArrayList<domain.Sesion>

------------------------------------------------------------------------------------------------------------------------

[2023-05-05 10:04:36 #1 store] 
Database 'C:\Users\jonetxe13\Desktop\universidad\IS\Bets21-master\src\main\resources\bets.temp' is opened by 2236@DESKTOP-490MKBR

[2023-05-05 10:04:36 #2 type.registry] 
New type domain.Usuario

[2023-05-05 10:04:36 #3 type] 
Type domain.Usuario is not enhanced.

[2023-05-05 10:04:36 #4 type.registry] 
New type domain.Sesion

[2023-05-05 10:04:36 #5 type] 
Type domain.Sesion is not enhanced.

[2023-05-05 10:04:36 #6 type.registry] 
New type domain.Sala

[2023-05-05 10:04:36 #7 type] 
Type domain.Sala is not enhanced.

[2023-05-05 10:04:36 #8 type.registry] 
New type java.util.ArrayList<java.lang.Object>

[2023-05-05 10:04:36 #9 type.registry] 
New type java.util.ArrayList<domain.Sesion>

------------------------------------------------------------------------------------------------------------------------

[2023-05-05 10:07:27 #1 store] 
Database 'C:\Users\jonetxe13\Desktop\universidad\IS\Bets21-master\src\main\resources\bets.temp' is opened by 3560@DESKTOP-490MKBR

[2023-05-05 10:07:27 #2 type.registry] 
New type domain.Usuario

[2023-05-05 10:07:27 #3 type] 
Type domain.Usuario is not enhanced.

[2023-05-05 10:07:27 #4 type.registry] 
New type domain.Sesion

[2023-05-05 10:07:27 #5 type] 
Type domain.Sesion is not enhanced.

[2023-05-05 10:07:27 #6 type.registry] 
New type domain.Sala

[2023-05-05 10:07:27 #7 type] 
Type domain.Sala is not enhanced.

[2023-05-05 10:07:27 #8 type.registry] 
New type java.util.ArrayList<java.lang.Object>

[2023-05-05 10:07:27 #9 type.registry] 
New type java.util.ArrayList<domain.Sesion>

------------------------------------------------------------------------------------------------------------------------

[2023-05-05 10:08:24 #1 store] 
Database 'C:\Users\jonetxe13\Desktop\universidad\IS\Bets21-master\src\main\resources\bets.temp' is opened by 1032@DESKTOP-490MKBR

[2023-05-05 10:08:24 #2 type.registry] 
New type domain.Usuario

[2023-05-05 10:08:24 #3 type] 
Type domain.Usuario is not enhanced.

[2023-05-05 10:08:24 #4 type.registry] 
New type domain.Sesion

[2023-05-05 10:08:24 #5 type] 
Type domain.Sesion is not enhanced.

[2023-05-05 10:08:24 #6 type.registry] 
New type domain.Sala

[2023-05-05 10:08:24 #7 type] 
Type domain.Sala is not enhanced.

[2023-05-05 10:08:24 #8 type.registry] 
New type java.util.ArrayList<java.lang.Object>

[2023-05-05 10:08:24 #9 type.registry] 
New type java.util.ArrayList<domain.Sesion>

------------------------------------------------------------------------------------------------------------------------

[2023-05-05 10:08:44 #1 store] 
Database 'C:\Users\jonetxe13\Desktop\universidad\IS\Bets21-master\src\main\resources\bets.temp' is opened by 6620@DESKTOP-490MKBR

[2023-05-05 10:08:44 #2 type.registry] 
New type domain.Usuario

[2023-05-05 10:08:44 #3 type] 
Type domain.Usuario is not enhanced.

[2023-05-05 10:08:44 #4 type.registry] 
New type domain.Sesion

[2023-05-05 10:08:44 #5 type] 
Type domain.Sesion is not enhanced.

[2023-05-05 10:08:44 #6 type.registry] 
New type domain.Sala

[2023-05-05 10:08:44 #7 type] 
Type domain.Sala is not enhanced.

[2023-05-05 10:08:44 #8 type.registry] 
New type java.util.ArrayList<java.lang.Object>

[2023-05-05 10:08:44 #9 type.registry] 
New type java.util.ArrayList<domain.Sesion>

------------------------------------------------------------------------------------------------------------------------

[2023-05-05 10:10:05 #1 store] 
Database 'C:\Users\jonetxe13\Desktop\universidad\IS\Bets21-master\src\main\resources\bets.temp' is opened by 6728@DESKTOP-490MKBR

[2023-05-05 10:10:05 #2 type.registry] 
New type domain.Usuario

[2023-05-05 10:10:05 #3 type] 
Type domain.Usuario is not enhanced.

[2023-05-05 10:10:05 #4 type.registry] 
New type domain.Sesion

[2023-05-05 10:10:05 #5 type] 
Type domain.Sesion is not enhanced.

[2023-05-05 10:10:05 #6 type.registry] 
New type domain.Sala

[2023-05-05 10:10:05 #7 type] 
Type domain.Sala is not enhanced.

[2023-05-05 10:10:05 #8 type.registry] 
New type java.util.ArrayList<java.lang.Object>

[2023-05-05 10:10:05 #9 type.registry] 
New type java.util.ArrayList<domain.Sesion>

------------------------------------------------------------------------------------------------------------------------

[2023-05-05 10:10:32 #1 store] 
Database 'C:\Users\jonetxe13\Desktop\universidad\IS\Bets21-master\src\main\resources\bets.temp' is opened by 7568@DESKTOP-490MKBR

[2023-05-05 10:10:33 #2 type.registry] 
New type domain.Usuario

[2023-05-05 10:10:33 #3 type] 
Type domain.Usuario is not enhanced.

[2023-05-05 10:10:33 #4 type.registry] 
New type domain.Sesion

[2023-05-05 10:10:33 #5 type] 
Type domain.Sesion is not enhanced.

[2023-05-05 10:10:33 #6 type.registry] 
New type domain.Sala

[2023-05-05 10:10:33 #7 type] 
Type domain.Sala is not enhanced.

[2023-05-05 10:10:33 #8 type.registry] 
New type java.util.ArrayList<java.lang.Object>

[2023-05-05 10:10:33 #9 type.registry] 
New type java.util.ArrayList<domain.Sesion>

------------------------------------------------------------------------------------------------------------------------

[2023-05-05 10:11:44 #1 store] 
Database 'C:\Users\jonetxe13\Desktop\universidad\IS\Bets21-master\src\main\resources\bets.temp' is opened by 10252@DESKTOP-490MKBR

[2023-05-05 10:11:44 #2 type.registry] 
New type domain.Usuario

[2023-05-05 10:11:44 #3 type] 
Type domain.Usuario is not enhanced.

[2023-05-05 10:11:44 #4 type.registry] 
New type domain.Sesion

[2023-05-05 10:11:44 #5 type] 
Type domain.Sesion is not enhanced.

[2023-05-05 10:11:44 #6 type.registry] 
New type domain.Sala

[2023-05-05 10:11:44 #7 type] 
Type domain.Sala is not enhanced.

[2023-05-05 10:11:44 #8 type.registry] 
New type java.util.ArrayList<java.lang.Object>

[2023-05-05 10:11:44 #9 type.registry] 
New type java.util.ArrayList<domain.Sesion>

------------------------------------------------------------------------------------------------------------------------

[2023-05-05 10:12:12 #1 store] 
Database 'C:\Users\jonetxe13\Desktop\universidad\IS\Bets21-master\src\main\resources\bets.temp' is opened by 1848@DESKTOP-490MKBR

[2023-05-05 10:12:12 #2 type.registry] 
New type domain.Usuario

[2023-05-05 10:12:12 #3 type] 
Type domain.Usuario is not enhanced.

[2023-05-05 10:12:12 #4 type.registry] 
New type domain.Sesion

[2023-05-05 10:12:12 #5 type] 
Type domain.Sesion is not enhanced.

[2023-05-05 10:12:12 #6 type.registry] 
New type domain.Sala

[2023-05-05 10:12:12 #7 type] 
Type domain.Sala is not enhanced.

[2023-05-05 10:12:12 #8 type.registry] 
New type java.util.ArrayList<java.lang.Object>

[2023-05-05 10:12:12 #9 type.registry] 
New type java.util.ArrayList<domain.Sesion>

------------------------------------------------------------------------------------------------------------------------

[2023-05-05 10:12:24 #1 store] 
Database 'C:\Users\jonetxe13\Desktop\universidad\IS\Bets21-master\src\main\resources\bets.temp' is opened by 9188@DESKTOP-490MKBR

[2023-05-05 10:12:24 #2 type.registry] 
New type domain.Usuario

[2023-05-05 10:12:24 #3 type] 
Type domain.Usuario is not enhanced.

[2023-05-05 10:12:24 #4 type.registry] 
New type domain.Sesion

[2023-05-05 10:12:24 #5 type] 
Type domain.Sesion is not enhanced.

[2023-05-05 10:12:24 #6 type.registry] 
New type domain.Sala

[2023-05-05 10:12:24 #7 type] 
Type domain.Sala is not enhanced.

[2023-05-05 10:12:24 #8 type.registry] 
New type java.util.ArrayList<java.lang.Object>

[2023-05-05 10:12:24 #9 type.registry] 
New type java.util.ArrayList<domain.Sesion>

------------------------------------------------------------------------------------------------------------------------

[2023-05-05 10:16:15 #1 store] 
Database 'C:\Users\jonetxe13\Desktop\universidad\IS\Bets21-master\src\main\resources\bets.temp' is opened by 9236@DESKTOP-490MKBR

[2023-05-05 10:16:15 #2 type.registry] 
New type domain.Usuario

[2023-05-05 10:16:15 #3 type] 
Type domain.Usuario is not enhanced.

[2023-05-05 10:16:15 #4 type.registry] 
New type domain.Sesion

[2023-05-05 10:16:15 #5 type] 
Type domain.Sesion is not enhanced.

[2023-05-05 10:16:15 #6 type.registry] 
New type domain.Sala

[2023-05-05 10:16:15 #7 type] 
Type domain.Sala is not enhanced.

[2023-05-05 10:16:15 #8 type.registry] 
New type java.util.ArrayList<java.lang.Object>

[2023-05-05 10:16:15 #9 type.registry] 
New type java.util.ArrayList<domain.Sesion>

------------------------------------------------------------------------------------------------------------------------

[2023-05-05 10:16:31 #1 store] 
Database 'C:\Users\jonetxe13\Desktop\universidad\IS\Bets21-master\src\main\resources\bets.temp' is opened by 6800@DESKTOP-490MKBR

[2023-05-05 10:16:32 #2 type.registry] 
New type domain.Usuario

[2023-05-05 10:16:32 #3 type] 
Type domain.Usuario is not enhanced.

[2023-05-05 10:16:32 #4 type.registry] 
New type domain.Sesion

[2023-05-05 10:16:32 #5 type] 
Type domain.Sesion is not enhanced.

[2023-05-05 10:16:32 #6 type.registry] 
New type domain.Sala

[2023-05-05 10:16:32 #7 type] 
Type domain.Sala is not enhanced.

[2023-05-05 10:16:32 #8 type.registry] 
New type java.util.ArrayList<java.lang.Object>

[2023-05-05 10:16:32 #9 type.registry] 
New type java.util.ArrayList<domain.Sesion>

------------------------------------------------------------------------------------------------------------------------

[2023-05-05 10:16:52 #1 store] 
Database 'C:\Users\jonetxe13\Desktop\universidad\IS\Bets21-master\src\main\resources\bets.temp' is opened by 9880@DESKTOP-490MKBR

[2023-05-05 10:16:53 #2 type.registry] 
New type domain.Usuario

[2023-05-05 10:16:53 #3 type] 
Type domain.Usuario is not enhanced.

[2023-05-05 10:16:53 #4 type.registry] 
New type domain.Sesion

[2023-05-05 10:16:53 #5 type] 
Type domain.Sesion is not enhanced.

[2023-05-05 10:16:53 #6 type.registry] 
New type domain.Sala

[2023-05-05 10:16:53 #7 type] 
Type domain.Sala is not enhanced.

[2023-05-05 10:16:53 #8 type.registry] 
New type java.util.ArrayList<java.lang.Object>

[2023-05-05 10:16:53 #9 type.registry] 
New type java.util.ArrayList<domain.Sesion>

------------------------------------------------------------------------------------------------------------------------

[2023-05-05 10:23:14 #1 store] 
Database 'C:\Users\jonetxe13\Desktop\universidad\IS\Bets21-master\src\main\resources\bets.temp' is opened by 320@DESKTOP-490MKBR

[2023-05-05 10:23:14 #2 type.registry] 
New type domain.Usuario

[2023-05-05 10:23:14 #3 type] 
Type domain.Usuario is not enhanced.

[2023-05-05 10:23:14 #4 type.registry] 
New type domain.Sesion

[2023-05-05 10:23:14 #5 type] 
Type domain.Sesion is not enhanced.

[2023-05-05 10:23:14 #6 type.registry] 
New type domain.Sala

[2023-05-05 10:23:14 #7 type] 
Type domain.Sala is not enhanced.

[2023-05-05 10:23:14 #8 type.registry] 
New type java.util.ArrayList<java.lang.Object>

[2023-05-05 10:23:14 #9 type.registry] 
New type java.util.ArrayList<domain.Sesion>

------------------------------------------------------------------------------------------------------------------------

[2023-05-05 10:23:45 #1 store] 
Database 'C:\Users\jonetxe13\Desktop\universidad\IS\Bets21-master\src\main\resources\bets.temp' is opened by 8556@DESKTOP-490MKBR

[2023-05-05 10:23:45 #2 type.registry] 
New type domain.Usuario

[2023-05-05 10:23:45 #3 type] 
Type domain.Usuario is not enhanced.

[2023-05-05 10:23:45 #4 type.registry] 
New type domain.Sesion

[2023-05-05 10:23:45 #5 type] 
Type domain.Sesion is not enhanced.

[2023-05-05 10:23:45 #6 type.registry] 
New type domain.Sala

[2023-05-05 10:23:45 #7 type] 
Type domain.Sala is not enhanced.

[2023-05-05 10:23:45 #8 type.registry] 
New type java.util.ArrayList<java.lang.Object>

[2023-05-05 10:23:45 #9 type.registry] 
New type java.util.ArrayList<domain.Sesion>

------------------------------------------------------------------------------------------------------------------------

[2023-05-05 10:24:19 #1 store] 
Database 'C:\Users\jonetxe13\Desktop\universidad\IS\Bets21-master\src\main\resources\bets.temp' is opened by 7900@DESKTOP-490MKBR

[2023-05-05 10:24:19 #2 type.registry] 
New type domain.Usuario

[2023-05-05 10:24:19 #3 type] 
Type domain.Usuario is not enhanced.

[2023-05-05 10:24:19 #4 type.registry] 
New type domain.Sesion

[2023-05-05 10:24:19 #5 type] 
Type domain.Sesion is not enhanced.

[2023-05-05 10:24:19 #6 type.registry] 
New type domain.Sala

[2023-05-05 10:24:19 #7 type] 
Type domain.Sala is not enhanced.

[2023-05-05 10:24:19 #8 type.registry] 
New type java.util.ArrayList<java.lang.Object>

[2023-05-05 10:24:19 #9 type.registry] 
New type java.util.ArrayList<domain.Sesion>

------------------------------------------------------------------------------------------------------------------------

[2023-05-05 10:26:45 #1 store] 
Database 'C:\Users\jonetxe13\Desktop\universidad\IS\Bets21-master\src\main\resources\bets.temp' is opened by 10416@DESKTOP-490MKBR

[2023-05-05 10:26:45 #2 type.registry] 
New type domain.Usuario

[2023-05-05 10:26:45 #3 type] 
Type domain.Usuario is not enhanced.

[2023-05-05 10:26:45 #4 type.registry] 
New type domain.Sesion

[2023-05-05 10:26:45 #5 type] 
Type domain.Sesion is not enhanced.

[2023-05-05 10:26:45 #6 type.registry] 
New type domain.Sala

[2023-05-05 10:26:45 #7 type] 
Type domain.Sala is not enhanced.

[2023-05-05 10:26:45 #8 type.registry] 
New type java.util.ArrayList<java.lang.Object>

[2023-05-05 10:26:45 #9 type.registry] 
New type java.util.ArrayList<domain.Sesion>

------------------------------------------------------------------------------------------------------------------------

[2023-05-05 10:27:23 #1 store] 
Database 'C:\Users\jonetxe13\Desktop\universidad\IS\Bets21-master\src\main\resources\bets.temp' is opened by 6628@DESKTOP-490MKBR

[2023-05-05 10:27:23 #2 type.registry] 
New type domain.Usuario

[2023-05-05 10:27:23 #3 type] 
Type domain.Usuario is not enhanced.

[2023-05-05 10:27:23 #4 type.registry] 
New type domain.Sesion

[2023-05-05 10:27:23 #5 type] 
Type domain.Sesion is not enhanced.

[2023-05-05 10:27:23 #6 type.registry] 
New type domain.Sala

[2023-05-05 10:27:23 #7 type] 
Type domain.Sala is not enhanced.

[2023-05-05 10:27:23 #8 type.registry] 
New type java.util.ArrayList<java.lang.Object>

[2023-05-05 10:27:23 #9 type.registry] 
New type java.util.ArrayList<domain.Sesion>

------------------------------------------------------------------------------------------------------------------------

[2023-05-05 10:32:34 #1 store] 
Database 'C:\Users\jonetxe13\Desktop\universidad\IS\Bets21-master\src\main\resources\bets.temp' is opened by 8332@DESKTOP-490MKBR

[2023-05-05 10:32:34 #2 type.registry] 
New type domain.Usuario

[2023-05-05 10:32:34 #3 type] 
Type domain.Usuario is not enhanced.

[2023-05-05 10:32:34 #4 type.registry] 
New type domain.Sesion

[2023-05-05 10:32:34 #5 type] 
Type domain.Sesion is not enhanced.

[2023-05-05 10:32:34 #6 type.registry] 
New type domain.Sala

[2023-05-05 10:32:34 #7 type] 
Type domain.Sala is not enhanced.

[2023-05-05 10:32:34 #8 type.registry] 
New type java.util.ArrayList<java.lang.Object>

[2023-05-05 10:32:34 #9 type.registry] 
New type java.util.ArrayList<domain.Sesion>

------------------------------------------------------------------------------------------------------------------------

[2023-05-05 10:33:20 #1 store] 
Database 'C:\Users\jonetxe13\Desktop\universidad\IS\Bets21-master\src\main\resources\bets.temp' is opened by 10376@DESKTOP-490MKBR

[2023-05-05 10:33:20 #2 type.registry] 
New type domain.Usuario

[2023-05-05 10:33:20 #3 type] 
Type domain.Usuario is not enhanced.

[2023-05-05 10:33:20 #4 type.registry] 
New type domain.Sesion

[2023-05-05 10:33:20 #5 type] 
Type domain.Sesion is not enhanced.

[2023-05-05 10:33:20 #6 type.registry] 
New type domain.Sala

[2023-05-05 10:33:20 #7 type] 
Type domain.Sala is not enhanced.

[2023-05-05 10:33:20 #8 type.registry] 
New type java.util.ArrayList<java.lang.Object>

[2023-05-05 10:33:20 #9 type.registry] 
New type java.util.ArrayList<domain.Sesion>

------------------------------------------------------------------------------------------------------------------------

[2023-05-05 10:33:57 #1 store] 
Database 'C:\Users\jonetxe13\Desktop\universidad\IS\Bets21-master\src\main\resources\bets.temp' is opened by 2568@DESKTOP-490MKBR

[2023-05-05 10:33:57 #2 type.registry] 
New type domain.Usuario

[2023-05-05 10:33:57 #3 type] 
Type domain.Usuario is not enhanced.

[2023-05-05 10:33:57 #4 type.registry] 
New type domain.Sesion

[2023-05-05 10:33:57 #5 type] 
Type domain.Sesion is not enhanced.

[2023-05-05 10:33:57 #6 type.registry] 
New type domain.Sala

[2023-05-05 10:33:57 #7 type] 
Type domain.Sala is not enhanced.

[2023-05-05 10:33:57 #8 type.registry] 
New type java.util.ArrayList<java.lang.Object>

[2023-05-05 10:33:57 #9 type.registry] 
New type java.util.ArrayList<domain.Sesion>

------------------------------------------------------------------------------------------------------------------------

[2023-05-05 10:34:27 #1 store] 
Database 'C:\Users\jonetxe13\Desktop\universidad\IS\Bets21-master\src\main\resources\bets.temp' is opened by 2360@DESKTOP-490MKBR

[2023-05-05 10:34:27 #2 type.registry] 
New type domain.Usuario

[2023-05-05 10:34:27 #3 type] 
Type domain.Usuario is not enhanced.

[2023-05-05 10:34:27 #4 type.registry] 
New type domain.Sesion

[2023-05-05 10:34:27 #5 type] 
Type domain.Sesion is not enhanced.

[2023-05-05 10:34:27 #6 type.registry] 
New type domain.Sala

[2023-05-05 10:34:27 #7 type] 
Type domain.Sala is not enhanced.

[2023-05-05 10:34:27 #8 type.registry] 
New type java.util.ArrayList<java.lang.Object>

[2023-05-05 10:34:27 #9 type.registry] 
New type java.util.ArrayList<domain.Sesion>

------------------------------------------------------------------------------------------------------------------------

[2023-05-05 10:34:58 #1 store] 
Database 'C:\Users\jonetxe13\Desktop\universidad\IS\Bets21-master\src\main\resources\bets.temp' is opened by 4012@DESKTOP-490MKBR

[2023-05-05 10:34:58 #2 type.registry] 
New type domain.Usuario

[2023-05-05 10:34:58 #3 type] 
Type domain.Usuario is not enhanced.

[2023-05-05 10:34:58 #4 type.registry] 
New type domain.Sesion

[2023-05-05 10:34:58 #5 type] 
Type domain.Sesion is not enhanced.

[2023-05-05 10:34:58 #6 type.registry] 
New type domain.Sala

[2023-05-05 10:34:58 #7 type] 
Type domain.Sala is not enhanced.

[2023-05-05 10:34:58 #8 type.registry] 
New type java.util.ArrayList<java.lang.Object>

[2023-05-05 10:34:58 #9 type.registry] 
New type java.util.ArrayList<domain.Sesion>

------------------------------------------------------------------------------------------------------------------------

[2023-05-05 10:37:27 #1 store] 
Database 'C:\Users\jonetxe13\Desktop\universidad\IS\Bets21-master\src\main\resources\bets.temp' is opened by 3444@DESKTOP-490MKBR

[2023-05-05 10:37:28 #2 type.registry] 
New type domain.Usuario

[2023-05-05 10:37:28 #3 type] 
Type domain.Usuario is not enhanced.

[2023-05-05 10:37:28 #4 type.registry] 
New type domain.Sesion

[2023-05-05 10:37:28 #5 type] 
Type domain.Sesion is not enhanced.

[2023-05-05 10:37:28 #6 type.registry] 
New type domain.Sala

[2023-05-05 10:37:28 #7 type] 
Type domain.Sala is not enhanced.

[2023-05-05 10:37:28 #8 type.registry] 
New type java.util.ArrayList<java.lang.Object>

[2023-05-05 10:37:28 #9 type.registry] 
New type java.util.ArrayList<domain.Sesion>

------------------------------------------------------------------------------------------------------------------------

[2023-05-05 10:45:20 #1 store] 
Database 'C:\Users\jonetxe13\Desktop\universidad\IS\Bets21-master\src\main\resources\bets.temp' is opened by 7144@DESKTOP-490MKBR

[2023-05-05 10:45:20 #2 type.registry] 
New type domain.Usuario

[2023-05-05 10:45:20 #3 type] 
Type domain.Usuario is not enhanced.

[2023-05-05 10:45:20 #4 type.registry] 
New type domain.Sesion

[2023-05-05 10:45:20 #5 type] 
Type domain.Sesion is not enhanced.

[2023-05-05 10:45:20 #6 type.registry] 
New type domain.Sala

[2023-05-05 10:45:20 #7 type] 
Type domain.Sala is not enhanced.

[2023-05-05 10:45:20 #8 type.registry] 
New type java.util.ArrayList<java.lang.Object>

[2023-05-05 10:45:20 #9 type.registry] 
New type java.util.ArrayList<domain.Sesion>

------------------------------------------------------------------------------------------------------------------------

[2023-05-05 10:45:34 #1 store] 
Database 'C:\Users\jonetxe13\Desktop\universidad\IS\Bets21-master\src\main\resources\bets.temp' is opened by 1800@DESKTOP-490MKBR

[2023-05-05 10:45:34 #2 type.registry] 
New type domain.Usuario

[2023-05-05 10:45:34 #3 type] 
Type domain.Usuario is not enhanced.

[2023-05-05 10:45:34 #4 type.registry] 
New type domain.Sesion

[2023-05-05 10:45:34 #5 type] 
Type domain.Sesion is not enhanced.

[2023-05-05 10:45:34 #6 type.registry] 
New type domain.Sala

[2023-05-05 10:45:34 #7 type] 
Type domain.Sala is not enhanced.

[2023-05-05 10:45:34 #8 type.registry] 
New type java.util.ArrayList<java.lang.Object>

[2023-05-05 10:45:34 #9 type.registry] 
New type java.util.ArrayList<domain.Sesion>

------------------------------------------------------------------------------------------------------------------------

[2023-05-05 10:59:33 #1 store] 
Database 'C:\Users\jonetxe13\Desktop\universidad\IS\Bets21-master\src\main\resources\bets.temp' is opened by 3868@DESKTOP-490MKBR

[2023-05-05 10:59:33 #2 type.registry] 
New type domain.Usuario

[2023-05-05 10:59:33 #3 type] 
Type domain.Usuario is not enhanced.

[2023-05-05 10:59:33 #4 type.registry] 
New type domain.Actividad

[2023-05-05 10:59:33 #5 type] 
Type domain.Actividad is not enhanced.

[2023-05-05 10:59:33 #6 type.registry] 
New type domain.Sesion

[2023-05-05 10:59:33 #7 type] 
Type domain.Sesion is not enhanced.

[2023-05-05 10:59:33 #8 type.registry] 
New type domain.Sala

[2023-05-05 10:59:33 #9 type] 
Type domain.Sala is not enhanced.

[2023-05-05 10:59:33 #10 type.registry] 
New type java.util.ArrayList<java.lang.Object>

[2023-05-05 10:59:33 #11 type.registry] 
New type java.util.ArrayList<domain.Actividad>

[2023-05-05 10:59:33 #12 type.registry] 
New type java.util.ArrayList<domain.Sesion>

------------------------------------------------------------------------------------------------------------------------

[2023-05-05 11:00:29 #1 store] 
Database 'C:\Users\jonetxe13\Desktop\universidad\IS\Bets21-master\src\main\resources\bets.temp' is opened by 10792@DESKTOP-490MKBR

[2023-05-05 11:00:29 #2 type.registry] 
New type domain.Usuario

[2023-05-05 11:00:29 #3 type] 
Type domain.Usuario is not enhanced.

[2023-05-05 11:00:29 #4 type.registry] 
New type domain.Actividad

[2023-05-05 11:00:29 #5 type] 
Type domain.Actividad is not enhanced.

[2023-05-05 11:00:29 #6 type.registry] 
New type domain.Sesion

[2023-05-05 11:00:29 #7 type] 
Type domain.Sesion is not enhanced.

[2023-05-05 11:00:29 #8 type.registry] 
New type domain.Sala

[2023-05-05 11:00:29 #9 type] 
Type domain.Sala is not enhanced.

[2023-05-05 11:00:29 #10 type.registry] 
New type java.util.ArrayList<java.lang.Object>

[2023-05-05 11:00:29 #11 type.registry] 
New type java.util.ArrayList<domain.Actividad>

[2023-05-05 11:00:29 #12 type.registry] 
New type java.util.ArrayList<domain.Sesion>

------------------------------------------------------------------------------------------------------------------------

[2023-05-05 11:00:53 #1 store] 
Database 'C:\Users\jonetxe13\Desktop\universidad\IS\Bets21-master\src\main\resources\bets.temp' is opened by 4260@DESKTOP-490MKBR

[2023-05-05 11:00:53 #2 type.registry] 
New type domain.Usuario

[2023-05-05 11:00:53 #3 type] 
Type domain.Usuario is not enhanced.

[2023-05-05 11:00:53 #4 type.registry] 
New type domain.Actividad

[2023-05-05 11:00:53 #5 type] 
Type domain.Actividad is not enhanced.

[2023-05-05 11:00:53 #6 type.registry] 
New type domain.Sesion

[2023-05-05 11:00:53 #7 type] 
Type domain.Sesion is not enhanced.

[2023-05-05 11:00:53 #8 type.registry] 
New type domain.Sala

[2023-05-05 11:00:53 #9 type] 
Type domain.Sala is not enhanced.

[2023-05-05 11:00:53 #10 type.registry] 
New type java.util.ArrayList<java.lang.Object>

[2023-05-05 11:00:53 #11 type.registry] 
New type java.util.ArrayList<domain.Actividad>

[2023-05-05 11:00:53 #12 type.registry] 
New type java.util.ArrayList<domain.Sesion>

------------------------------------------------------------------------------------------------------------------------

[2023-05-05 11:01:33 #1 store] 
Database 'C:\Users\jonetxe13\Desktop\universidad\IS\Bets21-master\src\main\resources\bets.temp' is opened by 7776@DESKTOP-490MKBR

[2023-05-05 11:01:33 #2 type.registry] 
New type domain.Usuario

[2023-05-05 11:01:33 #3 type] 
Type domain.Usuario is not enhanced.

[2023-05-05 11:01:33 #4 type.registry] 
New type domain.Actividad

[2023-05-05 11:01:33 #5 type] 
Type domain.Actividad is not enhanced.

[2023-05-05 11:01:33 #6 type.registry] 
New type domain.Sesion

[2023-05-05 11:01:33 #7 type] 
Type domain.Sesion is not enhanced.

[2023-05-05 11:01:33 #8 type.registry] 
New type domain.Sala

[2023-05-05 11:01:33 #9 type] 
Type domain.Sala is not enhanced.

[2023-05-05 11:01:33 #10 type.registry] 
New type java.util.ArrayList<java.lang.Object>

[2023-05-05 11:01:33 #11 type.registry] 
New type java.util.ArrayList<domain.Actividad>

[2023-05-05 11:01:33 #12 type.registry] 
New type java.util.ArrayList<domain.Sesion>

------------------------------------------------------------------------------------------------------------------------

[2023-05-05 12:33:17 #1 store] 
Database 'C:\Users\jonetxe13\Desktop\universidad\IS\Bets21-master\src\main\resources\bets.temp' is opened by 8160@DESKTOP-490MKBR

[2023-05-05 12:33:17 #2 type.registry] 
New type domain.Usuario

[2023-05-05 12:33:17 #3 type] 
Type domain.Usuario is not enhanced.

[2023-05-05 12:33:17 #4 type.registry] 
New type domain.Actividad

[2023-05-05 12:33:17 #5 type] 
Type domain.Actividad is not enhanced.

[2023-05-05 12:33:17 #6 type.registry] 
New type domain.Sesion

[2023-05-05 12:33:17 #7 type] 
Type domain.Sesion is not enhanced.

[2023-05-05 12:33:17 #8 type.registry] 
New type domain.Sala

[2023-05-05 12:33:17 #9 type] 
Type domain.Sala is not enhanced.

[2023-05-05 12:33:17 #10 type.registry] 
New type java.util.ArrayList<java.lang.Object>

[2023-05-05 12:33:17 #11 type.registry] 
New type java.util.ArrayList<domain.Actividad>

[2023-05-05 12:33:17 #12 type.registry] 
New type java.util.ArrayList<domain.Sesion>

------------------------------------------------------------------------------------------------------------------------

[2023-05-05 12:35:11 #1 store] 
Database 'C:\Users\jonetxe13\Desktop\universidad\IS\Bets21-master\src\main\resources\bets.temp' is opened by 9944@DESKTOP-490MKBR

[2023-05-05 12:35:11 #2 type.registry] 
New type domain.Usuario

[2023-05-05 12:35:11 #3 type] 
Type domain.Usuario is not enhanced.

[2023-05-05 12:35:11 #4 type.registry] 
New type domain.Actividad

[2023-05-05 12:35:11 #5 type] 
Type domain.Actividad is not enhanced.

[2023-05-05 12:35:11 #6 type.registry] 
New type domain.Sesion

[2023-05-05 12:35:11 #7 type] 
Type domain.Sesion is not enhanced.

[2023-05-05 12:35:11 #8 type.registry] 
New type domain.Sala

[2023-05-05 12:35:11 #9 type] 
Type domain.Sala is not enhanced.

[2023-05-05 12:35:11 #10 type.registry] 
New type java.util.ArrayList<java.lang.Object>

[2023-05-05 12:35:11 #11 type.registry] 
New type java.util.ArrayList<domain.Actividad>

[2023-05-05 12:35:11 #12 type.registry] 
New type java.util.ArrayList<domain.Sesion>

------------------------------------------------------------------------------------------------------------------------

[2023-05-05 12:46:08 #1 store] 
Database 'C:\Users\jonetxe13\Desktop\universidad\IS\Bets21-master\src\main\resources\bets.temp' is opened by 668@DESKTOP-490MKBR

[2023-05-05 12:46:08 #2 type.registry] 
New type domain.Usuario

[2023-05-05 12:46:08 #3 type] 
Type domain.Usuario is not enhanced.

[2023-05-05 12:46:08 #4 type.registry] 
New type domain.Actividad

[2023-05-05 12:46:08 #5 type] 
Type domain.Actividad is not enhanced.

[2023-05-05 12:46:08 #6 type.registry] 
New type domain.Sesion

[2023-05-05 12:46:08 #7 type] 
Type domain.Sesion is not enhanced.

[2023-05-05 12:46:08 #8 type.registry] 
New type domain.Sala

[2023-05-05 12:46:08 #9 type] 
Type domain.Sala is not enhanced.

[2023-05-05 12:46:08 #10 type.registry] 
New type java.util.ArrayList<java.lang.Object>

[2023-05-05 12:46:08 #11 type.registry] 
New type java.util.ArrayList<domain.Actividad>

[2023-05-05 12:46:08 #12 type.registry] 
New type java.util.ArrayList<domain.Sesion>

------------------------------------------------------------------------------------------------------------------------

[2023-05-05 12:47:34 #1 store] 
Database 'C:\Users\jonetxe13\Desktop\universidad\IS\Bets21-master\src\main\resources\bets.temp' is opened by 8604@DESKTOP-490MKBR

[2023-05-05 12:47:34 #2 type.registry] 
New type domain.Usuario

[2023-05-05 12:47:34 #3 type] 
Type domain.Usuario is not enhanced.

[2023-05-05 12:47:34 #4 type.registry] 
New type domain.Actividad

[2023-05-05 12:47:34 #5 type] 
Type domain.Actividad is not enhanced.

[2023-05-05 12:47:34 #6 type.registry] 
New type domain.Sesion

[2023-05-05 12:47:34 #7 type] 
Type domain.Sesion is not enhanced.

[2023-05-05 12:47:34 #8 type.registry] 
New type domain.Sala

[2023-05-05 12:47:34 #9 type] 
Type domain.Sala is not enhanced.

[2023-05-05 12:47:34 #10 type.registry] 
New type java.util.ArrayList<java.lang.Object>

[2023-05-05 12:47:34 #11 type.registry] 
New type java.util.ArrayList<domain.Actividad>

[2023-05-05 12:47:34 #12 type.registry] 
New type java.util.ArrayList<domain.Sesion>

------------------------------------------------------------------------------------------------------------------------

[2023-05-05 12:48:55 #1 store] 
Database 'C:\Users\jonetxe13\Desktop\universidad\IS\Bets21-master\src\main\resources\bets.temp' is opened by 4388@DESKTOP-490MKBR

[2023-05-05 12:48:55 #2 type.registry] 
New type domain.Usuario

[2023-05-05 12:48:55 #3 type] 
Type domain.Usuario is not enhanced.

[2023-05-05 12:48:55 #4 type.registry] 
New type domain.Actividad

[2023-05-05 12:48:55 #5 type] 
Type domain.Actividad is not enhanced.

[2023-05-05 12:48:55 #6 type.registry] 
New type domain.Sesion

[2023-05-05 12:48:55 #7 type] 
Type domain.Sesion is not enhanced.

[2023-05-05 12:48:55 #8 type.registry] 
New type domain.Sala

[2023-05-05 12:48:55 #9 type] 
Type domain.Sala is not enhanced.

[2023-05-05 12:48:55 #10 type.registry] 
New type java.util.ArrayList<java.lang.Object>

[2023-05-05 12:48:55 #11 type.registry] 
New type java.util.ArrayList<domain.Actividad>

[2023-05-05 12:48:55 #12 type.registry] 
New type java.util.ArrayList<domain.Sesion>

------------------------------------------------------------------------------------------------------------------------

[2023-05-05 12:49:30 #1 store] 
Database 'C:\Users\jonetxe13\Desktop\universidad\IS\Bets21-master\src\main\resources\bets.temp' is opened by 10380@DESKTOP-490MKBR

[2023-05-05 12:49:30 #2 type.registry] 
New type domain.Usuario

[2023-05-05 12:49:30 #3 type] 
Type domain.Usuario is not enhanced.

[2023-05-05 12:49:30 #4 type.registry] 
New type domain.Actividad

[2023-05-05 12:49:30 #5 type] 
Type domain.Actividad is not enhanced.

[2023-05-05 12:49:30 #6 type.registry] 
New type domain.Sesion

[2023-05-05 12:49:30 #7 type] 
Type domain.Sesion is not enhanced.

[2023-05-05 12:49:30 #8 type.registry] 
New type domain.Sala

[2023-05-05 12:49:30 #9 type] 
Type domain.Sala is not enhanced.

[2023-05-05 12:49:30 #10 type.registry] 
New type java.util.ArrayList<java.lang.Object>

[2023-05-05 12:49:30 #11 type.registry] 
New type java.util.ArrayList<domain.Actividad>

[2023-05-05 12:49:30 #12 type.registry] 
New type java.util.ArrayList<domain.Sesion>

------------------------------------------------------------------------------------------------------------------------

[2023-05-05 12:50:14 #1 store] 
Database 'C:\Users\jonetxe13\Desktop\universidad\IS\Bets21-master\src\main\resources\bets.temp' is opened by 12044@DESKTOP-490MKBR

[2023-05-05 12:50:14 #2 type.registry] 
New type domain.Usuario

[2023-05-05 12:50:14 #3 type] 
Type domain.Usuario is not enhanced.

[2023-05-05 12:50:14 #4 type.registry] 
New type domain.Actividad

[2023-05-05 12:50:14 #5 type] 
Type domain.Actividad is not enhanced.

[2023-05-05 12:50:14 #6 type.registry] 
New type domain.Sesion

[2023-05-05 12:50:14 #7 type] 
Type domain.Sesion is not enhanced.

[2023-05-05 12:50:14 #8 type.registry] 
New type domain.Sala

[2023-05-05 12:50:14 #9 type] 
Type domain.Sala is not enhanced.

[2023-05-05 12:50:14 #10 type.registry] 
New type java.util.ArrayList<java.lang.Object>

[2023-05-05 12:50:14 #11 type.registry] 
New type java.util.ArrayList<domain.Actividad>

[2023-05-05 12:50:14 #12 type.registry] 
New type java.util.ArrayList<domain.Sesion>

------------------------------------------------------------------------------------------------------------------------

[2023-05-05 12:54:33 #1 store] 
Database 'C:\Users\jonetxe13\Desktop\universidad\IS\Bets21-master\src\main\resources\bets.temp' is opened by 6876@DESKTOP-490MKBR

[2023-05-05 12:54:33 #2 type.registry] 
New type domain.Usuario

[2023-05-05 12:54:33 #3 type] 
Type domain.Usuario is not enhanced.

[2023-05-05 12:54:33 #4 type.registry] 
New type domain.Actividad

[2023-05-05 12:54:33 #5 type] 
Type domain.Actividad is not enhanced.

[2023-05-05 12:54:33 #6 type.registry] 
New type domain.Sesion

[2023-05-05 12:54:33 #7 type] 
Type domain.Sesion is not enhanced.

[2023-05-05 12:54:33 #8 type.registry] 
New type domain.Sala

[2023-05-05 12:54:33 #9 type] 
Type domain.Sala is not enhanced.

[2023-05-05 12:54:33 #10 type.registry] 
New type java.util.ArrayList<java.lang.Object>

[2023-05-05 12:54:33 #11 type.registry] 
New type java.util.ArrayList<domain.Actividad>

[2023-05-05 12:54:33 #12 type.registry] 
New type java.util.ArrayList<domain.Sesion>

------------------------------------------------------------------------------------------------------------------------

[2023-05-05 13:03:31 #1 store] 
Database 'C:\Users\jonetxe13\Desktop\universidad\IS\Bets21-master\src\main\resources\bets.temp' is opened by 8940@DESKTOP-490MKBR

[2023-05-05 13:03:31 #2 type.registry] 
New type domain.Usuario

[2023-05-05 13:03:31 #3 type] 
Type domain.Usuario is not enhanced.

[2023-05-05 13:03:31 #4 type.registry] 
New type domain.Actividad

[2023-05-05 13:03:31 #5 type] 
Type domain.Actividad is not enhanced.

[2023-05-05 13:03:31 #6 type.registry] 
New type domain.Sesion

[2023-05-05 13:03:31 #7 type] 
Type domain.Sesion is not enhanced.

[2023-05-05 13:03:31 #8 type.registry] 
New type domain.Sala

[2023-05-05 13:03:31 #9 type] 
Type domain.Sala is not enhanced.

[2023-05-05 13:03:31 #10 type.registry] 
New type java.util.ArrayList<java.lang.Object>

[2023-05-05 13:03:31 #11 type.registry] 
New type java.util.ArrayList<domain.Actividad>

[2023-05-05 13:03:31 #12 type.registry] 
New type java.util.ArrayList<domain.Sesion>

------------------------------------------------------------------------------------------------------------------------

[2023-05-05 13:20:45 #1 store] 
Database 'C:\Users\jonetxe13\Desktop\universidad\IS\Bets21-master\src\main\resources\bets.temp' is opened by 6232@DESKTOP-490MKBR

[2023-05-05 13:20:45 #2 type.registry] 
New type domain.Usuario

[2023-05-05 13:20:45 #3 type] 
Type domain.Usuario is not enhanced.

[2023-05-05 13:20:45 #4 type.registry] 
New type domain.Sesion

[2023-05-05 13:20:45 #5 type] 
Type domain.Sesion is not enhanced.

[2023-05-05 13:20:45 #6 type.registry] 
New type domain.Sala

[2023-05-05 13:20:45 #7 type.registry] 
New type domain.Actividad

[2023-05-05 13:20:45 #8 type] 
Type domain.Sala is not enhanced.

[2023-05-05 13:20:45 #9 type] 
Type domain.Actividad is not enhanced.

[2023-05-05 13:20:45 #10 type.registry] 
New type java.util.ArrayList<java.lang.Object>

[2023-05-05 13:20:45 #11 type.registry] 
New type java.util.ArrayList<domain.Actividad>

[2023-05-05 13:20:45 #12 type.registry] 
New type java.util.ArrayList<domain.Sesion>

------------------------------------------------------------------------------------------------------------------------

[2023-05-05 13:21:18 #1 store] 
Database 'C:\Users\jonetxe13\Desktop\universidad\IS\Bets21-master\src\main\resources\bets.temp' is opened by 4692@DESKTOP-490MKBR

[2023-05-05 13:21:18 #2 type.registry] 
New type domain.Usuario

[2023-05-05 13:21:18 #3 type] 
Type domain.Usuario is not enhanced.

[2023-05-05 13:21:18 #4 type.registry] 
New type domain.Sesion

[2023-05-05 13:21:18 #5 type] 
Type domain.Sesion is not enhanced.

[2023-05-05 13:21:18 #6 type.registry] 
New type domain.Sala

[2023-05-05 13:21:18 #7 type.registry] 
New type domain.Actividad

[2023-05-05 13:21:18 #8 type] 
Type domain.Sala is not enhanced.

[2023-05-05 13:21:18 #9 type] 
Type domain.Actividad is not enhanced.

[2023-05-05 13:21:18 #10 type.registry] 
New type java.util.ArrayList<java.lang.Object>

[2023-05-05 13:21:18 #11 type.registry] 
New type java.util.ArrayList<domain.Actividad>

[2023-05-05 13:21:18 #12 type.registry] 
New type java.util.ArrayList<domain.Sesion>

------------------------------------------------------------------------------------------------------------------------

[2023-05-05 13:21:31 #1 store] 
Database 'C:\Users\jonetxe13\Desktop\universidad\IS\Bets21-master\src\main\resources\bets.temp' is opened by 7716@DESKTOP-490MKBR

[2023-05-05 13:21:31 #2 type.registry] 
New type domain.Usuario

[2023-05-05 13:21:31 #3 type] 
Type domain.Usuario is not enhanced.

[2023-05-05 13:21:31 #4 type.registry] 
New type domain.Sesion

[2023-05-05 13:21:31 #5 type] 
Type domain.Sesion is not enhanced.

[2023-05-05 13:21:31 #6 type.registry] 
New type domain.Sala

[2023-05-05 13:21:31 #7 type.registry] 
New type domain.Actividad

[2023-05-05 13:21:31 #8 type] 
Type domain.Sala is not enhanced.

[2023-05-05 13:21:31 #9 type] 
Type domain.Actividad is not enhanced.

[2023-05-05 13:21:31 #10 type.registry] 
New type java.util.ArrayList<java.lang.Object>

[2023-05-05 13:21:31 #11 type.registry] 
New type java.util.ArrayList<domain.Actividad>

[2023-05-05 13:21:31 #12 type.registry] 
New type java.util.ArrayList<domain.Sesion>

------------------------------------------------------------------------------------------------------------------------

[2023-05-05 13:21:53 #1 store] 
Database 'C:\Users\jonetxe13\Desktop\universidad\IS\Bets21-master\src\main\resources\bets.temp' is opened by 4236@DESKTOP-490MKBR

[2023-05-05 13:21:54 #2 type.registry] 
New type domain.Usuario

[2023-05-05 13:21:54 #3 type] 
Type domain.Usuario is not enhanced.

[2023-05-05 13:21:54 #4 type.registry] 
New type domain.Sesion

[2023-05-05 13:21:54 #5 type] 
Type domain.Sesion is not enhanced.

[2023-05-05 13:21:54 #6 type.registry] 
New type domain.Sala

[2023-05-05 13:21:54 #7 type.registry] 
New type domain.Actividad

[2023-05-05 13:21:54 #8 type] 
Type domain.Sala is not enhanced.

[2023-05-05 13:21:54 #9 type] 
Type domain.Actividad is not enhanced.

[2023-05-05 13:21:54 #10 type.registry] 
New type java.util.ArrayList<java.lang.Object>

[2023-05-05 13:21:54 #11 type.registry] 
New type java.util.ArrayList<domain.Actividad>

[2023-05-05 13:21:54 #12 type.registry] 
New type java.util.ArrayList<domain.Sesion>

