------------------------------------------------------------------------------------------------------------------------

[2023-06-08 08:30:57 #1 store] 
Database 'C:\Users\jonetxe13\Desktop\universidad\IS\Bets21-master\src\main\resources\bets.temp' is opened by 6164@DESKTOP-490MKBR

[2023-06-08 08:30:57 #2 type.registry] 
New type domain.Actividad

[2023-06-08 08:30:57 #3 type] 
Type domain.Actividad is not enhanced.

[2023-06-08 08:30:57 #4 type.registry] 
New type domain.Encargado

[2023-06-08 08:30:57 #5 type] 
Type domain.Encargado is not enhanced.

[2023-06-08 08:30:57 #6 type.registry] 
New type domain.Cargo

[2023-06-08 08:30:57 #7 type] 
Type domain.Cargo is not enhanced.

[2023-06-08 08:30:57 #8 type.registry] 
New type domain.Sesion

[2023-06-08 08:30:57 #9 type.registry] 
New type domain.Usuario

[2023-06-08 08:30:57 #10 type] 
Type domain.Sesion is not enhanced.

[2023-06-08 08:30:57 #11 type.registry] 
New type domain.Sala

[2023-06-08 08:30:57 #12 type] 
Type domain.Usuario is not enhanced.

[2023-06-08 08:30:57 #13 type] 
Type domain.Sala is not enhanced.

[2023-06-08 08:30:57 #14 type.registry] 
New type java.util.ArrayList<java.lang.Object>

[2023-06-08 08:30:57 #15 type.registry] 
New type java.util.ArrayList<java.lang.String>

[2023-06-08 08:30:57 #16 type.registry] 
New type java.util.ArrayList<domain.Sesion>

[2023-06-08 08:30:57 #17 type.registry] 
New type java.util.LinkedList<java.lang.Object>

[2023-06-08 08:30:57 #18 type.registry] 
New type java.util.LinkedList<domain.Usuario>

------------------------------------------------------------------------------------------------------------------------

[2023-06-08 08:32:26 #1 store] 
Database 'C:\Users\jonetxe13\Desktop\universidad\IS\Bets21-master\src\main\resources\bets.temp' is opened by 1676@DESKTOP-490MKBR

[2023-06-08 08:32:26 #2 type.registry] 
New type domain.Actividad

[2023-06-08 08:32:26 #3 type] 
Type domain.Actividad is not enhanced.

[2023-06-08 08:32:26 #4 type.registry] 
New type domain.Encargado

[2023-06-08 08:32:26 #5 type] 
Type domain.Encargado is not enhanced.

[2023-06-08 08:32:26 #6 type.registry] 
New type domain.Cargo

[2023-06-08 08:32:26 #7 type] 
Type domain.Cargo is not enhanced.

[2023-06-08 08:32:26 #8 type.registry] 
New type domain.Sesion

[2023-06-08 08:32:26 #9 type.registry] 
New type domain.Usuario

[2023-06-08 08:32:26 #10 type] 
Type domain.Sesion is not enhanced.

[2023-06-08 08:32:26 #11 type.registry] 
New type domain.Sala

[2023-06-08 08:32:26 #12 type] 
Type domain.Usuario is not enhanced.

[2023-06-08 08:32:26 #13 type] 
Type domain.Sala is not enhanced.

[2023-06-08 08:32:26 #14 type.registry] 
New type java.util.ArrayList<java.lang.Object>

[2023-06-08 08:32:26 #15 type.registry] 
New type java.util.ArrayList<java.lang.String>

[2023-06-08 08:32:26 #16 type.registry] 
New type java.util.ArrayList<domain.Sesion>

[2023-06-08 08:32:26 #17 type.registry] 
New type java.util.LinkedList<java.lang.Object>

[2023-06-08 08:32:26 #18 type.registry] 
New type java.util.LinkedList<domain.Usuario>

------------------------------------------------------------------------------------------------------------------------

[2023-06-08 08:33:41 #1 store] 
Database 'C:\Users\jonetxe13\Desktop\universidad\IS\Bets21-master\src\main\resources\bets.temp' is opened by 7756@DESKTOP-490MKBR

[2023-06-08 08:33:42 #2 type.registry] 
New type domain.Actividad

[2023-06-08 08:33:42 #3 type] 
Type domain.Actividad is not enhanced.

[2023-06-08 08:33:42 #4 type.registry] 
New type domain.Encargado

[2023-06-08 08:33:42 #5 type] 
Type domain.Encargado is not enhanced.

[2023-06-08 08:33:42 #6 type.registry] 
New type domain.Cargo

[2023-06-08 08:33:42 #7 type] 
Type domain.Cargo is not enhanced.

[2023-06-08 08:33:42 #8 type.registry] 
New type domain.Sesion

[2023-06-08 08:33:42 #9 type.registry] 
New type domain.Usuario

[2023-06-08 08:33:42 #10 type] 
Type domain.Sesion is not enhanced.

[2023-06-08 08:33:42 #11 type.registry] 
New type domain.Sala

[2023-06-08 08:33:42 #12 type] 
Type domain.Usuario is not enhanced.

[2023-06-08 08:33:42 #13 type] 
Type domain.Sala is not enhanced.

[2023-06-08 08:33:42 #14 type.registry] 
New type java.util.ArrayList<java.lang.Object>

[2023-06-08 08:33:42 #15 type.registry] 
New type java.util.ArrayList<java.lang.String>

[2023-06-08 08:33:42 #16 type.registry] 
New type java.util.ArrayList<domain.Sesion>

[2023-06-08 08:33:42 #17 type.registry] 
New type java.util.LinkedList<java.lang.Object>

[2023-06-08 08:33:42 #18 type.registry] 
New type java.util.LinkedList<domain.Usuario>

------------------------------------------------------------------------------------------------------------------------

[2023-06-08 08:44:10 #1 store] 
Database 'C:\Users\jonetxe13\Desktop\universidad\IS\Bets21-master\src\main\resources\bets.temp' is opened by 2560@DESKTOP-490MKBR

[2023-06-08 08:44:10 #2 type.registry] 
New type domain.Actividad

[2023-06-08 08:44:10 #3 type] 
Type domain.Actividad is not enhanced.

[2023-06-08 08:44:10 #4 type.registry] 
New type domain.Encargado

[2023-06-08 08:44:10 #5 type] 
Type domain.Encargado is not enhanced.

[2023-06-08 08:44:10 #6 type.registry] 
New type domain.Cargo

[2023-06-08 08:44:10 #7 type] 
Type domain.Cargo is not enhanced.

[2023-06-08 08:44:10 #8 type.registry] 
New type domain.Sesion

[2023-06-08 08:44:10 #9 type.registry] 
New type domain.Usuario

[2023-06-08 08:44:10 #10 type] 
Type domain.Sesion is not enhanced.

[2023-06-08 08:44:10 #11 type.registry] 
New type domain.Sala

[2023-06-08 08:44:10 #12 type] 
Type domain.Usuario is not enhanced.

[2023-06-08 08:44:10 #13 type] 
Type domain.Sala is not enhanced.

[2023-06-08 08:44:10 #14 type.registry] 
New type java.util.ArrayList<java.lang.Object>

[2023-06-08 08:44:10 #15 type.registry] 
New type java.util.ArrayList<java.lang.String>

[2023-06-08 08:44:10 #16 type.registry] 
New type java.util.ArrayList<domain.Sesion>

[2023-06-08 08:44:10 #17 type.registry] 
New type java.util.LinkedList<java.lang.Object>

[2023-06-08 08:44:10 #18 type.registry] 
New type java.util.LinkedList<domain.Usuario>

------------------------------------------------------------------------------------------------------------------------

[2023-06-08 08:47:27 #1 store] 
Database 'C:\Users\jonetxe13\Desktop\universidad\IS\Bets21-master\src\main\resources\bets.temp' is opened by 11896@DESKTOP-490MKBR

[2023-06-08 08:47:27 #2 type.registry] 
New type domain.Actividad

[2023-06-08 08:47:27 #3 type] 
Type domain.Actividad is not enhanced.

[2023-06-08 08:47:27 #4 type.registry] 
New type domain.Encargado

[2023-06-08 08:47:27 #5 type] 
Type domain.Encargado is not enhanced.

[2023-06-08 08:47:27 #6 type.registry] 
New type domain.Cargo

[2023-06-08 08:47:27 #7 type] 
Type domain.Cargo is not enhanced.

[2023-06-08 08:47:27 #8 type.registry] 
New type domain.Sesion

[2023-06-08 08:47:27 #9 type.registry] 
New type domain.Usuario

[2023-06-08 08:47:27 #10 type] 
Type domain.Sesion is not enhanced.

[2023-06-08 08:47:27 #11 type.registry] 
New type domain.Sala

[2023-06-08 08:47:27 #12 type] 
Type domain.Usuario is not enhanced.

[2023-06-08 08:47:27 #13 type] 
Type domain.Sala is not enhanced.

[2023-06-08 08:47:27 #14 type.registry] 
New type java.util.ArrayList<java.lang.Object>

[2023-06-08 08:47:27 #15 type.registry] 
New type java.util.ArrayList<java.lang.String>

[2023-06-08 08:47:27 #16 type.registry] 
New type java.util.ArrayList<domain.Sesion>

[2023-06-08 08:47:27 #17 type.registry] 
New type java.util.LinkedList<java.lang.Object>

[2023-06-08 08:47:27 #18 type.registry] 
New type java.util.LinkedList<domain.Usuario>

------------------------------------------------------------------------------------------------------------------------

[2023-06-08 08:48:19 #1 store] 
Database 'C:\Users\jonetxe13\Desktop\universidad\IS\Bets21-master\src\main\resources\bets.temp' is opened by 6688@DESKTOP-490MKBR

[2023-06-08 08:48:19 #2 type.registry] 
New type domain.Actividad

[2023-06-08 08:48:19 #3 type] 
Type domain.Actividad is not enhanced.

[2023-06-08 08:48:19 #4 type.registry] 
New type domain.Encargado

[2023-06-08 08:48:19 #5 type] 
Type domain.Encargado is not enhanced.

[2023-06-08 08:48:19 #6 type.registry] 
New type domain.Cargo

[2023-06-08 08:48:19 #7 type] 
Type domain.Cargo is not enhanced.

[2023-06-08 08:48:19 #8 type.registry] 
New type domain.Sesion

[2023-06-08 08:48:19 #9 type.registry] 
New type domain.Usuario

[2023-06-08 08:48:19 #10 type] 
Type domain.Sesion is not enhanced.

[2023-06-08 08:48:19 #11 type.registry] 
New type domain.Sala

[2023-06-08 08:48:19 #12 type] 
Type domain.Usuario is not enhanced.

[2023-06-08 08:48:19 #13 type] 
Type domain.Sala is not enhanced.

[2023-06-08 08:48:19 #14 type.registry] 
New type java.util.ArrayList<java.lang.Object>

[2023-06-08 08:48:19 #15 type.registry] 
New type java.util.ArrayList<java.lang.String>

[2023-06-08 08:48:19 #16 type.registry] 
New type java.util.ArrayList<domain.Sesion>

[2023-06-08 08:48:19 #17 type.registry] 
New type java.util.LinkedList<java.lang.Object>

[2023-06-08 08:48:19 #18 type.registry] 
New type java.util.LinkedList<domain.Usuario>

------------------------------------------------------------------------------------------------------------------------

[2023-06-08 08:54:31 #1 store] 
Database 'C:\Users\jonetxe13\Desktop\universidad\IS\Bets21-master\src\main\resources\bets.temp' is opened by 3676@DESKTOP-490MKBR

[2023-06-08 08:54:32 #2 type.registry] 
New type domain.Actividad

[2023-06-08 08:54:32 #3 type] 
Type domain.Actividad is not enhanced.

[2023-06-08 08:54:32 #4 type.registry] 
New type domain.Encargado

[2023-06-08 08:54:32 #5 type] 
Type domain.Encargado is not enhanced.

[2023-06-08 08:54:32 #6 type.registry] 
New type domain.Cargo

[2023-06-08 08:54:32 #7 type] 
Type domain.Cargo is not enhanced.

[2023-06-08 08:54:32 #8 type.registry] 
New type domain.Sesion

[2023-06-08 08:54:32 #9 type.registry] 
New type domain.Usuario

[2023-06-08 08:54:32 #10 type] 
Type domain.Sesion is not enhanced.

[2023-06-08 08:54:32 #11 type.registry] 
New type domain.Sala

[2023-06-08 08:54:32 #12 type] 
Type domain.Usuario is not enhanced.

[2023-06-08 08:54:32 #13 type] 
Type domain.Sala is not enhanced.

[2023-06-08 08:54:32 #14 type.registry] 
New type java.util.ArrayList<java.lang.Object>

[2023-06-08 08:54:32 #15 type.registry] 
New type java.util.ArrayList<java.lang.String>

[2023-06-08 08:54:32 #16 type.registry] 
New type java.util.ArrayList<domain.Sesion>

[2023-06-08 08:54:32 #17 type.registry] 
New type java.util.LinkedList<java.lang.Object>

[2023-06-08 08:54:32 #18 type.registry] 
New type java.util.LinkedList<domain.Usuario>

------------------------------------------------------------------------------------------------------------------------

[2023-06-08 08:56:22 #1 store] 
Database 'C:\Users\jonetxe13\Desktop\universidad\IS\Bets21-master\src\main\resources\bets.temp' is opened by 12180@DESKTOP-490MKBR

[2023-06-08 08:56:22 #2 type.registry] 
New type domain.Actividad

[2023-06-08 08:56:22 #3 type] 
Type domain.Actividad is not enhanced.

[2023-06-08 08:56:22 #4 type.registry] 
New type domain.Encargado

[2023-06-08 08:56:22 #5 type] 
Type domain.Encargado is not enhanced.

[2023-06-08 08:56:22 #6 type.registry] 
New type domain.Cargo

[2023-06-08 08:56:22 #7 type] 
Type domain.Cargo is not enhanced.

[2023-06-08 08:56:22 #8 type.registry] 
New type domain.Sesion

[2023-06-08 08:56:22 #9 type.registry] 
New type domain.Usuario

[2023-06-08 08:56:22 #10 type] 
Type domain.Sesion is not enhanced.

[2023-06-08 08:56:22 #11 type.registry] 
New type domain.Sala

[2023-06-08 08:56:22 #12 type] 
Type domain.Usuario is not enhanced.

[2023-06-08 08:56:22 #13 type] 
Type domain.Sala is not enhanced.

[2023-06-08 08:56:22 #14 type.registry] 
New type java.util.ArrayList<java.lang.Object>

[2023-06-08 08:56:22 #15 type.registry] 
New type java.util.ArrayList<java.lang.String>

[2023-06-08 08:56:22 #16 type.registry] 
New type java.util.ArrayList<domain.Sesion>

[2023-06-08 08:56:22 #17 type.registry] 
New type java.util.LinkedList<java.lang.Object>

[2023-06-08 08:56:22 #18 type.registry] 
New type java.util.LinkedList<domain.Usuario>

------------------------------------------------------------------------------------------------------------------------

[2023-06-08 08:56:45 #1 store] 
Database 'C:\Users\jonetxe13\Desktop\universidad\IS\Bets21-master\src\main\resources\bets.temp' is opened by 8628@DESKTOP-490MKBR

[2023-06-08 08:56:45 #2 type.registry] 
New type domain.Actividad

[2023-06-08 08:56:45 #3 type] 
Type domain.Actividad is not enhanced.

[2023-06-08 08:56:45 #4 type.registry] 
New type domain.Encargado

[2023-06-08 08:56:45 #5 type] 
Type domain.Encargado is not enhanced.

[2023-06-08 08:56:45 #6 type.registry] 
New type domain.Cargo

[2023-06-08 08:56:45 #7 type] 
Type domain.Cargo is not enhanced.

[2023-06-08 08:56:45 #8 type.registry] 
New type domain.Sesion

[2023-06-08 08:56:45 #9 type.registry] 
New type domain.Usuario

[2023-06-08 08:56:45 #10 type] 
Type domain.Sesion is not enhanced.

[2023-06-08 08:56:45 #11 type.registry] 
New type domain.Sala

[2023-06-08 08:56:45 #12 type] 
Type domain.Usuario is not enhanced.

[2023-06-08 08:56:45 #13 type] 
Type domain.Sala is not enhanced.

[2023-06-08 08:56:45 #14 type.registry] 
New type java.util.ArrayList<java.lang.Object>

[2023-06-08 08:56:45 #15 type.registry] 
New type java.util.ArrayList<java.lang.String>

[2023-06-08 08:56:45 #16 type.registry] 
New type java.util.ArrayList<domain.Sesion>

[2023-06-08 08:56:45 #17 type.registry] 
New type java.util.LinkedList<java.lang.Object>

[2023-06-08 08:56:45 #18 type.registry] 
New type java.util.LinkedList<domain.Usuario>

------------------------------------------------------------------------------------------------------------------------

[2023-06-08 08:58:04 #1 store] 
Database 'C:\Users\jonetxe13\Desktop\universidad\IS\Bets21-master\src\main\resources\bets.temp' is opened by 9888@DESKTOP-490MKBR

[2023-06-08 08:58:04 #2 type.registry] 
New type domain.Actividad

[2023-06-08 08:58:04 #3 type] 
Type domain.Actividad is not enhanced.

[2023-06-08 08:58:04 #4 type.registry] 
New type domain.Encargado

[2023-06-08 08:58:04 #5 type] 
Type domain.Encargado is not enhanced.

[2023-06-08 08:58:04 #6 type.registry] 
New type domain.Cargo

[2023-06-08 08:58:04 #7 type] 
Type domain.Cargo is not enhanced.

[2023-06-08 08:58:04 #8 type.registry] 
New type domain.Sesion

[2023-06-08 08:58:04 #9 type.registry] 
New type domain.Usuario

[2023-06-08 08:58:04 #10 type] 
Type domain.Sesion is not enhanced.

[2023-06-08 08:58:04 #11 type.registry] 
New type domain.Sala

[2023-06-08 08:58:04 #12 type] 
Type domain.Usuario is not enhanced.

[2023-06-08 08:58:04 #13 type] 
Type domain.Sala is not enhanced.

[2023-06-08 08:58:05 #14 type.registry] 
New type java.util.ArrayList<java.lang.Object>

[2023-06-08 08:58:05 #15 type.registry] 
New type java.util.ArrayList<java.lang.String>

[2023-06-08 08:58:05 #16 type.registry] 
New type java.util.ArrayList<domain.Sesion>

[2023-06-08 08:58:05 #17 type.registry] 
New type java.util.LinkedList<java.lang.Object>

[2023-06-08 08:58:05 #18 type.registry] 
New type java.util.LinkedList<domain.Usuario>

------------------------------------------------------------------------------------------------------------------------

[2023-06-08 08:58:40 #1 store] 
Database 'C:\Users\jonetxe13\Desktop\universidad\IS\Bets21-master\src\main\resources\bets.temp' is opened by 8852@DESKTOP-490MKBR

[2023-06-08 08:58:40 #2 type.registry] 
New type domain.Actividad

[2023-06-08 08:58:40 #3 type] 
Type domain.Actividad is not enhanced.

[2023-06-08 08:58:40 #4 type.registry] 
New type domain.Encargado

[2023-06-08 08:58:40 #5 type] 
Type domain.Encargado is not enhanced.

[2023-06-08 08:58:40 #6 type.registry] 
New type domain.Cargo

[2023-06-08 08:58:40 #7 type] 
Type domain.Cargo is not enhanced.

[2023-06-08 08:58:40 #8 type.registry] 
New type domain.Sesion

[2023-06-08 08:58:40 #9 type.registry] 
New type domain.Usuario

[2023-06-08 08:58:40 #10 type] 
Type domain.Sesion is not enhanced.

[2023-06-08 08:58:40 #11 type.registry] 
New type domain.Sala

[2023-06-08 08:58:40 #12 type] 
Type domain.Usuario is not enhanced.

[2023-06-08 08:58:40 #13 type] 
Type domain.Sala is not enhanced.

------------------------------------------------------------------------------------------------------------------------

[2023-06-08 09:14:03 #1 store] 
Database 'C:\Users\jonetxe13\Desktop\universidad\IS\Bets21-master\src\main\resources\bets.temp' is opened by 7040@DESKTOP-490MKBR

[2023-06-08 09:14:03 #2 type.registry] 
New type domain.Actividad

[2023-06-08 09:14:03 #3 type] 
Type domain.Actividad is not enhanced.

[2023-06-08 09:14:03 #4 type.registry] 
New type domain.Encargado

[2023-06-08 09:14:03 #5 type] 
Type domain.Encargado is not enhanced.

[2023-06-08 09:14:03 #6 type.registry] 
New type domain.Cargo

[2023-06-08 09:14:03 #7 type] 
Type domain.Cargo is not enhanced.

[2023-06-08 09:14:03 #8 type.registry] 
New type domain.Sesion

[2023-06-08 09:14:03 #9 type.registry] 
New type domain.Usuario

[2023-06-08 09:14:03 #10 type] 
Type domain.Sesion is not enhanced.

[2023-06-08 09:14:03 #11 type.registry] 
New type domain.Sala

[2023-06-08 09:14:03 #12 type] 
Type domain.Usuario is not enhanced.

[2023-06-08 09:14:03 #13 type] 
Type domain.Sala is not enhanced.

------------------------------------------------------------------------------------------------------------------------

[2023-06-08 09:14:32 #1 store] 
Database 'C:\Users\jonetxe13\Desktop\universidad\IS\Bets21-master\src\main\resources\bets.temp' is opened by 956@DESKTOP-490MKBR

[2023-06-08 09:14:32 #2 type.registry] 
New type domain.Actividad

[2023-06-08 09:14:32 #3 type] 
Type domain.Actividad is not enhanced.

[2023-06-08 09:14:32 #4 type.registry] 
New type domain.Encargado

[2023-06-08 09:14:32 #5 type] 
Type domain.Encargado is not enhanced.

[2023-06-08 09:14:32 #6 type.registry] 
New type domain.Cargo

[2023-06-08 09:14:32 #7 type] 
Type domain.Cargo is not enhanced.

[2023-06-08 09:14:32 #8 type.registry] 
New type domain.Sesion

[2023-06-08 09:14:32 #9 type.registry] 
New type domain.Usuario

[2023-06-08 09:14:32 #10 type] 
Type domain.Sesion is not enhanced.

[2023-06-08 09:14:32 #11 type.registry] 
New type domain.Sala

[2023-06-08 09:14:32 #12 type] 
Type domain.Usuario is not enhanced.

[2023-06-08 09:14:32 #13 type] 
Type domain.Sala is not enhanced.

------------------------------------------------------------------------------------------------------------------------

[2023-06-08 09:15:59 #1 store] 
Database 'C:\Users\jonetxe13\Desktop\universidad\IS\Bets21-master\src\main\resources\bets.temp' is opened by 11008@DESKTOP-490MKBR

[2023-06-08 09:15:59 #2 type.registry] 
New type domain.Actividad

[2023-06-08 09:15:59 #3 type] 
Type domain.Actividad is not enhanced.

[2023-06-08 09:15:59 #4 type.registry] 
New type domain.Encargado

[2023-06-08 09:15:59 #5 type] 
Type domain.Encargado is not enhanced.

[2023-06-08 09:15:59 #6 type.registry] 
New type domain.Cargo

[2023-06-08 09:15:59 #7 type] 
Type domain.Cargo is not enhanced.

[2023-06-08 09:15:59 #8 type.registry] 
New type domain.Sesion

[2023-06-08 09:15:59 #9 type.registry] 
New type domain.Usuario

[2023-06-08 09:15:59 #10 type] 
Type domain.Sesion is not enhanced.

[2023-06-08 09:15:59 #11 type.registry] 
New type domain.Sala

[2023-06-08 09:15:59 #12 type] 
Type domain.Usuario is not enhanced.

[2023-06-08 09:15:59 #13 type] 
Type domain.Sala is not enhanced.

------------------------------------------------------------------------------------------------------------------------

[2023-06-08 09:16:29 #1 store] 
Database 'C:\Users\jonetxe13\Desktop\universidad\IS\Bets21-master\src\main\resources\bets.temp' is opened by 13440@DESKTOP-490MKBR

[2023-06-08 09:16:29 #2 type.registry] 
New type domain.Actividad

[2023-06-08 09:16:29 #3 type] 
Type domain.Actividad is not enhanced.

[2023-06-08 09:16:29 #4 type.registry] 
New type domain.Encargado

[2023-06-08 09:16:29 #5 type] 
Type domain.Encargado is not enhanced.

[2023-06-08 09:16:29 #6 type.registry] 
New type domain.Cargo

[2023-06-08 09:16:29 #7 type] 
Type domain.Cargo is not enhanced.

[2023-06-08 09:16:29 #8 type.registry] 
New type domain.Sesion

[2023-06-08 09:16:29 #9 type.registry] 
New type domain.Usuario

[2023-06-08 09:16:29 #10 type] 
Type domain.Sesion is not enhanced.

[2023-06-08 09:16:29 #11 type.registry] 
New type domain.Sala

[2023-06-08 09:16:29 #12 type] 
Type domain.Usuario is not enhanced.

[2023-06-08 09:16:29 #13 type] 
Type domain.Sala is not enhanced.

[2023-06-08 09:16:29 #14 type.registry] 
New type java.util.ArrayList<java.lang.Object>

[2023-06-08 09:16:29 #15 type.registry] 
New type java.util.ArrayList<java.lang.String>

[2023-06-08 09:16:29 #16 type.registry] 
New type java.util.ArrayList<domain.Sesion>

[2023-06-08 09:16:29 #17 type.registry] 
New type java.util.LinkedList<java.lang.Object>

[2023-06-08 09:16:29 #18 type.registry] 
New type java.util.LinkedList<domain.Usuario>

------------------------------------------------------------------------------------------------------------------------

[2023-06-08 09:17:12 #1 store] 
Database 'C:\Users\jonetxe13\Desktop\universidad\IS\Bets21-master\src\main\resources\bets.temp' is opened by 2476@DESKTOP-490MKBR

[2023-06-08 09:17:12 #2 type.registry] 
New type domain.Actividad

[2023-06-08 09:17:12 #3 type] 
Type domain.Actividad is not enhanced.

[2023-06-08 09:17:12 #4 type.registry] 
New type domain.Encargado

[2023-06-08 09:17:12 #5 type] 
Type domain.Encargado is not enhanced.

[2023-06-08 09:17:12 #6 type.registry] 
New type domain.Cargo

[2023-06-08 09:17:12 #7 type] 
Type domain.Cargo is not enhanced.

[2023-06-08 09:17:12 #8 type.registry] 
New type domain.Sesion

[2023-06-08 09:17:12 #9 type.registry] 
New type domain.Usuario

[2023-06-08 09:17:12 #10 type] 
Type domain.Sesion is not enhanced.

[2023-06-08 09:17:12 #11 type.registry] 
New type domain.Sala

[2023-06-08 09:17:12 #12 type] 
Type domain.Usuario is not enhanced.

[2023-06-08 09:17:12 #13 type] 
Type domain.Sala is not enhanced.

[2023-06-08 09:17:12 #14 type.registry] 
New type java.util.ArrayList<java.lang.Object>

[2023-06-08 09:17:12 #15 type.registry] 
New type java.util.ArrayList<java.lang.String>

[2023-06-08 09:17:12 #16 type.registry] 
New type java.util.ArrayList<domain.Sesion>

[2023-06-08 09:17:12 #17 type.registry] 
New type java.util.LinkedList<java.lang.Object>

[2023-06-08 09:17:12 #18 type.registry] 
New type java.util.LinkedList<domain.Usuario>

------------------------------------------------------------------------------------------------------------------------

[2023-06-08 09:18:44 #1 store] 
Database 'C:\Users\jonetxe13\Desktop\universidad\IS\Bets21-master\src\main\resources\bets.temp' is opened by 5096@DESKTOP-490MKBR

[2023-06-08 09:18:44 #2 type.registry] 
New type domain.Actividad

[2023-06-08 09:18:44 #3 type] 
Type domain.Actividad is not enhanced.

[2023-06-08 09:18:44 #4 type.registry] 
New type domain.Encargado

[2023-06-08 09:18:44 #5 type] 
Type domain.Encargado is not enhanced.

[2023-06-08 09:18:44 #6 type.registry] 
New type domain.Cargo

[2023-06-08 09:18:44 #7 type] 
Type domain.Cargo is not enhanced.

[2023-06-08 09:18:44 #8 type.registry] 
New type domain.Sesion

[2023-06-08 09:18:44 #9 type.registry] 
New type domain.Usuario

[2023-06-08 09:18:44 #10 type] 
Type domain.Sesion is not enhanced.

[2023-06-08 09:18:44 #11 type.registry] 
New type domain.Sala

[2023-06-08 09:18:44 #12 type] 
Type domain.Usuario is not enhanced.

[2023-06-08 09:18:44 #13 type] 
Type domain.Sala is not enhanced.

[2023-06-08 09:18:44 #14 type.registry] 
New type java.util.ArrayList<java.lang.Object>

[2023-06-08 09:18:44 #15 type.registry] 
New type java.util.ArrayList<java.lang.String>

[2023-06-08 09:18:44 #16 type.registry] 
New type java.util.ArrayList<domain.Sesion>

[2023-06-08 09:18:44 #17 type.registry] 
New type java.util.LinkedList<java.lang.Object>

[2023-06-08 09:18:44 #18 type.registry] 
New type java.util.LinkedList<domain.Usuario>

------------------------------------------------------------------------------------------------------------------------

[2023-06-08 09:19:47 #1 store] 
Database 'C:\Users\jonetxe13\Desktop\universidad\IS\Bets21-master\src\main\resources\bets.temp' is opened by 13784@DESKTOP-490MKBR

[2023-06-08 09:19:47 #2 type.registry] 
New type domain.Actividad

[2023-06-08 09:19:47 #3 type] 
Type domain.Actividad is not enhanced.

[2023-06-08 09:19:47 #4 type.registry] 
New type domain.Encargado

[2023-06-08 09:19:47 #5 type] 
Type domain.Encargado is not enhanced.

[2023-06-08 09:19:47 #6 type.registry] 
New type domain.Cargo

[2023-06-08 09:19:47 #7 type] 
Type domain.Cargo is not enhanced.

[2023-06-08 09:19:47 #8 type.registry] 
New type domain.Sesion

[2023-06-08 09:19:47 #9 type.registry] 
New type domain.Usuario

[2023-06-08 09:19:47 #10 type] 
Type domain.Sesion is not enhanced.

[2023-06-08 09:19:47 #11 type.registry] 
New type domain.Sala

[2023-06-08 09:19:47 #12 type] 
Type domain.Usuario is not enhanced.

[2023-06-08 09:19:47 #13 type] 
Type domain.Sala is not enhanced.

[2023-06-08 09:19:47 #14 type.registry] 
New type java.util.ArrayList<java.lang.Object>

[2023-06-08 09:19:47 #15 type.registry] 
New type java.util.ArrayList<java.lang.String>

[2023-06-08 09:19:47 #16 type.registry] 
New type java.util.ArrayList<domain.Sesion>

[2023-06-08 09:19:47 #17 type.registry] 
New type java.util.LinkedList<java.lang.Object>

[2023-06-08 09:19:47 #18 type.registry] 
New type java.util.LinkedList<domain.Usuario>

------------------------------------------------------------------------------------------------------------------------

[2023-06-08 09:23:23 #1 store] 
Database 'C:\Users\jonetxe13\Desktop\universidad\IS\Bets21-master\src\main\resources\bets.temp' is opened by 7540@DESKTOP-490MKBR

[2023-06-08 09:23:23 #2 type.registry] 
New type domain.Actividad

[2023-06-08 09:23:23 #3 type] 
Type domain.Actividad is not enhanced.

[2023-06-08 09:23:23 #4 type.registry] 
New type domain.Encargado

[2023-06-08 09:23:23 #5 type] 
Type domain.Encargado is not enhanced.

[2023-06-08 09:23:23 #6 type.registry] 
New type domain.Cargo

[2023-06-08 09:23:23 #7 type] 
Type domain.Cargo is not enhanced.

[2023-06-08 09:23:23 #8 type.registry] 
New type domain.Sesion

[2023-06-08 09:23:23 #9 type.registry] 
New type domain.Usuario

[2023-06-08 09:23:23 #10 type] 
Type domain.Sesion is not enhanced.

[2023-06-08 09:23:23 #11 type.registry] 
New type domain.Sala

[2023-06-08 09:23:23 #12 type] 
Type domain.Usuario is not enhanced.

[2023-06-08 09:23:23 #13 type] 
Type domain.Sala is not enhanced.

[2023-06-08 09:23:24 #14 type.registry] 
New type java.util.ArrayList<java.lang.Object>

[2023-06-08 09:23:24 #15 type.registry] 
New type java.util.ArrayList<java.lang.String>

[2023-06-08 09:23:24 #16 type.registry] 
New type java.util.ArrayList<domain.Sesion>

[2023-06-08 09:23:24 #17 type.registry] 
New type java.util.LinkedList<java.lang.Object>

[2023-06-08 09:23:24 #18 type.registry] 
New type java.util.LinkedList<domain.Usuario>

------------------------------------------------------------------------------------------------------------------------

[2023-06-08 09:24:30 #1 store] 
Database 'C:\Users\jonetxe13\Desktop\universidad\IS\Bets21-master\src\main\resources\bets.temp' is opened by 2680@DESKTOP-490MKBR

[2023-06-08 09:24:30 #2 type.registry] 
New type domain.Actividad

[2023-06-08 09:24:30 #3 type] 
Type domain.Actividad is not enhanced.

[2023-06-08 09:24:30 #4 type.registry] 
New type domain.Encargado

[2023-06-08 09:24:30 #5 type] 
Type domain.Encargado is not enhanced.

[2023-06-08 09:24:30 #6 type.registry] 
New type domain.Cargo

[2023-06-08 09:24:30 #7 type] 
Type domain.Cargo is not enhanced.

[2023-06-08 09:24:31 #8 type.registry] 
New type domain.Sesion

[2023-06-08 09:24:31 #9 type.registry] 
New type domain.Usuario

[2023-06-08 09:24:31 #10 type] 
Type domain.Sesion is not enhanced.

[2023-06-08 09:24:31 #11 type.registry] 
New type domain.Sala

[2023-06-08 09:24:31 #12 type] 
Type domain.Usuario is not enhanced.

[2023-06-08 09:24:31 #13 type] 
Type domain.Sala is not enhanced.

[2023-06-08 09:24:31 #14 type.registry] 
New type java.util.ArrayList<java.lang.Object>

[2023-06-08 09:24:31 #15 type.registry] 
New type java.util.ArrayList<java.lang.String>

[2023-06-08 09:24:31 #16 type.registry] 
New type java.util.ArrayList<domain.Sesion>

[2023-06-08 09:24:31 #17 type.registry] 
New type java.util.LinkedList<java.lang.Object>

[2023-06-08 09:24:31 #18 type.registry] 
New type java.util.LinkedList<domain.Usuario>

------------------------------------------------------------------------------------------------------------------------

[2023-06-08 09:25:10 #1 store] 
Database 'C:\Users\jonetxe13\Desktop\universidad\IS\Bets21-master\src\main\resources\bets.temp' is opened by 13656@DESKTOP-490MKBR

[2023-06-08 09:25:10 #2 type.registry] 
New type domain.Actividad

[2023-06-08 09:25:10 #3 type] 
Type domain.Actividad is not enhanced.

[2023-06-08 09:25:10 #4 type.registry] 
New type domain.Encargado

[2023-06-08 09:25:10 #5 type] 
Type domain.Encargado is not enhanced.

[2023-06-08 09:25:10 #6 type.registry] 
New type domain.Cargo

[2023-06-08 09:25:10 #7 type] 
Type domain.Cargo is not enhanced.

[2023-06-08 09:25:10 #8 type.registry] 
New type domain.Sesion

[2023-06-08 09:25:10 #9 type.registry] 
New type domain.Usuario

[2023-06-08 09:25:10 #10 type] 
Type domain.Sesion is not enhanced.

[2023-06-08 09:25:10 #11 type.registry] 
New type domain.Sala

[2023-06-08 09:25:10 #12 type] 
Type domain.Usuario is not enhanced.

[2023-06-08 09:25:10 #13 type] 
Type domain.Sala is not enhanced.

[2023-06-08 09:25:10 #14 type.registry] 
New type java.util.ArrayList<java.lang.Object>

[2023-06-08 09:25:10 #15 type.registry] 
New type java.util.ArrayList<java.lang.String>

[2023-06-08 09:25:10 #16 type.registry] 
New type java.util.ArrayList<domain.Sesion>

[2023-06-08 09:25:10 #17 type.registry] 
New type java.util.LinkedList<java.lang.Object>

[2023-06-08 09:25:10 #18 type.registry] 
New type java.util.LinkedList<domain.Usuario>

------------------------------------------------------------------------------------------------------------------------

[2023-06-08 09:25:48 #1 store] 
Database 'C:\Users\jonetxe13\Desktop\universidad\IS\Bets21-master\src\main\resources\bets.temp' is opened by 2356@DESKTOP-490MKBR

[2023-06-08 09:25:49 #2 type.registry] 
New type domain.Actividad

[2023-06-08 09:25:49 #3 type] 
Type domain.Actividad is not enhanced.

[2023-06-08 09:25:49 #4 type.registry] 
New type domain.Encargado

[2023-06-08 09:25:49 #5 type] 
Type domain.Encargado is not enhanced.

[2023-06-08 09:25:49 #6 type.registry] 
New type domain.Cargo

[2023-06-08 09:25:49 #7 type] 
Type domain.Cargo is not enhanced.

[2023-06-08 09:25:49 #8 type.registry] 
New type domain.Sesion

[2023-06-08 09:25:49 #9 type.registry] 
New type domain.Usuario

[2023-06-08 09:25:49 #10 type] 
Type domain.Sesion is not enhanced.

[2023-06-08 09:25:49 #11 type.registry] 
New type domain.Sala

[2023-06-08 09:25:49 #12 type] 
Type domain.Usuario is not enhanced.

[2023-06-08 09:25:49 #13 type] 
Type domain.Sala is not enhanced.

[2023-06-08 09:25:49 #14 type.registry] 
New type java.util.ArrayList<java.lang.Object>

[2023-06-08 09:25:49 #15 type.registry] 
New type java.util.ArrayList<java.lang.String>

[2023-06-08 09:25:49 #16 type.registry] 
New type java.util.ArrayList<domain.Sesion>

[2023-06-08 09:25:49 #17 type.registry] 
New type java.util.LinkedList<java.lang.Object>

[2023-06-08 09:25:49 #18 type.registry] 
New type java.util.LinkedList<domain.Usuario>

------------------------------------------------------------------------------------------------------------------------

[2023-06-08 09:26:43 #1 store] 
Database 'C:\Users\jonetxe13\Desktop\universidad\IS\Bets21-master\src\main\resources\bets.temp' is opened by 13964@DESKTOP-490MKBR

[2023-06-08 09:26:43 #2 type.registry] 
New type domain.Actividad

[2023-06-08 09:26:43 #3 type] 
Type domain.Actividad is not enhanced.

[2023-06-08 09:26:43 #4 type.registry] 
New type domain.Encargado

[2023-06-08 09:26:43 #5 type] 
Type domain.Encargado is not enhanced.

[2023-06-08 09:26:43 #6 type.registry] 
New type domain.Cargo

[2023-06-08 09:26:43 #7 type] 
Type domain.Cargo is not enhanced.

[2023-06-08 09:26:43 #8 type.registry] 
New type domain.Sesion

[2023-06-08 09:26:43 #9 type.registry] 
New type domain.Usuario

[2023-06-08 09:26:43 #10 type] 
Type domain.Sesion is not enhanced.

[2023-06-08 09:26:43 #11 type.registry] 
New type domain.Sala

[2023-06-08 09:26:43 #12 type] 
Type domain.Usuario is not enhanced.

[2023-06-08 09:26:43 #13 type] 
Type domain.Sala is not enhanced.

[2023-06-08 09:26:43 #14 type.registry] 
New type java.util.ArrayList<java.lang.Object>

[2023-06-08 09:26:43 #15 type.registry] 
New type java.util.ArrayList<java.lang.String>

[2023-06-08 09:26:43 #16 type.registry] 
New type java.util.ArrayList<domain.Sesion>

[2023-06-08 09:26:43 #17 type.registry] 
New type java.util.LinkedList<java.lang.Object>

[2023-06-08 09:26:43 #18 type.registry] 
New type java.util.LinkedList<domain.Usuario>

------------------------------------------------------------------------------------------------------------------------

[2023-06-08 09:27:27 #1 store] 
Database 'C:\Users\jonetxe13\Desktop\universidad\IS\Bets21-master\src\main\resources\bets.temp' is opened by 11520@DESKTOP-490MKBR

[2023-06-08 09:27:27 #2 type.registry] 
New type domain.Actividad

[2023-06-08 09:27:27 #3 type] 
Type domain.Actividad is not enhanced.

[2023-06-08 09:27:27 #4 type.registry] 
New type domain.Encargado

[2023-06-08 09:27:27 #5 type] 
Type domain.Encargado is not enhanced.

[2023-06-08 09:27:27 #6 type.registry] 
New type domain.Cargo

[2023-06-08 09:27:27 #7 type] 
Type domain.Cargo is not enhanced.

[2023-06-08 09:27:27 #8 type.registry] 
New type domain.Sesion

[2023-06-08 09:27:27 #9 type.registry] 
New type domain.Usuario

[2023-06-08 09:27:27 #10 type] 
Type domain.Sesion is not enhanced.

[2023-06-08 09:27:27 #11 type.registry] 
New type domain.Sala

[2023-06-08 09:27:27 #12 type] 
Type domain.Usuario is not enhanced.

[2023-06-08 09:27:27 #13 type] 
Type domain.Sala is not enhanced.

[2023-06-08 09:27:27 #14 type.registry] 
New type java.util.ArrayList<java.lang.Object>

[2023-06-08 09:27:27 #15 type.registry] 
New type java.util.ArrayList<java.lang.String>

[2023-06-08 09:27:27 #16 type.registry] 
New type java.util.ArrayList<domain.Sesion>

[2023-06-08 09:27:27 #17 type.registry] 
New type java.util.LinkedList<java.lang.Object>

[2023-06-08 09:27:27 #18 type.registry] 
New type java.util.LinkedList<domain.Usuario>

------------------------------------------------------------------------------------------------------------------------

[2023-06-08 09:27:54 #1 store] 
Database 'C:\Users\jonetxe13\Desktop\universidad\IS\Bets21-master\src\main\resources\bets.temp' is opened by 6488@DESKTOP-490MKBR

[2023-06-08 09:27:54 #2 type.registry] 
New type domain.Actividad

[2023-06-08 09:27:54 #3 type] 
Type domain.Actividad is not enhanced.

[2023-06-08 09:27:54 #4 type.registry] 
New type domain.Encargado

[2023-06-08 09:27:54 #5 type] 
Type domain.Encargado is not enhanced.

[2023-06-08 09:27:54 #6 type.registry] 
New type domain.Cargo

[2023-06-08 09:27:54 #7 type] 
Type domain.Cargo is not enhanced.

[2023-06-08 09:27:54 #8 type.registry] 
New type domain.Sesion

[2023-06-08 09:27:54 #9 type.registry] 
New type domain.Usuario

[2023-06-08 09:27:54 #10 type] 
Type domain.Sesion is not enhanced.

[2023-06-08 09:27:54 #11 type.registry] 
New type domain.Sala

[2023-06-08 09:27:54 #12 type] 
Type domain.Usuario is not enhanced.

[2023-06-08 09:27:54 #13 type] 
Type domain.Sala is not enhanced.

[2023-06-08 09:27:54 #14 type.registry] 
New type java.util.ArrayList<java.lang.Object>

[2023-06-08 09:27:54 #15 type.registry] 
New type java.util.ArrayList<java.lang.String>

[2023-06-08 09:27:54 #16 type.registry] 
New type java.util.ArrayList<domain.Sesion>

[2023-06-08 09:27:54 #17 type.registry] 
New type java.util.LinkedList<java.lang.Object>

[2023-06-08 09:27:54 #18 type.registry] 
New type java.util.LinkedList<domain.Usuario>

------------------------------------------------------------------------------------------------------------------------

[2023-06-08 09:29:14 #1 store] 
Database 'C:\Users\jonetxe13\Desktop\universidad\IS\Bets21-master\src\main\resources\bets.temp' is opened by 11128@DESKTOP-490MKBR

[2023-06-08 09:29:15 #2 type.registry] 
New type domain.Actividad

[2023-06-08 09:29:15 #3 type] 
Type domain.Actividad is not enhanced.

[2023-06-08 09:29:15 #4 type.registry] 
New type domain.Encargado

[2023-06-08 09:29:15 #5 type] 
Type domain.Encargado is not enhanced.

[2023-06-08 09:29:15 #6 type.registry] 
New type domain.Cargo

[2023-06-08 09:29:15 #7 type] 
Type domain.Cargo is not enhanced.

[2023-06-08 09:29:15 #8 type.registry] 
New type domain.Sesion

[2023-06-08 09:29:15 #9 type.registry] 
New type domain.Usuario

[2023-06-08 09:29:15 #10 type] 
Type domain.Sesion is not enhanced.

[2023-06-08 09:29:15 #11 type.registry] 
New type domain.Sala

[2023-06-08 09:29:15 #12 type] 
Type domain.Usuario is not enhanced.

[2023-06-08 09:29:15 #13 type] 
Type domain.Sala is not enhanced.

[2023-06-08 09:29:15 #14 type.registry] 
New type domain.CargoId

------------------------------------------------------------------------------------------------------------------------

[2023-06-08 09:32:46 #1 store] 
Database 'C:\Users\jonetxe13\Desktop\universidad\IS\Bets21-master\src\main\resources\bets.temp' is opened by 11352@DESKTOP-490MKBR

[2023-06-08 09:32:46 #2 type.registry] 
New type domain.Actividad

[2023-06-08 09:32:46 #3 type] 
Type domain.Actividad is not enhanced.

[2023-06-08 09:32:46 #4 type.registry] 
New type domain.Encargado

[2023-06-08 09:32:46 #5 type] 
Type domain.Encargado is not enhanced.

[2023-06-08 09:32:46 #6 type.registry] 
New type domain.Cargo

[2023-06-08 09:32:46 #7 type] 
Type domain.Cargo is not enhanced.

[2023-06-08 09:32:46 #8 type.registry] 
New type domain.Sesion

[2023-06-08 09:32:46 #9 type.registry] 
New type domain.Usuario

[2023-06-08 09:32:46 #10 type] 
Type domain.Sesion is not enhanced.

[2023-06-08 09:32:46 #11 type.registry] 
New type domain.Sala

[2023-06-08 09:32:46 #12 type] 
Type domain.Usuario is not enhanced.

[2023-06-08 09:32:46 #13 type] 
Type domain.Sala is not enhanced.

[2023-06-08 09:32:46 #14 type.registry] 
New type java.util.ArrayList<java.lang.Object>

[2023-06-08 09:32:46 #15 type.registry] 
New type java.util.ArrayList<java.lang.String>

[2023-06-08 09:32:46 #16 type.registry] 
New type java.util.ArrayList<domain.Sesion>

[2023-06-08 09:32:46 #17 type.registry] 
New type java.util.LinkedList<java.lang.Object>

[2023-06-08 09:32:46 #18 type.registry] 
New type java.util.LinkedList<domain.Usuario>

------------------------------------------------------------------------------------------------------------------------

[2023-06-08 09:33:14 #1 store] 
Database 'C:\Users\jonetxe13\Desktop\universidad\IS\Bets21-master\src\main\resources\bets.temp' is opened by 13712@DESKTOP-490MKBR

[2023-06-08 09:33:14 #2 type.registry] 
New type domain.Actividad

[2023-06-08 09:33:14 #3 type] 
Type domain.Actividad is not enhanced.

[2023-06-08 09:33:14 #4 type.registry] 
New type domain.Encargado

[2023-06-08 09:33:14 #5 type] 
Type domain.Encargado is not enhanced.

[2023-06-08 09:33:14 #6 type.registry] 
New type domain.Cargo

[2023-06-08 09:33:14 #7 type] 
Type domain.Cargo is not enhanced.

[2023-06-08 09:33:14 #8 type.registry] 
New type domain.Sesion

[2023-06-08 09:33:14 #9 type.registry] 
New type domain.Usuario

[2023-06-08 09:33:14 #10 type] 
Type domain.Sesion is not enhanced.

[2023-06-08 09:33:14 #11 type.registry] 
New type domain.Sala

[2023-06-08 09:33:14 #12 type] 
Type domain.Usuario is not enhanced.

[2023-06-08 09:33:14 #13 type] 
Type domain.Sala is not enhanced.

[2023-06-08 09:33:14 #14 type.registry] 
New type java.util.ArrayList<java.lang.Object>

[2023-06-08 09:33:14 #15 type.registry] 
New type java.util.ArrayList<java.lang.String>

[2023-06-08 09:33:14 #16 type.registry] 
New type java.util.ArrayList<domain.Sesion>

[2023-06-08 09:33:14 #17 type.registry] 
New type java.util.LinkedList<java.lang.Object>

[2023-06-08 09:33:14 #18 type.registry] 
New type java.util.LinkedList<domain.Usuario>

[2023-06-08 09:33:18 #19 type.registry] 
New type com.objectdb.o.LMT

[2023-06-08 09:33:18 #20 type.registry] 
New type com.objectdb.o.VAL

[2023-06-08 09:33:18 #21 type.registry] 
New type com.objectdb.o.RFV

------------------------------------------------------------------------------------------------------------------------

[2023-06-08 09:38:33 #1 store] 
Database 'C:\Users\jonetxe13\Desktop\universidad\IS\Bets21-master\src\main\resources\bets.temp' is opened by 5624@DESKTOP-490MKBR

[2023-06-08 09:38:33 #2 type.registry] 
New type domain.Actividad

[2023-06-08 09:38:33 #3 type] 
Type domain.Actividad is not enhanced.

[2023-06-08 09:38:33 #4 type.registry] 
New type domain.Encargado

[2023-06-08 09:38:33 #5 type] 
Type domain.Encargado is not enhanced.

[2023-06-08 09:38:33 #6 type.registry] 
New type domain.Cargo

[2023-06-08 09:38:33 #7 type] 
Type domain.Cargo is not enhanced.

[2023-06-08 09:38:33 #8 type.registry] 
New type domain.Sesion

[2023-06-08 09:38:33 #9 type.registry] 
New type domain.Usuario

[2023-06-08 09:38:33 #10 type] 
Type domain.Sesion is not enhanced.

[2023-06-08 09:38:33 #11 type.registry] 
New type domain.Sala

[2023-06-08 09:38:33 #12 type] 
Type domain.Usuario is not enhanced.

[2023-06-08 09:38:33 #13 type] 
Type domain.Sala is not enhanced.

[2023-06-08 09:38:33 #14 type.registry] 
New type java.util.ArrayList<java.lang.Object>

[2023-06-08 09:38:33 #15 type.registry] 
New type java.util.ArrayList<java.lang.String>

[2023-06-08 09:38:33 #16 type.registry] 
New type java.util.ArrayList<domain.Sesion>

[2023-06-08 09:38:33 #17 type.registry] 
New type java.util.LinkedList<java.lang.Object>

[2023-06-08 09:38:33 #18 type.registry] 
New type java.util.LinkedList<domain.Usuario>

------------------------------------------------------------------------------------------------------------------------

[2023-06-08 09:40:00 #1 store] 
Database 'C:\Users\jonetxe13\Desktop\universidad\IS\Bets21-master\src\main\resources\bets.temp' is opened by 2664@DESKTOP-490MKBR

[2023-06-08 09:40:00 #2 type.registry] 
New type domain.Actividad

[2023-06-08 09:40:00 #3 type] 
Type domain.Actividad is not enhanced.

[2023-06-08 09:40:00 #4 type.registry] 
New type domain.Encargado

[2023-06-08 09:40:00 #5 type] 
Type domain.Encargado is not enhanced.

[2023-06-08 09:40:00 #6 type.registry] 
New type domain.Cargo

[2023-06-08 09:40:00 #7 type] 
Type domain.Cargo is not enhanced.

[2023-06-08 09:40:00 #8 type.registry] 
New type domain.Sesion

[2023-06-08 09:40:00 #9 type.registry] 
New type domain.Usuario

[2023-06-08 09:40:00 #10 type] 
Type domain.Sesion is not enhanced.

[2023-06-08 09:40:00 #11 type.registry] 
New type domain.Sala

[2023-06-08 09:40:00 #12 type] 
Type domain.Usuario is not enhanced.

[2023-06-08 09:40:00 #13 type] 
Type domain.Sala is not enhanced.

[2023-06-08 09:40:00 #14 type.registry] 
New type java.util.ArrayList<java.lang.Object>

[2023-06-08 09:40:00 #15 type.registry] 
New type java.util.ArrayList<java.lang.String>

[2023-06-08 09:40:00 #16 type.registry] 
New type java.util.ArrayList<domain.Sesion>

[2023-06-08 09:40:00 #17 type.registry] 
New type java.util.LinkedList<java.lang.Object>

[2023-06-08 09:40:00 #18 type.registry] 
New type java.util.LinkedList<domain.Usuario>

------------------------------------------------------------------------------------------------------------------------

[2023-06-08 09:40:56 #1 store] 
Database 'C:\Users\jonetxe13\Desktop\universidad\IS\Bets21-master\src\main\resources\bets.temp' is opened by 6028@DESKTOP-490MKBR

[2023-06-08 09:40:56 #2 type.registry] 
New type domain.Actividad

[2023-06-08 09:40:56 #3 type] 
Type domain.Actividad is not enhanced.

[2023-06-08 09:40:56 #4 type.registry] 
New type domain.Encargado

[2023-06-08 09:40:56 #5 type] 
Type domain.Encargado is not enhanced.

[2023-06-08 09:40:56 #6 type.registry] 
New type domain.Cargo

[2023-06-08 09:40:56 #7 type] 
Type domain.Cargo is not enhanced.

[2023-06-08 09:40:56 #8 type.registry] 
New type domain.Sesion

[2023-06-08 09:40:56 #9 type.registry] 
New type domain.Usuario

[2023-06-08 09:40:56 #10 type] 
Type domain.Sesion is not enhanced.

[2023-06-08 09:40:56 #11 type.registry] 
New type domain.Sala

[2023-06-08 09:40:56 #12 type] 
Type domain.Usuario is not enhanced.

[2023-06-08 09:40:56 #13 type] 
Type domain.Sala is not enhanced.

[2023-06-08 09:40:56 #14 type.registry] 
New type java.util.ArrayList<java.lang.Object>

[2023-06-08 09:40:56 #15 type.registry] 
New type java.util.ArrayList<java.lang.String>

[2023-06-08 09:40:56 #16 type.registry] 
New type java.util.ArrayList<domain.Sesion>

[2023-06-08 09:40:56 #17 type.registry] 
New type java.util.LinkedList<java.lang.Object>

[2023-06-08 09:40:56 #18 type.registry] 
New type java.util.LinkedList<domain.Usuario>

------------------------------------------------------------------------------------------------------------------------

[2023-06-08 09:41:48 #1 store] 
Database 'C:\Users\jonetxe13\Desktop\universidad\IS\Bets21-master\src\main\resources\bets.temp' is opened by 3560@DESKTOP-490MKBR

[2023-06-08 09:41:48 #2 type.registry] 
New type domain.Actividad

[2023-06-08 09:41:48 #3 type] 
Type domain.Actividad is not enhanced.

[2023-06-08 09:41:48 #4 type.registry] 
New type domain.Encargado

[2023-06-08 09:41:48 #5 type] 
Type domain.Encargado is not enhanced.

[2023-06-08 09:41:48 #6 type.registry] 
New type domain.Cargo

[2023-06-08 09:41:48 #7 type] 
Type domain.Cargo is not enhanced.

[2023-06-08 09:41:48 #8 type.registry] 
New type domain.Sesion

[2023-06-08 09:41:48 #9 type.registry] 
New type domain.Usuario

[2023-06-08 09:41:48 #10 type] 
Type domain.Sesion is not enhanced.

[2023-06-08 09:41:48 #11 type.registry] 
New type domain.Sala

[2023-06-08 09:41:48 #12 type] 
Type domain.Usuario is not enhanced.

[2023-06-08 09:41:48 #13 type] 
Type domain.Sala is not enhanced.

[2023-06-08 09:41:48 #14 type.registry] 
New type java.util.ArrayList<java.lang.Object>

[2023-06-08 09:41:48 #15 type.registry] 
New type java.util.ArrayList<java.lang.String>

[2023-06-08 09:41:48 #16 type.registry] 
New type java.util.ArrayList<domain.Sesion>

[2023-06-08 09:41:48 #17 type.registry] 
New type java.util.LinkedList<java.lang.Object>

[2023-06-08 09:41:48 #18 type.registry] 
New type java.util.LinkedList<domain.Usuario>

------------------------------------------------------------------------------------------------------------------------

[2023-06-08 09:45:05 #1 store] 
Database 'C:\Users\jonetxe13\Desktop\universidad\IS\Bets21-master\src\main\resources\bets.temp' is opened by 4228@DESKTOP-490MKBR

[2023-06-08 09:45:05 #2 type.registry] 
New type domain.Actividad

[2023-06-08 09:45:05 #3 type] 
Type domain.Actividad is not enhanced.

[2023-06-08 09:45:05 #4 type.registry] 
New type domain.Encargado

[2023-06-08 09:45:05 #5 type] 
Type domain.Encargado is not enhanced.

[2023-06-08 09:45:05 #6 type.registry] 
New type domain.Cargo

[2023-06-08 09:45:05 #7 type] 
Type domain.Cargo is not enhanced.

[2023-06-08 09:45:05 #8 type.registry] 
New type domain.Sesion

[2023-06-08 09:45:05 #9 type.registry] 
New type domain.Usuario

[2023-06-08 09:45:05 #10 type] 
Type domain.Sesion is not enhanced.

[2023-06-08 09:45:05 #11 type.registry] 
New type domain.Sala

[2023-06-08 09:45:05 #12 type] 
Type domain.Usuario is not enhanced.

[2023-06-08 09:45:05 #13 type] 
Type domain.Sala is not enhanced.

[2023-06-08 09:45:05 #14 type.registry] 
New type java.util.ArrayList<java.lang.Object>

[2023-06-08 09:45:05 #15 type.registry] 
New type java.util.ArrayList<java.lang.String>

[2023-06-08 09:45:05 #16 type.registry] 
New type java.util.ArrayList<domain.Sesion>

[2023-06-08 09:45:05 #17 type.registry] 
New type java.util.LinkedList<java.lang.Object>

[2023-06-08 09:45:05 #18 type.registry] 
New type java.util.LinkedList<domain.Usuario>

------------------------------------------------------------------------------------------------------------------------

[2023-06-08 09:46:32 #1 store] 
Database 'C:\Users\jonetxe13\Desktop\universidad\IS\Bets21-master\src\main\resources\bets.temp' is opened by 7436@DESKTOP-490MKBR

[2023-06-08 09:46:32 #2 type.registry] 
New type domain.Actividad

[2023-06-08 09:46:32 #3 type] 
Type domain.Actividad is not enhanced.

[2023-06-08 09:46:32 #4 type.registry] 
New type domain.Encargado

[2023-06-08 09:46:32 #5 type] 
Type domain.Encargado is not enhanced.

[2023-06-08 09:46:32 #6 type.registry] 
New type domain.Cargo

[2023-06-08 09:46:32 #7 type] 
Type domain.Cargo is not enhanced.

[2023-06-08 09:46:32 #8 type.registry] 
New type domain.Sesion

[2023-06-08 09:46:32 #9 type.registry] 
New type domain.Usuario

[2023-06-08 09:46:32 #10 type] 
Type domain.Sesion is not enhanced.

[2023-06-08 09:46:32 #11 type.registry] 
New type domain.Sala

[2023-06-08 09:46:32 #12 type] 
Type domain.Usuario is not enhanced.

[2023-06-08 09:46:32 #13 type] 
Type domain.Sala is not enhanced.

[2023-06-08 09:46:32 #14 type.registry] 
New type java.util.ArrayList<java.lang.Object>

[2023-06-08 09:46:32 #15 type.registry] 
New type java.util.ArrayList<java.lang.String>

[2023-06-08 09:46:32 #16 type.registry] 
New type java.util.ArrayList<domain.Sesion>

[2023-06-08 09:46:32 #17 type.registry] 
New type java.util.LinkedList<java.lang.Object>

[2023-06-08 09:46:32 #18 type.registry] 
New type java.util.LinkedList<domain.Usuario>

------------------------------------------------------------------------------------------------------------------------

[2023-06-08 09:49:16 #1 store] 
Database 'C:\Users\jonetxe13\Desktop\universidad\IS\Bets21-master\src\main\resources\bets.temp' is opened by 6680@DESKTOP-490MKBR

[2023-06-08 09:49:16 #2 type.registry] 
New type domain.Actividad

[2023-06-08 09:49:16 #3 type] 
Type domain.Actividad is not enhanced.

[2023-06-08 09:49:16 #4 type.registry] 
New type domain.Encargado

[2023-06-08 09:49:16 #5 type] 
Type domain.Encargado is not enhanced.

[2023-06-08 09:49:16 #6 type.registry] 
New type domain.Cargo

[2023-06-08 09:49:16 #7 type] 
Type domain.Cargo is not enhanced.

[2023-06-08 09:49:16 #8 type.registry] 
New type domain.Sesion

[2023-06-08 09:49:16 #9 type.registry] 
New type domain.Usuario

[2023-06-08 09:49:16 #10 type] 
Type domain.Sesion is not enhanced.

[2023-06-08 09:49:16 #11 type.registry] 
New type domain.Sala

[2023-06-08 09:49:16 #12 type] 
Type domain.Usuario is not enhanced.

[2023-06-08 09:49:16 #13 type] 
Type domain.Sala is not enhanced.

[2023-06-08 09:49:16 #14 type.registry] 
New type java.util.ArrayList<java.lang.Object>

[2023-06-08 09:49:16 #15 type.registry] 
New type java.util.ArrayList<java.lang.String>

[2023-06-08 09:49:16 #16 type.registry] 
New type java.util.ArrayList<domain.Sesion>

[2023-06-08 09:49:16 #17 type.registry] 
New type java.util.LinkedList<java.lang.Object>

[2023-06-08 09:49:16 #18 type.registry] 
New type java.util.LinkedList<domain.Usuario>

------------------------------------------------------------------------------------------------------------------------

[2023-06-08 09:49:47 #1 store] 
Database 'C:\Users\jonetxe13\Desktop\universidad\IS\Bets21-master\src\main\resources\bets.temp' is opened by 1816@DESKTOP-490MKBR

[2023-06-08 09:49:47 #2 type.registry] 
New type domain.Actividad

[2023-06-08 09:49:47 #3 type] 
Type domain.Actividad is not enhanced.

[2023-06-08 09:49:47 #4 type.registry] 
New type domain.Encargado

[2023-06-08 09:49:47 #5 type] 
Type domain.Encargado is not enhanced.

[2023-06-08 09:49:47 #6 type.registry] 
New type domain.Cargo

[2023-06-08 09:49:47 #7 type] 
Type domain.Cargo is not enhanced.

[2023-06-08 09:49:47 #8 type.registry] 
New type domain.Sesion

[2023-06-08 09:49:47 #9 type.registry] 
New type domain.Usuario

[2023-06-08 09:49:47 #10 type] 
Type domain.Sesion is not enhanced.

[2023-06-08 09:49:47 #11 type.registry] 
New type domain.Sala

[2023-06-08 09:49:47 #12 type] 
Type domain.Usuario is not enhanced.

[2023-06-08 09:49:47 #13 type] 
Type domain.Sala is not enhanced.

[2023-06-08 09:49:47 #14 type.registry] 
New type java.util.ArrayList<java.lang.Object>

[2023-06-08 09:49:47 #15 type.registry] 
New type java.util.ArrayList<java.lang.String>

[2023-06-08 09:49:47 #16 type.registry] 
New type java.util.ArrayList<domain.Sesion>

[2023-06-08 09:49:47 #17 type.registry] 
New type java.util.LinkedList<java.lang.Object>

[2023-06-08 09:49:47 #18 type.registry] 
New type java.util.LinkedList<domain.Usuario>

------------------------------------------------------------------------------------------------------------------------

[2023-06-08 09:54:25 #1 store] 
Database 'C:\Users\jonetxe13\Desktop\universidad\IS\Bets21-master\src\main\resources\bets.temp' is opened by 356@DESKTOP-490MKBR

[2023-06-08 09:54:25 #2 type.registry] 
New type domain.Actividad

[2023-06-08 09:54:25 #3 type] 
Type domain.Actividad is not enhanced.

[2023-06-08 09:54:25 #4 type.registry] 
New type domain.Encargado

[2023-06-08 09:54:25 #5 type] 
Type domain.Encargado is not enhanced.

[2023-06-08 09:54:25 #6 type.registry] 
New type domain.Cargo

[2023-06-08 09:54:25 #7 type] 
Type domain.Cargo is not enhanced.

[2023-06-08 09:54:25 #8 type.registry] 
New type domain.Sesion

[2023-06-08 09:54:25 #9 type.registry] 
New type domain.Usuario

[2023-06-08 09:54:25 #10 type] 
Type domain.Sesion is not enhanced.

[2023-06-08 09:54:25 #11 type.registry] 
New type domain.Sala

[2023-06-08 09:54:25 #12 type] 
Type domain.Usuario is not enhanced.

[2023-06-08 09:54:25 #13 type] 
Type domain.Sala is not enhanced.

[2023-06-08 09:54:25 #14 type.registry] 
New type java.util.ArrayList<java.lang.Object>

[2023-06-08 09:54:25 #15 type.registry] 
New type java.util.ArrayList<java.lang.String>

[2023-06-08 09:54:25 #16 type.registry] 
New type java.util.ArrayList<domain.Sesion>

[2023-06-08 09:54:25 #17 type.registry] 
New type java.util.LinkedList<java.lang.Object>

[2023-06-08 09:54:25 #18 type.registry] 
New type java.util.LinkedList<domain.Usuario>

------------------------------------------------------------------------------------------------------------------------

[2023-06-08 09:55:33 #1 store] 
Database 'C:\Users\jonetxe13\Desktop\universidad\IS\Bets21-master\src\main\resources\bets.temp' is opened by 6148@DESKTOP-490MKBR

[2023-06-08 09:55:33 #2 type.registry] 
New type domain.Actividad

[2023-06-08 09:55:33 #3 type] 
Type domain.Actividad is not enhanced.

[2023-06-08 09:55:33 #4 type.registry] 
New type domain.Encargado

[2023-06-08 09:55:33 #5 type] 
Type domain.Encargado is not enhanced.

[2023-06-08 09:55:33 #6 type.registry] 
New type domain.Cargo

[2023-06-08 09:55:33 #7 type] 
Type domain.Cargo is not enhanced.

[2023-06-08 09:55:33 #8 type.registry] 
New type domain.Sesion

[2023-06-08 09:55:33 #9 type.registry] 
New type domain.Usuario

[2023-06-08 09:55:33 #10 type] 
Type domain.Sesion is not enhanced.

[2023-06-08 09:55:33 #11 type.registry] 
New type domain.Sala

[2023-06-08 09:55:33 #12 type] 
Type domain.Usuario is not enhanced.

[2023-06-08 09:55:33 #13 type] 
Type domain.Sala is not enhanced.

[2023-06-08 09:55:33 #14 type.registry] 
New type java.util.ArrayList<java.lang.Object>

[2023-06-08 09:55:33 #15 type.registry] 
New type java.util.ArrayList<java.lang.String>

[2023-06-08 09:55:33 #16 type.registry] 
New type java.util.ArrayList<domain.Sesion>

[2023-06-08 09:55:33 #17 type.registry] 
New type java.util.LinkedList<java.lang.Object>

[2023-06-08 09:55:33 #18 type.registry] 
New type java.util.LinkedList<domain.Usuario>

------------------------------------------------------------------------------------------------------------------------

[2023-06-08 09:55:56 #1 store] 
Database 'C:\Users\jonetxe13\Desktop\universidad\IS\Bets21-master\src\main\resources\bets.temp' is opened by 13656@DESKTOP-490MKBR

[2023-06-08 09:55:56 #2 type.registry] 
New type domain.Actividad

[2023-06-08 09:55:56 #3 type] 
Type domain.Actividad is not enhanced.

[2023-06-08 09:55:56 #4 type.registry] 
New type domain.Encargado

[2023-06-08 09:55:56 #5 type] 
Type domain.Encargado is not enhanced.

[2023-06-08 09:55:56 #6 type.registry] 
New type domain.Cargo

[2023-06-08 09:55:56 #7 type] 
Type domain.Cargo is not enhanced.

[2023-06-08 09:55:56 #8 type.registry] 
New type domain.Sesion

[2023-06-08 09:55:56 #9 type.registry] 
New type domain.Usuario

[2023-06-08 09:55:56 #10 type] 
Type domain.Sesion is not enhanced.

[2023-06-08 09:55:56 #11 type.registry] 
New type domain.Sala

[2023-06-08 09:55:56 #12 type] 
Type domain.Usuario is not enhanced.

[2023-06-08 09:55:56 #13 type] 
Type domain.Sala is not enhanced.

[2023-06-08 09:55:56 #14 type.registry] 
New type java.util.ArrayList<java.lang.Object>

[2023-06-08 09:55:56 #15 type.registry] 
New type java.util.ArrayList<java.lang.String>

[2023-06-08 09:55:56 #16 type.registry] 
New type java.util.ArrayList<domain.Sesion>

[2023-06-08 09:55:56 #17 type.registry] 
New type java.util.LinkedList<java.lang.Object>

[2023-06-08 09:55:56 #18 type.registry] 
New type java.util.LinkedList<domain.Usuario>

------------------------------------------------------------------------------------------------------------------------

[2023-06-08 09:56:52 #1 store] 
Database 'C:\Users\jonetxe13\Desktop\universidad\IS\Bets21-master\src\main\resources\bets.temp' is opened by 8012@DESKTOP-490MKBR

[2023-06-08 09:56:52 #2 type.registry] 
New type domain.Actividad

[2023-06-08 09:56:52 #3 type] 
Type domain.Actividad is not enhanced.

[2023-06-08 09:56:52 #4 type.registry] 
New type domain.Encargado

[2023-06-08 09:56:52 #5 type] 
Type domain.Encargado is not enhanced.

[2023-06-08 09:56:52 #6 type.registry] 
New type domain.Cargo

[2023-06-08 09:56:52 #7 type] 
Type domain.Cargo is not enhanced.

[2023-06-08 09:56:52 #8 type.registry] 
New type domain.Sesion

[2023-06-08 09:56:52 #9 type.registry] 
New type domain.Usuario

[2023-06-08 09:56:52 #10 type] 
Type domain.Sesion is not enhanced.

[2023-06-08 09:56:52 #11 type.registry] 
New type domain.Sala

[2023-06-08 09:56:52 #12 type] 
Type domain.Usuario is not enhanced.

[2023-06-08 09:56:52 #13 type] 
Type domain.Sala is not enhanced.

[2023-06-08 09:56:52 #14 type.registry] 
New type java.util.ArrayList<java.lang.Object>

[2023-06-08 09:56:52 #15 type.registry] 
New type java.util.ArrayList<java.lang.String>

[2023-06-08 09:56:52 #16 type.registry] 
New type java.util.ArrayList<domain.Sesion>

[2023-06-08 09:56:52 #17 type.registry] 
New type java.util.LinkedList<java.lang.Object>

[2023-06-08 09:56:52 #18 type.registry] 
New type java.util.LinkedList<domain.Usuario>

------------------------------------------------------------------------------------------------------------------------

[2023-06-08 09:58:12 #1 store] 
Database 'C:\Users\jonetxe13\Desktop\universidad\IS\Bets21-master\src\main\resources\bets.temp' is opened by 9448@DESKTOP-490MKBR

[2023-06-08 09:58:13 #2 type.registry] 
New type domain.Actividad

[2023-06-08 09:58:13 #3 type] 
Type domain.Actividad is not enhanced.

[2023-06-08 09:58:13 #4 type.registry] 
New type domain.Encargado

[2023-06-08 09:58:13 #5 type] 
Type domain.Encargado is not enhanced.

[2023-06-08 09:58:13 #6 type.registry] 
New type domain.Cargo

[2023-06-08 09:58:13 #7 type] 
Type domain.Cargo is not enhanced.

[2023-06-08 09:58:13 #8 type.registry] 
New type domain.Sesion

[2023-06-08 09:58:13 #9 type.registry] 
New type domain.Usuario

[2023-06-08 09:58:13 #10 type] 
Type domain.Sesion is not enhanced.

[2023-06-08 09:58:13 #11 type.registry] 
New type domain.Sala

[2023-06-08 09:58:13 #12 type] 
Type domain.Usuario is not enhanced.

[2023-06-08 09:58:13 #13 type] 
Type domain.Sala is not enhanced.

[2023-06-08 09:58:13 #14 type.registry] 
New type java.util.ArrayList<java.lang.Object>

[2023-06-08 09:58:13 #15 type.registry] 
New type java.util.ArrayList<java.lang.String>

[2023-06-08 09:58:13 #16 type.registry] 
New type java.util.ArrayList<domain.Sesion>

[2023-06-08 09:58:13 #17 type.registry] 
New type java.util.LinkedList<java.lang.Object>

[2023-06-08 09:58:13 #18 type.registry] 
New type java.util.LinkedList<domain.Usuario>

------------------------------------------------------------------------------------------------------------------------

[2023-06-08 10:01:06 #1 store] 
Database 'C:\Users\jonetxe13\Desktop\universidad\IS\Bets21-master\src\main\resources\bets.temp' is opened by 6600@DESKTOP-490MKBR

[2023-06-08 10:01:06 #2 type.registry] 
New type domain.Actividad

[2023-06-08 10:01:06 #3 type] 
Type domain.Actividad is not enhanced.

[2023-06-08 10:01:06 #4 type.registry] 
New type domain.Encargado

[2023-06-08 10:01:06 #5 type] 
Type domain.Encargado is not enhanced.

[2023-06-08 10:01:06 #6 type.registry] 
New type domain.Cargo

[2023-06-08 10:01:06 #7 type] 
Type domain.Cargo is not enhanced.

[2023-06-08 10:01:06 #8 type.registry] 
New type domain.Sesion

[2023-06-08 10:01:06 #9 type.registry] 
New type domain.Usuario

[2023-06-08 10:01:06 #10 type] 
Type domain.Sesion is not enhanced.

[2023-06-08 10:01:06 #11 type.registry] 
New type domain.Sala

[2023-06-08 10:01:06 #12 type] 
Type domain.Usuario is not enhanced.

[2023-06-08 10:01:06 #13 type] 
Type domain.Sala is not enhanced.

[2023-06-08 10:01:06 #14 type.registry] 
New type java.util.ArrayList<java.lang.Object>

[2023-06-08 10:01:06 #15 type.registry] 
New type java.util.ArrayList<java.lang.String>

[2023-06-08 10:01:06 #16 type.registry] 
New type java.util.ArrayList<domain.Sesion>

[2023-06-08 10:01:06 #17 type.registry] 
New type java.util.LinkedList<java.lang.Object>

[2023-06-08 10:01:06 #18 type.registry] 
New type java.util.LinkedList<domain.Usuario>

------------------------------------------------------------------------------------------------------------------------

[2023-06-08 10:05:20 #1 store] 
Database 'C:\Users\jonetxe13\Desktop\universidad\IS\Bets21-master\src\main\resources\bets.temp' is opened by 13840@DESKTOP-490MKBR

[2023-06-08 10:05:20 #2 type.registry] 
New type domain.Actividad

[2023-06-08 10:05:20 #3 type] 
Type domain.Actividad is not enhanced.

[2023-06-08 10:05:20 #4 type.registry] 
New type domain.Encargado

[2023-06-08 10:05:20 #5 type] 
Type domain.Encargado is not enhanced.

[2023-06-08 10:05:20 #6 type.registry] 
New type domain.Usuario

[2023-06-08 10:05:20 #7 type] 
Type domain.Usuario is not enhanced.

[2023-06-08 10:05:20 #8 type.registry] 
New type domain.Sala

[2023-06-08 10:05:20 #9 type] 
Type domain.Sala is not enhanced.

[2023-06-08 10:05:20 #10 type.registry] 
New type domain.Sesion

[2023-06-08 10:05:20 #11 type] 
Type domain.Sesion is not enhanced.

[2023-06-08 10:05:20 #12 type.registry] 
New type domain.Cargo

[2023-06-08 10:05:20 #13 type] 
Type domain.Cargo is not enhanced.

[2023-06-08 10:05:20 #14 type.registry] 
New type java.util.ArrayList<java.lang.Object>

[2023-06-08 10:05:20 #15 type.registry] 
New type java.util.ArrayList<java.lang.String>

[2023-06-08 10:05:20 #16 type.registry] 
New type java.util.ArrayList<domain.Sesion>

[2023-06-08 10:05:20 #17 type.registry] 
New type java.util.LinkedList<java.lang.Object>

[2023-06-08 10:05:20 #18 type.registry] 
New type java.util.LinkedList<domain.Usuario>

------------------------------------------------------------------------------------------------------------------------

[2023-06-08 10:07:00 #1 store] 
Database 'C:\Users\jonetxe13\Desktop\universidad\IS\Bets21-master\src\main\resources\bets.temp' is opened by 12744@DESKTOP-490MKBR

[2023-06-08 10:07:00 #2 type.registry] 
New type domain.Actividad

[2023-06-08 10:07:00 #3 type] 
Type domain.Actividad is not enhanced.

[2023-06-08 10:07:00 #4 type.registry] 
New type domain.Encargado

[2023-06-08 10:07:00 #5 type] 
Type domain.Encargado is not enhanced.

[2023-06-08 10:07:00 #6 type.registry] 
New type domain.Usuario

[2023-06-08 10:07:00 #7 type] 
Type domain.Usuario is not enhanced.

[2023-06-08 10:07:00 #8 type.registry] 
New type domain.Sala

[2023-06-08 10:07:00 #9 type] 
Type domain.Sala is not enhanced.

[2023-06-08 10:07:00 #10 type.registry] 
New type domain.Sesion

[2023-06-08 10:07:00 #11 type] 
Type domain.Sesion is not enhanced.

[2023-06-08 10:07:00 #12 type.registry] 
New type domain.Cargo

[2023-06-08 10:07:00 #13 type] 
Type domain.Cargo is not enhanced.

[2023-06-08 10:07:00 #14 type.registry] 
New type java.util.ArrayList<java.lang.Object>

[2023-06-08 10:07:00 #15 type.registry] 
New type java.util.ArrayList<java.lang.String>

[2023-06-08 10:07:00 #16 type.registry] 
New type java.util.ArrayList<domain.Sesion>

[2023-06-08 10:07:00 #17 type.registry] 
New type java.util.LinkedList<java.lang.Object>

[2023-06-08 10:07:00 #18 type.registry] 
New type java.util.LinkedList<domain.Usuario>

------------------------------------------------------------------------------------------------------------------------

[2023-06-08 10:08:19 #1 store] 
Database 'C:\Users\jonetxe13\Desktop\universidad\IS\Bets21-master\src\main\resources\bets.temp' is opened by 11188@DESKTOP-490MKBR

[2023-06-08 10:08:19 #2 type.registry] 
New type domain.Actividad

[2023-06-08 10:08:19 #3 type] 
Type domain.Actividad is not enhanced.

[2023-06-08 10:08:19 #4 type.registry] 
New type domain.Encargado

[2023-06-08 10:08:19 #5 type] 
Type domain.Encargado is not enhanced.

[2023-06-08 10:08:19 #6 type.registry] 
New type domain.Usuario

[2023-06-08 10:08:19 #7 type] 
Type domain.Usuario is not enhanced.

[2023-06-08 10:08:19 #8 type.registry] 
New type domain.Sala

[2023-06-08 10:08:19 #9 type] 
Type domain.Sala is not enhanced.

[2023-06-08 10:08:19 #10 type.registry] 
New type domain.Sesion

[2023-06-08 10:08:19 #11 type] 
Type domain.Sesion is not enhanced.

[2023-06-08 10:08:19 #12 type.registry] 
New type domain.Cargo

[2023-06-08 10:08:19 #13 type] 
Type domain.Cargo is not enhanced.

[2023-06-08 10:08:19 #14 type.registry] 
New type java.util.ArrayList<java.lang.Object>

[2023-06-08 10:08:19 #15 type.registry] 
New type java.util.ArrayList<java.lang.String>

[2023-06-08 10:08:19 #16 type.registry] 
New type java.util.ArrayList<domain.Sesion>

[2023-06-08 10:08:19 #17 type.registry] 
New type java.util.LinkedList<java.lang.Object>

[2023-06-08 10:08:19 #18 type.registry] 
New type java.util.LinkedList<domain.Usuario>

------------------------------------------------------------------------------------------------------------------------

[2023-06-08 10:10:21 #1 store] 
Database 'C:\Users\jonetxe13\Desktop\universidad\IS\Bets21-master\src\main\resources\bets.temp' is opened by 8568@DESKTOP-490MKBR

[2023-06-08 10:10:22 #2 type.registry] 
New type domain.Actividad

[2023-06-08 10:10:22 #3 type] 
Type domain.Actividad is not enhanced.

[2023-06-08 10:10:22 #4 type.registry] 
New type domain.Encargado

[2023-06-08 10:10:22 #5 type] 
Type domain.Encargado is not enhanced.

[2023-06-08 10:10:22 #6 type.registry] 
New type domain.Usuario

[2023-06-08 10:10:22 #7 type] 
Type domain.Usuario is not enhanced.

[2023-06-08 10:10:22 #8 type.registry] 
New type domain.Sala

[2023-06-08 10:10:22 #9 type] 
Type domain.Sala is not enhanced.

[2023-06-08 10:10:22 #10 type.registry] 
New type domain.Sesion

[2023-06-08 10:10:22 #11 type] 
Type domain.Sesion is not enhanced.

[2023-06-08 10:10:22 #12 type.registry] 
New type domain.Cargo

[2023-06-08 10:10:22 #13 type] 
Type domain.Cargo is not enhanced.

[2023-06-08 10:10:22 #14 type.registry] 
New type java.util.ArrayList<java.lang.Object>

[2023-06-08 10:10:22 #15 type.registry] 
New type java.util.ArrayList<java.lang.String>

[2023-06-08 10:10:22 #16 type.registry] 
New type java.util.ArrayList<domain.Sesion>

[2023-06-08 10:10:22 #17 type.registry] 
New type java.util.LinkedList<java.lang.Object>

[2023-06-08 10:10:22 #18 type.registry] 
New type java.util.LinkedList<domain.Usuario>

------------------------------------------------------------------------------------------------------------------------

[2023-06-08 10:12:50 #1 store] 
Database 'C:\Users\jonetxe13\Desktop\universidad\IS\Bets21-master\src\main\resources\bets.temp' is opened by 8280@DESKTOP-490MKBR

[2023-06-08 10:12:50 #2 type.registry] 
New type domain.Actividad

[2023-06-08 10:12:50 #3 type] 
Type domain.Actividad is not enhanced.

[2023-06-08 10:12:50 #4 type.registry] 
New type domain.Encargado

[2023-06-08 10:12:50 #5 type] 
Type domain.Encargado is not enhanced.

[2023-06-08 10:12:50 #6 type.registry] 
New type domain.Usuario

[2023-06-08 10:12:50 #7 type] 
Type domain.Usuario is not enhanced.

[2023-06-08 10:12:50 #8 type.registry] 
New type domain.Sala

[2023-06-08 10:12:50 #9 type] 
Type domain.Sala is not enhanced.

[2023-06-08 10:12:50 #10 type.registry] 
New type domain.Sesion

[2023-06-08 10:12:50 #11 type] 
Type domain.Sesion is not enhanced.

[2023-06-08 10:12:50 #12 type.registry] 
New type domain.Cargo

[2023-06-08 10:12:50 #13 type] 
Type domain.Cargo is not enhanced.

[2023-06-08 10:12:50 #14 type.registry] 
New type java.util.ArrayList<java.lang.Object>

[2023-06-08 10:12:50 #15 type.registry] 
New type java.util.ArrayList<java.lang.String>

[2023-06-08 10:12:50 #16 type.registry] 
New type java.util.ArrayList<domain.Sesion>

[2023-06-08 10:12:50 #17 type.registry] 
New type java.util.LinkedList<java.lang.Object>

[2023-06-08 10:12:50 #18 type.registry] 
New type java.util.LinkedList<domain.Usuario>

[2023-06-08 10:12:50 #19 type.registry] 
New type com.objectdb.o.LMT

[2023-06-08 10:12:50 #20 type.registry] 
New type com.objectdb.o.VAL

[2023-06-08 10:12:50 #21 type.registry] 
New type com.objectdb.o.RFV

------------------------------------------------------------------------------------------------------------------------

[2023-06-08 10:18:20 #1 store] 
Database 'C:\Users\jonetxe13\Desktop\universidad\IS\Bets21-master\src\main\resources\bets.temp' is opened by 6856@DESKTOP-490MKBR

[2023-06-08 10:18:20 #2 type.registry] 
New type domain.Actividad

[2023-06-08 10:18:20 #3 type] 
Type domain.Actividad is not enhanced.

[2023-06-08 10:18:20 #4 type.registry] 
New type domain.Encargado

[2023-06-08 10:18:20 #5 type] 
Type domain.Encargado is not enhanced.

[2023-06-08 10:18:20 #6 type.registry] 
New type domain.Usuario

[2023-06-08 10:18:20 #7 type] 
Type domain.Usuario is not enhanced.

[2023-06-08 10:18:20 #8 type.registry] 
New type domain.Sala

[2023-06-08 10:18:20 #9 type] 
Type domain.Sala is not enhanced.

[2023-06-08 10:18:20 #10 type.registry] 
New type domain.Sesion

[2023-06-08 10:18:20 #11 type] 
Type domain.Sesion is not enhanced.

[2023-06-08 10:18:20 #12 type.registry] 
New type domain.Cargo

[2023-06-08 10:18:20 #13 type] 
Type domain.Cargo is not enhanced.

[2023-06-08 10:18:20 #14 type.registry] 
New type java.util.ArrayList<java.lang.Object>

[2023-06-08 10:18:20 #15 type.registry] 
New type java.util.ArrayList<java.lang.String>

[2023-06-08 10:18:20 #16 type.registry] 
New type java.util.ArrayList<domain.Sesion>

[2023-06-08 10:18:20 #17 type.registry] 
New type java.util.LinkedList<java.lang.Object>

[2023-06-08 10:18:20 #18 type.registry] 
New type java.util.LinkedList<domain.Usuario>

------------------------------------------------------------------------------------------------------------------------

[2023-06-08 10:24:58 #1 store] 
Database 'C:\Users\jonetxe13\Desktop\universidad\IS\Bets21-master\src\main\resources\bets.temp' is opened by 11296@DESKTOP-490MKBR

[2023-06-08 10:24:58 #2 type.registry] 
New type domain.Actividad

[2023-06-08 10:24:58 #3 type] 
Type domain.Actividad is not enhanced.

[2023-06-08 10:24:58 #4 type.registry] 
New type domain.Encargado

[2023-06-08 10:24:58 #5 type] 
Type domain.Encargado is not enhanced.

[2023-06-08 10:24:58 #6 type.registry] 
New type domain.Usuario

[2023-06-08 10:24:58 #7 type] 
Type domain.Usuario is not enhanced.

[2023-06-08 10:24:58 #8 type.registry] 
New type domain.Sala

[2023-06-08 10:24:58 #9 type] 
Type domain.Sala is not enhanced.

[2023-06-08 10:24:58 #10 type.registry] 
New type domain.Sesion

[2023-06-08 10:24:58 #11 type] 
Type domain.Sesion is not enhanced.

[2023-06-08 10:24:58 #12 type.registry] 
New type domain.Cargo

[2023-06-08 10:24:58 #13 type] 
Type domain.Cargo is not enhanced.

[2023-06-08 10:24:58 #14 type.registry] 
New type java.util.ArrayList<java.lang.Object>

[2023-06-08 10:24:58 #15 type.registry] 
New type java.util.ArrayList<java.lang.String>

[2023-06-08 10:24:58 #16 type.registry] 
New type java.util.ArrayList<domain.Sesion>

[2023-06-08 10:24:58 #17 type.registry] 
New type java.util.LinkedList<java.lang.Object>

[2023-06-08 10:24:58 #18 type.registry] 
New type java.util.LinkedList<domain.Usuario>

[2023-06-08 10:24:58 #19 type.registry] 
New type com.objectdb.o.LMT

[2023-06-08 10:24:58 #20 type.registry] 
New type com.objectdb.o.VAL

[2023-06-08 10:24:58 #21 type.registry] 
New type com.objectdb.o.RFV

------------------------------------------------------------------------------------------------------------------------

[2023-06-08 10:29:13 #1 store] 
Database 'C:\Users\jonetxe13\Desktop\universidad\IS\Bets21-master\src\main\resources\bets.temp' is opened by 6360@DESKTOP-490MKBR

[2023-06-08 10:29:13 #2 type.registry] 
New type domain.Actividad

[2023-06-08 10:29:13 #3 type] 
Type domain.Actividad is not enhanced.

[2023-06-08 10:29:13 #4 type.registry] 
New type domain.Encargado

[2023-06-08 10:29:13 #5 type] 
Type domain.Encargado is not enhanced.

[2023-06-08 10:29:13 #6 type.registry] 
New type domain.Usuario

[2023-06-08 10:29:13 #7 type] 
Type domain.Usuario is not enhanced.

[2023-06-08 10:29:13 #8 type.registry] 
New type domain.Sala

[2023-06-08 10:29:13 #9 type] 
Type domain.Sala is not enhanced.

[2023-06-08 10:29:13 #10 type.registry] 
New type domain.Sesion

[2023-06-08 10:29:13 #11 type] 
Type domain.Sesion is not enhanced.

[2023-06-08 10:29:13 #12 type.registry] 
New type domain.Cargo

[2023-06-08 10:29:13 #13 type] 
Type domain.Cargo is not enhanced.

[2023-06-08 10:29:13 #14 type.registry] 
New type java.util.ArrayList<java.lang.Object>

[2023-06-08 10:29:13 #15 type.registry] 
New type java.util.ArrayList<java.lang.String>

[2023-06-08 10:29:13 #16 type.registry] 
New type java.util.ArrayList<domain.Sesion>

[2023-06-08 10:29:13 #17 type.registry] 
New type java.util.LinkedList<java.lang.Object>

[2023-06-08 10:29:13 #18 type.registry] 
New type java.util.LinkedList<domain.Usuario>

------------------------------------------------------------------------------------------------------------------------

[2023-06-08 10:30:16 #1 store] 
Database 'C:\Users\jonetxe13\Desktop\universidad\IS\Bets21-master\src\main\resources\bets.temp' is opened by 1784@DESKTOP-490MKBR

[2023-06-08 10:30:16 #2 type.registry] 
New type domain.Actividad

[2023-06-08 10:30:16 #3 type] 
Type domain.Actividad is not enhanced.

[2023-06-08 10:30:16 #4 type.registry] 
New type domain.Encargado

[2023-06-08 10:30:16 #5 type] 
Type domain.Encargado is not enhanced.

[2023-06-08 10:30:16 #6 type.registry] 
New type domain.Usuario

[2023-06-08 10:30:16 #7 type] 
Type domain.Usuario is not enhanced.

[2023-06-08 10:30:16 #8 type.registry] 
New type domain.Sala

[2023-06-08 10:30:16 #9 type] 
Type domain.Sala is not enhanced.

[2023-06-08 10:30:16 #10 type.registry] 
New type domain.Sesion

[2023-06-08 10:30:16 #11 type] 
Type domain.Sesion is not enhanced.

[2023-06-08 10:30:16 #12 type.registry] 
New type domain.Cargo

[2023-06-08 10:30:16 #13 type] 
Type domain.Cargo is not enhanced.

[2023-06-08 10:30:16 #14 type.registry] 
New type java.util.ArrayList<java.lang.Object>

[2023-06-08 10:30:16 #15 type.registry] 
New type java.util.ArrayList<java.lang.String>

[2023-06-08 10:30:16 #16 type.registry] 
New type java.util.ArrayList<domain.Sesion>

[2023-06-08 10:30:16 #17 type.registry] 
New type java.util.LinkedList<java.lang.Object>

[2023-06-08 10:30:16 #18 type.registry] 
New type java.util.LinkedList<domain.Usuario>

------------------------------------------------------------------------------------------------------------------------

[2023-06-08 10:34:37 #1 store] 
Database 'C:\Users\jonetxe13\Desktop\universidad\IS\Bets21-master\src\main\resources\bets.temp' is opened by 13652@DESKTOP-490MKBR

[2023-06-08 10:34:37 #2 type.registry] 
New type domain.Actividad

[2023-06-08 10:34:37 #3 type] 
Type domain.Actividad is not enhanced.

[2023-06-08 10:34:37 #4 type.registry] 
New type domain.Encargado

[2023-06-08 10:34:37 #5 type] 
Type domain.Encargado is not enhanced.

[2023-06-08 10:34:37 #6 type.registry] 
New type domain.Usuario

[2023-06-08 10:34:37 #7 type] 
Type domain.Usuario is not enhanced.

[2023-06-08 10:34:37 #8 type.registry] 
New type domain.Sala

[2023-06-08 10:34:37 #9 type] 
Type domain.Sala is not enhanced.

[2023-06-08 10:34:37 #10 type.registry] 
New type domain.Sesion

[2023-06-08 10:34:37 #11 type] 
Type domain.Sesion is not enhanced.

[2023-06-08 10:34:37 #12 type.registry] 
New type domain.Cargo

[2023-06-08 10:34:37 #13 type] 
Type domain.Cargo is not enhanced.

[2023-06-08 10:34:37 #14 type.registry] 
New type java.util.ArrayList<java.lang.Object>

[2023-06-08 10:34:37 #15 type.registry] 
New type java.util.ArrayList<java.lang.String>

[2023-06-08 10:34:37 #16 type.registry] 
New type java.util.ArrayList<domain.Sesion>

[2023-06-08 10:34:37 #17 type.registry] 
New type java.util.LinkedList<java.lang.Object>

[2023-06-08 10:34:37 #18 type.registry] 
New type java.util.LinkedList<domain.Usuario>

------------------------------------------------------------------------------------------------------------------------

[2023-06-08 10:35:35 #1 store] 
Database 'C:\Users\jonetxe13\Desktop\universidad\IS\Bets21-master\src\main\resources\bets.temp' is opened by 2732@DESKTOP-490MKBR

[2023-06-08 10:35:35 #2 type.registry] 
New type domain.Actividad

[2023-06-08 10:35:35 #3 type] 
Type domain.Actividad is not enhanced.

[2023-06-08 10:35:35 #4 type.registry] 
New type domain.Encargado

[2023-06-08 10:35:35 #5 type] 
Type domain.Encargado is not enhanced.

[2023-06-08 10:35:35 #6 type.registry] 
New type domain.Usuario

[2023-06-08 10:35:35 #7 type] 
Type domain.Usuario is not enhanced.

[2023-06-08 10:35:35 #8 type.registry] 
New type domain.Sala

[2023-06-08 10:35:35 #9 type] 
Type domain.Sala is not enhanced.

[2023-06-08 10:35:35 #10 type.registry] 
New type domain.Sesion

[2023-06-08 10:35:35 #11 type] 
Type domain.Sesion is not enhanced.

[2023-06-08 10:35:35 #12 type.registry] 
New type domain.Cargo

[2023-06-08 10:35:35 #13 type] 
Type domain.Cargo is not enhanced.

[2023-06-08 10:35:35 #14 type.registry] 
New type java.util.ArrayList<java.lang.Object>

[2023-06-08 10:35:35 #15 type.registry] 
New type java.util.ArrayList<java.lang.String>

[2023-06-08 10:35:35 #16 type.registry] 
New type java.util.ArrayList<domain.Sesion>

[2023-06-08 10:35:35 #17 type.registry] 
New type java.util.LinkedList<java.lang.Object>

[2023-06-08 10:35:35 #18 type.registry] 
New type java.util.LinkedList<domain.Usuario>

------------------------------------------------------------------------------------------------------------------------

[2023-06-08 10:35:54 #1 store] 
Database 'C:\Users\jonetxe13\Desktop\universidad\IS\Bets21-master\src\main\resources\bets.temp' is opened by 8520@DESKTOP-490MKBR

[2023-06-08 10:35:54 #2 type.registry] 
New type domain.Actividad

[2023-06-08 10:35:54 #3 type] 
Type domain.Actividad is not enhanced.

[2023-06-08 10:35:54 #4 type.registry] 
New type domain.Encargado

[2023-06-08 10:35:54 #5 type] 
Type domain.Encargado is not enhanced.

[2023-06-08 10:35:54 #6 type.registry] 
New type domain.Usuario

[2023-06-08 10:35:54 #7 type] 
Type domain.Usuario is not enhanced.

[2023-06-08 10:35:54 #8 type.registry] 
New type domain.Sala

[2023-06-08 10:35:54 #9 type] 
Type domain.Sala is not enhanced.

[2023-06-08 10:35:54 #10 type.registry] 
New type domain.Sesion

[2023-06-08 10:35:54 #11 type] 
Type domain.Sesion is not enhanced.

[2023-06-08 10:35:54 #12 type.registry] 
New type domain.Cargo

[2023-06-08 10:35:54 #13 type] 
Type domain.Cargo is not enhanced.

[2023-06-08 10:35:54 #14 type.registry] 
New type java.util.ArrayList<java.lang.Object>

[2023-06-08 10:35:54 #15 type.registry] 
New type java.util.ArrayList<java.lang.String>

[2023-06-08 10:35:54 #16 type.registry] 
New type java.util.ArrayList<domain.Sesion>

[2023-06-08 10:35:54 #17 type.registry] 
New type java.util.LinkedList<java.lang.Object>

[2023-06-08 10:35:54 #18 type.registry] 
New type java.util.LinkedList<domain.Usuario>

------------------------------------------------------------------------------------------------------------------------

[2023-06-08 10:36:19 #1 store] 
Database 'C:\Users\jonetxe13\Desktop\universidad\IS\Bets21-master\src\main\resources\bets.temp' is opened by 9200@DESKTOP-490MKBR

[2023-06-08 10:36:19 #2 type.registry] 
New type domain.Actividad

[2023-06-08 10:36:19 #3 type] 
Type domain.Actividad is not enhanced.

[2023-06-08 10:36:19 #4 type.registry] 
New type domain.Encargado

[2023-06-08 10:36:19 #5 type] 
Type domain.Encargado is not enhanced.

[2023-06-08 10:36:19 #6 type.registry] 
New type domain.Usuario

[2023-06-08 10:36:19 #7 type] 
Type domain.Usuario is not enhanced.

[2023-06-08 10:36:19 #8 type.registry] 
New type domain.Sala

[2023-06-08 10:36:19 #9 type] 
Type domain.Sala is not enhanced.

[2023-06-08 10:36:19 #10 type.registry] 
New type domain.Sesion

[2023-06-08 10:36:19 #11 type] 
Type domain.Sesion is not enhanced.

[2023-06-08 10:36:19 #12 type.registry] 
New type domain.Cargo

[2023-06-08 10:36:19 #13 type] 
Type domain.Cargo is not enhanced.

[2023-06-08 10:36:19 #14 type.registry] 
New type java.util.ArrayList<java.lang.Object>

[2023-06-08 10:36:19 #15 type.registry] 
New type java.util.ArrayList<java.lang.String>

[2023-06-08 10:36:19 #16 type.registry] 
New type java.util.ArrayList<domain.Sesion>

[2023-06-08 10:36:19 #17 type.registry] 
New type java.util.LinkedList<java.lang.Object>

[2023-06-08 10:36:19 #18 type.registry] 
New type java.util.LinkedList<domain.Usuario>

------------------------------------------------------------------------------------------------------------------------

[2023-06-08 10:38:53 #1 store] 
Database 'C:\Users\jonetxe13\Desktop\universidad\IS\Bets21-master\src\main\resources\bets.temp' is opened by 4836@DESKTOP-490MKBR

[2023-06-08 10:38:53 #2 type.registry] 
New type domain.Actividad

[2023-06-08 10:38:53 #3 type] 
Type domain.Actividad is not enhanced.

[2023-06-08 10:38:53 #4 type.registry] 
New type domain.Encargado

[2023-06-08 10:38:53 #5 type] 
Type domain.Encargado is not enhanced.

[2023-06-08 10:38:53 #6 type.registry] 
New type domain.Usuario

[2023-06-08 10:38:53 #7 type] 
Type domain.Usuario is not enhanced.

[2023-06-08 10:38:53 #8 type.registry] 
New type domain.Sala

[2023-06-08 10:38:53 #9 type] 
Type domain.Sala is not enhanced.

[2023-06-08 10:38:53 #10 type.registry] 
New type domain.Sesion

[2023-06-08 10:38:53 #11 type] 
Type domain.Sesion is not enhanced.

[2023-06-08 10:38:53 #12 type.registry] 
New type domain.Cargo

[2023-06-08 10:38:53 #13 type] 
Type domain.Cargo is not enhanced.

[2023-06-08 10:38:53 #14 type.registry] 
New type java.util.ArrayList<java.lang.Object>

[2023-06-08 10:38:53 #15 type.registry] 
New type java.util.ArrayList<java.lang.String>

[2023-06-08 10:38:53 #16 type.registry] 
New type java.util.ArrayList<domain.Sesion>

[2023-06-08 10:38:53 #17 type.registry] 
New type java.util.LinkedList<java.lang.Object>

[2023-06-08 10:38:53 #18 type.registry] 
New type java.util.LinkedList<domain.Usuario>

------------------------------------------------------------------------------------------------------------------------

[2023-06-08 10:41:03 #1 store] 
Database 'C:\Users\jonetxe13\Desktop\universidad\IS\Bets21-master\src\main\resources\bets.temp' is opened by 2528@DESKTOP-490MKBR

[2023-06-08 10:41:03 #2 type.registry] 
New type domain.Actividad

[2023-06-08 10:41:03 #3 type] 
Type domain.Actividad is not enhanced.

[2023-06-08 10:41:03 #4 type.registry] 
New type domain.Encargado

[2023-06-08 10:41:03 #5 type] 
Type domain.Encargado is not enhanced.

[2023-06-08 10:41:03 #6 type.registry] 
New type domain.Usuario

[2023-06-08 10:41:03 #7 type] 
Type domain.Usuario is not enhanced.

[2023-06-08 10:41:03 #8 type.registry] 
New type domain.Sala

[2023-06-08 10:41:03 #9 type] 
Type domain.Sala is not enhanced.

[2023-06-08 10:41:03 #10 type.registry] 
New type domain.Sesion

[2023-06-08 10:41:03 #11 type] 
Type domain.Sesion is not enhanced.

[2023-06-08 10:41:03 #12 type.registry] 
New type domain.Cargo

[2023-06-08 10:41:03 #13 type] 
Type domain.Cargo is not enhanced.

[2023-06-08 10:41:03 #14 type.registry] 
New type java.util.ArrayList<java.lang.Object>

[2023-06-08 10:41:03 #15 type.registry] 
New type java.util.ArrayList<java.lang.String>

[2023-06-08 10:41:03 #16 type.registry] 
New type java.util.ArrayList<domain.Sesion>

[2023-06-08 10:41:03 #17 type.registry] 
New type java.util.LinkedList<java.lang.Object>

[2023-06-08 10:41:03 #18 type.registry] 
New type java.util.LinkedList<domain.Usuario>

------------------------------------------------------------------------------------------------------------------------

[2023-06-08 10:48:09 #1 store] 
Database 'C:\Users\jonetxe13\Desktop\universidad\IS\Bets21-master\src\main\resources\bets.temp' is opened by 9188@DESKTOP-490MKBR

[2023-06-08 10:48:10 #2 type.registry] 
New type domain.Actividad

[2023-06-08 10:48:10 #3 type] 
Type domain.Actividad is not enhanced.

[2023-06-08 10:48:10 #4 type.registry] 
New type domain.Encargado

[2023-06-08 10:48:10 #5 type] 
Type domain.Encargado is not enhanced.

[2023-06-08 10:48:10 #6 type.registry] 
New type domain.Usuario

[2023-06-08 10:48:10 #7 type] 
Type domain.Usuario is not enhanced.

[2023-06-08 10:48:10 #8 type.registry] 
New type domain.Sala

[2023-06-08 10:48:10 #9 type] 
Type domain.Sala is not enhanced.

[2023-06-08 10:48:10 #10 type.registry] 
New type domain.Sesion

[2023-06-08 10:48:10 #11 type] 
Type domain.Sesion is not enhanced.

[2023-06-08 10:48:10 #12 type.registry] 
New type domain.Cargo

[2023-06-08 10:48:10 #13 type] 
Type domain.Cargo is not enhanced.

[2023-06-08 10:48:10 #14 type.registry] 
New type java.util.ArrayList<java.lang.Object>

[2023-06-08 10:48:10 #15 type.registry] 
New type java.util.ArrayList<java.lang.String>

[2023-06-08 10:48:10 #16 type.registry] 
New type java.util.ArrayList<domain.Sesion>

[2023-06-08 10:48:10 #17 type.registry] 
New type java.util.LinkedList<java.lang.Object>

[2023-06-08 10:48:10 #18 type.registry] 
New type java.util.LinkedList<domain.Usuario>

------------------------------------------------------------------------------------------------------------------------

[2023-06-08 10:57:36 #1 store] 
Database 'C:\Users\jonetxe13\Desktop\universidad\IS\Bets21-master\src\main\resources\bets.temp' is opened by 6464@DESKTOP-490MKBR

[2023-06-08 10:57:36 #2 type.registry] 
New type domain.Actividad

[2023-06-08 10:57:36 #3 type] 
Type domain.Actividad is not enhanced.

[2023-06-08 10:57:36 #4 type.registry] 
New type domain.Encargado

[2023-06-08 10:57:36 #5 type] 
Type domain.Encargado is not enhanced.

[2023-06-08 10:57:36 #6 type.registry] 
New type domain.Usuario

[2023-06-08 10:57:36 #7 type] 
Type domain.Usuario is not enhanced.

[2023-06-08 10:57:36 #8 type.registry] 
New type domain.Sala

[2023-06-08 10:57:36 #9 type] 
Type domain.Sala is not enhanced.

[2023-06-08 10:57:36 #10 type.registry] 
New type domain.Sesion

[2023-06-08 10:57:36 #11 type] 
Type domain.Sesion is not enhanced.

[2023-06-08 10:57:36 #12 type.registry] 
New type domain.Cargo

[2023-06-08 10:57:36 #13 type] 
Type domain.Cargo is not enhanced.

[2023-06-08 10:57:36 #14 type.registry] 
New type java.util.ArrayList<java.lang.Object>

[2023-06-08 10:57:36 #15 type.registry] 
New type java.util.ArrayList<java.lang.String>

[2023-06-08 10:57:36 #16 type.registry] 
New type java.util.ArrayList<domain.Sesion>

[2023-06-08 10:57:36 #17 type.registry] 
New type java.util.LinkedList<java.lang.Object>

[2023-06-08 10:57:36 #18 type.registry] 
New type java.util.LinkedList<domain.Usuario>

------------------------------------------------------------------------------------------------------------------------

[2023-06-08 11:01:26 #1 store] 
Database 'C:\Users\jonetxe13\Desktop\universidad\IS\Bets21-master\src\main\resources\bets.temp' is opened by 11712@DESKTOP-490MKBR

[2023-06-08 11:01:26 #2 type.registry] 
New type domain.Actividad

[2023-06-08 11:01:26 #3 type] 
Type domain.Actividad is not enhanced.

[2023-06-08 11:01:26 #4 type.registry] 
New type domain.Encargado

[2023-06-08 11:01:26 #5 type] 
Type domain.Encargado is not enhanced.

[2023-06-08 11:01:26 #6 type.registry] 
New type domain.Usuario

[2023-06-08 11:01:26 #7 type] 
Type domain.Usuario is not enhanced.

[2023-06-08 11:01:26 #8 type.registry] 
New type domain.Sala

[2023-06-08 11:01:26 #9 type] 
Type domain.Sala is not enhanced.

[2023-06-08 11:01:26 #10 type.registry] 
New type domain.Sesion

[2023-06-08 11:01:26 #11 type] 
Type domain.Sesion is not enhanced.

[2023-06-08 11:01:26 #12 type.registry] 
New type domain.Cargo

[2023-06-08 11:01:26 #13 type] 
Type domain.Cargo is not enhanced.

[2023-06-08 11:01:26 #14 type.registry] 
New type java.util.ArrayList<java.lang.Object>

[2023-06-08 11:01:26 #15 type.registry] 
New type java.util.ArrayList<java.lang.String>

[2023-06-08 11:01:26 #16 type.registry] 
New type java.util.ArrayList<domain.Sesion>

[2023-06-08 11:01:26 #17 type.registry] 
New type java.util.LinkedList<java.lang.Object>

[2023-06-08 11:01:26 #18 type.registry] 
New type java.util.LinkedList<domain.Usuario>

------------------------------------------------------------------------------------------------------------------------

[2023-06-08 11:02:34 #1 store] 
Database 'C:\Users\jonetxe13\Desktop\universidad\IS\Bets21-master\src\main\resources\bets.temp' is opened by 7188@DESKTOP-490MKBR

[2023-06-08 11:02:35 #2 type.registry] 
New type domain.Actividad

[2023-06-08 11:02:35 #3 type] 
Type domain.Actividad is not enhanced.

[2023-06-08 11:02:35 #4 type.registry] 
New type domain.Encargado

[2023-06-08 11:02:35 #5 type] 
Type domain.Encargado is not enhanced.

[2023-06-08 11:02:35 #6 type.registry] 
New type domain.Usuario

[2023-06-08 11:02:35 #7 type] 
Type domain.Usuario is not enhanced.

[2023-06-08 11:02:35 #8 type.registry] 
New type domain.Sala

[2023-06-08 11:02:35 #9 type] 
Type domain.Sala is not enhanced.

[2023-06-08 11:02:35 #10 type.registry] 
New type domain.Sesion

[2023-06-08 11:02:35 #11 type] 
Type domain.Sesion is not enhanced.

[2023-06-08 11:02:35 #12 type.registry] 
New type domain.Cargo

[2023-06-08 11:02:35 #13 type] 
Type domain.Cargo is not enhanced.

[2023-06-08 11:02:35 #14 type.registry] 
New type java.util.ArrayList<java.lang.Object>

[2023-06-08 11:02:35 #15 type.registry] 
New type java.util.ArrayList<java.lang.String>

[2023-06-08 11:02:35 #16 type.registry] 
New type java.util.ArrayList<domain.Sesion>

[2023-06-08 11:02:35 #17 type.registry] 
New type java.util.LinkedList<java.lang.Object>

[2023-06-08 11:02:35 #18 type.registry] 
New type java.util.LinkedList<domain.Usuario>

