------------------------------------------------------------------------------------------------------------------------

[2023-06-06 10:18:25 #1 store] 
Database 'C:\Users\jonetxe13\Desktop\universidad\IS\Bets21-master\src\main\resources\bets.temp' is opened by 10200@DESKTOP-490MKBR

[2023-06-06 10:18:25 #2 type.registry] 
New type domain.Actividad

[2023-06-06 10:18:25 #3 type] 
Type domain.Actividad is not enhanced.

[2023-06-06 10:18:25 #4 type.registry] 
New type domain.Encargado

[2023-06-06 10:18:25 #5 type] 
Type domain.Encargado is not enhanced.

[2023-06-06 10:18:25 #6 type.registry] 
New type domain.Usuario

[2023-06-06 10:18:25 #7 type] 
Type domain.Usuario is not enhanced.

[2023-06-06 10:18:25 #8 type.registry] 
New type domain.Sesion

[2023-06-06 10:18:25 #9 type] 
Type domain.Sesion is not enhanced.

[2023-06-06 10:18:25 #10 type.registry] 
New type domain.Sala

[2023-06-06 10:18:25 #11 type] 
Type domain.Sala is not enhanced.

[2023-06-06 10:18:25 #12 type.registry] 
New type java.util.ArrayList<java.lang.Object>

[2023-06-06 10:18:25 #13 type.registry] 
New type java.util.ArrayList<java.lang.String>

[2023-06-06 10:18:25 #14 type.registry] 
New type java.util.LinkedList<java.lang.Object>

[2023-06-06 10:18:25 #15 type.registry] 
New type java.util.LinkedList<domain.Usuario>

[2023-06-06 10:18:25 #16 type.registry] 
New type java.util.ArrayList<domain.Sesion>

------------------------------------------------------------------------------------------------------------------------

[2023-06-06 10:19:54 #1 store] 
Database 'C:\Users\jonetxe13\Desktop\universidad\IS\Bets21-master\src\main\resources\bets.temp' is opened by 11900@DESKTOP-490MKBR

[2023-06-06 10:19:54 #2 type.registry] 
New type domain.Actividad

[2023-06-06 10:19:54 #3 type] 
Type domain.Actividad is not enhanced.

[2023-06-06 10:19:54 #4 type.registry] 
New type domain.Encargado

[2023-06-06 10:19:54 #5 type] 
Type domain.Encargado is not enhanced.

[2023-06-06 10:19:54 #6 type.registry] 
New type domain.Usuario

[2023-06-06 10:19:54 #7 type] 
Type domain.Usuario is not enhanced.

[2023-06-06 10:19:54 #8 type.registry] 
New type domain.Sesion

[2023-06-06 10:19:54 #9 type] 
Type domain.Sesion is not enhanced.

[2023-06-06 10:19:54 #10 type.registry] 
New type domain.Sala

[2023-06-06 10:19:54 #11 type] 
Type domain.Sala is not enhanced.

[2023-06-06 10:19:54 #12 type.registry] 
New type java.util.ArrayList<java.lang.Object>

[2023-06-06 10:19:54 #13 type.registry] 
New type java.util.ArrayList<java.lang.String>

[2023-06-06 10:19:54 #14 type.registry] 
New type java.util.LinkedList<java.lang.Object>

[2023-06-06 10:19:54 #15 type.registry] 
New type java.util.LinkedList<domain.Usuario>

[2023-06-06 10:19:54 #16 type.registry] 
New type java.util.ArrayList<domain.Sesion>

------------------------------------------------------------------------------------------------------------------------

[2023-06-06 10:24:19 #1 store] 
Database 'C:\Users\jonetxe13\Desktop\universidad\IS\Bets21-master\src\main\resources\bets.temp' is opened by 14496@DESKTOP-490MKBR

[2023-06-06 10:24:19 #2 type.registry] 
New type domain.Actividad

[2023-06-06 10:24:19 #3 type] 
Type domain.Actividad is not enhanced.

[2023-06-06 10:24:19 #4 type.registry] 
New type domain.Encargado

[2023-06-06 10:24:19 #5 type] 
Type domain.Encargado is not enhanced.

[2023-06-06 10:24:19 #6 type.registry] 
New type domain.Usuario

[2023-06-06 10:24:19 #7 type] 
Type domain.Usuario is not enhanced.

[2023-06-06 10:24:19 #8 type.registry] 
New type domain.Sesion

[2023-06-06 10:24:19 #9 type] 
Type domain.Sesion is not enhanced.

[2023-06-06 10:24:19 #10 type.registry] 
New type domain.Sala

[2023-06-06 10:24:19 #11 type] 
Type domain.Sala is not enhanced.

[2023-06-06 10:24:19 #12 type.registry] 
New type java.util.ArrayList<java.lang.Object>

[2023-06-06 10:24:19 #13 type.registry] 
New type java.util.ArrayList<java.lang.String>

[2023-06-06 10:24:19 #14 type.registry] 
New type java.util.LinkedList<java.lang.Object>

[2023-06-06 10:24:19 #15 type.registry] 
New type java.util.LinkedList<domain.Usuario>

[2023-06-06 10:24:19 #16 type.registry] 
New type java.util.ArrayList<domain.Sesion>

------------------------------------------------------------------------------------------------------------------------

[2023-06-06 10:29:02 #1 store] 
Database 'C:\Users\jonetxe13\Desktop\universidad\IS\Bets21-master\src\main\resources\bets.temp' is opened by 10284@DESKTOP-490MKBR

[2023-06-06 10:29:02 #2 type.registry] 
New type domain.Actividad

[2023-06-06 10:29:02 #3 type] 
Type domain.Actividad is not enhanced.

[2023-06-06 10:29:02 #4 type.registry] 
New type domain.Encargado

[2023-06-06 10:29:02 #5 type] 
Type domain.Encargado is not enhanced.

[2023-06-06 10:29:02 #6 type.registry] 
New type domain.Usuario

[2023-06-06 10:29:02 #7 type] 
Type domain.Usuario is not enhanced.

[2023-06-06 10:29:02 #8 type.registry] 
New type domain.Sesion

[2023-06-06 10:29:02 #9 type] 
Type domain.Sesion is not enhanced.

[2023-06-06 10:29:02 #10 type.registry] 
New type domain.Sala

[2023-06-06 10:29:02 #11 type] 
Type domain.Sala is not enhanced.

[2023-06-06 10:29:02 #12 type.registry] 
New type java.util.ArrayList<java.lang.Object>

[2023-06-06 10:29:02 #13 type.registry] 
New type java.util.ArrayList<java.lang.String>

[2023-06-06 10:29:02 #14 type.registry] 
New type java.util.LinkedList<java.lang.Object>

[2023-06-06 10:29:02 #15 type.registry] 
New type java.util.LinkedList<domain.Usuario>

[2023-06-06 10:29:02 #16 type.registry] 
New type java.util.ArrayList<domain.Sesion>

------------------------------------------------------------------------------------------------------------------------

[2023-06-06 10:32:10 #1 store] 
Database 'C:\Users\jonetxe13\Desktop\universidad\IS\Bets21-master\src\main\resources\bets.temp' is opened by 13732@DESKTOP-490MKBR

[2023-06-06 10:32:10 #2 type.registry] 
New type domain.Actividad

[2023-06-06 10:32:10 #3 type] 
Type domain.Actividad is not enhanced.

[2023-06-06 10:32:10 #4 type.registry] 
New type domain.Encargado

[2023-06-06 10:32:10 #5 type] 
Type domain.Encargado is not enhanced.

[2023-06-06 10:32:10 #6 type.registry] 
New type domain.Usuario

[2023-06-06 10:32:10 #7 type] 
Type domain.Usuario is not enhanced.

[2023-06-06 10:32:10 #8 type.registry] 
New type domain.Sesion

[2023-06-06 10:32:10 #9 type] 
Type domain.Sesion is not enhanced.

[2023-06-06 10:32:10 #10 type.registry] 
New type domain.Sala

[2023-06-06 10:32:10 #11 type] 
Type domain.Sala is not enhanced.

[2023-06-06 10:32:10 #12 type.registry] 
New type java.util.ArrayList<java.lang.Object>

[2023-06-06 10:32:10 #13 type.registry] 
New type java.util.ArrayList<java.lang.String>

[2023-06-06 10:32:10 #14 type.registry] 
New type java.util.LinkedList<java.lang.Object>

[2023-06-06 10:32:10 #15 type.registry] 
New type java.util.LinkedList<domain.Usuario>

[2023-06-06 10:32:10 #16 type.registry] 
New type java.util.ArrayList<domain.Sesion>

------------------------------------------------------------------------------------------------------------------------

[2023-06-06 10:39:03 #1 store] 
Database 'C:\Users\jonetxe13\Desktop\universidad\IS\Bets21-master\src\main\resources\bets.temp' is opened by 5324@DESKTOP-490MKBR

[2023-06-06 10:39:03 #2 type.registry] 
New type domain.Actividad

[2023-06-06 10:39:03 #3 type] 
Type domain.Actividad is not enhanced.

[2023-06-06 10:39:03 #4 type.registry] 
New type domain.Encargado

[2023-06-06 10:39:03 #5 type] 
Type domain.Encargado is not enhanced.

[2023-06-06 10:39:03 #6 type.registry] 
New type domain.Usuario

[2023-06-06 10:39:03 #7 type] 
Type domain.Usuario is not enhanced.

[2023-06-06 10:39:03 #8 type.registry] 
New type domain.Sesion

[2023-06-06 10:39:03 #9 type] 
Type domain.Sesion is not enhanced.

[2023-06-06 10:39:03 #10 type.registry] 
New type domain.Sala

[2023-06-06 10:39:03 #11 type] 
Type domain.Sala is not enhanced.

[2023-06-06 10:39:03 #12 type.registry] 
New type java.util.ArrayList<java.lang.Object>

[2023-06-06 10:39:03 #13 type.registry] 
New type java.util.ArrayList<java.lang.String>

[2023-06-06 10:39:03 #14 type.registry] 
New type java.util.LinkedList<java.lang.Object>

[2023-06-06 10:39:03 #15 type.registry] 
New type java.util.LinkedList<domain.Usuario>

[2023-06-06 10:39:03 #16 type.registry] 
New type java.util.ArrayList<domain.Sesion>

