------------------------------------------------------------------------------------------------------------------------

[2023-06-09 10:23:52 #1 store] 
Database 'C:\Users\jonetxe13\Desktop\universidad\IS\Bets21-master\src\main\resources\bets.temp' is opened by 10516@DESKTOP-490MKBR

[2023-06-09 10:23:52 #2 type.registry] 
New type domain.Actividad

[2023-06-09 10:23:52 #3 type] 
Type domain.Actividad is not enhanced.

[2023-06-09 10:23:52 #4 type.registry] 
New type domain.Encargado

[2023-06-09 10:23:52 #5 type] 
Type domain.Encargado is not enhanced.

[2023-06-09 10:23:52 #6 type.registry] 
New type domain.Usuario

[2023-06-09 10:23:52 #7 type] 
Type domain.Usuario is not enhanced.

[2023-06-09 10:23:52 #8 type.registry] 
New type domain.Sala

[2023-06-09 10:23:52 #9 type] 
Type domain.Sala is not enhanced.

[2023-06-09 10:23:52 #10 type.registry] 
New type domain.Sesion

[2023-06-09 10:23:52 #11 type] 
Type domain.Sesion is not enhanced.

[2023-06-09 10:23:52 #12 type.registry] 
New type domain.Cargo

[2023-06-09 10:23:52 #13 type] 
Type domain.Cargo is not enhanced.

[2023-06-09 10:23:52 #14 type.registry] 
New type java.util.ArrayList<java.lang.Object>

[2023-06-09 10:23:52 #15 type.registry] 
New type java.util.ArrayList<java.lang.String>

[2023-06-09 10:23:52 #16 type.registry] 
New type java.util.ArrayList<domain.Sesion>

[2023-06-09 10:23:52 #17 type.registry] 
New type java.util.LinkedList<java.lang.Object>

[2023-06-09 10:23:52 #18 type.registry] 
New type java.util.LinkedList<domain.Usuario>

------------------------------------------------------------------------------------------------------------------------

[2023-06-09 10:27:35 #1 store] 
Database 'C:\Users\jonetxe13\Desktop\universidad\IS\Bets21-master\src\main\resources\bets.temp' is opened by 15828@DESKTOP-490MKBR

[2023-06-09 10:27:35 #2 type.registry] 
New type domain.Actividad

[2023-06-09 10:27:35 #3 type] 
Type domain.Actividad is not enhanced.

[2023-06-09 10:27:35 #4 type.registry] 
New type domain.Encargado

[2023-06-09 10:27:35 #5 type] 
Type domain.Encargado is not enhanced.

[2023-06-09 10:27:35 #6 type.registry] 
New type domain.Usuario

[2023-06-09 10:27:35 #7 type] 
Type domain.Usuario is not enhanced.

[2023-06-09 10:27:35 #8 type.registry] 
New type domain.Sala

[2023-06-09 10:27:35 #9 type] 
Type domain.Sala is not enhanced.

[2023-06-09 10:27:35 #10 type.registry] 
New type domain.Sesion

[2023-06-09 10:27:35 #11 type] 
Type domain.Sesion is not enhanced.

[2023-06-09 10:27:35 #12 type.registry] 
New type domain.Cargo

[2023-06-09 10:27:35 #13 type] 
Type domain.Cargo is not enhanced.

[2023-06-09 10:27:35 #14 type.registry] 
New type java.util.ArrayList<java.lang.Object>

[2023-06-09 10:27:35 #15 type.registry] 
New type java.util.ArrayList<java.lang.String>

[2023-06-09 10:27:35 #16 type.registry] 
New type java.util.ArrayList<domain.Sesion>

[2023-06-09 10:27:35 #17 type.registry] 
New type java.util.LinkedList<java.lang.Object>

[2023-06-09 10:27:35 #18 type.registry] 
New type java.util.LinkedList<domain.Usuario>

------------------------------------------------------------------------------------------------------------------------

[2023-06-09 10:29:23 #1 store] 
Database 'C:\Users\jonetxe13\Desktop\universidad\IS\Bets21-master\src\main\resources\bets.temp' is opened by 5240@DESKTOP-490MKBR

[2023-06-09 10:29:23 #2 type.registry] 
New type domain.Actividad

[2023-06-09 10:29:23 #3 type] 
Type domain.Actividad is not enhanced.

[2023-06-09 10:29:23 #4 type.registry] 
New type domain.Encargado

[2023-06-09 10:29:23 #5 type] 
Type domain.Encargado is not enhanced.

[2023-06-09 10:29:23 #6 type.registry] 
New type domain.Usuario

[2023-06-09 10:29:23 #7 type] 
Type domain.Usuario is not enhanced.

[2023-06-09 10:29:23 #8 type.registry] 
New type domain.Sala

[2023-06-09 10:29:23 #9 type] 
Type domain.Sala is not enhanced.

[2023-06-09 10:29:23 #10 type.registry] 
New type domain.Sesion

[2023-06-09 10:29:23 #11 type] 
Type domain.Sesion is not enhanced.

[2023-06-09 10:29:23 #12 type.registry] 
New type domain.Cargo

[2023-06-09 10:29:23 #13 type] 
Type domain.Cargo is not enhanced.

[2023-06-09 10:29:23 #14 type.registry] 
New type java.util.ArrayList<java.lang.Object>

[2023-06-09 10:29:23 #15 type.registry] 
New type java.util.ArrayList<java.lang.String>

[2023-06-09 10:29:23 #16 type.registry] 
New type java.util.ArrayList<domain.Sesion>

[2023-06-09 10:29:23 #17 type.registry] 
New type java.util.LinkedList<java.lang.Object>

[2023-06-09 10:29:23 #18 type.registry] 
New type java.util.LinkedList<domain.Usuario>

------------------------------------------------------------------------------------------------------------------------

[2023-06-09 10:31:55 #1 store] 
Database 'C:\Users\jonetxe13\Desktop\universidad\IS\Bets21-master\src\main\resources\bets.temp' is opened by 12572@DESKTOP-490MKBR

[2023-06-09 10:31:55 #2 type.registry] 
New type domain.Actividad

[2023-06-09 10:31:55 #3 type] 
Type domain.Actividad is not enhanced.

[2023-06-09 10:31:55 #4 type.registry] 
New type domain.Encargado

[2023-06-09 10:31:55 #5 type] 
Type domain.Encargado is not enhanced.

[2023-06-09 10:31:55 #6 type.registry] 
New type domain.Usuario

[2023-06-09 10:31:55 #7 type] 
Type domain.Usuario is not enhanced.

[2023-06-09 10:31:55 #8 type.registry] 
New type domain.Sala

[2023-06-09 10:31:55 #9 type] 
Type domain.Sala is not enhanced.

[2023-06-09 10:31:55 #10 type.registry] 
New type domain.Sesion

[2023-06-09 10:31:55 #11 type] 
Type domain.Sesion is not enhanced.

[2023-06-09 10:31:55 #12 type.registry] 
New type domain.Cargo

[2023-06-09 10:31:55 #13 type] 
Type domain.Cargo is not enhanced.

[2023-06-09 10:31:55 #14 type.registry] 
New type java.util.ArrayList<java.lang.Object>

[2023-06-09 10:31:55 #15 type.registry] 
New type java.util.ArrayList<java.lang.String>

[2023-06-09 10:31:55 #16 type.registry] 
New type java.util.ArrayList<domain.Sesion>

[2023-06-09 10:31:55 #17 type.registry] 
New type java.util.LinkedList<java.lang.Object>

[2023-06-09 10:31:55 #18 type.registry] 
New type java.util.LinkedList<domain.Usuario>

------------------------------------------------------------------------------------------------------------------------

[2023-06-09 10:32:28 #1 store] 
Database 'C:\Users\jonetxe13\Desktop\universidad\IS\Bets21-master\src\main\resources\bets.temp' is opened by 9344@DESKTOP-490MKBR

[2023-06-09 10:32:28 #2 type.registry] 
New type domain.Actividad

[2023-06-09 10:32:28 #3 type] 
Type domain.Actividad is not enhanced.

[2023-06-09 10:32:28 #4 type.registry] 
New type domain.Encargado

[2023-06-09 10:32:28 #5 type] 
Type domain.Encargado is not enhanced.

[2023-06-09 10:32:28 #6 type.registry] 
New type domain.Usuario

[2023-06-09 10:32:28 #7 type] 
Type domain.Usuario is not enhanced.

[2023-06-09 10:32:28 #8 type.registry] 
New type domain.Sala

[2023-06-09 10:32:28 #9 type] 
Type domain.Sala is not enhanced.

[2023-06-09 10:32:28 #10 type.registry] 
New type domain.Sesion

[2023-06-09 10:32:28 #11 type] 
Type domain.Sesion is not enhanced.

[2023-06-09 10:32:28 #12 type.registry] 
New type domain.Cargo

[2023-06-09 10:32:28 #13 type] 
Type domain.Cargo is not enhanced.

[2023-06-09 10:32:28 #14 type.registry] 
New type java.util.ArrayList<java.lang.Object>

[2023-06-09 10:32:28 #15 type.registry] 
New type java.util.ArrayList<java.lang.String>

[2023-06-09 10:32:28 #16 type.registry] 
New type java.util.ArrayList<domain.Sesion>

[2023-06-09 10:32:28 #17 type.registry] 
New type java.util.LinkedList<java.lang.Object>

[2023-06-09 10:32:28 #18 type.registry] 
New type java.util.LinkedList<domain.Usuario>

------------------------------------------------------------------------------------------------------------------------

[2023-06-09 10:36:10 #1 store] 
Database 'C:\Users\jonetxe13\Desktop\universidad\IS\Bets21-master\src\main\resources\bets.temp' is opened by 6188@DESKTOP-490MKBR

[2023-06-09 10:36:10 #2 type.registry] 
New type domain.Actividad

[2023-06-09 10:36:10 #3 type] 
Type domain.Actividad is not enhanced.

[2023-06-09 10:36:10 #4 type.registry] 
New type domain.Encargado

[2023-06-09 10:36:10 #5 type] 
Type domain.Encargado is not enhanced.

[2023-06-09 10:36:10 #6 type.registry] 
New type domain.Usuario

[2023-06-09 10:36:10 #7 type] 
Type domain.Usuario is not enhanced.

[2023-06-09 10:36:10 #8 type.registry] 
New type domain.Sala

[2023-06-09 10:36:10 #9 type] 
Type domain.Sala is not enhanced.

[2023-06-09 10:36:10 #10 type.registry] 
New type domain.Sesion

[2023-06-09 10:36:10 #11 type] 
Type domain.Sesion is not enhanced.

[2023-06-09 10:36:10 #12 type.registry] 
New type domain.Cargo

[2023-06-09 10:36:10 #13 type] 
Type domain.Cargo is not enhanced.

[2023-06-09 10:36:10 #14 type.registry] 
New type java.util.ArrayList<java.lang.Object>

[2023-06-09 10:36:10 #15 type.registry] 
New type java.util.ArrayList<java.lang.String>

[2023-06-09 10:36:10 #16 type.registry] 
New type java.util.ArrayList<domain.Sesion>

[2023-06-09 10:36:10 #17 type.registry] 
New type java.util.LinkedList<java.lang.Object>

[2023-06-09 10:36:10 #18 type.registry] 
New type java.util.LinkedList<domain.Usuario>

------------------------------------------------------------------------------------------------------------------------

[2023-06-09 10:37:56 #1 store] 
Database 'C:\Users\jonetxe13\Desktop\universidad\IS\Bets21-master\src\main\resources\bets.temp' is opened by 8696@DESKTOP-490MKBR

[2023-06-09 10:37:56 #2 type.registry] 
New type domain.Actividad

[2023-06-09 10:37:56 #3 type] 
Type domain.Actividad is not enhanced.

[2023-06-09 10:37:56 #4 type.registry] 
New type domain.Encargado

[2023-06-09 10:37:56 #5 type] 
Type domain.Encargado is not enhanced.

[2023-06-09 10:37:56 #6 type.registry] 
New type domain.Usuario

[2023-06-09 10:37:56 #7 type] 
Type domain.Usuario is not enhanced.

[2023-06-09 10:37:56 #8 type.registry] 
New type domain.Sala

[2023-06-09 10:37:56 #9 type] 
Type domain.Sala is not enhanced.

[2023-06-09 10:37:56 #10 type.registry] 
New type domain.Sesion

[2023-06-09 10:37:56 #11 type] 
Type domain.Sesion is not enhanced.

[2023-06-09 10:37:56 #12 type.registry] 
New type domain.Cargo

[2023-06-09 10:37:56 #13 type] 
Type domain.Cargo is not enhanced.

[2023-06-09 10:37:56 #14 type.registry] 
New type java.util.ArrayList<java.lang.Object>

[2023-06-09 10:37:56 #15 type.registry] 
New type java.util.ArrayList<java.lang.String>

[2023-06-09 10:37:56 #16 type.registry] 
New type java.util.ArrayList<domain.Sesion>

[2023-06-09 10:37:56 #17 type.registry] 
New type java.util.LinkedList<java.lang.Object>

[2023-06-09 10:37:56 #18 type.registry] 
New type java.util.LinkedList<domain.Usuario>

------------------------------------------------------------------------------------------------------------------------

[2023-06-09 10:42:06 #1 store] 
Database 'C:\Users\jonetxe13\Desktop\universidad\IS\Bets21-master\src\main\resources\bets.temp' is opened by 8708@DESKTOP-490MKBR

[2023-06-09 10:42:06 #2 type.registry] 
New type domain.Actividad

[2023-06-09 10:42:06 #3 type] 
Type domain.Actividad is not enhanced.

[2023-06-09 10:42:06 #4 type.registry] 
New type domain.Encargado

[2023-06-09 10:42:06 #5 type] 
Type domain.Encargado is not enhanced.

[2023-06-09 10:42:06 #6 type.registry] 
New type domain.Usuario

[2023-06-09 10:42:06 #7 type] 
Type domain.Usuario is not enhanced.

[2023-06-09 10:42:06 #8 type.registry] 
New type domain.Sala

[2023-06-09 10:42:06 #9 type] 
Type domain.Sala is not enhanced.

[2023-06-09 10:42:06 #10 type.registry] 
New type domain.Sesion

[2023-06-09 10:42:06 #11 type] 
Type domain.Sesion is not enhanced.

[2023-06-09 10:42:06 #12 type.registry] 
New type domain.Cargo

[2023-06-09 10:42:06 #13 type] 
Type domain.Cargo is not enhanced.

[2023-06-09 10:42:06 #14 type.registry] 
New type java.util.ArrayList<java.lang.Object>

[2023-06-09 10:42:06 #15 type.registry] 
New type java.util.ArrayList<java.lang.String>

[2023-06-09 10:42:06 #16 type.registry] 
New type java.util.ArrayList<domain.Sesion>

[2023-06-09 10:42:06 #17 type.registry] 
New type java.util.LinkedList<java.lang.Object>

[2023-06-09 10:42:06 #18 type.registry] 
New type java.util.LinkedList<domain.Usuario>

------------------------------------------------------------------------------------------------------------------------

[2023-06-09 10:42:43 #1 store] 
Database 'C:\Users\jonetxe13\Desktop\universidad\IS\Bets21-master\src\main\resources\bets.temp' is opened by 1540@DESKTOP-490MKBR

[2023-06-09 10:42:43 #2 type.registry] 
New type domain.Actividad

[2023-06-09 10:42:43 #3 type] 
Type domain.Actividad is not enhanced.

[2023-06-09 10:42:43 #4 type.registry] 
New type domain.Encargado

[2023-06-09 10:42:43 #5 type] 
Type domain.Encargado is not enhanced.

[2023-06-09 10:42:43 #6 type.registry] 
New type domain.Usuario

[2023-06-09 10:42:43 #7 type] 
Type domain.Usuario is not enhanced.

[2023-06-09 10:42:43 #8 type.registry] 
New type domain.Sala

[2023-06-09 10:42:43 #9 type] 
Type domain.Sala is not enhanced.

[2023-06-09 10:42:43 #10 type.registry] 
New type domain.Sesion

[2023-06-09 10:42:43 #11 type] 
Type domain.Sesion is not enhanced.

[2023-06-09 10:42:43 #12 type.registry] 
New type domain.Cargo

[2023-06-09 10:42:43 #13 type] 
Type domain.Cargo is not enhanced.

[2023-06-09 10:42:43 #14 type.registry] 
New type java.util.ArrayList<java.lang.Object>

[2023-06-09 10:42:43 #15 type.registry] 
New type java.util.ArrayList<java.lang.String>

[2023-06-09 10:42:43 #16 type.registry] 
New type java.util.ArrayList<domain.Sesion>

[2023-06-09 10:42:43 #17 type.registry] 
New type java.util.LinkedList<java.lang.Object>

[2023-06-09 10:42:43 #18 type.registry] 
New type java.util.LinkedList<domain.Usuario>

------------------------------------------------------------------------------------------------------------------------

[2023-06-09 10:44:38 #1 store] 
Database 'C:\Users\jonetxe13\Desktop\universidad\IS\Bets21-master\src\main\resources\bets.temp' is opened by 14900@DESKTOP-490MKBR

[2023-06-09 10:44:38 #2 type.registry] 
New type domain.Actividad

[2023-06-09 10:44:38 #3 type] 
Type domain.Actividad is not enhanced.

[2023-06-09 10:44:38 #4 type.registry] 
New type domain.Encargado

[2023-06-09 10:44:38 #5 type] 
Type domain.Encargado is not enhanced.

[2023-06-09 10:44:38 #6 type.registry] 
New type domain.Usuario

[2023-06-09 10:44:38 #7 type] 
Type domain.Usuario is not enhanced.

[2023-06-09 10:44:38 #8 type.registry] 
New type domain.Sala

[2023-06-09 10:44:38 #9 type] 
Type domain.Sala is not enhanced.

[2023-06-09 10:44:38 #10 type.registry] 
New type domain.Sesion

[2023-06-09 10:44:38 #11 type] 
Type domain.Sesion is not enhanced.

[2023-06-09 10:44:38 #12 type.registry] 
New type domain.Cargo

[2023-06-09 10:44:38 #13 type] 
Type domain.Cargo is not enhanced.

[2023-06-09 10:44:38 #14 type.registry] 
New type java.util.ArrayList<java.lang.Object>

[2023-06-09 10:44:38 #15 type.registry] 
New type java.util.ArrayList<java.lang.String>

[2023-06-09 10:44:38 #16 type.registry] 
New type java.util.ArrayList<domain.Sesion>

[2023-06-09 10:44:38 #17 type.registry] 
New type java.util.LinkedList<java.lang.Object>

[2023-06-09 10:44:38 #18 type.registry] 
New type java.util.LinkedList<domain.Usuario>

------------------------------------------------------------------------------------------------------------------------

[2023-06-09 10:46:44 #1 store] 
Database 'C:\Users\jonetxe13\Desktop\universidad\IS\Bets21-master\src\main\resources\bets.temp' is opened by 3256@DESKTOP-490MKBR

[2023-06-09 10:46:44 #2 type.registry] 
New type domain.Actividad

[2023-06-09 10:46:44 #3 type] 
Type domain.Actividad is not enhanced.

[2023-06-09 10:46:44 #4 type.registry] 
New type domain.Encargado

[2023-06-09 10:46:44 #5 type] 
Type domain.Encargado is not enhanced.

[2023-06-09 10:46:44 #6 type.registry] 
New type domain.Usuario

[2023-06-09 10:46:44 #7 type] 
Type domain.Usuario is not enhanced.

[2023-06-09 10:46:44 #8 type.registry] 
New type domain.Sala

[2023-06-09 10:46:44 #9 type] 
Type domain.Sala is not enhanced.

[2023-06-09 10:46:44 #10 type.registry] 
New type domain.Sesion

[2023-06-09 10:46:44 #11 type] 
Type domain.Sesion is not enhanced.

[2023-06-09 10:46:44 #12 type.registry] 
New type domain.Cargo

[2023-06-09 10:46:44 #13 type] 
Type domain.Cargo is not enhanced.

[2023-06-09 10:46:44 #14 type.registry] 
New type java.util.ArrayList<java.lang.Object>

[2023-06-09 10:46:44 #15 type.registry] 
New type java.util.ArrayList<java.lang.String>

[2023-06-09 10:46:44 #16 type.registry] 
New type java.util.ArrayList<domain.Sesion>

[2023-06-09 10:46:44 #17 type.registry] 
New type java.util.LinkedList<java.lang.Object>

[2023-06-09 10:46:44 #18 type.registry] 
New type java.util.LinkedList<domain.Usuario>

------------------------------------------------------------------------------------------------------------------------

[2023-06-09 10:47:31 #1 store] 
Database 'C:\Users\jonetxe13\Desktop\universidad\IS\Bets21-master\src\main\resources\bets.temp' is opened by 16208@DESKTOP-490MKBR

[2023-06-09 10:47:31 #2 type.registry] 
New type domain.Actividad

[2023-06-09 10:47:31 #3 type] 
Type domain.Actividad is not enhanced.

[2023-06-09 10:47:31 #4 type.registry] 
New type domain.Encargado

[2023-06-09 10:47:31 #5 type] 
Type domain.Encargado is not enhanced.

[2023-06-09 10:47:31 #6 type.registry] 
New type domain.Usuario

[2023-06-09 10:47:31 #7 type] 
Type domain.Usuario is not enhanced.

[2023-06-09 10:47:31 #8 type.registry] 
New type domain.Sala

[2023-06-09 10:47:31 #9 type] 
Type domain.Sala is not enhanced.

[2023-06-09 10:47:31 #10 type.registry] 
New type domain.Sesion

[2023-06-09 10:47:31 #11 type] 
Type domain.Sesion is not enhanced.

[2023-06-09 10:47:31 #12 type.registry] 
New type domain.Cargo

[2023-06-09 10:47:31 #13 type] 
Type domain.Cargo is not enhanced.

[2023-06-09 10:47:31 #14 type.registry] 
New type java.util.ArrayList<java.lang.Object>

[2023-06-09 10:47:31 #15 type.registry] 
New type java.util.ArrayList<java.lang.String>

[2023-06-09 10:47:31 #16 type.registry] 
New type java.util.ArrayList<domain.Sesion>

[2023-06-09 10:47:31 #17 type.registry] 
New type java.util.LinkedList<java.lang.Object>

[2023-06-09 10:47:31 #18 type.registry] 
New type java.util.LinkedList<domain.Usuario>

------------------------------------------------------------------------------------------------------------------------

[2023-06-09 10:51:12 #1 store] 
Database 'C:\Users\jonetxe13\Desktop\universidad\IS\Bets21-master\src\main\resources\bets.temp' is opened by 11424@DESKTOP-490MKBR

[2023-06-09 10:51:12 #2 type.registry] 
New type domain.Actividad

[2023-06-09 10:51:12 #3 type] 
Type domain.Actividad is not enhanced.

[2023-06-09 10:51:12 #4 type.registry] 
New type domain.Encargado

[2023-06-09 10:51:12 #5 type] 
Type domain.Encargado is not enhanced.

[2023-06-09 10:51:12 #6 type.registry] 
New type domain.Usuario

[2023-06-09 10:51:12 #7 type] 
Type domain.Usuario is not enhanced.

[2023-06-09 10:51:12 #8 type.registry] 
New type domain.Sala

[2023-06-09 10:51:12 #9 type] 
Type domain.Sala is not enhanced.

[2023-06-09 10:51:12 #10 type.registry] 
New type domain.Sesion

[2023-06-09 10:51:12 #11 type] 
Type domain.Sesion is not enhanced.

[2023-06-09 10:51:12 #12 type.registry] 
New type domain.Cargo

[2023-06-09 10:51:12 #13 type] 
Type domain.Cargo is not enhanced.

[2023-06-09 10:51:12 #14 type.registry] 
New type java.util.ArrayList<java.lang.Object>

[2023-06-09 10:51:12 #15 type.registry] 
New type java.util.ArrayList<java.lang.String>

[2023-06-09 10:51:12 #16 type.registry] 
New type java.util.ArrayList<domain.Sesion>

[2023-06-09 10:51:12 #17 type.registry] 
New type java.util.LinkedList<java.lang.Object>

[2023-06-09 10:51:12 #18 type.registry] 
New type java.util.LinkedList<domain.Usuario>

------------------------------------------------------------------------------------------------------------------------

[2023-06-09 10:51:44 #1 store] 
Database 'C:\Users\jonetxe13\Desktop\universidad\IS\Bets21-master\src\main\resources\bets.temp' is opened by 14964@DESKTOP-490MKBR

[2023-06-09 10:51:44 #2 type.registry] 
New type domain.Actividad

[2023-06-09 10:51:44 #3 type] 
Type domain.Actividad is not enhanced.

[2023-06-09 10:51:44 #4 type.registry] 
New type domain.Encargado

[2023-06-09 10:51:44 #5 type] 
Type domain.Encargado is not enhanced.

[2023-06-09 10:51:44 #6 type.registry] 
New type domain.Usuario

[2023-06-09 10:51:44 #7 type] 
Type domain.Usuario is not enhanced.

[2023-06-09 10:51:44 #8 type.registry] 
New type domain.Sala

[2023-06-09 10:51:44 #9 type] 
Type domain.Sala is not enhanced.

[2023-06-09 10:51:44 #10 type.registry] 
New type domain.Sesion

[2023-06-09 10:51:44 #11 type] 
Type domain.Sesion is not enhanced.

[2023-06-09 10:51:44 #12 type.registry] 
New type domain.Cargo

[2023-06-09 10:51:44 #13 type] 
Type domain.Cargo is not enhanced.

[2023-06-09 10:51:44 #14 type.registry] 
New type java.util.ArrayList<java.lang.Object>

[2023-06-09 10:51:44 #15 type.registry] 
New type java.util.ArrayList<java.lang.String>

[2023-06-09 10:51:44 #16 type.registry] 
New type java.util.ArrayList<domain.Sesion>

[2023-06-09 10:51:44 #17 type.registry] 
New type java.util.LinkedList<java.lang.Object>

[2023-06-09 10:51:44 #18 type.registry] 
New type java.util.LinkedList<domain.Usuario>

------------------------------------------------------------------------------------------------------------------------

[2023-06-09 10:54:32 #1 store] 
Database 'C:\Users\jonetxe13\Desktop\universidad\IS\Bets21-master\src\main\resources\bets.temp' is opened by 10624@DESKTOP-490MKBR

[2023-06-09 10:54:32 #2 type.registry] 
New type domain.Actividad

[2023-06-09 10:54:32 #3 type] 
Type domain.Actividad is not enhanced.

[2023-06-09 10:54:32 #4 type.registry] 
New type domain.Encargado

[2023-06-09 10:54:32 #5 type] 
Type domain.Encargado is not enhanced.

[2023-06-09 10:54:32 #6 type.registry] 
New type domain.Usuario

[2023-06-09 10:54:32 #7 type] 
Type domain.Usuario is not enhanced.

[2023-06-09 10:54:32 #8 type.registry] 
New type domain.Sala

[2023-06-09 10:54:32 #9 type] 
Type domain.Sala is not enhanced.

[2023-06-09 10:54:32 #10 type.registry] 
New type domain.Sesion

[2023-06-09 10:54:32 #11 type] 
Type domain.Sesion is not enhanced.

[2023-06-09 10:54:32 #12 type.registry] 
New type domain.Cargo

[2023-06-09 10:54:32 #13 type] 
Type domain.Cargo is not enhanced.

[2023-06-09 10:54:32 #14 type.registry] 
New type java.util.ArrayList<java.lang.Object>

[2023-06-09 10:54:32 #15 type.registry] 
New type java.util.ArrayList<java.lang.String>

[2023-06-09 10:54:32 #16 type.registry] 
New type java.util.ArrayList<domain.Sesion>

[2023-06-09 10:54:32 #17 type.registry] 
New type java.util.LinkedList<java.lang.Object>

[2023-06-09 10:54:32 #18 type.registry] 
New type java.util.LinkedList<domain.Usuario>

------------------------------------------------------------------------------------------------------------------------

[2023-06-09 10:58:18 #1 store] 
Database 'C:\Users\jonetxe13\Desktop\universidad\IS\Bets21-master\src\main\resources\bets.temp' is opened by 5348@DESKTOP-490MKBR

[2023-06-09 10:58:18 #2 type.registry] 
New type domain.Actividad

[2023-06-09 10:58:18 #3 type] 
Type domain.Actividad is not enhanced.

[2023-06-09 10:58:18 #4 type.registry] 
New type domain.Encargado

[2023-06-09 10:58:18 #5 type] 
Type domain.Encargado is not enhanced.

[2023-06-09 10:58:18 #6 type.registry] 
New type domain.Usuario

[2023-06-09 10:58:18 #7 type] 
Type domain.Usuario is not enhanced.

[2023-06-09 10:58:18 #8 type.registry] 
New type domain.Sala

[2023-06-09 10:58:18 #9 type] 
Type domain.Sala is not enhanced.

[2023-06-09 10:58:18 #10 type.registry] 
New type domain.Sesion

[2023-06-09 10:58:18 #11 type] 
Type domain.Sesion is not enhanced.

[2023-06-09 10:58:18 #12 type.registry] 
New type domain.Cargo

[2023-06-09 10:58:18 #13 type] 
Type domain.Cargo is not enhanced.

[2023-06-09 10:58:18 #14 type.registry] 
New type java.util.ArrayList<java.lang.Object>

[2023-06-09 10:58:18 #15 type.registry] 
New type java.util.ArrayList<java.lang.String>

[2023-06-09 10:58:18 #16 type.registry] 
New type java.util.ArrayList<domain.Sesion>

[2023-06-09 10:58:18 #17 type.registry] 
New type java.util.LinkedList<java.lang.Object>

[2023-06-09 10:58:18 #18 type.registry] 
New type java.util.LinkedList<domain.Usuario>

------------------------------------------------------------------------------------------------------------------------

[2023-06-09 10:59:06 #1 store] 
Database 'C:\Users\jonetxe13\Desktop\universidad\IS\Bets21-master\src\main\resources\bets.temp' is opened by 14692@DESKTOP-490MKBR

[2023-06-09 10:59:06 #2 type.registry] 
New type domain.Actividad

[2023-06-09 10:59:06 #3 type] 
Type domain.Actividad is not enhanced.

[2023-06-09 10:59:06 #4 type.registry] 
New type domain.Encargado

[2023-06-09 10:59:06 #5 type] 
Type domain.Encargado is not enhanced.

[2023-06-09 10:59:06 #6 type.registry] 
New type domain.Usuario

[2023-06-09 10:59:06 #7 type] 
Type domain.Usuario is not enhanced.

[2023-06-09 10:59:06 #8 type.registry] 
New type domain.Sala

[2023-06-09 10:59:06 #9 type] 
Type domain.Sala is not enhanced.

[2023-06-09 10:59:06 #10 type.registry] 
New type domain.Sesion

[2023-06-09 10:59:06 #11 type] 
Type domain.Sesion is not enhanced.

[2023-06-09 10:59:06 #12 type.registry] 
New type domain.Cargo

[2023-06-09 10:59:06 #13 type] 
Type domain.Cargo is not enhanced.

[2023-06-09 10:59:06 #14 type.registry] 
New type java.util.ArrayList<java.lang.Object>

[2023-06-09 10:59:06 #15 type.registry] 
New type java.util.ArrayList<java.lang.String>

[2023-06-09 10:59:06 #16 type.registry] 
New type java.util.ArrayList<domain.Sesion>

[2023-06-09 10:59:06 #17 type.registry] 
New type java.util.LinkedList<java.lang.Object>

[2023-06-09 10:59:06 #18 type.registry] 
New type java.util.LinkedList<domain.Usuario>

------------------------------------------------------------------------------------------------------------------------

[2023-06-09 11:02:31 #1 store] 
Database 'C:\Users\jonetxe13\Desktop\universidad\IS\Bets21-master\src\main\resources\bets.temp' is opened by 14936@DESKTOP-490MKBR

[2023-06-09 11:02:31 #2 type.registry] 
New type domain.Actividad

[2023-06-09 11:02:31 #3 type] 
Type domain.Actividad is not enhanced.

[2023-06-09 11:02:31 #4 type.registry] 
New type domain.Encargado

[2023-06-09 11:02:31 #5 type] 
Type domain.Encargado is not enhanced.

[2023-06-09 11:02:31 #6 type.registry] 
New type domain.Usuario

[2023-06-09 11:02:31 #7 type] 
Type domain.Usuario is not enhanced.

[2023-06-09 11:02:31 #8 type.registry] 
New type domain.Sala

[2023-06-09 11:02:31 #9 type] 
Type domain.Sala is not enhanced.

[2023-06-09 11:02:31 #10 type.registry] 
New type domain.Sesion

[2023-06-09 11:02:31 #11 type] 
Type domain.Sesion is not enhanced.

[2023-06-09 11:02:31 #12 type.registry] 
New type domain.Cargo

[2023-06-09 11:02:31 #13 type] 
Type domain.Cargo is not enhanced.

[2023-06-09 11:02:31 #14 type.registry] 
New type java.util.ArrayList<java.lang.Object>

[2023-06-09 11:02:31 #15 type.registry] 
New type java.util.ArrayList<java.lang.String>

[2023-06-09 11:02:31 #16 type.registry] 
New type java.util.ArrayList<domain.Sesion>

[2023-06-09 11:02:31 #17 type.registry] 
New type java.util.LinkedList<java.lang.Object>

[2023-06-09 11:02:31 #18 type.registry] 
New type java.util.LinkedList<domain.Usuario>

------------------------------------------------------------------------------------------------------------------------

[2023-06-09 11:04:44 #1 store] 
Database 'C:\Users\jonetxe13\Desktop\universidad\IS\Bets21-master\src\main\resources\bets.temp' is opened by 15316@DESKTOP-490MKBR

[2023-06-09 11:04:44 #2 type.registry] 
New type domain.Actividad

[2023-06-09 11:04:44 #3 type] 
Type domain.Actividad is not enhanced.

[2023-06-09 11:04:44 #4 type.registry] 
New type domain.Encargado

[2023-06-09 11:04:44 #5 type] 
Type domain.Encargado is not enhanced.

[2023-06-09 11:04:44 #6 type.registry] 
New type domain.Usuario

[2023-06-09 11:04:44 #7 type] 
Type domain.Usuario is not enhanced.

[2023-06-09 11:04:44 #8 type.registry] 
New type domain.Sala

[2023-06-09 11:04:44 #9 type] 
Type domain.Sala is not enhanced.

[2023-06-09 11:04:44 #10 type.registry] 
New type domain.Sesion

[2023-06-09 11:04:44 #11 type] 
Type domain.Sesion is not enhanced.

[2023-06-09 11:04:44 #12 type.registry] 
New type domain.Cargo

[2023-06-09 11:04:44 #13 type] 
Type domain.Cargo is not enhanced.

[2023-06-09 11:04:44 #14 type.registry] 
New type java.util.ArrayList<java.lang.Object>

[2023-06-09 11:04:44 #15 type.registry] 
New type java.util.ArrayList<java.lang.String>

[2023-06-09 11:04:44 #16 type.registry] 
New type java.util.ArrayList<domain.Sesion>

[2023-06-09 11:04:44 #17 type.registry] 
New type java.util.LinkedList<java.lang.Object>

[2023-06-09 11:04:44 #18 type.registry] 
New type java.util.LinkedList<domain.Usuario>

------------------------------------------------------------------------------------------------------------------------

[2023-06-09 11:05:07 #1 store] 
Database 'C:\Users\jonetxe13\Desktop\universidad\IS\Bets21-master\src\main\resources\bets.temp' is opened by 16044@DESKTOP-490MKBR

[2023-06-09 11:05:07 #2 type.registry] 
New type domain.Actividad

[2023-06-09 11:05:07 #3 type] 
Type domain.Actividad is not enhanced.

[2023-06-09 11:05:07 #4 type.registry] 
New type domain.Encargado

[2023-06-09 11:05:07 #5 type] 
Type domain.Encargado is not enhanced.

[2023-06-09 11:05:07 #6 type.registry] 
New type domain.Usuario

[2023-06-09 11:05:07 #7 type] 
Type domain.Usuario is not enhanced.

[2023-06-09 11:05:07 #8 type.registry] 
New type domain.Sala

[2023-06-09 11:05:07 #9 type] 
Type domain.Sala is not enhanced.

[2023-06-09 11:05:07 #10 type.registry] 
New type domain.Sesion

[2023-06-09 11:05:07 #11 type] 
Type domain.Sesion is not enhanced.

[2023-06-09 11:05:07 #12 type.registry] 
New type domain.Cargo

[2023-06-09 11:05:07 #13 type] 
Type domain.Cargo is not enhanced.

[2023-06-09 11:05:07 #14 type.registry] 
New type java.util.ArrayList<java.lang.Object>

[2023-06-09 11:05:07 #15 type.registry] 
New type java.util.ArrayList<java.lang.String>

[2023-06-09 11:05:07 #16 type.registry] 
New type java.util.ArrayList<domain.Sesion>

[2023-06-09 11:05:07 #17 type.registry] 
New type java.util.LinkedList<java.lang.Object>

[2023-06-09 11:05:07 #18 type.registry] 
New type java.util.LinkedList<domain.Usuario>

------------------------------------------------------------------------------------------------------------------------

[2023-06-09 11:05:37 #1 store] 
Database 'C:\Users\jonetxe13\Desktop\universidad\IS\Bets21-master\src\main\resources\bets.temp' is opened by 6516@DESKTOP-490MKBR

[2023-06-09 11:05:37 #2 type.registry] 
New type domain.Actividad

[2023-06-09 11:05:37 #3 type] 
Type domain.Actividad is not enhanced.

[2023-06-09 11:05:37 #4 type.registry] 
New type domain.Encargado

[2023-06-09 11:05:37 #5 type] 
Type domain.Encargado is not enhanced.

[2023-06-09 11:05:37 #6 type.registry] 
New type domain.Usuario

[2023-06-09 11:05:37 #7 type] 
Type domain.Usuario is not enhanced.

[2023-06-09 11:05:37 #8 type.registry] 
New type domain.Sala

[2023-06-09 11:05:37 #9 type] 
Type domain.Sala is not enhanced.

[2023-06-09 11:05:37 #10 type.registry] 
New type domain.Sesion

[2023-06-09 11:05:37 #11 type] 
Type domain.Sesion is not enhanced.

[2023-06-09 11:05:37 #12 type.registry] 
New type domain.Cargo

[2023-06-09 11:05:37 #13 type] 
Type domain.Cargo is not enhanced.

[2023-06-09 11:05:37 #14 type.registry] 
New type java.util.ArrayList<java.lang.Object>

[2023-06-09 11:05:37 #15 type.registry] 
New type java.util.ArrayList<java.lang.String>

[2023-06-09 11:05:37 #16 type.registry] 
New type java.util.ArrayList<domain.Sesion>

[2023-06-09 11:05:37 #17 type.registry] 
New type java.util.LinkedList<java.lang.Object>

[2023-06-09 11:05:37 #18 type.registry] 
New type java.util.LinkedList<domain.Usuario>

------------------------------------------------------------------------------------------------------------------------

[2023-06-09 11:06:06 #1 store] 
Database 'C:\Users\jonetxe13\Desktop\universidad\IS\Bets21-master\src\main\resources\bets.temp' is opened by 7524@DESKTOP-490MKBR

[2023-06-09 11:06:06 #2 type.registry] 
New type domain.Actividad

[2023-06-09 11:06:06 #3 type] 
Type domain.Actividad is not enhanced.

[2023-06-09 11:06:06 #4 type.registry] 
New type domain.Encargado

[2023-06-09 11:06:06 #5 type] 
Type domain.Encargado is not enhanced.

[2023-06-09 11:06:06 #6 type.registry] 
New type domain.Usuario

[2023-06-09 11:06:06 #7 type] 
Type domain.Usuario is not enhanced.

[2023-06-09 11:06:06 #8 type.registry] 
New type domain.Sala

[2023-06-09 11:06:06 #9 type] 
Type domain.Sala is not enhanced.

[2023-06-09 11:06:06 #10 type.registry] 
New type domain.Sesion

[2023-06-09 11:06:06 #11 type] 
Type domain.Sesion is not enhanced.

[2023-06-09 11:06:06 #12 type.registry] 
New type domain.Cargo

[2023-06-09 11:06:06 #13 type] 
Type domain.Cargo is not enhanced.

[2023-06-09 11:06:06 #14 type.registry] 
New type java.util.ArrayList<java.lang.Object>

[2023-06-09 11:06:06 #15 type.registry] 
New type java.util.ArrayList<java.lang.String>

[2023-06-09 11:06:06 #16 type.registry] 
New type java.util.ArrayList<domain.Sesion>

[2023-06-09 11:06:06 #17 type.registry] 
New type java.util.LinkedList<java.lang.Object>

[2023-06-09 11:06:06 #18 type.registry] 
New type java.util.LinkedList<domain.Usuario>

------------------------------------------------------------------------------------------------------------------------

[2023-06-09 11:22:46 #1 store] 
Database 'C:\Users\jonetxe13\Desktop\universidad\IS\Bets21-master\src\main\resources\bets.temp' is opened by 15528@DESKTOP-490MKBR

[2023-06-09 11:22:46 #2 type.registry] 
New type domain.Actividad

[2023-06-09 11:22:46 #3 type] 
Type domain.Actividad is not enhanced.

[2023-06-09 11:22:46 #4 type.registry] 
New type domain.Encargado

[2023-06-09 11:22:46 #5 type] 
Type domain.Encargado is not enhanced.

[2023-06-09 11:22:46 #6 type.registry] 
New type domain.Usuario

[2023-06-09 11:22:46 #7 type] 
Type domain.Usuario is not enhanced.

[2023-06-09 11:22:46 #8 type.registry] 
New type domain.Sala

[2023-06-09 11:22:46 #9 type] 
Type domain.Sala is not enhanced.

[2023-06-09 11:22:46 #10 type.registry] 
New type domain.Sesion

[2023-06-09 11:22:46 #11 type] 
Type domain.Sesion is not enhanced.

[2023-06-09 11:22:46 #12 type.registry] 
New type domain.Cargo

[2023-06-09 11:22:46 #13 type] 
Type domain.Cargo is not enhanced.

[2023-06-09 11:22:47 #14 type.registry] 
New type java.util.ArrayList<java.lang.Object>

[2023-06-09 11:22:47 #15 type.registry] 
New type java.util.ArrayList<java.lang.String>

[2023-06-09 11:22:47 #16 type.registry] 
New type java.util.ArrayList<domain.Sesion>

[2023-06-09 11:22:47 #17 type.registry] 
New type java.util.LinkedList<java.lang.Object>

[2023-06-09 11:22:47 #18 type.registry] 
New type java.util.LinkedList<domain.Usuario>

------------------------------------------------------------------------------------------------------------------------

[2023-06-09 11:31:36 #1 store] 
Database 'C:\Users\jonetxe13\Desktop\universidad\IS\Bets21-master\src\main\resources\bets.temp' is opened by 13432@DESKTOP-490MKBR

[2023-06-09 11:31:36 #2 type.registry] 
New type domain.Actividad

[2023-06-09 11:31:36 #3 type] 
Type domain.Actividad is not enhanced.

[2023-06-09 11:31:36 #4 type.registry] 
New type domain.Encargado

[2023-06-09 11:31:36 #5 type] 
Type domain.Encargado is not enhanced.

[2023-06-09 11:31:36 #6 type.registry] 
New type domain.Usuario

[2023-06-09 11:31:36 #7 type] 
Type domain.Usuario is not enhanced.

[2023-06-09 11:31:36 #8 type.registry] 
New type domain.Sala

[2023-06-09 11:31:36 #9 type] 
Type domain.Sala is not enhanced.

[2023-06-09 11:31:36 #10 type.registry] 
New type domain.Sesion

[2023-06-09 11:31:36 #11 type] 
Type domain.Sesion is not enhanced.

[2023-06-09 11:31:36 #12 type.registry] 
New type domain.Cargo

[2023-06-09 11:31:36 #13 type] 
Type domain.Cargo is not enhanced.

[2023-06-09 11:31:36 #14 type.registry] 
New type java.util.ArrayList<java.lang.Object>

[2023-06-09 11:31:36 #15 type.registry] 
New type java.util.ArrayList<java.lang.String>

[2023-06-09 11:31:36 #16 type.registry] 
New type java.util.ArrayList<domain.Sesion>

[2023-06-09 11:31:36 #17 type.registry] 
New type java.util.LinkedList<java.lang.Object>

[2023-06-09 11:31:36 #18 type.registry] 
New type java.util.LinkedList<domain.Usuario>

------------------------------------------------------------------------------------------------------------------------

[2023-06-09 11:33:03 #1 store] 
Database 'C:\Users\jonetxe13\Desktop\universidad\IS\Bets21-master\src\main\resources\bets.temp' is opened by 8596@DESKTOP-490MKBR

[2023-06-09 11:33:03 #2 type.registry] 
New type domain.Actividad

[2023-06-09 11:33:03 #3 type] 
Type domain.Actividad is not enhanced.

[2023-06-09 11:33:03 #4 type.registry] 
New type domain.Encargado

[2023-06-09 11:33:03 #5 type] 
Type domain.Encargado is not enhanced.

[2023-06-09 11:33:03 #6 type.registry] 
New type domain.Usuario

[2023-06-09 11:33:03 #7 type] 
Type domain.Usuario is not enhanced.

[2023-06-09 11:33:03 #8 type.registry] 
New type domain.Sala

[2023-06-09 11:33:03 #9 type] 
Type domain.Sala is not enhanced.

[2023-06-09 11:33:03 #10 type.registry] 
New type domain.Sesion

[2023-06-09 11:33:03 #11 type] 
Type domain.Sesion is not enhanced.

[2023-06-09 11:33:03 #12 type.registry] 
New type domain.Cargo

[2023-06-09 11:33:03 #13 type] 
Type domain.Cargo is not enhanced.

[2023-06-09 11:33:03 #14 type.registry] 
New type java.util.ArrayList<java.lang.Object>

[2023-06-09 11:33:03 #15 type.registry] 
New type java.util.ArrayList<java.lang.String>

[2023-06-09 11:33:03 #16 type.registry] 
New type java.util.ArrayList<domain.Sesion>

[2023-06-09 11:33:03 #17 type.registry] 
New type java.util.LinkedList<java.lang.Object>

[2023-06-09 11:33:03 #18 type.registry] 
New type java.util.LinkedList<domain.Usuario>

------------------------------------------------------------------------------------------------------------------------

[2023-06-09 11:35:23 #1 store] 
Database 'C:\Users\jonetxe13\Desktop\universidad\IS\Bets21-master\src\main\resources\bets.temp' is opened by 7260@DESKTOP-490MKBR

[2023-06-09 11:35:23 #2 type.registry] 
New type domain.Actividad

[2023-06-09 11:35:23 #3 type] 
Type domain.Actividad is not enhanced.

[2023-06-09 11:35:23 #4 type.registry] 
New type domain.Encargado

[2023-06-09 11:35:23 #5 type] 
Type domain.Encargado is not enhanced.

[2023-06-09 11:35:23 #6 type.registry] 
New type domain.Usuario

[2023-06-09 11:35:23 #7 type] 
Type domain.Usuario is not enhanced.

[2023-06-09 11:35:23 #8 type.registry] 
New type domain.Sala

[2023-06-09 11:35:23 #9 type] 
Type domain.Sala is not enhanced.

[2023-06-09 11:35:23 #10 type.registry] 
New type domain.Sesion

[2023-06-09 11:35:23 #11 type] 
Type domain.Sesion is not enhanced.

[2023-06-09 11:35:23 #12 type.registry] 
New type domain.Cargo

[2023-06-09 11:35:23 #13 type] 
Type domain.Cargo is not enhanced.

[2023-06-09 11:35:23 #14 type.registry] 
New type java.util.ArrayList<java.lang.Object>

[2023-06-09 11:35:23 #15 type.registry] 
New type java.util.ArrayList<java.lang.String>

[2023-06-09 11:35:23 #16 type.registry] 
New type java.util.ArrayList<domain.Sesion>

[2023-06-09 11:35:23 #17 type.registry] 
New type java.util.LinkedList<java.lang.Object>

[2023-06-09 11:35:23 #18 type.registry] 
New type java.util.LinkedList<domain.Usuario>

------------------------------------------------------------------------------------------------------------------------

[2023-06-09 11:37:29 #1 store] 
Database 'C:\Users\jonetxe13\Desktop\universidad\IS\Bets21-master\src\main\resources\bets.temp' is opened by 14832@DESKTOP-490MKBR

[2023-06-09 11:37:29 #2 type.registry] 
New type domain.Actividad

[2023-06-09 11:37:29 #3 type] 
Type domain.Actividad is not enhanced.

[2023-06-09 11:37:29 #4 type.registry] 
New type domain.Encargado

[2023-06-09 11:37:29 #5 type] 
Type domain.Encargado is not enhanced.

[2023-06-09 11:37:29 #6 type.registry] 
New type domain.Usuario

[2023-06-09 11:37:29 #7 type] 
Type domain.Usuario is not enhanced.

[2023-06-09 11:37:29 #8 type.registry] 
New type domain.Sala

[2023-06-09 11:37:29 #9 type] 
Type domain.Sala is not enhanced.

[2023-06-09 11:37:29 #10 type.registry] 
New type domain.Sesion

[2023-06-09 11:37:29 #11 type] 
Type domain.Sesion is not enhanced.

[2023-06-09 11:37:29 #12 type.registry] 
New type domain.Cargo

[2023-06-09 11:37:29 #13 type] 
Type domain.Cargo is not enhanced.

[2023-06-09 11:37:29 #14 type.registry] 
New type java.util.ArrayList<java.lang.Object>

[2023-06-09 11:37:29 #15 type.registry] 
New type java.util.ArrayList<java.lang.String>

[2023-06-09 11:37:29 #16 type.registry] 
New type java.util.ArrayList<domain.Sesion>

[2023-06-09 11:37:29 #17 type.registry] 
New type java.util.LinkedList<java.lang.Object>

[2023-06-09 11:37:29 #18 type.registry] 
New type java.util.LinkedList<domain.Usuario>

------------------------------------------------------------------------------------------------------------------------

[2023-06-09 11:42:15 #1 store] 
Database 'C:\Users\jonetxe13\Desktop\universidad\IS\Bets21-master\src\main\resources\bets.temp' is opened by 5004@DESKTOP-490MKBR

[2023-06-09 11:42:16 #2 type.registry] 
New type domain.Actividad

[2023-06-09 11:42:16 #3 type] 
Type domain.Actividad is not enhanced.

[2023-06-09 11:42:16 #4 type.registry] 
New type domain.Encargado

[2023-06-09 11:42:16 #5 type] 
Type domain.Encargado is not enhanced.

[2023-06-09 11:42:16 #6 type.registry] 
New type domain.Usuario

[2023-06-09 11:42:16 #7 type] 
Type domain.Usuario is not enhanced.

[2023-06-09 11:42:16 #8 type.registry] 
New type domain.Sala

[2023-06-09 11:42:16 #9 type] 
Type domain.Sala is not enhanced.

[2023-06-09 11:42:16 #10 type.registry] 
New type domain.Sesion

[2023-06-09 11:42:16 #11 type] 
Type domain.Sesion is not enhanced.

[2023-06-09 11:42:16 #12 type.registry] 
New type domain.Cargo

[2023-06-09 11:42:16 #13 type] 
Type domain.Cargo is not enhanced.

[2023-06-09 11:42:16 #14 type.registry] 
New type java.util.ArrayList<java.lang.Object>

[2023-06-09 11:42:16 #15 type.registry] 
New type java.util.ArrayList<java.lang.String>

[2023-06-09 11:42:16 #16 type.registry] 
New type java.util.ArrayList<domain.Sesion>

[2023-06-09 11:42:16 #17 type.registry] 
New type java.util.LinkedList<java.lang.Object>

[2023-06-09 11:42:16 #18 type.registry] 
New type java.util.LinkedList<domain.Usuario>

------------------------------------------------------------------------------------------------------------------------

[2023-06-09 11:43:13 #1 store] 
Database 'C:\Users\jonetxe13\Desktop\universidad\IS\Bets21-master\src\main\resources\bets.temp' is opened by 12404@DESKTOP-490MKBR

[2023-06-09 11:43:14 #2 type.registry] 
New type domain.Actividad

[2023-06-09 11:43:14 #3 type] 
Type domain.Actividad is not enhanced.

[2023-06-09 11:43:14 #4 type.registry] 
New type domain.Encargado

[2023-06-09 11:43:14 #5 type] 
Type domain.Encargado is not enhanced.

[2023-06-09 11:43:14 #6 type.registry] 
New type domain.Usuario

[2023-06-09 11:43:14 #7 type] 
Type domain.Usuario is not enhanced.

[2023-06-09 11:43:14 #8 type.registry] 
New type domain.Sala

[2023-06-09 11:43:14 #9 type] 
Type domain.Sala is not enhanced.

[2023-06-09 11:43:14 #10 type.registry] 
New type domain.Sesion

[2023-06-09 11:43:14 #11 type] 
Type domain.Sesion is not enhanced.

[2023-06-09 11:43:14 #12 type.registry] 
New type domain.Cargo

[2023-06-09 11:43:14 #13 type] 
Type domain.Cargo is not enhanced.

[2023-06-09 11:43:14 #14 type.registry] 
New type java.util.ArrayList<java.lang.Object>

[2023-06-09 11:43:14 #15 type.registry] 
New type java.util.ArrayList<java.lang.String>

[2023-06-09 11:43:14 #16 type.registry] 
New type java.util.ArrayList<domain.Sesion>

[2023-06-09 11:43:14 #17 type.registry] 
New type java.util.LinkedList<java.lang.Object>

[2023-06-09 11:43:14 #18 type.registry] 
New type java.util.LinkedList<domain.Usuario>

------------------------------------------------------------------------------------------------------------------------

[2023-06-09 11:46:41 #1 store] 
Database 'C:\Users\jonetxe13\Desktop\universidad\IS\Bets21-master\src\main\resources\bets.temp' is opened by 10536@DESKTOP-490MKBR

[2023-06-09 11:46:41 #2 type.registry] 
New type domain.Actividad

[2023-06-09 11:46:41 #3 type] 
Type domain.Actividad is not enhanced.

[2023-06-09 11:46:41 #4 type.registry] 
New type domain.Encargado

[2023-06-09 11:46:41 #5 type] 
Type domain.Encargado is not enhanced.

[2023-06-09 11:46:41 #6 type.registry] 
New type domain.Usuario

[2023-06-09 11:46:41 #7 type] 
Type domain.Usuario is not enhanced.

[2023-06-09 11:46:41 #8 type.registry] 
New type domain.Sala

[2023-06-09 11:46:41 #9 type] 
Type domain.Sala is not enhanced.

[2023-06-09 11:46:41 #10 type.registry] 
New type domain.Sesion

[2023-06-09 11:46:41 #11 type] 
Type domain.Sesion is not enhanced.

[2023-06-09 11:46:41 #12 type.registry] 
New type domain.Cargo

[2023-06-09 11:46:41 #13 type] 
Type domain.Cargo is not enhanced.

[2023-06-09 11:46:41 #14 type.registry] 
New type java.util.ArrayList<java.lang.Object>

[2023-06-09 11:46:41 #15 type.registry] 
New type java.util.ArrayList<java.lang.String>

[2023-06-09 11:46:41 #16 type.registry] 
New type java.util.ArrayList<domain.Sesion>

[2023-06-09 11:46:41 #17 type.registry] 
New type java.util.LinkedList<java.lang.Object>

[2023-06-09 11:46:41 #18 type.registry] 
New type java.util.LinkedList<domain.Usuario>

------------------------------------------------------------------------------------------------------------------------

[2023-06-09 11:48:45 #1 store] 
Database 'C:\Users\jonetxe13\Desktop\universidad\IS\Bets21-master\src\main\resources\bets.temp' is opened by 8180@DESKTOP-490MKBR

[2023-06-09 11:48:45 #2 type.registry] 
New type domain.Actividad

[2023-06-09 11:48:45 #3 type] 
Type domain.Actividad is not enhanced.

[2023-06-09 11:48:45 #4 type.registry] 
New type domain.Encargado

[2023-06-09 11:48:45 #5 type] 
Type domain.Encargado is not enhanced.

[2023-06-09 11:48:45 #6 type.registry] 
New type domain.Usuario

[2023-06-09 11:48:45 #7 type] 
Type domain.Usuario is not enhanced.

[2023-06-09 11:48:45 #8 type.registry] 
New type domain.Sala

[2023-06-09 11:48:45 #9 type] 
Type domain.Sala is not enhanced.

[2023-06-09 11:48:45 #10 type.registry] 
New type domain.Sesion

[2023-06-09 11:48:45 #11 type] 
Type domain.Sesion is not enhanced.

[2023-06-09 11:48:45 #12 type.registry] 
New type domain.Cargo

[2023-06-09 11:48:45 #13 type] 
Type domain.Cargo is not enhanced.

[2023-06-09 11:48:45 #14 type.registry] 
New type java.util.ArrayList<java.lang.Object>

[2023-06-09 11:48:45 #15 type.registry] 
New type java.util.ArrayList<java.lang.String>

[2023-06-09 11:48:45 #16 type.registry] 
New type java.util.ArrayList<domain.Sesion>

[2023-06-09 11:48:45 #17 type.registry] 
New type java.util.LinkedList<java.lang.Object>

[2023-06-09 11:48:45 #18 type.registry] 
New type java.util.LinkedList<domain.Usuario>

------------------------------------------------------------------------------------------------------------------------

[2023-06-09 11:50:13 #1 store] 
Database 'C:\Users\jonetxe13\Desktop\universidad\IS\Bets21-master\src\main\resources\bets.temp' is opened by 14000@DESKTOP-490MKBR

[2023-06-09 11:50:14 #2 type.registry] 
New type domain.Actividad

[2023-06-09 11:50:14 #3 type] 
Type domain.Actividad is not enhanced.

[2023-06-09 11:50:14 #4 type.registry] 
New type domain.Encargado

[2023-06-09 11:50:14 #5 type] 
Type domain.Encargado is not enhanced.

[2023-06-09 11:50:14 #6 type.registry] 
New type domain.Usuario

[2023-06-09 11:50:14 #7 type] 
Type domain.Usuario is not enhanced.

[2023-06-09 11:50:14 #8 type.registry] 
New type domain.Sala

[2023-06-09 11:50:14 #9 type] 
Type domain.Sala is not enhanced.

[2023-06-09 11:50:14 #10 type.registry] 
New type domain.Sesion

[2023-06-09 11:50:14 #11 type] 
Type domain.Sesion is not enhanced.

[2023-06-09 11:50:14 #12 type.registry] 
New type domain.Cargo

[2023-06-09 11:50:14 #13 type] 
Type domain.Cargo is not enhanced.

[2023-06-09 11:50:14 #14 type.registry] 
New type java.util.ArrayList<java.lang.Object>

[2023-06-09 11:50:14 #15 type.registry] 
New type java.util.ArrayList<java.lang.String>

[2023-06-09 11:50:14 #16 type.registry] 
New type java.util.ArrayList<domain.Sesion>

[2023-06-09 11:50:14 #17 type.registry] 
New type java.util.LinkedList<java.lang.Object>

[2023-06-09 11:50:14 #18 type.registry] 
New type java.util.LinkedList<domain.Usuario>

------------------------------------------------------------------------------------------------------------------------

[2023-06-09 11:51:58 #1 store] 
Database 'C:\Users\jonetxe13\Desktop\universidad\IS\Bets21-master\src\main\resources\bets.temp' is opened by 14752@DESKTOP-490MKBR

[2023-06-09 11:51:58 #2 type.registry] 
New type domain.Actividad

[2023-06-09 11:51:58 #3 type] 
Type domain.Actividad is not enhanced.

[2023-06-09 11:51:58 #4 type.registry] 
New type domain.Encargado

[2023-06-09 11:51:58 #5 type] 
Type domain.Encargado is not enhanced.

[2023-06-09 11:51:58 #6 type.registry] 
New type domain.Usuario

[2023-06-09 11:51:58 #7 type] 
Type domain.Usuario is not enhanced.

[2023-06-09 11:51:58 #8 type.registry] 
New type domain.Sala

[2023-06-09 11:51:58 #9 type] 
Type domain.Sala is not enhanced.

[2023-06-09 11:51:58 #10 type.registry] 
New type domain.Sesion

[2023-06-09 11:51:58 #11 type] 
Type domain.Sesion is not enhanced.

[2023-06-09 11:51:58 #12 type.registry] 
New type domain.Cargo

[2023-06-09 11:51:58 #13 type] 
Type domain.Cargo is not enhanced.

[2023-06-09 11:51:58 #14 type.registry] 
New type java.util.ArrayList<java.lang.Object>

[2023-06-09 11:51:58 #15 type.registry] 
New type java.util.ArrayList<java.lang.String>

[2023-06-09 11:51:58 #16 type.registry] 
New type java.util.ArrayList<domain.Sesion>

[2023-06-09 11:51:58 #17 type.registry] 
New type java.util.LinkedList<java.lang.Object>

[2023-06-09 11:51:58 #18 type.registry] 
New type java.util.LinkedList<domain.Usuario>

------------------------------------------------------------------------------------------------------------------------

[2023-06-09 11:52:23 #1 store] 
Database 'C:\Users\jonetxe13\Desktop\universidad\IS\Bets21-master\src\main\resources\bets.temp' is opened by 13304@DESKTOP-490MKBR

[2023-06-09 11:52:23 #2 type.registry] 
New type domain.Actividad

[2023-06-09 11:52:23 #3 type] 
Type domain.Actividad is not enhanced.

[2023-06-09 11:52:23 #4 type.registry] 
New type domain.Encargado

[2023-06-09 11:52:23 #5 type] 
Type domain.Encargado is not enhanced.

[2023-06-09 11:52:23 #6 type.registry] 
New type domain.Usuario

[2023-06-09 11:52:23 #7 type] 
Type domain.Usuario is not enhanced.

[2023-06-09 11:52:23 #8 type.registry] 
New type domain.Sala

[2023-06-09 11:52:23 #9 type] 
Type domain.Sala is not enhanced.

[2023-06-09 11:52:23 #10 type.registry] 
New type domain.Sesion

[2023-06-09 11:52:23 #11 type] 
Type domain.Sesion is not enhanced.

[2023-06-09 11:52:23 #12 type.registry] 
New type domain.Cargo

[2023-06-09 11:52:23 #13 type] 
Type domain.Cargo is not enhanced.

[2023-06-09 11:52:23 #14 type.registry] 
New type java.util.ArrayList<java.lang.Object>

[2023-06-09 11:52:23 #15 type.registry] 
New type java.util.ArrayList<java.lang.String>

[2023-06-09 11:52:23 #16 type.registry] 
New type java.util.ArrayList<domain.Sesion>

[2023-06-09 11:52:23 #17 type.registry] 
New type java.util.LinkedList<java.lang.Object>

[2023-06-09 11:52:23 #18 type.registry] 
New type java.util.LinkedList<domain.Usuario>

------------------------------------------------------------------------------------------------------------------------

[2023-06-09 11:53:00 #1 store] 
Database 'C:\Users\jonetxe13\Desktop\universidad\IS\Bets21-master\src\main\resources\bets.temp' is opened by 5312@DESKTOP-490MKBR

[2023-06-09 11:53:00 #2 type.registry] 
New type domain.Actividad

[2023-06-09 11:53:00 #3 type] 
Type domain.Actividad is not enhanced.

[2023-06-09 11:53:00 #4 type.registry] 
New type domain.Encargado

[2023-06-09 11:53:00 #5 type] 
Type domain.Encargado is not enhanced.

[2023-06-09 11:53:00 #6 type.registry] 
New type domain.Usuario

[2023-06-09 11:53:00 #7 type] 
Type domain.Usuario is not enhanced.

[2023-06-09 11:53:00 #8 type.registry] 
New type domain.Sala

[2023-06-09 11:53:00 #9 type] 
Type domain.Sala is not enhanced.

[2023-06-09 11:53:00 #10 type.registry] 
New type domain.Sesion

[2023-06-09 11:53:00 #11 type] 
Type domain.Sesion is not enhanced.

[2023-06-09 11:53:00 #12 type.registry] 
New type domain.Cargo

[2023-06-09 11:53:00 #13 type] 
Type domain.Cargo is not enhanced.

[2023-06-09 11:53:00 #14 type.registry] 
New type java.util.ArrayList<java.lang.Object>

[2023-06-09 11:53:00 #15 type.registry] 
New type java.util.ArrayList<java.lang.String>

[2023-06-09 11:53:00 #16 type.registry] 
New type java.util.ArrayList<domain.Sesion>

[2023-06-09 11:53:00 #17 type.registry] 
New type java.util.LinkedList<java.lang.Object>

[2023-06-09 11:53:00 #18 type.registry] 
New type java.util.LinkedList<domain.Usuario>

------------------------------------------------------------------------------------------------------------------------

[2023-06-09 11:53:56 #1 store] 
Database 'C:\Users\jonetxe13\Desktop\universidad\IS\Bets21-master\src\main\resources\bets.temp' is opened by 1884@DESKTOP-490MKBR

[2023-06-09 11:53:56 #2 type.registry] 
New type domain.Actividad

[2023-06-09 11:53:56 #3 type] 
Type domain.Actividad is not enhanced.

[2023-06-09 11:53:56 #4 type.registry] 
New type domain.Encargado

[2023-06-09 11:53:56 #5 type] 
Type domain.Encargado is not enhanced.

[2023-06-09 11:53:56 #6 type.registry] 
New type domain.Usuario

[2023-06-09 11:53:56 #7 type] 
Type domain.Usuario is not enhanced.

[2023-06-09 11:53:56 #8 type.registry] 
New type domain.Sala

[2023-06-09 11:53:56 #9 type] 
Type domain.Sala is not enhanced.

[2023-06-09 11:53:56 #10 type.registry] 
New type domain.Sesion

[2023-06-09 11:53:56 #11 type] 
Type domain.Sesion is not enhanced.

[2023-06-09 11:53:56 #12 type.registry] 
New type domain.Cargo

[2023-06-09 11:53:56 #13 type] 
Type domain.Cargo is not enhanced.

[2023-06-09 11:53:56 #14 type.registry] 
New type java.util.ArrayList<java.lang.Object>

[2023-06-09 11:53:56 #15 type.registry] 
New type java.util.ArrayList<java.lang.String>

[2023-06-09 11:53:56 #16 type.registry] 
New type java.util.ArrayList<domain.Sesion>

[2023-06-09 11:53:56 #17 type.registry] 
New type java.util.LinkedList<java.lang.Object>

[2023-06-09 11:53:56 #18 type.registry] 
New type java.util.LinkedList<domain.Usuario>

------------------------------------------------------------------------------------------------------------------------

[2023-06-09 11:55:30 #1 store] 
Database 'C:\Users\jonetxe13\Desktop\universidad\IS\Bets21-master\src\main\resources\bets.temp' is opened by 6104@DESKTOP-490MKBR

[2023-06-09 11:55:30 #2 type.registry] 
New type domain.Actividad

[2023-06-09 11:55:30 #3 type] 
Type domain.Actividad is not enhanced.

[2023-06-09 11:55:30 #4 type.registry] 
New type domain.Encargado

[2023-06-09 11:55:30 #5 type] 
Type domain.Encargado is not enhanced.

[2023-06-09 11:55:30 #6 type.registry] 
New type domain.Usuario

[2023-06-09 11:55:30 #7 type] 
Type domain.Usuario is not enhanced.

[2023-06-09 11:55:30 #8 type.registry] 
New type domain.Sala

[2023-06-09 11:55:30 #9 type] 
Type domain.Sala is not enhanced.

[2023-06-09 11:55:30 #10 type.registry] 
New type domain.Sesion

[2023-06-09 11:55:30 #11 type] 
Type domain.Sesion is not enhanced.

[2023-06-09 11:55:30 #12 type.registry] 
New type domain.Cargo

[2023-06-09 11:55:30 #13 type] 
Type domain.Cargo is not enhanced.

[2023-06-09 11:55:30 #14 type.registry] 
New type java.util.ArrayList<java.lang.Object>

[2023-06-09 11:55:30 #15 type.registry] 
New type java.util.ArrayList<java.lang.String>

[2023-06-09 11:55:30 #16 type.registry] 
New type java.util.ArrayList<domain.Sesion>

[2023-06-09 11:55:30 #17 type.registry] 
New type java.util.LinkedList<java.lang.Object>

[2023-06-09 11:55:30 #18 type.registry] 
New type java.util.LinkedList<domain.Usuario>

------------------------------------------------------------------------------------------------------------------------

[2023-06-09 11:56:14 #1 store] 
Database 'C:\Users\jonetxe13\Desktop\universidad\IS\Bets21-master\src\main\resources\bets.temp' is opened by 7600@DESKTOP-490MKBR

[2023-06-09 11:56:14 #2 type.registry] 
New type domain.Actividad

[2023-06-09 11:56:14 #3 type] 
Type domain.Actividad is not enhanced.

[2023-06-09 11:56:14 #4 type.registry] 
New type domain.Encargado

[2023-06-09 11:56:14 #5 type] 
Type domain.Encargado is not enhanced.

[2023-06-09 11:56:14 #6 type.registry] 
New type domain.Usuario

[2023-06-09 11:56:14 #7 type] 
Type domain.Usuario is not enhanced.

[2023-06-09 11:56:14 #8 type.registry] 
New type domain.Sala

[2023-06-09 11:56:14 #9 type] 
Type domain.Sala is not enhanced.

[2023-06-09 11:56:14 #10 type.registry] 
New type domain.Sesion

[2023-06-09 11:56:14 #11 type] 
Type domain.Sesion is not enhanced.

[2023-06-09 11:56:14 #12 type.registry] 
New type domain.Cargo

[2023-06-09 11:56:14 #13 type] 
Type domain.Cargo is not enhanced.

[2023-06-09 11:56:14 #14 type.registry] 
New type java.util.ArrayList<java.lang.Object>

[2023-06-09 11:56:14 #15 type.registry] 
New type java.util.ArrayList<java.lang.String>

[2023-06-09 11:56:14 #16 type.registry] 
New type java.util.ArrayList<domain.Sesion>

[2023-06-09 11:56:14 #17 type.registry] 
New type java.util.LinkedList<java.lang.Object>

[2023-06-09 11:56:14 #18 type.registry] 
New type java.util.LinkedList<domain.Usuario>

------------------------------------------------------------------------------------------------------------------------

[2023-06-09 11:57:04 #1 store] 
Database 'C:\Users\jonetxe13\Desktop\universidad\IS\Bets21-master\src\main\resources\bets.temp' is opened by 12640@DESKTOP-490MKBR

[2023-06-09 11:57:04 #2 type.registry] 
New type domain.Actividad

[2023-06-09 11:57:04 #3 type] 
Type domain.Actividad is not enhanced.

[2023-06-09 11:57:04 #4 type.registry] 
New type domain.Encargado

[2023-06-09 11:57:04 #5 type] 
Type domain.Encargado is not enhanced.

[2023-06-09 11:57:04 #6 type.registry] 
New type domain.Usuario

[2023-06-09 11:57:04 #7 type] 
Type domain.Usuario is not enhanced.

[2023-06-09 11:57:04 #8 type.registry] 
New type domain.Sala

[2023-06-09 11:57:04 #9 type] 
Type domain.Sala is not enhanced.

[2023-06-09 11:57:04 #10 type.registry] 
New type domain.Sesion

[2023-06-09 11:57:04 #11 type] 
Type domain.Sesion is not enhanced.

[2023-06-09 11:57:04 #12 type.registry] 
New type domain.Cargo

[2023-06-09 11:57:04 #13 type] 
Type domain.Cargo is not enhanced.

[2023-06-09 11:57:04 #14 type.registry] 
New type java.util.ArrayList<java.lang.Object>

[2023-06-09 11:57:04 #15 type.registry] 
New type java.util.ArrayList<java.lang.String>

[2023-06-09 11:57:04 #16 type.registry] 
New type java.util.ArrayList<domain.Sesion>

[2023-06-09 11:57:04 #17 type.registry] 
New type java.util.LinkedList<java.lang.Object>

[2023-06-09 11:57:04 #18 type.registry] 
New type java.util.LinkedList<domain.Usuario>

------------------------------------------------------------------------------------------------------------------------

[2023-06-09 11:59:28 #1 store] 
Database 'C:\Users\jonetxe13\Desktop\universidad\IS\Bets21-master\src\main\resources\bets.temp' is opened by 364@DESKTOP-490MKBR

[2023-06-09 11:59:28 #2 type.registry] 
New type domain.Actividad

[2023-06-09 11:59:28 #3 type] 
Type domain.Actividad is not enhanced.

[2023-06-09 11:59:28 #4 type.registry] 
New type domain.Encargado

[2023-06-09 11:59:28 #5 type] 
Type domain.Encargado is not enhanced.

[2023-06-09 11:59:28 #6 type.registry] 
New type domain.Usuario

[2023-06-09 11:59:28 #7 type] 
Type domain.Usuario is not enhanced.

[2023-06-09 11:59:28 #8 type.registry] 
New type domain.Sala

[2023-06-09 11:59:28 #9 type] 
Type domain.Sala is not enhanced.

[2023-06-09 11:59:28 #10 type.registry] 
New type domain.Sesion

[2023-06-09 11:59:28 #11 type] 
Type domain.Sesion is not enhanced.

[2023-06-09 11:59:28 #12 type.registry] 
New type domain.Cargo

[2023-06-09 11:59:28 #13 type] 
Type domain.Cargo is not enhanced.

[2023-06-09 11:59:28 #14 type.registry] 
New type java.util.ArrayList<java.lang.Object>

[2023-06-09 11:59:28 #15 type.registry] 
New type java.util.ArrayList<java.lang.String>

[2023-06-09 11:59:28 #16 type.registry] 
New type java.util.ArrayList<domain.Sesion>

[2023-06-09 11:59:28 #17 type.registry] 
New type java.util.LinkedList<java.lang.Object>

[2023-06-09 11:59:28 #18 type.registry] 
New type java.util.LinkedList<domain.Usuario>

