------------------------------------------------------------------------------------------------------------------------

[2023-04-26 09:43:28 #1 store] 
Database 'C:\Users\jonetxe13\eclipse-workspace\labObjectDB\formula1.odb' is opened by 2592@DESKTOP-490MKBR

[2023-04-26 09:43:28 #2 store] 
Configuration path: ?

[2023-04-26 09:43:28 #3 type] 
Type domain.Pilot is not enhanced.

------------------------------------------------------------------------------------------------------------------------

[2023-04-26 09:47:45 #1 store] 
Database 'C:\Users\jonetxe13\eclipse-workspace\labObjectDB\formula1.odb' has been recovered (tr. 1-5)

[2023-04-26 09:47:46 #2 store] 
Database 'C:\Users\jonetxe13\eclipse-workspace\labObjectDB\formula1.odb' is opened by 8488@DESKTOP-490MKBR

[2023-04-26 09:47:46 #3 store] 
Configuration path: ?

[2023-04-26 09:47:46 #4 type] 
Type domain.Pilot is not enhanced.

------------------------------------------------------------------------------------------------------------------------

[2023-04-26 09:48:09 #1 store] 
Database 'C:\Users\jonetxe13\eclipse-workspace\labObjectDB\formula1.odb' is opened by 14352@DESKTOP-490MKBR

[2023-04-26 09:48:09 #2 store] 
Configuration path: ?

[2023-04-26 09:48:09 #3 type] 
Type domain.Pilot is not enhanced.

------------------------------------------------------------------------------------------------------------------------

[2023-04-26 09:51:55 #1 store] 
Database 'C:\Users\jonetxe13\Desktop\universidad\IS\labObjectDB\formula1.odb' is opened by 12796@DESKTOP-490MKBR

[2023-04-26 09:51:55 #2 store] 
Configuration path: ?

[2023-04-26 09:51:56 #3 type] 
Type domain.Pilot is not enhanced.

------------------------------------------------------------------------------------------------------------------------

[2023-04-26 09:52:12 #1 store] 
Database 'C:\Users\jonetxe13\Desktop\universidad\IS\labObjectDB\formula1.odb' is opened by 5808@DESKTOP-490MKBR

[2023-04-26 09:52:12 #2 store] 
Configuration path: ?

[2023-04-26 09:52:12 #3 type] 
Type domain.Pilot is not enhanced.

------------------------------------------------------------------------------------------------------------------------

[2023-04-26 09:53:54 #1 store] 
Database 'C:\Users\jonetxe13\Desktop\universidad\IS\labObjectDB\formula1.odb' has been recovered (tr. 1-7)

[2023-04-26 09:53:54 #2 store] 
Database 'C:\Users\jonetxe13\Desktop\universidad\IS\labObjectDB\formula1.odb' is opened by 3872@DESKTOP-490MKBR

[2023-04-26 09:53:54 #3 store] 
Configuration path: ?

[2023-04-26 09:53:54 #4 type] 
Type domain.Pilot is not enhanced.

------------------------------------------------------------------------------------------------------------------------

[2023-04-26 09:58:16 #1 store] 
Database 'C:\Users\jonetxe13\Desktop\universidad\IS\labObjectDB\formula1.odb' is opened by 5140@DESKTOP-490MKBR

[2023-04-26 09:58:16 #2 store] 
Configuration path: ?

[2023-04-26 09:58:16 #3 type] 
Type domain.Pilot is not enhanced.

------------------------------------------------------------------------------------------------------------------------

[2023-04-26 09:58:29 #1 store] 
Database 'C:\Users\jonetxe13\Desktop\universidad\IS\labObjectDB\formula1.odb' has been recovered (tr. 1-7)

[2023-04-26 09:58:30 #2 store] 
Database 'C:\Users\jonetxe13\Desktop\universidad\IS\labObjectDB\formula1.odb' is opened by 9248@DESKTOP-490MKBR

[2023-04-26 09:58:30 #3 store] 
Configuration path: ?

[2023-04-26 09:58:30 #4 type] 
Type domain.Pilot is not enhanced.

------------------------------------------------------------------------------------------------------------------------

[2023-04-26 09:58:50 #1 store] 
Database 'C:\Users\jonetxe13\Desktop\universidad\IS\labObjectDB\formula1.odb' is opened by 15316@DESKTOP-490MKBR

[2023-04-26 09:58:50 #2 store] 
Configuration path: ?

[2023-04-26 09:58:50 #3 type] 
Type domain.Pilot is not enhanced.

------------------------------------------------------------------------------------------------------------------------

[2023-04-26 09:59:09 #1 store] 
Database 'C:\Users\jonetxe13\Desktop\universidad\IS\labObjectDB\formula1.odb' has been recovered (tr. 1-7)

[2023-04-26 09:59:09 #2 store] 
Database 'C:\Users\jonetxe13\Desktop\universidad\IS\labObjectDB\formula1.odb' is opened by 3500@DESKTOP-490MKBR

[2023-04-26 09:59:09 #3 store] 
Configuration path: ?

[2023-04-26 09:59:09 #4 type] 
Type domain.Pilot is not enhanced.

------------------------------------------------------------------------------------------------------------------------

[2023-04-26 09:59:17 #1 store] 
Database 'C:\Users\jonetxe13\Desktop\universidad\IS\labObjectDB\formula1.odb' is opened by 12536@DESKTOP-490MKBR

[2023-04-26 09:59:17 #2 store] 
Configuration path: ?

[2023-04-26 09:59:18 #3 type] 
Type domain.Pilot is not enhanced.

------------------------------------------------------------------------------------------------------------------------

[2023-04-26 09:59:45 #1 store] 
Database 'C:\Users\jonetxe13\Desktop\universidad\IS\labObjectDB\formula1.odb' is opened by 2772@DESKTOP-490MKBR

[2023-04-26 09:59:45 #2 store] 
Configuration path: ?

[2023-04-26 09:59:45 #3 type] 
Type domain.Pilot is not enhanced.

------------------------------------------------------------------------------------------------------------------------

[2023-04-26 10:03:17 #1 store] 
Database 'C:\Users\jonetxe13\Desktop\universidad\IS\labObjectDB\formula1.odb' has been recovered (tr. 1-7)

[2023-04-26 10:03:17 #2 store] 
Database 'C:\Users\jonetxe13\Desktop\universidad\IS\labObjectDB\formula1.odb' is opened by 13436@DESKTOP-490MKBR

[2023-04-26 10:03:17 #3 store] 
Configuration path: ?

[2023-04-26 10:03:17 #4 type] 
Type domain.Pilot is not enhanced.

------------------------------------------------------------------------------------------------------------------------

[2023-04-26 10:03:26 #1 store] 
Database 'C:\Users\jonetxe13\Desktop\universidad\IS\labObjectDB\formula1.odb' is opened by 11156@DESKTOP-490MKBR

[2023-04-26 10:03:26 #2 store] 
Configuration path: ?

[2023-04-26 10:03:26 #3 type] 
Type domain.Pilot is not enhanced.

------------------------------------------------------------------------------------------------------------------------

[2023-04-26 10:08:13 #1 store] 
Database 'C:\Users\jonetxe13\Desktop\universidad\IS\labObjectDB\formula1.temp' is opened by 5956@DESKTOP-490MKBR

[2023-04-26 10:08:13 #2 store] 
Configuration path: ?

[2023-04-26 10:08:13 #3 type] 
Type domain.Pilot is not enhanced.

------------------------------------------------------------------------------------------------------------------------

[2023-04-26 10:09:01 #1 store] 
Database 'C:\Users\jonetxe13\Desktop\universidad\IS\labObjectDB\formula1.temp' is opened by 13784@DESKTOP-490MKBR

[2023-04-26 10:09:01 #2 store] 
Configuration path: ?

[2023-04-26 10:09:01 #3 type] 
Type domain.Pilot is not enhanced.

------------------------------------------------------------------------------------------------------------------------

[2023-04-26 10:09:07 #1 store] 
Database 'C:\Users\jonetxe13\Desktop\universidad\IS\labObjectDB\formula1.temp' is opened by 7236@DESKTOP-490MKBR

[2023-04-26 10:09:07 #2 store] 
Configuration path: ?

[2023-04-26 10:09:07 #3 type] 
Type domain.Pilot is not enhanced.

------------------------------------------------------------------------------------------------------------------------

[2023-04-26 10:11:34 #1 store] 
Database 'C:\Users\jonetxe13\Desktop\universidad\IS\labObjectDB\formula1.temp' is opened by 14100@DESKTOP-490MKBR

[2023-04-26 10:11:34 #2 store] 
Configuration path: ?

[2023-04-26 10:11:34 #3 type] 
Type domain.Pilot is not enhanced.

------------------------------------------------------------------------------------------------------------------------

[2023-04-26 10:13:21 #1 store] 
Database 'C:\Users\jonetxe13\Desktop\universidad\IS\labObjectDB\formula1.temp' is opened by 9088@DESKTOP-490MKBR

[2023-04-26 10:13:21 #2 store] 
Configuration path: ?

[2023-04-26 10:13:21 #3 type] 
Type domain.Pilot is not enhanced.

------------------------------------------------------------------------------------------------------------------------

[2023-04-26 10:13:45 #1 store] 
Database 'C:\Users\jonetxe13\Desktop\universidad\IS\labObjectDB\formula1.temp' is opened by 13404@DESKTOP-490MKBR

[2023-04-26 10:13:45 #2 store] 
Configuration path: ?

[2023-04-26 10:13:46 #3 type] 
Type domain.Pilot is not enhanced.

