------------------------------------------------------------------------------------------------------------------------

[2023-05-11 17:17:05 #1 store] 
Database 'C:\Users\jonetxe13\Desktop\universidad\IS\Bets21-master\src\main\resources\bets.temp' is opened by 11180@DESKTOP-490MKBR

[2023-05-11 17:17:05 #2 type.registry] 
New type domain.Actividad

[2023-05-11 17:17:05 #3 type] 
Type domain.Actividad is not enhanced.

[2023-05-11 17:17:05 #4 type.registry] 
New type domain.Encargado

[2023-05-11 17:17:05 #5 type] 
Type domain.Encargado is not enhanced.

[2023-05-11 17:17:05 #6 type.registry] 
New type domain.Usuario

[2023-05-11 17:17:05 #7 type] 
Type domain.Usuario is not enhanced.

[2023-05-11 17:17:05 #8 type.registry] 
New type domain.Sesion

[2023-05-11 17:17:05 #9 type] 
Type domain.Sesion is not enhanced.

[2023-05-11 17:17:05 #10 type.registry] 
New type domain.Sala

[2023-05-11 17:17:05 #11 type] 
Type domain.Sala is not enhanced.

[2023-05-11 17:17:05 #12 type.registry] 
New type java.util.ArrayList<java.lang.Object>

[2023-05-11 17:17:05 #13 type.registry] 
New type java.util.ArrayList<java.lang.String>

[2023-05-11 17:17:05 #14 type.registry] 
New type java.util.ArrayList<domain.Actividad>

[2023-05-11 17:17:05 #15 type.registry] 
New type java.util.LinkedList<java.lang.Object>

[2023-05-11 17:17:05 #16 type.registry] 
New type java.util.LinkedList<domain.Usuario>

[2023-05-11 17:17:05 #17 type.registry] 
New type java.util.ArrayList<domain.Sesion>

------------------------------------------------------------------------------------------------------------------------

[2023-05-11 17:23:01 #1 store] 
Database 'C:\Users\jonetxe13\Desktop\universidad\IS\Bets21-master\src\main\resources\bets.temp' is opened by 1500@DESKTOP-490MKBR

[2023-05-11 17:23:01 #2 type.registry] 
New type domain.Actividad

[2023-05-11 17:23:01 #3 type] 
Type domain.Actividad is not enhanced.

[2023-05-11 17:23:01 #4 type.registry] 
New type domain.Encargado

[2023-05-11 17:23:01 #5 type] 
Type domain.Encargado is not enhanced.

[2023-05-11 17:23:01 #6 type.registry] 
New type domain.Usuario

[2023-05-11 17:23:01 #7 type] 
Type domain.Usuario is not enhanced.

[2023-05-11 17:23:01 #8 type.registry] 
New type domain.Sesion

[2023-05-11 17:23:01 #9 type] 
Type domain.Sesion is not enhanced.

[2023-05-11 17:23:01 #10 type.registry] 
New type domain.Sala

[2023-05-11 17:23:01 #11 type] 
Type domain.Sala is not enhanced.

[2023-05-11 17:23:01 #12 type.registry] 
New type java.util.ArrayList<java.lang.Object>

[2023-05-11 17:23:01 #13 type.registry] 
New type java.util.ArrayList<java.lang.String>

[2023-05-11 17:23:01 #14 type.registry] 
New type java.util.ArrayList<domain.Actividad>

[2023-05-11 17:23:01 #15 type.registry] 
New type java.util.LinkedList<java.lang.Object>

[2023-05-11 17:23:01 #16 type.registry] 
New type java.util.LinkedList<domain.Usuario>

[2023-05-11 17:23:01 #17 type.registry] 
New type java.util.ArrayList<domain.Sesion>

------------------------------------------------------------------------------------------------------------------------

[2023-05-11 17:32:35 #1 type.registry] 
New type domain.Actividad

[2023-05-11 17:32:35 #2 type] 
Type domain.Actividad is not enhanced.

[2023-05-11 17:32:35 #3 type.registry] 
New type domain.Encargado

[2023-05-11 17:32:35 #4 type] 
Type domain.Encargado is not enhanced.

[2023-05-11 17:32:35 #5 type.registry] 
New type domain.Usuario

[2023-05-11 17:32:35 #6 type] 
Type domain.Usuario is not enhanced.

[2023-05-11 17:32:35 #7 type.registry] 
New type domain.Sesion

[2023-05-11 17:32:35 #8 type] 
Type domain.Sesion is not enhanced.

[2023-05-11 17:32:35 #9 type.registry] 
New type domain.Sala

[2023-05-11 17:32:35 #10 type] 
Type domain.Sala is not enhanced.

[2023-05-11 17:32:35 #11 type.registry] 
New type java.util.ArrayList<java.lang.Object>

[2023-05-11 17:32:35 #12 type.registry] 
New type java.util.ArrayList<java.lang.String>

[2023-05-11 17:32:35 #13 type.registry] 
New type java.util.ArrayList<domain.Actividad>

[2023-05-11 17:32:35 #14 type.registry] 
New type java.util.LinkedList<java.lang.Object>

[2023-05-11 17:32:35 #15 type.registry] 
New type java.util.LinkedList<domain.Usuario>

[2023-05-11 17:32:35 #16 type.registry] 
New type java.util.ArrayList<domain.Sesion>

------------------------------------------------------------------------------------------------------------------------

[2023-05-11 17:44:03 #1 store] 
Database 'C:\Users\jonetxe13\Desktop\universidad\IS\Bets21-master\src\main\resources\bets.temp' is opened by 4484@DESKTOP-490MKBR

[2023-05-11 17:44:03 #2 type.registry] 
New type domain.Actividad

[2023-05-11 17:44:03 #3 type] 
Type domain.Actividad is not enhanced.

[2023-05-11 17:44:03 #4 type.registry] 
New type domain.Encargado

[2023-05-11 17:44:03 #5 type] 
Type domain.Encargado is not enhanced.

[2023-05-11 17:44:03 #6 type.registry] 
New type domain.Usuario

[2023-05-11 17:44:03 #7 type] 
Type domain.Usuario is not enhanced.

[2023-05-11 17:44:03 #8 type.registry] 
New type domain.Sesion

[2023-05-11 17:44:03 #9 type] 
Type domain.Sesion is not enhanced.

[2023-05-11 17:44:03 #10 type.registry] 
New type domain.Sala

[2023-05-11 17:44:03 #11 type] 
Type domain.Sala is not enhanced.

[2023-05-11 17:44:03 #12 type.registry] 
New type java.util.ArrayList<java.lang.Object>

[2023-05-11 17:44:03 #13 type.registry] 
New type java.util.ArrayList<java.lang.String>

[2023-05-11 17:44:03 #14 type.registry] 
New type java.util.ArrayList<domain.Actividad>

[2023-05-11 17:44:03 #15 type.registry] 
New type java.util.LinkedList<java.lang.Object>

[2023-05-11 17:44:03 #16 type.registry] 
New type java.util.LinkedList<domain.Usuario>

[2023-05-11 17:44:03 #17 type.registry] 
New type java.util.ArrayList<domain.Sesion>

