------------------------------------------------------------------------------------------------------------------------

[2023-05-12 09:02:06 #1 type.registry] 
New type domain.Encargado

[2023-05-12 09:02:06 #2 type] 
Type domain.Encargado is not enhanced.

[2023-05-12 09:02:06 #3 type.registry] 
New type domain.Usuario

[2023-05-12 09:02:06 #4 type] 
Type domain.Usuario is not enhanced.

[2023-05-12 09:02:06 #5 type.registry] 
New type domain.Actividad

[2023-05-12 09:02:06 #6 type] 
Type domain.Actividad is not enhanced.

[2023-05-12 09:02:06 #7 type.registry] 
New type domain.Sesion

[2023-05-12 09:02:06 #8 type] 
Type domain.Sesion is not enhanced.

[2023-05-12 09:02:06 #9 type.registry] 
New type domain.Sala

[2023-05-12 09:02:06 #10 type] 
Type domain.Sala is not enhanced.

[2023-05-12 09:02:06 #11 type.registry] 
New type java.util.ArrayList<java.lang.Object>

[2023-05-12 09:02:06 #12 type.registry] 
New type java.util.ArrayList<java.lang.String>

[2023-05-12 09:02:06 #13 type.registry] 
New type java.util.ArrayList<domain.Actividad>

[2023-05-12 09:02:06 #14 type.registry] 
New type java.util.LinkedList<java.lang.Object>

[2023-05-12 09:02:06 #15 type.registry] 
New type java.util.LinkedList<domain.Usuario>

[2023-05-12 09:02:06 #16 type.registry] 
New type java.util.ArrayList<domain.Sesion>

