------------------------------------------------------------------------------------------------------------------------

[2023-05-11 13:02:13 #1 store] 
Database 'C:\Users\jonetxe13\Desktop\universidad\IS\Bets21-master\src\main\resources\bets.temp' is opened by 11952@DESKTOP-490MKBR

[2023-05-11 13:02:13 #2 type.registry] 
New type domain.Actividad

[2023-05-11 13:02:13 #3 type] 
Type domain.Actividad is not enhanced.

[2023-05-11 13:02:13 #4 type.registry] 
New type domain.Encargado

[2023-05-11 13:02:13 #5 type] 
Type domain.Encargado is not enhanced.

[2023-05-11 13:02:13 #6 type.registry] 
New type domain.Usuario

[2023-05-11 13:02:13 #7 type] 
Type domain.Usuario is not enhanced.

[2023-05-11 13:02:13 #8 type.registry] 
New type domain.Sesion

[2023-05-11 13:02:13 #9 type] 
Type domain.Sesion is not enhanced.

[2023-05-11 13:02:13 #10 type.registry] 
New type domain.Sala

[2023-05-11 13:02:13 #11 type] 
Type domain.Sala is not enhanced.

[2023-05-11 13:02:13 #12 type.registry] 
New type java.util.ArrayList<java.lang.Object>

[2023-05-11 13:02:13 #13 type.registry] 
New type java.util.ArrayList<java.lang.String>

[2023-05-11 13:02:13 #14 type.registry] 
New type java.util.ArrayList<domain.Actividad>

[2023-05-11 13:02:13 #15 type.registry] 
New type java.util.LinkedList<java.lang.Object>

[2023-05-11 13:02:13 #16 type.registry] 
New type java.util.LinkedList<domain.Usuario>

[2023-05-11 13:02:13 #17 type.registry] 
New type java.util.ArrayList<domain.Sesion>

------------------------------------------------------------------------------------------------------------------------

[2023-05-11 13:15:24 #1 store] 
Database 'C:\Users\jonetxe13\Desktop\universidad\IS\Bets21-master\src\main\resources\bets.temp' is opened by 11108@DESKTOP-490MKBR

[2023-05-11 13:15:24 #2 type.registry] 
New type domain.Actividad

[2023-05-11 13:15:24 #3 type] 
Type domain.Actividad is not enhanced.

[2023-05-11 13:15:24 #4 type.registry] 
New type domain.Encargado

[2023-05-11 13:15:24 #5 type] 
Type domain.Encargado is not enhanced.

[2023-05-11 13:15:24 #6 type.registry] 
New type domain.Usuario

[2023-05-11 13:15:24 #7 type] 
Type domain.Usuario is not enhanced.

[2023-05-11 13:15:24 #8 type.registry] 
New type domain.Sesion

[2023-05-11 13:15:24 #9 type] 
Type domain.Sesion is not enhanced.

[2023-05-11 13:15:24 #10 type.registry] 
New type domain.Sala

[2023-05-11 13:15:24 #11 type] 
Type domain.Sala is not enhanced.

[2023-05-11 13:15:24 #12 type.registry] 
New type java.util.ArrayList<java.lang.Object>

[2023-05-11 13:15:24 #13 type.registry] 
New type java.util.ArrayList<java.lang.String>

[2023-05-11 13:15:24 #14 type.registry] 
New type java.util.ArrayList<domain.Actividad>

[2023-05-11 13:15:24 #15 type.registry] 
New type java.util.LinkedList<java.lang.Object>

[2023-05-11 13:15:24 #16 type.registry] 
New type java.util.LinkedList<domain.Usuario>

[2023-05-11 13:15:24 #17 type.registry] 
New type java.util.ArrayList<domain.Sesion>

------------------------------------------------------------------------------------------------------------------------

[2023-05-11 13:16:09 #1 store] 
Database 'C:\Users\jonetxe13\Desktop\universidad\IS\Bets21-master\src\main\resources\bets.temp' is opened by 5788@DESKTOP-490MKBR

[2023-05-11 13:16:09 #2 type.registry] 
New type domain.Actividad

[2023-05-11 13:16:09 #3 type] 
Type domain.Actividad is not enhanced.

[2023-05-11 13:16:09 #4 type.registry] 
New type domain.Encargado

[2023-05-11 13:16:09 #5 type] 
Type domain.Encargado is not enhanced.

[2023-05-11 13:16:09 #6 type.registry] 
New type domain.Usuario

[2023-05-11 13:16:09 #7 type] 
Type domain.Usuario is not enhanced.

[2023-05-11 13:16:09 #8 type.registry] 
New type domain.Sesion

[2023-05-11 13:16:09 #9 type] 
Type domain.Sesion is not enhanced.

[2023-05-11 13:16:09 #10 type.registry] 
New type domain.Sala

[2023-05-11 13:16:09 #11 type] 
Type domain.Sala is not enhanced.

[2023-05-11 13:16:09 #12 type.registry] 
New type java.util.ArrayList<java.lang.Object>

[2023-05-11 13:16:09 #13 type.registry] 
New type java.util.ArrayList<java.lang.String>

[2023-05-11 13:16:09 #14 type.registry] 
New type java.util.ArrayList<domain.Actividad>

[2023-05-11 13:16:09 #15 type.registry] 
New type java.util.LinkedList<java.lang.Object>

[2023-05-11 13:16:09 #16 type.registry] 
New type java.util.LinkedList<domain.Usuario>

[2023-05-11 13:16:09 #17 type.registry] 
New type java.util.ArrayList<domain.Sesion>

------------------------------------------------------------------------------------------------------------------------

[2023-05-11 13:16:46 #1 store] 
Database 'C:\Users\jonetxe13\Desktop\universidad\IS\Bets21-master\src\main\resources\bets.temp' is opened by 11124@DESKTOP-490MKBR

[2023-05-11 13:16:46 #2 type.registry] 
New type domain.Actividad

[2023-05-11 13:16:46 #3 type] 
Type domain.Actividad is not enhanced.

[2023-05-11 13:16:46 #4 type.registry] 
New type domain.Encargado

[2023-05-11 13:16:46 #5 type] 
Type domain.Encargado is not enhanced.

[2023-05-11 13:16:46 #6 type.registry] 
New type domain.Usuario

[2023-05-11 13:16:46 #7 type] 
Type domain.Usuario is not enhanced.

[2023-05-11 13:16:46 #8 type.registry] 
New type domain.Sesion

[2023-05-11 13:16:46 #9 type] 
Type domain.Sesion is not enhanced.

[2023-05-11 13:16:46 #10 type.registry] 
New type domain.Sala

[2023-05-11 13:16:46 #11 type] 
Type domain.Sala is not enhanced.

[2023-05-11 13:16:46 #12 type.registry] 
New type java.util.ArrayList<java.lang.Object>

[2023-05-11 13:16:46 #13 type.registry] 
New type java.util.ArrayList<java.lang.String>

[2023-05-11 13:16:46 #14 type.registry] 
New type java.util.ArrayList<domain.Actividad>

[2023-05-11 13:16:46 #15 type.registry] 
New type java.util.LinkedList<java.lang.Object>

[2023-05-11 13:16:46 #16 type.registry] 
New type java.util.LinkedList<domain.Usuario>

[2023-05-11 13:16:46 #17 type.registry] 
New type java.util.ArrayList<domain.Sesion>

------------------------------------------------------------------------------------------------------------------------

[2023-05-11 15:12:47 #1 store] 
Database 'C:\Users\jonetxe13\Desktop\universidad\IS\Bets21-master\src\main\resources\bets.temp' is opened by 3296@DESKTOP-490MKBR

[2023-05-11 15:12:47 #2 type.registry] 
New type domain.Actividad

[2023-05-11 15:12:47 #3 type] 
Type domain.Actividad is not enhanced.

[2023-05-11 15:12:47 #4 type.registry] 
New type domain.Encargado

[2023-05-11 15:12:47 #5 type] 
Type domain.Encargado is not enhanced.

[2023-05-11 15:12:47 #6 type.registry] 
New type domain.Usuario

[2023-05-11 15:12:47 #7 type] 
Type domain.Usuario is not enhanced.

[2023-05-11 15:12:47 #8 type.registry] 
New type domain.Sesion

[2023-05-11 15:12:47 #9 type] 
Type domain.Sesion is not enhanced.

[2023-05-11 15:12:47 #10 type.registry] 
New type domain.Sala

[2023-05-11 15:12:47 #11 type] 
Type domain.Sala is not enhanced.

[2023-05-11 15:12:47 #12 type.registry] 
New type java.util.ArrayList<java.lang.Object>

[2023-05-11 15:12:47 #13 type.registry] 
New type java.util.ArrayList<java.lang.String>

[2023-05-11 15:12:47 #14 type.registry] 
New type java.util.ArrayList<domain.Actividad>

[2023-05-11 15:12:47 #15 type.registry] 
New type java.util.LinkedList<java.lang.Object>

[2023-05-11 15:12:47 #16 type.registry] 
New type java.util.LinkedList<domain.Usuario>

[2023-05-11 15:12:47 #17 type.registry] 
New type java.util.ArrayList<domain.Sesion>

------------------------------------------------------------------------------------------------------------------------

[2023-05-11 15:13:32 #1 server] 
java.net.BindException: Address already in use: bind
	at java.base/sun.nio.ch.Net.bind0(Native Method)
	at java.base/sun.nio.ch.Net.bind(Net.java:555)
	at java.base/sun.nio.ch.Net.bind(Net.java:544)
	at java.base/sun.nio.ch.NioSocketImpl.bind(NioSocketImpl.java:643)
	at java.base/java.net.ServerSocket.bind(ServerSocket.java:388)
	at java.base/java.net.ServerSocket.<init>(ServerSocket.java:274)
	at java.base/java.net.ServerSocket.<init>(ServerSocket.java:218)
	at com.objectdb.o.SMR.I(SMR.java:259)
	at com.objectdb.o.SMR.n(SMR.java:159)
	at com.objectdb.o.TOL.run(TOL.java:116)
	at com.objectdb.Server.runCommand(Server.java:200)
	at com.objectdb.Server.run(Server.java:104)
	at com.objectdb.Server.main(Server.java:63)

------------------------------------------------------------------------------------------------------------------------

[2023-05-11 15:13:53 #1 server] 
Server on port 8080 has started by 9852@DESKTOP-490MKBR

[2023-05-11 15:14:00 #2 store] 
Database 'C:\Users\jonetxe13\Desktop\universidad\IS\Bets21-master\src\main\resources\db\src\main\resources\bets.temp' is opened by 9852@DESKTOP-490MKBR

------------------------------------------------------------------------------------------------------------------------

[2023-05-11 15:14:00 #1 type.registry] 
New type domain.Actividad

[2023-05-11 15:14:00 #2 type] 
Type domain.Actividad is not enhanced.

[2023-05-11 15:14:00 #3 type.registry] 
New type domain.Encargado

[2023-05-11 15:14:00 #4 type] 
Type domain.Encargado is not enhanced.

[2023-05-11 15:14:00 #5 type.registry] 
New type domain.Usuario

[2023-05-11 15:14:00 #6 type] 
Type domain.Usuario is not enhanced.

[2023-05-11 15:14:00 #7 type.registry] 
New type domain.Sesion

[2023-05-11 15:14:00 #8 type] 
Type domain.Sesion is not enhanced.

[2023-05-11 15:14:00 #9 type.registry] 
New type domain.Sala

[2023-05-11 15:14:00 #10 type] 
Type domain.Sala is not enhanced.

[2023-05-11 15:14:00 #11 type.registry] 
New type java.util.ArrayList<java.lang.Object>

[2023-05-11 15:14:00 #12 type.registry] 
New type java.util.ArrayList<java.lang.String>

[2023-05-11 15:14:00 #13 type.registry] 
New type java.util.ArrayList<domain.Actividad>

[2023-05-11 15:14:00 #14 type.registry] 
New type java.util.LinkedList<java.lang.Object>

[2023-05-11 15:14:00 #15 type.registry] 
New type java.util.LinkedList<domain.Usuario>

[2023-05-11 15:14:00 #16 type.registry] 
New type java.util.ArrayList<domain.Sesion>

[2023-05-11 15:14:06 #3 store] 
Database 'C:\Users\jonetxe13\Desktop\universidad\IS\Bets21-master\src\main\resources\db\src\main\resources\bets.temp' is closed by 9852@DESKTOP-490MKBR

------------------------------------------------------------------------------------------------------------------------

[2023-05-11 15:14:20 #1 server] 
java.net.BindException: Address already in use: bind
	at java.base/sun.nio.ch.Net.bind0(Native Method)
	at java.base/sun.nio.ch.Net.bind(Net.java:555)
	at java.base/sun.nio.ch.Net.bind(Net.java:544)
	at java.base/sun.nio.ch.NioSocketImpl.bind(NioSocketImpl.java:643)
	at java.base/java.net.ServerSocket.bind(ServerSocket.java:388)
	at java.base/java.net.ServerSocket.<init>(ServerSocket.java:274)
	at java.base/java.net.ServerSocket.<init>(ServerSocket.java:218)
	at com.objectdb.o.SMR.I(SMR.java:259)
	at com.objectdb.o.SMR.n(SMR.java:159)
	at com.objectdb.o.TOL.run(TOL.java:116)
	at com.objectdb.Server.runCommand(Server.java:200)
	at com.objectdb.Server.run(Server.java:104)
	at com.objectdb.Server.main(Server.java:63)

[2023-05-11 15:14:23 #4 store] 
Database 'C:\Users\jonetxe13\Desktop\universidad\IS\Bets21-master\src\main\resources\db\src\main\resources\bets.temp' is opened by 9852@DESKTOP-490MKBR

------------------------------------------------------------------------------------------------------------------------

[2023-05-11 15:14:23 #1 type.registry] 
New type domain.Actividad

[2023-05-11 15:14:23 #2 type] 
Type domain.Actividad is not enhanced.

[2023-05-11 15:14:23 #3 type.registry] 
New type domain.Encargado

[2023-05-11 15:14:23 #4 type] 
Type domain.Encargado is not enhanced.

[2023-05-11 15:14:23 #5 type.registry] 
New type domain.Usuario

[2023-05-11 15:14:23 #6 type] 
Type domain.Usuario is not enhanced.

[2023-05-11 15:14:23 #7 type.registry] 
New type domain.Sesion

[2023-05-11 15:14:23 #8 type] 
Type domain.Sesion is not enhanced.

[2023-05-11 15:14:23 #9 type.registry] 
New type domain.Sala

[2023-05-11 15:14:23 #10 type] 
Type domain.Sala is not enhanced.

[2023-05-11 15:14:23 #11 type.registry] 
New type java.util.ArrayList<java.lang.Object>

[2023-05-11 15:14:23 #12 type.registry] 
New type java.util.ArrayList<java.lang.String>

[2023-05-11 15:14:23 #13 type.registry] 
New type java.util.ArrayList<domain.Actividad>

[2023-05-11 15:14:23 #14 type.registry] 
New type java.util.LinkedList<java.lang.Object>

[2023-05-11 15:14:23 #15 type.registry] 
New type java.util.LinkedList<domain.Usuario>

[2023-05-11 15:14:23 #16 type.registry] 
New type java.util.ArrayList<domain.Sesion>

[2023-05-11 15:14:47 #5 store] 
Database 'C:\Users\jonetxe13\Desktop\universidad\IS\Bets21-master\src\main\resources\db\src\main\resources\bets.temp' is closed by 9852@DESKTOP-490MKBR

------------------------------------------------------------------------------------------------------------------------

[2023-05-11 15:24:00 #1 store] 
Database 'C:\Users\jonetxe13\Desktop\universidad\IS\Bets21-master\src\main\resources\bets.temp' is opened by 1300@DESKTOP-490MKBR

[2023-05-11 15:24:00 #2 type.registry] 
New type domain.Actividad

[2023-05-11 15:24:00 #3 type] 
Type domain.Actividad is not enhanced.

[2023-05-11 15:24:00 #4 type.registry] 
New type domain.Encargado

[2023-05-11 15:24:00 #5 type] 
Type domain.Encargado is not enhanced.

[2023-05-11 15:24:00 #6 type.registry] 
New type domain.Usuario

[2023-05-11 15:24:00 #7 type] 
Type domain.Usuario is not enhanced.

[2023-05-11 15:24:00 #8 type.registry] 
New type domain.Sesion

[2023-05-11 15:24:00 #9 type] 
Type domain.Sesion is not enhanced.

[2023-05-11 15:24:00 #10 type.registry] 
New type domain.Sala

[2023-05-11 15:24:00 #11 type] 
Type domain.Sala is not enhanced.

[2023-05-11 15:24:00 #12 type.registry] 
New type java.util.ArrayList<java.lang.Object>

[2023-05-11 15:24:00 #13 type.registry] 
New type java.util.ArrayList<java.lang.String>

[2023-05-11 15:24:00 #14 type.registry] 
New type java.util.ArrayList<domain.Actividad>

[2023-05-11 15:24:00 #15 type.registry] 
New type java.util.LinkedList<java.lang.Object>

[2023-05-11 15:24:00 #16 type.registry] 
New type java.util.LinkedList<domain.Usuario>

[2023-05-11 15:24:00 #17 type.registry] 
New type java.util.ArrayList<domain.Sesion>

------------------------------------------------------------------------------------------------------------------------

[2023-05-11 15:33:11 #1 store] 
Database 'C:\Users\jonetxe13\Desktop\universidad\IS\Bets21-master\src\main\resources\bets.temp' is opened by 7284@DESKTOP-490MKBR

[2023-05-11 15:33:11 #2 type.registry] 
New type domain.Actividad

[2023-05-11 15:33:11 #3 type] 
Type domain.Actividad is not enhanced.

[2023-05-11 15:33:11 #4 type.registry] 
New type domain.Encargado

[2023-05-11 15:33:11 #5 type] 
Type domain.Encargado is not enhanced.

[2023-05-11 15:33:11 #6 type.registry] 
New type domain.Usuario

[2023-05-11 15:33:11 #7 type] 
Type domain.Usuario is not enhanced.

[2023-05-11 15:33:11 #8 type.registry] 
New type domain.Sesion

[2023-05-11 15:33:11 #9 type] 
Type domain.Sesion is not enhanced.

[2023-05-11 15:33:11 #10 type.registry] 
New type domain.Sala

[2023-05-11 15:33:11 #11 type] 
Type domain.Sala is not enhanced.

[2023-05-11 15:33:11 #12 type.registry] 
New type java.util.ArrayList<java.lang.Object>

[2023-05-11 15:33:11 #13 type.registry] 
New type java.util.ArrayList<java.lang.String>

[2023-05-11 15:33:11 #14 type.registry] 
New type java.util.ArrayList<domain.Actividad>

[2023-05-11 15:33:11 #15 type.registry] 
New type java.util.LinkedList<java.lang.Object>

[2023-05-11 15:33:11 #16 type.registry] 
New type java.util.LinkedList<domain.Usuario>

[2023-05-11 15:33:11 #17 type.registry] 
New type java.util.ArrayList<domain.Sesion>

------------------------------------------------------------------------------------------------------------------------

[2023-05-11 17:06:56 #1 store] 
Database 'C:\Users\jonetxe13\Desktop\universidad\IS\Bets21-master\src\main\resources\bets.temp' is opened by 12524@DESKTOP-490MKBR

[2023-05-11 17:06:56 #2 type.registry] 
New type domain.Actividad

[2023-05-11 17:06:56 #3 type] 
Type domain.Actividad is not enhanced.

[2023-05-11 17:06:56 #4 type.registry] 
New type domain.Encargado

[2023-05-11 17:06:56 #5 type] 
Type domain.Encargado is not enhanced.

[2023-05-11 17:06:56 #6 type.registry] 
New type domain.Usuario

[2023-05-11 17:06:56 #7 type] 
Type domain.Usuario is not enhanced.

[2023-05-11 17:06:56 #8 type.registry] 
New type domain.Sesion

[2023-05-11 17:06:56 #9 type] 
Type domain.Sesion is not enhanced.

[2023-05-11 17:06:56 #10 type.registry] 
New type domain.Sala

[2023-05-11 17:06:56 #11 type] 
Type domain.Sala is not enhanced.

[2023-05-11 17:06:56 #12 type.registry] 
New type java.util.ArrayList<java.lang.Object>

[2023-05-11 17:06:56 #13 type.registry] 
New type java.util.ArrayList<java.lang.String>

[2023-05-11 17:06:56 #14 type.registry] 
New type java.util.ArrayList<domain.Actividad>

[2023-05-11 17:06:56 #15 type.registry] 
New type java.util.LinkedList<java.lang.Object>

[2023-05-11 17:06:56 #16 type.registry] 
New type java.util.LinkedList<domain.Usuario>

[2023-05-11 17:06:56 #17 type.registry] 
New type java.util.ArrayList<domain.Sesion>

------------------------------------------------------------------------------------------------------------------------

[2023-05-11 17:08:28 #1 store] 
Database 'C:\Users\jonetxe13\Desktop\universidad\IS\Bets21-master\src\main\resources\bets.temp' is opened by 14048@DESKTOP-490MKBR

[2023-05-11 17:08:28 #2 type.registry] 
New type domain.Actividad

[2023-05-11 17:08:28 #3 type] 
Type domain.Actividad is not enhanced.

[2023-05-11 17:08:28 #4 type.registry] 
New type domain.Encargado

[2023-05-11 17:08:28 #5 type] 
Type domain.Encargado is not enhanced.

[2023-05-11 17:08:28 #6 type.registry] 
New type domain.Usuario

[2023-05-11 17:08:28 #7 type] 
Type domain.Usuario is not enhanced.

[2023-05-11 17:08:28 #8 type.registry] 
New type domain.Sesion

[2023-05-11 17:08:28 #9 type] 
Type domain.Sesion is not enhanced.

[2023-05-11 17:08:28 #10 type.registry] 
New type domain.Sala

[2023-05-11 17:08:28 #11 type] 
Type domain.Sala is not enhanced.

[2023-05-11 17:08:28 #12 type.registry] 
New type java.util.ArrayList<java.lang.Object>

[2023-05-11 17:08:28 #13 type.registry] 
New type java.util.ArrayList<java.lang.String>

[2023-05-11 17:08:28 #14 type.registry] 
New type java.util.ArrayList<domain.Actividad>

[2023-05-11 17:08:28 #15 type.registry] 
New type java.util.LinkedList<java.lang.Object>

[2023-05-11 17:08:28 #16 type.registry] 
New type java.util.LinkedList<domain.Usuario>

[2023-05-11 17:08:28 #17 type.registry] 
New type java.util.ArrayList<domain.Sesion>

------------------------------------------------------------------------------------------------------------------------

[2023-05-11 17:23:40 #1 store] 
Database 'C:\Users\jonetxe13\Desktop\universidad\IS\Bets21-master\src\main\resources\bets.temp' is opened by 8352@DESKTOP-490MKBR

[2023-05-11 17:23:41 #2 type.registry] 
New type domain.Actividad

[2023-05-11 17:23:41 #3 type] 
Type domain.Actividad is not enhanced.

[2023-05-11 17:23:41 #4 type.registry] 
New type domain.Encargado

[2023-05-11 17:23:41 #5 type] 
Type domain.Encargado is not enhanced.

[2023-05-11 17:23:41 #6 type.registry] 
New type domain.Usuario

[2023-05-11 17:23:41 #7 type] 
Type domain.Usuario is not enhanced.

[2023-05-11 17:23:41 #8 type.registry] 
New type domain.Sesion

[2023-05-11 17:23:41 #9 type] 
Type domain.Sesion is not enhanced.

[2023-05-11 17:23:41 #10 type.registry] 
New type domain.Sala

[2023-05-11 17:23:41 #11 type] 
Type domain.Sala is not enhanced.

[2023-05-11 17:23:41 #12 type.registry] 
New type java.util.ArrayList<java.lang.Object>

[2023-05-11 17:23:41 #13 type.registry] 
New type java.util.ArrayList<java.lang.String>

[2023-05-11 17:23:41 #14 type.registry] 
New type java.util.ArrayList<domain.Actividad>

[2023-05-11 17:23:41 #15 type.registry] 
New type java.util.LinkedList<java.lang.Object>

[2023-05-11 17:23:41 #16 type.registry] 
New type java.util.LinkedList<domain.Usuario>

[2023-05-11 17:23:41 #17 type.registry] 
New type java.util.ArrayList<domain.Sesion>

------------------------------------------------------------------------------------------------------------------------

[2023-05-11 17:32:32 #1 server] 
Server on port 8080 has started by 6928@DESKTOP-490MKBR

[2023-05-11 17:32:35 #2 store] 
Database 'C:\Users\jonetxe13\Desktop\universidad\IS\Bets21-master\src\main\resources\db\src\main\resources\bets.temp' is opened by 6928@DESKTOP-490MKBR

[2023-05-11 17:33:18 #3 store] 
Database 'C:\Users\jonetxe13\Desktop\universidad\IS\Bets21-master\src\main\resources\db\src\main\resources\bets.temp' is closed by 6928@DESKTOP-490MKBR

[2023-05-11 17:33:27 #4 server] 
Server on port 8080 has stopped by 6928@DESKTOP-490MKBR

------------------------------------------------------------------------------------------------------------------------

[2023-05-11 17:39:24 #1 store] 
Database 'C:\Users\jonetxe13\Desktop\universidad\IS\Bets21-master\src\main\resources\bets.temp' is opened by 7856@DESKTOP-490MKBR

[2023-05-11 17:39:24 #2 type.registry] 
New type domain.Actividad

[2023-05-11 17:39:24 #3 type] 
Type domain.Actividad is not enhanced.

[2023-05-11 17:39:24 #4 type.registry] 
New type domain.Encargado

[2023-05-11 17:39:24 #5 type] 
Type domain.Encargado is not enhanced.

[2023-05-11 17:39:24 #6 type.registry] 
New type domain.Usuario

[2023-05-11 17:39:24 #7 type] 
Type domain.Usuario is not enhanced.

[2023-05-11 17:39:24 #8 type.registry] 
New type domain.Sesion

[2023-05-11 17:39:24 #9 type] 
Type domain.Sesion is not enhanced.

[2023-05-11 17:39:24 #10 type.registry] 
New type domain.Sala

[2023-05-11 17:39:24 #11 type] 
Type domain.Sala is not enhanced.

[2023-05-11 17:39:24 #12 type.registry] 
New type java.util.ArrayList<java.lang.Object>

[2023-05-11 17:39:24 #13 type.registry] 
New type java.util.ArrayList<java.lang.String>

[2023-05-11 17:39:24 #14 type.registry] 
New type java.util.ArrayList<domain.Actividad>

[2023-05-11 17:39:24 #15 type.registry] 
New type java.util.LinkedList<java.lang.Object>

[2023-05-11 17:39:24 #16 type.registry] 
New type java.util.LinkedList<domain.Usuario>

[2023-05-11 17:39:24 #17 type.registry] 
New type java.util.ArrayList<domain.Sesion>

------------------------------------------------------------------------------------------------------------------------

[2023-05-11 17:43:34 #1 store] 
Database 'C:\Users\jonetxe13\Desktop\universidad\IS\Bets21-master\src\main\resources\bets.temp' is opened by 12660@DESKTOP-490MKBR

[2023-05-11 17:43:34 #2 type.registry] 
New type domain.Actividad

[2023-05-11 17:43:34 #3 type] 
Type domain.Actividad is not enhanced.

[2023-05-11 17:43:34 #4 type.registry] 
New type domain.Encargado

[2023-05-11 17:43:34 #5 type] 
Type domain.Encargado is not enhanced.

[2023-05-11 17:43:34 #6 type.registry] 
New type domain.Usuario

[2023-05-11 17:43:34 #7 type] 
Type domain.Usuario is not enhanced.

[2023-05-11 17:43:34 #8 type.registry] 
New type domain.Sesion

[2023-05-11 17:43:34 #9 type] 
Type domain.Sesion is not enhanced.

[2023-05-11 17:43:34 #10 type.registry] 
New type domain.Sala

[2023-05-11 17:43:34 #11 type] 
Type domain.Sala is not enhanced.

[2023-05-11 17:43:34 #12 type.registry] 
New type java.util.ArrayList<java.lang.Object>

[2023-05-11 17:43:34 #13 type.registry] 
New type java.util.ArrayList<java.lang.String>

[2023-05-11 17:43:34 #14 type.registry] 
New type java.util.ArrayList<domain.Actividad>

[2023-05-11 17:43:34 #15 type.registry] 
New type java.util.LinkedList<java.lang.Object>

[2023-05-11 17:43:34 #16 type.registry] 
New type java.util.LinkedList<domain.Usuario>

[2023-05-11 17:43:34 #17 type.registry] 
New type java.util.ArrayList<domain.Sesion>

