>> Centroides de los clusters

 12.896 21.420 54.200 65.511 17.978 15.963 60.886 75.565 10.741 28.984 68.159 71.410 40.232 53.694 67.525 63.594 18.573 64.892 69.585 14.033 12.896 21.420 54.200 65.511 17.978 15.963 60.886 75.565 10.741 28.984 68.159 71.410 40.232 53.694 67.525 63.594 18.573 64.892 69.585 14.033
 75.975 38.223 32.249 36.456 46.799 72.722 49.501 46.962 16.690 49.748 85.272 43.171 40.883 33.271 66.960 76.145 31.402 57.080 45.000 67.958 75.975 38.223 32.249 36.456 46.799 72.722 49.501 46.962 16.690 49.748 85.272 43.171 40.883 33.271 66.960 76.145 31.402 57.080 45.000 67.958
 47.748 30.307 35.562 45.014 53.055 31.259 52.047 70.768 45.427 55.649 51.684 28.938 36.101 61.322 32.799 63.231 63.013 44.735 29.958 30.408 47.748 30.307 35.562 45.014 53.055 31.259 52.047 70.768 45.427 55.649 51.684 28.938 36.101 61.322 32.799 63.231 63.013 44.735 29.958 30.408
 48.763 84.333 51.152 72.403 24.978 64.246 30.858 44.868 16.731 35.393 85.466 78.144 78.064 52.006 23.329 43.438 35.846 41.057 76.753 66.468 48.763 84.333 51.152 72.403 24.978 64.246 30.858 44.868 16.731 35.393 85.466 78.144 78.064 52.006 23.329 43.438 35.846 41.057 76.753 66.468
 71.496 53.814 35.981 23.047 21.155 17.335 73.782 50.999 71.617 21.459 16.356 61.870 29.491 31.621 85.039 87.185 18.106 82.322 82.482 19.951 71.496 53.814 35.981 23.047 21.155 17.335 73.782 50.999 71.617 21.459 16.356 61.870 29.491 31.621 85.039 87.185 18.106 82.322 82.482 19.951
 33.532 33.699 31.839 69.527 40.158 42.313 45.909 37.138 64.854 35.557 59.433 56.296 50.112 54.994 65.292 69.793 42.697 46.240 43.667 69.630 33.532 33.699 31.839 69.527 40.158 42.313 45.909 37.138 64.854 35.557 59.433 56.296 50.112 54.994 65.292 69.793 42.697 46.240 43.667 69.630
 33.728 14.369 42.110 61.462 74.253 82.051 40.819 54.976 77.402 64.647 65.038 51.117 45.763 37.936 51.285 31.555 63.618 48.228 62.164 18.834 33.728 14.369 42.110 61.462 74.253 82.051 40.819 54.976 77.402 64.647 65.038 51.117 45.763 37.936 51.285 31.555 63.618 48.228 62.164 18.834
 57.718 69.025 42.369 79.232 40.490 67.828 64.257 19.822 20.091 48.039 17.926 69.531 35.978 68.753 30.583 25.110 55.443 27.601 63.129 59.340 57.718 69.025 42.369 79.232 40.490 67.828 64.257 19.822 20.091 48.039 17.926 69.531 35.978 68.753 30.583 25.110 55.443 27.601 63.129 59.340
 66.902 14.107 80.068 79.931 58.260 78.654 53.701 68.990 12.589 53.180 30.236 77.259 85.832 10.849 67.426 42.382 87.556 74.711 39.261 34.644 66.902 14.107 80.068 79.931 58.260 78.654 53.701 68.990 12.589 53.180 30.236 77.259 85.832 10.849 67.426 42.382 87.556 74.711 39.261 34.644
 37.962 47.766 44.647 46.689 76.206 31.392 81.702 31.753 28.246 26.406 63.130 82.037 81.668 27.995 45.733 14.300 26.597 29.034 80.753 69.700 37.962 47.766 44.647 46.689 76.206 31.392 81.702 31.753 28.246 26.406 63.130 82.037 81.668 27.995 45.733 14.300 26.597 29.034 80.753 69.700
 55.434 40.656 51.237 58.197 32.769 60.358 54.069 33.023 36.458 19.447 57.431 58.329 74.651 23.827 50.258 57.388 56.143 54.157 28.077 30.957 55.434 40.656 51.237 58.197 32.769 60.358 54.069 33.023 36.458 19.447 57.431 58.329 74.651 23.827 50.258 57.388 56.143 54.157 28.077 30.957
 44.229 86.087 35.598 67.089 81.457 28.595 51.892 43.498 49.368 73.648 53.825 26.456 85.102 18.861 58.097 16.474 16.166 22.432 27.820 53.016 44.229 86.087 35.598 67.089 81.457 28.595 51.892 43.498 49.368 73.648 53.825 26.456 85.102 18.861 58.097 16.474 16.166 22.432 27.820 53.016
 67.812 37.908 43.411 61.960 39.212 40.155 51.457 69.345 68.846 67.438 35.592 62.502 37.901 46.841 68.715 41.055 37.985 45.212 71.145 50.483 67.812 37.908 43.411 61.960 39.212 40.155 51.457 69.345 68.846 67.438 35.592 62.502 37.901 46.841 68.715 41.055 37.985 45.212 71.145 50.483
 55.964 39.544 65.509 66.979 39.409 37.014 40.393 60.365 44.012 26.979 20.178 73.228 47.306 36.095 27.783 35.057 32.701 45.213 33.967 37.604 55.964 39.544 65.509 66.979 39.409 37.014 40.393 60.365 44.012 26.979 20.178 73.228 47.306 36.095 27.783 35.057 32.701 45.213 33.967 37.604
 43.543 47.438 35.582 35.355 70.649 49.403 37.305 79.893 47.845 35.819 75.673 60.101 27.720 72.211 30.122 73.725 60.807 51.939 73.285 66.693 43.543 47.438 35.582 35.355 70.649 49.403 37.305 79.893 47.845 35.819 75.673 60.101 27.720 72.211 30.122 73.725 60.807 51.939 73.285 66.693
 33.876 18.130  9.196 14.094 17.727 39.719 18.514 58.054 22.973 78.172 21.225 80.344 10.327 65.843 34.667 66.621 75.658 48.631 52.545 90.415 33.876 18.130  9.196 14.094 17.727 39.719 18.514 58.054 22.973 78.172 21.225 80.344 10.327 65.843 34.667 66.621 75.658 48.631 52.545 90.415
 44.790 76.183 38.955 16.545 44.991 83.918 37.219 72.196 85.741 77.311 83.637 61.069 55.323 40.230 87.889 79.769 65.852 27.636 70.126 57.580 44.790 76.183 38.955 16.545 44.991 83.918 37.219 72.196 85.741 77.311 83.637 61.069 55.323 40.230 87.889 79.769 65.852 27.636 70.126 57.580
 65.553 86.663 33.328 18.386 40.070 45.861 23.135 55.132 22.454 19.337 17.909 18.504 44.578 71.406 37.051 57.037 52.278 57.191 67.155 46.090 65.553 86.663 33.328 18.386 40.070 45.861 23.135 55.132 22.454 19.337 17.909 18.504 44.578 71.406 37.051 57.037 52.278 57.191 67.155 46.090
 53.927 34.316 81.749 22.884 59.164 69.691 40.295 46.801 14.929 54.687 37.216 59.761 66.191 62.814 43.107 79.022 48.549 67.451 76.115 45.532 53.927 34.316 81.749 22.884 59.164 69.691 40.295 46.801 14.929 54.687 37.216 59.761 66.191 62.814 43.107 79.022 48.549 67.451 76.115 45.532
 58.013 37.682 62.729 49.773 66.105 45.061 65.225 55.801 65.693 48.783 45.160 59.329 64.460 58.008 28.084 82.690 47.330 57.698 66.343 65.943 58.013 37.682 62.729 49.773 66.105 45.061 65.225 55.801 65.693 48.783 45.160 59.329 64.460 58.008 28.084 82.690 47.330 57.698 66.343 65.943
 34.058 32.440 44.705 59.392 22.789 16.806 72.233 39.935 60.364 72.592 49.857 27.175 48.117 67.818 56.288 32.556 45.490 53.169 29.790 36.313 34.058 32.440 44.705 59.392 22.789 16.806 72.233 39.935 60.364 72.592 49.857 27.175 48.117 67.818 56.288 32.556 45.490 53.169 29.790 36.313
 40.095 19.834 68.338 37.991 25.963 58.384 50.207 37.561 65.345 24.365 56.654 47.568 29.773 79.467 60.594 17.762 63.854 62.040 82.599 47.047 40.095 19.834 68.338 37.991 25.963 58.384 50.207 37.561 65.345 24.365 56.654 47.568 29.773 79.467 60.594 17.762 63.854 62.040 82.599 47.047
 48.632 25.578 51.785 39.396 76.723 43.701 35.745 24.453 22.159 31.767 35.775 47.565 41.884 56.160 64.493 44.278 41.541 71.471 37.675 37.245 48.632 25.578 51.785 39.396 76.723 43.701 35.745 24.453 22.159 31.767 35.775 47.565 41.884 56.160 64.493 44.278 41.541 71.471 37.675 37.245
 80.324 53.767 76.120 22.142 71.051 46.689 70.340 82.521 29.004 11.411 76.332 71.569 81.903 78.577 86.740 40.100 24.191 63.670 19.222 81.131 80.324 53.767 76.120 22.142 71.051 46.689 70.340 82.521 29.004 11.411 76.332 71.569 81.903 78.577 86.740 40.100 24.191 63.670 19.222 81.131
 72.359 38.925 36.689 30.659 27.220 73.805 82.198 27.750 55.875 62.606 27.357 42.274 59.366 52.654 28.495 53.836 53.847 66.912 39.363 50.462 72.359 38.925 36.689 30.659 27.220 73.805 82.198 27.750 55.875 62.606 27.357 42.274 59.366 52.654 28.495 53.836 53.847 66.912 39.363 50.462
 71.937 51.068 53.066 55.589 36.223 38.428 29.682 63.889 43.064 56.119 46.589 34.577 65.995 36.365 68.723 33.477 62.973 40.935 36.872 56.759 71.937 51.068 53.066 55.589 36.223 38.428 29.682 63.889 43.064 56.119 46.589 34.577 65.995 36.365 68.723 33.477 62.973 40.935 36.872 56.759
 26.715 52.228 50.965 31.009 26.932 50.638 68.760 53.610 62.658 83.012 71.491 26.306 82.949 27.783 82.118 45.449 75.352 38.956 16.999 27.112 26.715 52.228 50.965 31.009 26.932 50.638 68.760 53.610 62.658 83.012 71.491 26.306 82.949 27.783 82.118 45.449 75.352 38.956 16.999 27.112
 31.103 47.528 49.750 24.782 64.554 28.412 65.145 40.877 50.512 24.752 43.261 52.084 37.887 53.914 35.498 56.322 56.562 35.177 37.805 67.896 31.103 47.528 49.750 24.782 64.554 28.412 65.145 40.877 50.512 24.752 43.261 52.084 37.887 53.914 35.498 56.322 56.562 35.177 37.805 67.896
 52.142 66.313 69.666 46.668 19.587 44.501 49.314 33.197 45.645 66.624 71.069 62.424 13.489 54.906 33.482 16.971 43.368 55.883 35.185 13.559 52.142 66.313 69.666 46.668 19.587 44.501 49.314 33.197 45.645 66.624 71.069 62.424 13.489 54.906 33.482 16.971 43.368 55.883 35.185 13.559
 22.969 66.031 29.726 69.066 70.000 78.233 57.004 54.274 58.706 35.216 15.031 55.281 58.956 82.482 47.485 64.546 25.545 51.679 83.694 49.265 22.969 66.031 29.726 69.066 70.000 78.233 57.004 54.274 58.706 35.216 15.031 55.281 58.956 82.482 47.485 64.546 25.545 51.679 83.694 49.265
 85.526 57.480 61.335 83.296 69.657 63.057 25.781 57.907 29.150 66.899 35.366 34.110 45.318 26.147 57.526 37.303 43.598 25.238 69.999 23.578 85.526 57.480 61.335 83.296 69.657 63.057 25.781 57.907 29.150 66.899 35.366 34.110 45.318 26.147 57.526 37.303 43.598 25.238 69.999 23.578
 63.361 65.565 33.696 38.553 53.703 55.703 39.794 47.856 53.423 59.114 46.228 75.042 43.334 24.244 50.738 39.388 69.224 48.846 66.529 31.783 63.361 65.565 33.696 38.553 53.703 55.703 39.794 47.856 53.423 59.114 46.228 75.042 43.334 24.244 50.738 39.388 69.224 48.846 66.529 31.783
 43.945 43.109 31.341 47.304 76.248 23.983 43.245 67.675 73.782 56.024 64.644 42.999 47.410 51.025 29.321 34.953 24.039 59.076 20.921 66.919 43.945 43.109 31.341 47.304 76.248 23.983 43.245 67.675 73.782 56.024 64.644 42.999 47.410 51.025 29.321 34.953 24.039 59.076 20.921 66.919
 26.714 60.061 66.276 26.819 38.187 20.318 45.501 59.484 38.357 71.381 49.497 66.981 84.433 75.078 59.593 69.577 56.307 43.617 30.202 74.021 26.714 60.061 66.276 26.819 38.187 20.318 45.501 59.484 38.357 71.381 49.497 66.981 84.433 75.078 59.593 69.577 56.307 43.617 30.202 74.021
 33.215 85.535 63.329 48.829 58.382 43.924 75.317 82.077 34.772 77.224 12.623 70.592 52.319 83.824 39.323 12.437 10.952 45.702 33.585 50.238 33.215 85.535 63.329 48.829 58.382 43.924 75.317 82.077 34.772 77.224 12.623 70.592 52.319 83.824 39.323 12.437 10.952 45.702 33.585 50.238
 33.018 57.979 77.577 70.680 22.618 50.203 79.022 56.597 54.136 81.031 37.819 34.818 69.183 44.640 38.257 21.154 84.745 73.444 62.808 69.319 33.018 57.979 77.577 70.680 22.618 50.203 79.022 56.597 54.136 81.031 37.819 34.818 69.183 44.640 38.257 21.154 84.745 73.444 62.808 69.319
 42.059 73.802 41.101 38.390 19.429 58.351 33.889 53.185 52.429 80.167 21.522 47.207 48.835 21.848 50.624 36.494 24.121 33.444 44.479 83.079 42.059 73.802 41.101 38.390 19.429 58.351 33.889 53.185 52.429 80.167 21.522 47.207 48.835 21.848 50.624 36.494 24.121 33.444 44.479 83.079
 87.521 61.351 72.482 90.435 15.163 69.969 89.694 38.040 72.922 90.815 81.211 58.787 14.955 22.931 52.914 48.340 13.998 46.675 36.373 88.310 87.521 61.351 72.482 90.435 15.163 69.969 89.694 38.040 72.922 90.815 81.211 58.787 14.955 22.931 52.914 48.340 13.998 46.675 36.373 88.310
 16.176 50.051 54.753 84.693 85.508 16.584 54.532 46.417 75.271 67.587 73.593 21.496 72.206 31.520 66.229 87.596 65.575 37.396 85.059 46.729 16.176 50.051 54.753 84.693 85.508 16.584 54.532 46.417 75.271 67.587 73.593 21.496 72.206 31.520 66.229 87.596 65.575 37.396 85.059 46.729
 50.638 77.578 54.442 66.202 66.216 31.813 21.269 27.525 67.575 27.973 29.881 75.698 70.210 17.012 87.534 20.831 36.403 74.787 81.411 30.568 50.638 77.578 54.442 66.202 66.216 31.813 21.269 27.525 67.575 27.973 29.881 75.698 70.210 17.012 87.534 20.831 36.403 74.787 81.411 30.568
 27.904 62.290 32.995 43.176 76.454 36.933 68.444 33.578 52.398 74.774 54.684 63.841 35.202 29.914 40.441 46.610 69.352 44.449 21.707 21.505 27.904 62.290 32.995 43.176 76.454 36.933 68.444 33.578 52.398 74.774 54.684 63.841 35.202 29.914 40.441 46.610 69.352 44.449 21.707 21.505
 43.414 42.063 62.403 64.280 62.271 54.119 36.150 46.610 63.841 56.224 63.403 64.855 50.042 62.076 68.522 30.473 68.078 55.843 35.134 69.940 43.414 42.063 62.403 64.280 62.271 54.119 36.150 46.610 63.841 56.224 63.403 64.855 50.042 62.076 68.522 30.473 68.078 55.843 35.134 69.940
 62.190 56.520 82.557 21.415 62.317 61.683 19.177 27.415 60.791 67.450 22.508 24.050 52.499 71.891 44.662 62.293 53.719 76.415 32.151 32.477 62.190 56.520 82.557 21.415 62.317 61.683 19.177 27.415 60.791 67.450 22.508 24.050 52.499 71.891 44.662 62.293 53.719 76.415 32.151 32.477
 66.566 32.931 11.444 56.955 84.477 65.551 32.556 79.612 13.489 74.825 87.354 37.424 35.107 78.365 87.619 80.427 79.774 80.463 51.394 23.462 66.566 32.931 11.444 56.955 84.477 65.551 32.556 79.612 13.489 74.825 87.354 37.424 35.107 78.365 87.619 80.427 79.774 80.463 51.394 23.462
 54.568 82.609 75.296 50.944 39.362 44.670 52.860 20.279 64.743 41.471 40.501 45.602 38.040 71.614 55.237 59.044 19.626 42.814 38.296 66.369 54.568 82.609 75.296 50.944 39.362 44.670 52.860 20.279 64.743 41.471 40.501 45.602 38.040 71.614 55.237 59.044 19.626 42.814 38.296 66.369


>> Numero de clusteres: 45. Numero de elementos en cada cluster:

   695   945  1365   957   654   451  1062   784   663   708
  1386   864   410  1551   653   660  1529  1029  1421  1381
  1134   854  1086   697  1327   430   951  1137   915  1105
   898  1811  1215   822   672  1055   936   626   824   661
  1225   427   988   768  1443

>> Densidad de los clusters: b[i]

    22.46    58.03    84.55    57.97    19.28   112.57    69.15    46.67    20.63    25.82
    79.02    26.71   113.31    72.73    79.36    21.30    31.44    56.37    67.68    85.78
    65.18    47.32    71.67    37.96    68.59   110.92    41.31    75.42    58.34    57.99
    53.18    75.81    62.14    56.86    24.17    55.71    71.60    15.36    28.88    21.93
    66.86   112.36    55.07    22.11    69.42


>> Analisis de enfermedades (medianas) en los grupos

Enfermedad:  0 - mmax: 0.69 (grupo 257) - mmin: 0.00 (grupo 60)
Enfermedad:  1 - mmax: 0.99 (grupo 167) - mmin: 0.30 (grupo 258)
Enfermedad:  2 - mmax: 0.69 (grupo 32) - mmin: 0.00 (grupo 102)
Enfermedad:  3 - mmax: 0.99 (grupo 195) - mmin: 0.30 (grupo 25)
Enfermedad:  4 - mmax: 0.69 (grupo 549) - mmin: 0.00 (grupo 236)
Enfermedad:  5 - mmax: 0.99 (grupo  0) - mmin: 0.30 (grupo 30)
Enfermedad:  6 - mmax: 0.69 (grupo  3) - mmin: 0.00 (grupo 125)
Enfermedad:  7 - mmax: 0.99 (grupo 27) - mmin: 0.30 (grupo 250)
Enfermedad:  8 - mmax: 0.69 (grupo 191) - mmin: 0.00 (grupo 14)
Enfermedad:  9 - mmax: 0.99 (grupo 308) - mmin: 0.30 (grupo  6)
Enfermedad: 10 - mmax: 0.69 (grupo 73) - mmin: 0.00 (grupo 17)
Enfermedad: 11 - mmax: 0.99 (grupo 213) - mmin: 0.30 (grupo 222)
Enfermedad: 12 - mmax: 0.69 (grupo 12) - mmin: 0.00 (grupo 158)
Enfermedad: 13 - mmax: 0.99 (grupo  3) - mmin: 0.30 (grupo 146)
Enfermedad: 14 - mmax: 0.69 (grupo 38) - mmin: 0.00 (grupo 137)
Enfermedad: 15 - mmax: 0.99 (grupo 21) - mmin: 0.30 (grupo 386)
Enfermedad: 16 - mmax: 0.69 (grupo 74) - mmin: 0.00 (grupo 165)
Enfermedad: 17 - mmax: 0.99 (grupo 37) - mmin: 0.30 (grupo 188)


