------------------------------------------------------------------------------------------------------------------------

[2023-06-06 10:18:25 #1 store] 
Database 'C:\Users\jonetxe13\Desktop\universidad\IS\Bets21-master\src\main\resources\bets.temp' is opened by 10200@DESKTOP-490MKBR

[2023-06-06 10:18:25 #2 type.registry] 
New type domain.Actividad

[2023-06-06 10:18:25 #3 type] 
Type domain.Actividad is not enhanced.

[2023-06-06 10:18:25 #4 type.registry] 
New type domain.Encargado

[2023-06-06 10:18:25 #5 type] 
Type domain.Encargado is not enhanced.

[2023-06-06 10:18:25 #6 type.registry] 
New type domain.Usuario

[2023-06-06 10:18:25 #7 type] 
Type domain.Usuario is not enhanced.

[2023-06-06 10:18:25 #8 type.registry] 
New type domain.Sesion

[2023-06-06 10:18:25 #9 type] 
Type domain.Sesion is not enhanced.

[2023-06-06 10:18:25 #10 type.registry] 
New type domain.Sala

[2023-06-06 10:18:25 #11 type] 
Type domain.Sala is not enhanced.

[2023-06-06 10:18:25 #12 type.registry] 
New type java.util.ArrayList<java.lang.Object>

[2023-06-06 10:18:25 #13 type.registry] 
New type java.util.ArrayList<java.lang.String>

[2023-06-06 10:18:25 #14 type.registry] 
New type java.util.LinkedList<java.lang.Object>

[2023-06-06 10:18:25 #15 type.registry] 
New type java.util.LinkedList<domain.Usuario>

[2023-06-06 10:18:25 #16 type.registry] 
New type java.util.ArrayList<domain.Sesion>

------------------------------------------------------------------------------------------------------------------------

[2023-06-06 10:19:54 #1 store] 
Database 'C:\Users\jonetxe13\Desktop\universidad\IS\Bets21-master\src\main\resources\bets.temp' is opened by 11900@DESKTOP-490MKBR

[2023-06-06 10:19:54 #2 type.registry] 
New type domain.Actividad

[2023-06-06 10:19:54 #3 type] 
Type domain.Actividad is not enhanced.

[2023-06-06 10:19:54 #4 type.registry] 
New type domain.Encargado

[2023-06-06 10:19:54 #5 type] 
Type domain.Encargado is not enhanced.

[2023-06-06 10:19:54 #6 type.registry] 
New type domain.Usuario

[2023-06-06 10:19:54 #7 type] 
Type domain.Usuario is not enhanced.

[2023-06-06 10:19:54 #8 type.registry] 
New type domain.Sesion

[2023-06-06 10:19:54 #9 type] 
Type domain.Sesion is not enhanced.

[2023-06-06 10:19:54 #10 type.registry] 
New type domain.Sala

[2023-06-06 10:19:54 #11 type] 
Type domain.Sala is not enhanced.

[2023-06-06 10:19:54 #12 type.registry] 
New type java.util.ArrayList<java.lang.Object>

[2023-06-06 10:19:54 #13 type.registry] 
New type java.util.ArrayList<java.lang.String>

[2023-06-06 10:19:54 #14 type.registry] 
New type java.util.LinkedList<java.lang.Object>

[2023-06-06 10:19:54 #15 type.registry] 
New type java.util.LinkedList<domain.Usuario>

[2023-06-06 10:19:54 #16 type.registry] 
New type java.util.ArrayList<domain.Sesion>

------------------------------------------------------------------------------------------------------------------------

[2023-06-06 10:24:19 #1 store] 
Database 'C:\Users\jonetxe13\Desktop\universidad\IS\Bets21-master\src\main\resources\bets.temp' is opened by 14496@DESKTOP-490MKBR

[2023-06-06 10:24:19 #2 type.registry] 
New type domain.Actividad

[2023-06-06 10:24:19 #3 type] 
Type domain.Actividad is not enhanced.

[2023-06-06 10:24:19 #4 type.registry] 
New type domain.Encargado

[2023-06-06 10:24:19 #5 type] 
Type domain.Encargado is not enhanced.

[2023-06-06 10:24:19 #6 type.registry] 
New type domain.Usuario

[2023-06-06 10:24:19 #7 type] 
Type domain.Usuario is not enhanced.

[2023-06-06 10:24:19 #8 type.registry] 
New type domain.Sesion

[2023-06-06 10:24:19 #9 type] 
Type domain.Sesion is not enhanced.

[2023-06-06 10:24:19 #10 type.registry] 
New type domain.Sala

[2023-06-06 10:24:19 #11 type] 
Type domain.Sala is not enhanced.

[2023-06-06 10:24:19 #12 type.registry] 
New type java.util.ArrayList<java.lang.Object>

[2023-06-06 10:24:19 #13 type.registry] 
New type java.util.ArrayList<java.lang.String>

[2023-06-06 10:24:19 #14 type.registry] 
New type java.util.LinkedList<java.lang.Object>

[2023-06-06 10:24:19 #15 type.registry] 
New type java.util.LinkedList<domain.Usuario>

[2023-06-06 10:24:19 #16 type.registry] 
New type java.util.ArrayList<domain.Sesion>

------------------------------------------------------------------------------------------------------------------------

[2023-06-06 10:29:02 #1 store] 
Database 'C:\Users\jonetxe13\Desktop\universidad\IS\Bets21-master\src\main\resources\bets.temp' is opened by 10284@DESKTOP-490MKBR

[2023-06-06 10:29:02 #2 type.registry] 
New type domain.Actividad

[2023-06-06 10:29:02 #3 type] 
Type domain.Actividad is not enhanced.

[2023-06-06 10:29:02 #4 type.registry] 
New type domain.Encargado

[2023-06-06 10:29:02 #5 type] 
Type domain.Encargado is not enhanced.

[2023-06-06 10:29:02 #6 type.registry] 
New type domain.Usuario

[2023-06-06 10:29:02 #7 type] 
Type domain.Usuario is not enhanced.

[2023-06-06 10:29:02 #8 type.registry] 
New type domain.Sesion

[2023-06-06 10:29:02 #9 type] 
Type domain.Sesion is not enhanced.

[2023-06-06 10:29:02 #10 type.registry] 
New type domain.Sala

[2023-06-06 10:29:02 #11 type] 
Type domain.Sala is not enhanced.

[2023-06-06 10:29:02 #12 type.registry] 
New type java.util.ArrayList<java.lang.Object>

[2023-06-06 10:29:02 #13 type.registry] 
New type java.util.ArrayList<java.lang.String>

[2023-06-06 10:29:02 #14 type.registry] 
New type java.util.LinkedList<java.lang.Object>

[2023-06-06 10:29:02 #15 type.registry] 
New type java.util.LinkedList<domain.Usuario>

[2023-06-06 10:29:02 #16 type.registry] 
New type java.util.ArrayList<domain.Sesion>

------------------------------------------------------------------------------------------------------------------------

[2023-06-06 10:32:10 #1 store] 
Database 'C:\Users\jonetxe13\Desktop\universidad\IS\Bets21-master\src\main\resources\bets.temp' is opened by 13732@DESKTOP-490MKBR

[2023-06-06 10:32:10 #2 type.registry] 
New type domain.Actividad

[2023-06-06 10:32:10 #3 type] 
Type domain.Actividad is not enhanced.

[2023-06-06 10:32:10 #4 type.registry] 
New type domain.Encargado

[2023-06-06 10:32:10 #5 type] 
Type domain.Encargado is not enhanced.

[2023-06-06 10:32:10 #6 type.registry] 
New type domain.Usuario

[2023-06-06 10:32:10 #7 type] 
Type domain.Usuario is not enhanced.

[2023-06-06 10:32:10 #8 type.registry] 
New type domain.Sesion

[2023-06-06 10:32:10 #9 type] 
Type domain.Sesion is not enhanced.

[2023-06-06 10:32:10 #10 type.registry] 
New type domain.Sala

[2023-06-06 10:32:10 #11 type] 
Type domain.Sala is not enhanced.

[2023-06-06 10:32:10 #12 type.registry] 
New type java.util.ArrayList<java.lang.Object>

[2023-06-06 10:32:10 #13 type.registry] 
New type java.util.ArrayList<java.lang.String>

[2023-06-06 10:32:10 #14 type.registry] 
New type java.util.LinkedList<java.lang.Object>

[2023-06-06 10:32:10 #15 type.registry] 
New type java.util.LinkedList<domain.Usuario>

[2023-06-06 10:32:10 #16 type.registry] 
New type java.util.ArrayList<domain.Sesion>

------------------------------------------------------------------------------------------------------------------------

[2023-06-06 10:39:03 #1 store] 
Database 'C:\Users\jonetxe13\Desktop\universidad\IS\Bets21-master\src\main\resources\bets.temp' is opened by 5324@DESKTOP-490MKBR

[2023-06-06 10:39:03 #2 type.registry] 
New type domain.Actividad

[2023-06-06 10:39:03 #3 type] 
Type domain.Actividad is not enhanced.

[2023-06-06 10:39:03 #4 type.registry] 
New type domain.Encargado

[2023-06-06 10:39:03 #5 type] 
Type domain.Encargado is not enhanced.

[2023-06-06 10:39:03 #6 type.registry] 
New type domain.Usuario

[2023-06-06 10:39:03 #7 type] 
Type domain.Usuario is not enhanced.

[2023-06-06 10:39:03 #8 type.registry] 
New type domain.Sesion

[2023-06-06 10:39:03 #9 type] 
Type domain.Sesion is not enhanced.

[2023-06-06 10:39:03 #10 type.registry] 
New type domain.Sala

[2023-06-06 10:39:03 #11 type] 
Type domain.Sala is not enhanced.

[2023-06-06 10:39:03 #12 type.registry] 
New type java.util.ArrayList<java.lang.Object>

[2023-06-06 10:39:03 #13 type.registry] 
New type java.util.ArrayList<java.lang.String>

[2023-06-06 10:39:03 #14 type.registry] 
New type java.util.LinkedList<java.lang.Object>

[2023-06-06 10:39:03 #15 type.registry] 
New type java.util.LinkedList<domain.Usuario>

[2023-06-06 10:39:03 #16 type.registry] 
New type java.util.ArrayList<domain.Sesion>

------------------------------------------------------------------------------------------------------------------------

[2023-06-06 10:52:28 #1 store] 
Database 'C:\Users\jonetxe13\Desktop\universidad\IS\Bets21-master\src\main\resources\bets.temp' is opened by 4304@DESKTOP-490MKBR

[2023-06-06 10:52:28 #2 type.registry] 
New type domain.Actividad

[2023-06-06 10:52:28 #3 type] 
Type domain.Actividad is not enhanced.

[2023-06-06 10:52:28 #4 type.registry] 
New type domain.Encargado

[2023-06-06 10:52:28 #5 type] 
Type domain.Encargado is not enhanced.

[2023-06-06 10:52:28 #6 type.registry] 
New type domain.Usuario

[2023-06-06 10:52:28 #7 type] 
Type domain.Usuario is not enhanced.

[2023-06-06 10:52:28 #8 type.registry] 
New type domain.Sesion

[2023-06-06 10:52:28 #9 type] 
Type domain.Sesion is not enhanced.

[2023-06-06 10:52:28 #10 type.registry] 
New type domain.Sala

[2023-06-06 10:52:28 #11 type] 
Type domain.Sala is not enhanced.

[2023-06-06 10:52:28 #12 type.registry] 
New type java.util.ArrayList<java.lang.Object>

[2023-06-06 10:52:28 #13 type.registry] 
New type java.util.ArrayList<java.lang.String>

[2023-06-06 10:52:28 #14 type.registry] 
New type java.util.LinkedList<java.lang.Object>

[2023-06-06 10:52:28 #15 type.registry] 
New type java.util.LinkedList<domain.Usuario>

[2023-06-06 10:52:28 #16 type.registry] 
New type java.util.ArrayList<domain.Sesion>

------------------------------------------------------------------------------------------------------------------------

[2023-06-06 11:18:39 #1 store] 
Database 'C:\Users\jonetxe13\Desktop\universidad\IS\Bets21-master\src\main\resources\bets.temp' is opened by 9332@DESKTOP-490MKBR

[2023-06-06 11:18:39 #2 type.registry] 
New type domain.Actividad

[2023-06-06 11:18:39 #3 type] 
Type domain.Actividad is not enhanced.

[2023-06-06 11:18:39 #4 type.registry] 
New type domain.Encargado

[2023-06-06 11:18:39 #5 type] 
Type domain.Encargado is not enhanced.

[2023-06-06 11:18:39 #6 type.registry] 
New type domain.Usuario

[2023-06-06 11:18:39 #7 type] 
Type domain.Usuario is not enhanced.

[2023-06-06 11:18:39 #8 type.registry] 
New type domain.Sesion

[2023-06-06 11:18:39 #9 type] 
Type domain.Sesion is not enhanced.

[2023-06-06 11:18:39 #10 type.registry] 
New type domain.Sala

[2023-06-06 11:18:39 #11 type] 
Type domain.Sala is not enhanced.

[2023-06-06 11:18:39 #12 type.registry] 
New type java.util.ArrayList<java.lang.Object>

[2023-06-06 11:18:39 #13 type.registry] 
New type java.util.ArrayList<java.lang.String>

[2023-06-06 11:18:39 #14 type.registry] 
New type java.util.LinkedList<java.lang.Object>

[2023-06-06 11:18:39 #15 type.registry] 
New type java.util.LinkedList<domain.Usuario>

[2023-06-06 11:18:39 #16 type.registry] 
New type java.util.ArrayList<domain.Sesion>

------------------------------------------------------------------------------------------------------------------------

[2023-06-06 11:26:49 #1 store] 
Database 'C:\Users\jonetxe13\Desktop\universidad\IS\Bets21-master\src\main\resources\bets.temp' is opened by 5200@DESKTOP-490MKBR

[2023-06-06 11:26:49 #2 type.registry] 
New type domain.Actividad

[2023-06-06 11:26:49 #3 type] 
Type domain.Actividad is not enhanced.

[2023-06-06 11:26:49 #4 type.registry] 
New type domain.Encargado

[2023-06-06 11:26:49 #5 type] 
Type domain.Encargado is not enhanced.

[2023-06-06 11:26:49 #6 type.registry] 
New type domain.Usuario

[2023-06-06 11:26:49 #7 type] 
Type domain.Usuario is not enhanced.

[2023-06-06 11:26:49 #8 type.registry] 
New type domain.Sesion

[2023-06-06 11:26:49 #9 type] 
Type domain.Sesion is not enhanced.

[2023-06-06 11:26:49 #10 type.registry] 
New type domain.Sala

[2023-06-06 11:26:49 #11 type] 
Type domain.Sala is not enhanced.

[2023-06-06 11:26:49 #12 type.registry] 
New type java.util.ArrayList<java.lang.Object>

[2023-06-06 11:26:49 #13 type.registry] 
New type java.util.ArrayList<java.lang.String>

[2023-06-06 11:26:49 #14 type.registry] 
New type java.util.LinkedList<java.lang.Object>

[2023-06-06 11:26:49 #15 type.registry] 
New type java.util.LinkedList<domain.Usuario>

[2023-06-06 11:26:49 #16 type.registry] 
New type java.util.ArrayList<domain.Sesion>

------------------------------------------------------------------------------------------------------------------------

[2023-06-06 11:27:46 #1 store] 
Database 'C:\Users\jonetxe13\Desktop\universidad\IS\Bets21-master\src\main\resources\bets.temp' is opened by 13216@DESKTOP-490MKBR

[2023-06-06 11:27:46 #2 type.registry] 
New type domain.Actividad

[2023-06-06 11:27:46 #3 type] 
Type domain.Actividad is not enhanced.

[2023-06-06 11:27:46 #4 type.registry] 
New type domain.Encargado

[2023-06-06 11:27:46 #5 type] 
Type domain.Encargado is not enhanced.

[2023-06-06 11:27:46 #6 type.registry] 
New type domain.Usuario

[2023-06-06 11:27:46 #7 type] 
Type domain.Usuario is not enhanced.

[2023-06-06 11:27:46 #8 type.registry] 
New type domain.Sesion

[2023-06-06 11:27:46 #9 type] 
Type domain.Sesion is not enhanced.

[2023-06-06 11:27:46 #10 type.registry] 
New type domain.Sala

[2023-06-06 11:27:46 #11 type] 
Type domain.Sala is not enhanced.

[2023-06-06 11:27:46 #12 type.registry] 
New type java.util.ArrayList<java.lang.Object>

[2023-06-06 11:27:46 #13 type.registry] 
New type java.util.ArrayList<java.lang.String>

[2023-06-06 11:27:46 #14 type.registry] 
New type java.util.LinkedList<java.lang.Object>

[2023-06-06 11:27:46 #15 type.registry] 
New type java.util.LinkedList<domain.Usuario>

[2023-06-06 11:27:46 #16 type.registry] 
New type java.util.ArrayList<domain.Sesion>

------------------------------------------------------------------------------------------------------------------------

[2023-06-06 11:29:18 #1 store] 
Database 'C:\Users\jonetxe13\Desktop\universidad\IS\Bets21-master\src\main\resources\bets.temp' is opened by 8456@DESKTOP-490MKBR

[2023-06-06 11:29:19 #2 type.registry] 
New type domain.Actividad

[2023-06-06 11:29:19 #3 type] 
Type domain.Actividad is not enhanced.

[2023-06-06 11:29:19 #4 type.registry] 
New type domain.Encargado

[2023-06-06 11:29:19 #5 type] 
Type domain.Encargado is not enhanced.

[2023-06-06 11:29:19 #6 type.registry] 
New type domain.Usuario

[2023-06-06 11:29:19 #7 type] 
Type domain.Usuario is not enhanced.

[2023-06-06 11:29:19 #8 type.registry] 
New type domain.Sesion

[2023-06-06 11:29:19 #9 type] 
Type domain.Sesion is not enhanced.

[2023-06-06 11:29:19 #10 type.registry] 
New type domain.Sala

[2023-06-06 11:29:19 #11 type] 
Type domain.Sala is not enhanced.

[2023-06-06 11:29:19 #12 type.registry] 
New type java.util.ArrayList<java.lang.Object>

[2023-06-06 11:29:19 #13 type.registry] 
New type java.util.ArrayList<java.lang.String>

[2023-06-06 11:29:19 #14 type.registry] 
New type java.util.LinkedList<java.lang.Object>

[2023-06-06 11:29:19 #15 type.registry] 
New type java.util.LinkedList<domain.Usuario>

[2023-06-06 11:29:19 #16 type.registry] 
New type java.util.ArrayList<domain.Sesion>

------------------------------------------------------------------------------------------------------------------------

[2023-06-06 11:32:13 #1 store] 
Database 'C:\Users\jonetxe13\Desktop\universidad\IS\Bets21-master\src\main\resources\bets.temp' is opened by 2652@DESKTOP-490MKBR

[2023-06-06 11:32:13 #2 type.registry] 
New type domain.Actividad

[2023-06-06 11:32:13 #3 type] 
Type domain.Actividad is not enhanced.

[2023-06-06 11:32:13 #4 type.registry] 
New type domain.Encargado

[2023-06-06 11:32:13 #5 type] 
Type domain.Encargado is not enhanced.

[2023-06-06 11:32:13 #6 type.registry] 
New type domain.Usuario

[2023-06-06 11:32:13 #7 type] 
Type domain.Usuario is not enhanced.

[2023-06-06 11:32:13 #8 type.registry] 
New type domain.Sesion

[2023-06-06 11:32:13 #9 type] 
Type domain.Sesion is not enhanced.

[2023-06-06 11:32:13 #10 type.registry] 
New type domain.Sala

[2023-06-06 11:32:13 #11 type] 
Type domain.Sala is not enhanced.

[2023-06-06 11:32:13 #12 type.registry] 
New type java.util.ArrayList<java.lang.Object>

[2023-06-06 11:32:13 #13 type.registry] 
New type java.util.ArrayList<java.lang.String>

[2023-06-06 11:32:13 #14 type.registry] 
New type java.util.LinkedList<java.lang.Object>

[2023-06-06 11:32:13 #15 type.registry] 
New type java.util.LinkedList<domain.Usuario>

[2023-06-06 11:32:13 #16 type.registry] 
New type java.util.ArrayList<domain.Sesion>

------------------------------------------------------------------------------------------------------------------------

[2023-06-06 11:33:13 #1 store] 
Database 'C:\Users\jonetxe13\Desktop\universidad\IS\Bets21-master\src\main\resources\bets.temp' is opened by 2964@DESKTOP-490MKBR

[2023-06-06 11:33:13 #2 type.registry] 
New type domain.Actividad

[2023-06-06 11:33:13 #3 type] 
Type domain.Actividad is not enhanced.

[2023-06-06 11:33:14 #4 type.registry] 
New type domain.Encargado

[2023-06-06 11:33:14 #5 type] 
Type domain.Encargado is not enhanced.

[2023-06-06 11:33:14 #6 type.registry] 
New type domain.Usuario

[2023-06-06 11:33:14 #7 type] 
Type domain.Usuario is not enhanced.

[2023-06-06 11:33:14 #8 type.registry] 
New type domain.Sesion

[2023-06-06 11:33:14 #9 type] 
Type domain.Sesion is not enhanced.

[2023-06-06 11:33:14 #10 type.registry] 
New type domain.Sala

[2023-06-06 11:33:14 #11 type] 
Type domain.Sala is not enhanced.

[2023-06-06 11:33:14 #12 type.registry] 
New type java.util.ArrayList<java.lang.Object>

[2023-06-06 11:33:14 #13 type.registry] 
New type java.util.ArrayList<java.lang.String>

[2023-06-06 11:33:14 #14 type.registry] 
New type java.util.LinkedList<java.lang.Object>

[2023-06-06 11:33:14 #15 type.registry] 
New type java.util.LinkedList<domain.Usuario>

[2023-06-06 11:33:14 #16 type.registry] 
New type java.util.ArrayList<domain.Sesion>

------------------------------------------------------------------------------------------------------------------------

[2023-06-06 11:33:39 #1 store] 
Database 'C:\Users\jonetxe13\Desktop\universidad\IS\Bets21-master\src\main\resources\bets.temp' is opened by 6920@DESKTOP-490MKBR

[2023-06-06 11:33:39 #2 type.registry] 
New type domain.Actividad

[2023-06-06 11:33:39 #3 type] 
Type domain.Actividad is not enhanced.

[2023-06-06 11:33:39 #4 type.registry] 
New type domain.Encargado

[2023-06-06 11:33:39 #5 type] 
Type domain.Encargado is not enhanced.

[2023-06-06 11:33:39 #6 type.registry] 
New type domain.Usuario

[2023-06-06 11:33:39 #7 type] 
Type domain.Usuario is not enhanced.

[2023-06-06 11:33:39 #8 type.registry] 
New type domain.Sesion

[2023-06-06 11:33:39 #9 type] 
Type domain.Sesion is not enhanced.

[2023-06-06 11:33:39 #10 type.registry] 
New type domain.Sala

[2023-06-06 11:33:39 #11 type] 
Type domain.Sala is not enhanced.

[2023-06-06 11:33:39 #12 type.registry] 
New type java.util.ArrayList<java.lang.Object>

[2023-06-06 11:33:39 #13 type.registry] 
New type java.util.ArrayList<java.lang.String>

[2023-06-06 11:33:39 #14 type.registry] 
New type java.util.LinkedList<java.lang.Object>

[2023-06-06 11:33:39 #15 type.registry] 
New type java.util.LinkedList<domain.Usuario>

[2023-06-06 11:33:39 #16 type.registry] 
New type java.util.ArrayList<domain.Sesion>

------------------------------------------------------------------------------------------------------------------------

[2023-06-06 11:34:38 #1 store] 
Database 'C:\Users\jonetxe13\Desktop\universidad\IS\Bets21-master\src\main\resources\bets.temp' is opened by 12900@DESKTOP-490MKBR

[2023-06-06 11:34:38 #2 type.registry] 
New type domain.Actividad

[2023-06-06 11:34:38 #3 type] 
Type domain.Actividad is not enhanced.

[2023-06-06 11:34:38 #4 type.registry] 
New type domain.Encargado

[2023-06-06 11:34:38 #5 type] 
Type domain.Encargado is not enhanced.

[2023-06-06 11:34:38 #6 type.registry] 
New type domain.Usuario

[2023-06-06 11:34:38 #7 type] 
Type domain.Usuario is not enhanced.

[2023-06-06 11:34:38 #8 type.registry] 
New type domain.Sesion

[2023-06-06 11:34:38 #9 type] 
Type domain.Sesion is not enhanced.

[2023-06-06 11:34:38 #10 type.registry] 
New type domain.Sala

[2023-06-06 11:34:38 #11 type] 
Type domain.Sala is not enhanced.

[2023-06-06 11:34:38 #12 type.registry] 
New type java.util.ArrayList<java.lang.Object>

[2023-06-06 11:34:38 #13 type.registry] 
New type java.util.ArrayList<java.lang.String>

[2023-06-06 11:34:38 #14 type.registry] 
New type java.util.LinkedList<java.lang.Object>

[2023-06-06 11:34:38 #15 type.registry] 
New type java.util.LinkedList<domain.Usuario>

[2023-06-06 11:34:38 #16 type.registry] 
New type java.util.ArrayList<domain.Sesion>

------------------------------------------------------------------------------------------------------------------------

[2023-06-06 11:36:42 #1 store] 
Database 'C:\Users\jonetxe13\Desktop\universidad\IS\Bets21-master\src\main\resources\bets.temp' is opened by 7696@DESKTOP-490MKBR

[2023-06-06 11:36:42 #2 type.registry] 
New type domain.Actividad

[2023-06-06 11:36:42 #3 type] 
Type domain.Actividad is not enhanced.

[2023-06-06 11:36:42 #4 type.registry] 
New type domain.Encargado

[2023-06-06 11:36:42 #5 type] 
Type domain.Encargado is not enhanced.

[2023-06-06 11:36:42 #6 type.registry] 
New type domain.Usuario

[2023-06-06 11:36:42 #7 type] 
Type domain.Usuario is not enhanced.

[2023-06-06 11:36:42 #8 type.registry] 
New type domain.Sesion

[2023-06-06 11:36:42 #9 type] 
Type domain.Sesion is not enhanced.

[2023-06-06 11:36:42 #10 type.registry] 
New type domain.Sala

[2023-06-06 11:36:42 #11 type] 
Type domain.Sala is not enhanced.

[2023-06-06 11:36:42 #12 type.registry] 
New type java.util.ArrayList<java.lang.Object>

[2023-06-06 11:36:42 #13 type.registry] 
New type java.util.ArrayList<java.lang.String>

[2023-06-06 11:36:42 #14 type.registry] 
New type java.util.LinkedList<java.lang.Object>

[2023-06-06 11:36:42 #15 type.registry] 
New type java.util.LinkedList<domain.Usuario>

[2023-06-06 11:36:42 #16 type.registry] 
New type java.util.ArrayList<domain.Sesion>

