------------------------------------------------------------------------------------------------------------------------

[2023-05-04 09:41:36 #1 store] 
Database 'C:\Users\jonetxe13\Desktop\universidad\IS\Bets21-master\src\main\resources\bets.temp' is opened by 12000@DESKTOP-490MKBR

[2023-05-04 09:41:36 #2 type.registry] 
New type domain.Question

[2023-05-04 09:41:36 #3 type] 
Type domain.Question is not enhanced.

[2023-05-04 09:41:36 #4 type.registry] 
New type domain.Event

[2023-05-04 09:41:36 #5 type] 
Type domain.Event is not enhanced.

[2023-05-04 09:41:36 #6 type.registry] 
New type java.util.Vector<domain.Question>

[2023-05-04 09:41:36 #7 type.registry] 
New type java.util.Vector<java.lang.Object>

------------------------------------------------------------------------------------------------------------------------

[2023-05-04 09:49:24 #1 store] 
Database 'C:\Users\jonetxe13\Desktop\universidad\IS\Bets21-master\src\main\resources\bets.temp' is opened by 8636@DESKTOP-490MKBR

[2023-05-04 09:49:24 #2 type.registry] 
New type domain.Question

[2023-05-04 09:49:24 #3 type] 
Type domain.Question is not enhanced.

[2023-05-04 09:49:24 #4 type.registry] 
New type domain.Event

[2023-05-04 09:49:24 #5 type] 
Type domain.Event is not enhanced.

[2023-05-04 09:49:24 #6 type.registry] 
New type java.util.Vector<domain.Question>

[2023-05-04 09:49:24 #7 type.registry] 
New type java.util.Vector<java.lang.Object>

------------------------------------------------------------------------------------------------------------------------

[2023-05-04 09:50:01 #1 store] 
Database 'C:\Users\jonetxe13\Desktop\universidad\IS\Bets21-master\src\main\resources\bets.temp' is opened by 10908@DESKTOP-490MKBR

[2023-05-04 09:50:01 #2 type.registry] 
New type domain.Question

[2023-05-04 09:50:01 #3 type] 
Type domain.Question is not enhanced.

[2023-05-04 09:50:01 #4 type.registry] 
New type domain.Event

[2023-05-04 09:50:01 #5 type] 
Type domain.Event is not enhanced.

[2023-05-04 09:50:01 #6 type.registry] 
New type java.util.Vector<domain.Question>

[2023-05-04 09:50:01 #7 type.registry] 
New type java.util.Vector<java.lang.Object>

------------------------------------------------------------------------------------------------------------------------

[2023-05-04 09:50:19 #1 store] 
Database 'C:\Users\jonetxe13\Desktop\universidad\IS\Bets21-master\src\main\resources\bets.temp' is opened by 4972@DESKTOP-490MKBR

[2023-05-04 09:50:20 #2 type.registry] 
New type domain.Question

[2023-05-04 09:50:20 #3 type] 
Type domain.Question is not enhanced.

[2023-05-04 09:50:20 #4 type.registry] 
New type domain.Event

[2023-05-04 09:50:20 #5 type] 
Type domain.Event is not enhanced.

[2023-05-04 09:50:20 #6 type.registry] 
New type java.util.Vector<domain.Question>

[2023-05-04 09:50:20 #7 type.registry] 
New type java.util.Vector<java.lang.Object>

------------------------------------------------------------------------------------------------------------------------

[2023-05-04 10:21:49 #1 store] 
Database 'C:\Users\jonetxe13\Desktop\universidad\IS\Bets21-master\src\main\resources\bets.temp' is opened by 2536@DESKTOP-490MKBR

[2023-05-04 10:21:49 #2 type.registry] 
New type domain.Question

[2023-05-04 10:21:49 #3 type] 
Type domain.Question is not enhanced.

[2023-05-04 10:21:49 #4 type.registry] 
New type domain.Event

[2023-05-04 10:21:49 #5 type] 
Type domain.Event is not enhanced.

[2023-05-04 10:21:49 #6 type.registry] 
New type java.util.Vector<domain.Question>

[2023-05-04 10:21:49 #7 type.registry] 
New type domain.Usuario

------------------------------------------------------------------------------------------------------------------------

[2023-05-04 10:22:28 #1 store] 
Database 'C:\Users\jonetxe13\Desktop\universidad\IS\Bets21-master\src\main\resources\bets.temp' is opened by 9220@DESKTOP-490MKBR

[2023-05-04 10:22:28 #2 type.registry] 
New type domain.Question

[2023-05-04 10:22:28 #3 type] 
Type domain.Question is not enhanced.

[2023-05-04 10:22:28 #4 type.registry] 
New type domain.Event

[2023-05-04 10:22:28 #5 type] 
Type domain.Event is not enhanced.

[2023-05-04 10:22:28 #6 type.registry] 
New type java.util.Vector<domain.Question>

[2023-05-04 10:22:28 #7 type.registry] 
New type domain.Usuario

[2023-05-04 10:22:28 #8 type] 
Type domain.Usuario is not enhanced.

[2023-05-04 10:22:28 #9 type.registry] 
New type java.util.Vector<java.lang.Object>

------------------------------------------------------------------------------------------------------------------------

[2023-05-04 10:23:35 #1 store] 
Database 'C:\Users\jonetxe13\Desktop\universidad\IS\Bets21-master\src\main\resources\bets.temp' is opened by 9148@DESKTOP-490MKBR

[2023-05-04 10:23:35 #2 type.registry] 
New type domain.Question

[2023-05-04 10:23:35 #3 type] 
Type domain.Question is not enhanced.

[2023-05-04 10:23:35 #4 type.registry] 
New type domain.Event

[2023-05-04 10:23:35 #5 type] 
Type domain.Event is not enhanced.

[2023-05-04 10:23:35 #6 type.registry] 
New type java.util.Vector<domain.Question>

[2023-05-04 10:23:35 #7 type.registry] 
New type domain.Usuario

[2023-05-04 10:23:35 #8 type] 
Type domain.Usuario is not enhanced.

[2023-05-04 10:23:35 #9 type.registry] 
New type java.util.Vector<java.lang.Object>

------------------------------------------------------------------------------------------------------------------------

[2023-05-04 10:25:51 #1 store] 
Database 'C:\Users\jonetxe13\Desktop\universidad\IS\Bets21-master\src\main\resources\bets.temp' is opened by 9488@DESKTOP-490MKBR

[2023-05-04 10:25:51 #2 type.registry] 
New type domain.Question

[2023-05-04 10:25:51 #3 type] 
Type domain.Question is not enhanced.

[2023-05-04 10:25:51 #4 type.registry] 
New type domain.Event

[2023-05-04 10:25:51 #5 type] 
Type domain.Event is not enhanced.

[2023-05-04 10:25:51 #6 type.registry] 
New type java.util.Vector<domain.Question>

[2023-05-04 10:25:51 #7 type.registry] 
New type domain.Usuario

[2023-05-04 10:25:51 #8 type] 
Type domain.Usuario is not enhanced.

[2023-05-04 10:25:51 #9 type.registry] 
New type java.util.Vector<java.lang.Object>

------------------------------------------------------------------------------------------------------------------------

[2023-05-04 10:26:36 #1 store] 
Database 'C:\Users\jonetxe13\Desktop\universidad\IS\Bets21-master\src\main\resources\bets.temp' is opened by 3716@DESKTOP-490MKBR

[2023-05-04 10:26:36 #2 type.registry] 
New type domain.Question

[2023-05-04 10:26:36 #3 type] 
Type domain.Question is not enhanced.

[2023-05-04 10:26:36 #4 type.registry] 
New type domain.Event

[2023-05-04 10:26:36 #5 type] 
Type domain.Event is not enhanced.

[2023-05-04 10:26:36 #6 type.registry] 
New type java.util.Vector<domain.Question>

[2023-05-04 10:26:36 #7 type.registry] 
New type domain.Usuario

[2023-05-04 10:26:36 #8 type] 
Type domain.Usuario is not enhanced.

[2023-05-04 10:26:36 #9 type.registry] 
New type java.util.Vector<java.lang.Object>

------------------------------------------------------------------------------------------------------------------------

[2023-05-04 10:29:01 #1 store] 
Database 'C:\Users\jonetxe13\Desktop\universidad\IS\Bets21-master\src\main\resources\bets.temp' is opened by 8860@DESKTOP-490MKBR

[2023-05-04 10:29:01 #2 type.registry] 
New type domain.Question

[2023-05-04 10:29:01 #3 type] 
Type domain.Question is not enhanced.

[2023-05-04 10:29:01 #4 type.registry] 
New type domain.Event

[2023-05-04 10:29:01 #5 type] 
Type domain.Event is not enhanced.

[2023-05-04 10:29:01 #6 type.registry] 
New type java.util.Vector<domain.Question>

[2023-05-04 10:29:01 #7 type.registry] 
New type domain.Usuario

[2023-05-04 10:29:01 #8 type] 
Type domain.Usuario is not enhanced.

[2023-05-04 10:29:01 #9 type.registry] 
New type java.util.Vector<java.lang.Object>

------------------------------------------------------------------------------------------------------------------------

[2023-05-04 10:58:23 #1 store] 
Database 'C:\Users\jonetxe13\Desktop\universidad\IS\Bets21-master\src\main\resources\bets.temp' is opened by 9792@DESKTOP-490MKBR

[2023-05-04 10:58:23 #2 type.registry] 
New type domain.Question

[2023-05-04 10:58:23 #3 type] 
Type domain.Question is not enhanced.

[2023-05-04 10:58:23 #4 type.registry] 
New type domain.Event

[2023-05-04 10:58:23 #5 type] 
Type domain.Event is not enhanced.

[2023-05-04 10:58:23 #6 type.registry] 
New type java.util.Vector<domain.Question>

[2023-05-04 10:58:23 #7 type.registry] 
New type domain.Usuario

[2023-05-04 10:58:23 #8 type] 
Type domain.Usuario is not enhanced.

[2023-05-04 10:58:23 #9 type.registry] 
New type java.util.Vector<java.lang.Object>

------------------------------------------------------------------------------------------------------------------------

[2023-05-04 11:02:15 #1 store] 
Database 'C:\Users\jonetxe13\Desktop\universidad\IS\Bets21-master\src\main\resources\bets.temp' is opened by 3768@DESKTOP-490MKBR

[2023-05-04 11:02:15 #2 type.registry] 
New type domain.Question

[2023-05-04 11:02:15 #3 type] 
Type domain.Question is not enhanced.

[2023-05-04 11:02:15 #4 type.registry] 
New type domain.Event

[2023-05-04 11:02:15 #5 type] 
Type domain.Event is not enhanced.

[2023-05-04 11:02:15 #6 type.registry] 
New type java.util.Vector<domain.Question>

[2023-05-04 11:02:15 #7 type.registry] 
New type domain.Usuario

[2023-05-04 11:02:15 #8 type] 
Type domain.Usuario is not enhanced.

[2023-05-04 11:02:15 #9 type.registry] 
New type java.util.Vector<java.lang.Object>

------------------------------------------------------------------------------------------------------------------------

[2023-05-04 11:04:06 #1 store] 
Database 'C:\Users\jonetxe13\Desktop\universidad\IS\Bets21-master\src\main\resources\bets.temp' is opened by 10572@DESKTOP-490MKBR

[2023-05-04 11:04:06 #2 type.registry] 
New type domain.Question

[2023-05-04 11:04:06 #3 type] 
Type domain.Question is not enhanced.

[2023-05-04 11:04:06 #4 type.registry] 
New type domain.Event

[2023-05-04 11:04:06 #5 type] 
Type domain.Event is not enhanced.

[2023-05-04 11:04:06 #6 type.registry] 
New type java.util.Vector<domain.Question>

[2023-05-04 11:04:06 #7 type.registry] 
New type domain.Usuario

[2023-05-04 11:04:06 #8 type] 
Type domain.Usuario is not enhanced.

[2023-05-04 11:04:06 #9 type.registry] 
New type java.util.Vector<java.lang.Object>

------------------------------------------------------------------------------------------------------------------------

[2023-05-04 11:05:43 #1 store] 
Database 'C:\Users\jonetxe13\Desktop\universidad\IS\Bets21-master\src\main\resources\bets.temp' is opened by 8044@DESKTOP-490MKBR

[2023-05-04 11:05:43 #2 type.registry] 
New type domain.Question

[2023-05-04 11:05:43 #3 type] 
Type domain.Question is not enhanced.

[2023-05-04 11:05:43 #4 type.registry] 
New type domain.Event

[2023-05-04 11:05:43 #5 type] 
Type domain.Event is not enhanced.

[2023-05-04 11:05:43 #6 type.registry] 
New type java.util.Vector<domain.Question>

[2023-05-04 11:05:43 #7 type.registry] 
New type domain.Usuario

[2023-05-04 11:05:43 #8 type] 
Type domain.Usuario is not enhanced.

[2023-05-04 11:05:43 #9 type.registry] 
New type java.util.Vector<java.lang.Object>

------------------------------------------------------------------------------------------------------------------------

[2023-05-04 11:07:33 #1 store] 
Database 'C:\Users\jonetxe13\Desktop\universidad\IS\Bets21-master\src\main\resources\bets.temp' is opened by 8224@DESKTOP-490MKBR

[2023-05-04 11:07:33 #2 type.registry] 
New type domain.Question

[2023-05-04 11:07:33 #3 type] 
Type domain.Question is not enhanced.

[2023-05-04 11:07:33 #4 type.registry] 
New type domain.Event

[2023-05-04 11:07:33 #5 type] 
Type domain.Event is not enhanced.

[2023-05-04 11:07:33 #6 type.registry] 
New type java.util.Vector<domain.Question>

[2023-05-04 11:07:33 #7 type.registry] 
New type domain.Usuario

[2023-05-04 11:07:33 #8 type] 
Type domain.Usuario is not enhanced.

[2023-05-04 11:07:33 #9 type.registry] 
New type java.util.Vector<java.lang.Object>

------------------------------------------------------------------------------------------------------------------------

[2023-05-04 11:17:05 #1 store] 
Database 'C:\Users\jonetxe13\Desktop\universidad\IS\Bets21-master\src\main\resources\bets.temp' has been recovered (tr. 1-6)

[2023-05-04 11:17:05 #2 store] 
Database 'C:\Users\jonetxe13\Desktop\universidad\IS\Bets21-master\src\main\resources\bets.temp' is opened by 2064@DESKTOP-490MKBR

[2023-05-04 11:17:05 #3 type] 
Type domain.Question is not enhanced.

[2023-05-04 11:17:05 #4 type] 
Type domain.Event is not enhanced.

[2023-05-04 11:17:05 #5 type] 
Type domain.Usuario is not enhanced.

------------------------------------------------------------------------------------------------------------------------

[2023-05-04 11:17:35 #1 store] 
Database 'C:\Users\jonetxe13\Desktop\universidad\IS\Bets21-master\src\main\resources\bets.temp' is opened by 6596@DESKTOP-490MKBR

[2023-05-04 11:17:36 #2 type.registry] 
New type domain.Question

[2023-05-04 11:17:36 #3 type] 
Type domain.Question is not enhanced.

[2023-05-04 11:17:36 #4 type.registry] 
New type domain.Event

[2023-05-04 11:17:36 #5 type] 
Type domain.Event is not enhanced.

[2023-05-04 11:17:36 #6 type.registry] 
New type java.util.Vector<domain.Question>

[2023-05-04 11:17:36 #7 type.registry] 
New type domain.Usuario

[2023-05-04 11:17:36 #8 type] 
Type domain.Usuario is not enhanced.

[2023-05-04 11:17:36 #9 type.registry] 
New type java.util.Vector<java.lang.Object>

------------------------------------------------------------------------------------------------------------------------

[2023-05-04 11:18:38 #1 store] 
Database 'C:\Users\jonetxe13\Desktop\universidad\IS\Bets21-master\src\main\resources\bets.temp' is opened by 10820@DESKTOP-490MKBR

[2023-05-04 11:18:38 #2 type.registry] 
New type domain.Question

[2023-05-04 11:18:38 #3 type] 
Type domain.Question is not enhanced.

[2023-05-04 11:18:38 #4 type.registry] 
New type domain.Event

[2023-05-04 11:18:38 #5 type] 
Type domain.Event is not enhanced.

[2023-05-04 11:18:38 #6 type.registry] 
New type java.util.Vector<domain.Question>

[2023-05-04 11:18:38 #7 type.registry] 
New type domain.Usuario

[2023-05-04 11:18:38 #8 type] 
Type domain.Usuario is not enhanced.

[2023-05-04 11:18:38 #9 type.registry] 
New type java.util.Vector<java.lang.Object>

------------------------------------------------------------------------------------------------------------------------

[2023-05-04 11:19:21 #1 store] 
Database 'C:\Users\jonetxe13\Desktop\universidad\IS\Bets21-master\src\main\resources\bets.temp' is opened by 11256@DESKTOP-490MKBR

[2023-05-04 11:19:21 #2 type.registry] 
New type domain.Question

[2023-05-04 11:19:21 #3 type] 
Type domain.Question is not enhanced.

[2023-05-04 11:19:21 #4 type.registry] 
New type domain.Event

[2023-05-04 11:19:21 #5 type] 
Type domain.Event is not enhanced.

[2023-05-04 11:19:21 #6 type.registry] 
New type java.util.Vector<domain.Question>

[2023-05-04 11:19:21 #7 type.registry] 
New type domain.Usuario

[2023-05-04 11:19:21 #8 type] 
Type domain.Usuario is not enhanced.

[2023-05-04 11:19:21 #9 type.registry] 
New type java.util.Vector<java.lang.Object>

------------------------------------------------------------------------------------------------------------------------

[2023-05-04 11:28:54 #1 store] 
Database 'C:\Users\jonetxe13\Desktop\universidad\IS\Bets21-master\src\main\resources\bets.temp' is opened by 5692@DESKTOP-490MKBR

[2023-05-04 11:28:54 #2 type.registry] 
New type domain.Question

[2023-05-04 11:28:54 #3 type] 
Type domain.Question is not enhanced.

[2023-05-04 11:28:54 #4 type.registry] 
New type domain.Event

[2023-05-04 11:28:54 #5 type] 
Type domain.Event is not enhanced.

[2023-05-04 11:28:54 #6 type.registry] 
New type java.util.Vector<domain.Question>

[2023-05-04 11:28:54 #7 type.registry] 
New type domain.Usuario

[2023-05-04 11:28:54 #8 type] 
Type domain.Usuario is not enhanced.

[2023-05-04 11:28:54 #9 type.registry] 
New type java.util.Vector<java.lang.Object>

------------------------------------------------------------------------------------------------------------------------

[2023-05-04 11:33:33 #1 store] 
Database 'C:\Users\jonetxe13\Desktop\universidad\IS\Bets21-master\src\main\resources\bets.temp' is opened by 6260@DESKTOP-490MKBR

[2023-05-04 11:33:33 #2 type.registry] 
New type domain.Question

[2023-05-04 11:33:33 #3 type] 
Type domain.Question is not enhanced.

[2023-05-04 11:33:33 #4 type.registry] 
New type domain.Event

[2023-05-04 11:33:33 #5 type] 
Type domain.Event is not enhanced.

[2023-05-04 11:33:33 #6 type.registry] 
New type java.util.Vector<domain.Question>

[2023-05-04 11:33:33 #7 type.registry] 
New type domain.Usuario

[2023-05-04 11:33:33 #8 type] 
Type domain.Usuario is not enhanced.

[2023-05-04 11:33:33 #9 type.registry] 
New type java.util.Vector<java.lang.Object>

------------------------------------------------------------------------------------------------------------------------

[2023-05-04 11:35:13 #1 store] 
Database 'C:\Users\jonetxe13\Desktop\universidad\IS\Bets21-master\src\main\resources\bets.temp' is opened by 11832@DESKTOP-490MKBR

[2023-05-04 11:35:13 #2 type.registry] 
New type domain.Question

[2023-05-04 11:35:13 #3 type] 
Type domain.Question is not enhanced.

[2023-05-04 11:35:13 #4 type.registry] 
New type domain.Event

[2023-05-04 11:35:13 #5 type] 
Type domain.Event is not enhanced.

[2023-05-04 11:35:13 #6 type.registry] 
New type java.util.Vector<domain.Question>

[2023-05-04 11:35:13 #7 type.registry] 
New type domain.Usuario

[2023-05-04 11:35:13 #8 type] 
Type domain.Usuario is not enhanced.

[2023-05-04 11:35:13 #9 type.registry] 
New type java.util.Vector<java.lang.Object>

------------------------------------------------------------------------------------------------------------------------

[2023-05-04 11:38:07 #1 store] 
Database 'C:\Users\jonetxe13\Desktop\universidad\IS\Bets21-master\src\main\resources\bets.temp' is opened by 8740@DESKTOP-490MKBR

[2023-05-04 11:38:07 #2 type.registry] 
New type domain.Question

[2023-05-04 11:38:07 #3 type] 
Type domain.Question is not enhanced.

[2023-05-04 11:38:07 #4 type.registry] 
New type domain.Event

[2023-05-04 11:38:07 #5 type] 
Type domain.Event is not enhanced.

[2023-05-04 11:38:07 #6 type.registry] 
New type java.util.Vector<domain.Question>

[2023-05-04 11:38:07 #7 type.registry] 
New type domain.Usuario

[2023-05-04 11:38:07 #8 type] 
Type domain.Usuario is not enhanced.

[2023-05-04 11:38:07 #9 type.registry] 
New type java.util.Vector<java.lang.Object>

------------------------------------------------------------------------------------------------------------------------

[2023-05-04 11:39:35 #1 store] 
Database 'C:\Users\jonetxe13\Desktop\universidad\IS\Bets21-master\src\main\resources\bets.temp' is opened by 3024@DESKTOP-490MKBR

[2023-05-04 11:39:36 #2 type.registry] 
New type domain.Question

[2023-05-04 11:39:36 #3 type] 
Type domain.Question is not enhanced.

[2023-05-04 11:39:36 #4 type.registry] 
New type domain.Event

[2023-05-04 11:39:36 #5 type] 
Type domain.Event is not enhanced.

[2023-05-04 11:39:36 #6 type.registry] 
New type java.util.Vector<domain.Question>

[2023-05-04 11:39:36 #7 type.registry] 
New type domain.Usuario

[2023-05-04 11:39:36 #8 type] 
Type domain.Usuario is not enhanced.

[2023-05-04 11:39:36 #9 type.registry] 
New type java.util.Vector<java.lang.Object>

------------------------------------------------------------------------------------------------------------------------

[2023-05-04 11:40:00 #1 store] 
Database 'C:\Users\jonetxe13\Desktop\universidad\IS\Bets21-master\src\main\resources\bets.temp' is opened by 10296@DESKTOP-490MKBR

[2023-05-04 11:40:00 #2 type.registry] 
New type domain.Question

[2023-05-04 11:40:00 #3 type] 
Type domain.Question is not enhanced.

[2023-05-04 11:40:00 #4 type.registry] 
New type domain.Event

[2023-05-04 11:40:00 #5 type] 
Type domain.Event is not enhanced.

[2023-05-04 11:40:00 #6 type.registry] 
New type java.util.Vector<domain.Question>

[2023-05-04 11:40:00 #7 type.registry] 
New type domain.Usuario

[2023-05-04 11:40:00 #8 type] 
Type domain.Usuario is not enhanced.

[2023-05-04 11:40:00 #9 type.registry] 
New type java.util.Vector<java.lang.Object>

------------------------------------------------------------------------------------------------------------------------

[2023-05-04 11:43:32 #1 store] 
Database 'C:\Users\jonetxe13\Desktop\universidad\IS\Bets21-master\src\main\resources\bets.temp' is opened by 10860@DESKTOP-490MKBR

[2023-05-04 11:43:32 #2 type.registry] 
New type domain.Question

[2023-05-04 11:43:32 #3 type] 
Type domain.Question is not enhanced.

[2023-05-04 11:43:32 #4 type.registry] 
New type domain.Event

[2023-05-04 11:43:32 #5 type] 
Type domain.Event is not enhanced.

[2023-05-04 11:43:32 #6 type.registry] 
New type java.util.Vector<domain.Question>

[2023-05-04 11:43:32 #7 type.registry] 
New type domain.Usuario

[2023-05-04 11:43:32 #8 type] 
Type domain.Usuario is not enhanced.

[2023-05-04 11:43:32 #9 type.registry] 
New type java.util.Vector<java.lang.Object>

------------------------------------------------------------------------------------------------------------------------

[2023-05-04 11:44:11 #1 store] 
Database 'C:\Users\jonetxe13\Desktop\universidad\IS\Bets21-master\src\main\resources\bets.temp' is opened by 2716@DESKTOP-490MKBR

[2023-05-04 11:44:11 #2 type.registry] 
New type domain.Question

[2023-05-04 11:44:11 #3 type] 
Type domain.Question is not enhanced.

[2023-05-04 11:44:11 #4 type.registry] 
New type domain.Event

[2023-05-04 11:44:11 #5 type] 
Type domain.Event is not enhanced.

[2023-05-04 11:44:11 #6 type.registry] 
New type java.util.Vector<domain.Question>

[2023-05-04 11:44:11 #7 type.registry] 
New type domain.Usuario

[2023-05-04 11:44:11 #8 type] 
Type domain.Usuario is not enhanced.

[2023-05-04 11:44:11 #9 type.registry] 
New type java.util.Vector<java.lang.Object>

------------------------------------------------------------------------------------------------------------------------

[2023-05-04 11:48:41 #1 store] 
Database 'C:\Users\jonetxe13\Desktop\universidad\IS\Bets21-master\src\main\resources\bets.temp' is opened by 12632@DESKTOP-490MKBR

[2023-05-04 11:48:41 #2 type.registry] 
New type domain.Question

[2023-05-04 11:48:41 #3 type] 
Type domain.Question is not enhanced.

[2023-05-04 11:48:41 #4 type.registry] 
New type domain.Event

[2023-05-04 11:48:41 #5 type] 
Type domain.Event is not enhanced.

[2023-05-04 11:48:41 #6 type.registry] 
New type java.util.Vector<domain.Question>

[2023-05-04 11:48:41 #7 type.registry] 
New type domain.Usuario

[2023-05-04 11:48:41 #8 type] 
Type domain.Usuario is not enhanced.

[2023-05-04 11:48:41 #9 type.registry] 
New type java.util.Vector<java.lang.Object>

------------------------------------------------------------------------------------------------------------------------

[2023-05-04 11:49:57 #1 store] 
Database 'C:\Users\jonetxe13\Desktop\universidad\IS\Bets21-master\src\main\resources\bets.temp' is opened by 5108@DESKTOP-490MKBR

[2023-05-04 11:49:57 #2 type.registry] 
New type domain.Question

[2023-05-04 11:49:57 #3 type] 
Type domain.Question is not enhanced.

[2023-05-04 11:49:57 #4 type.registry] 
New type domain.Event

[2023-05-04 11:49:57 #5 type] 
Type domain.Event is not enhanced.

[2023-05-04 11:49:57 #6 type.registry] 
New type java.util.Vector<domain.Question>

[2023-05-04 11:49:57 #7 type.registry] 
New type domain.Usuario

[2023-05-04 11:49:57 #8 type] 
Type domain.Usuario is not enhanced.

[2023-05-04 11:49:57 #9 type.registry] 
New type java.util.Vector<java.lang.Object>

------------------------------------------------------------------------------------------------------------------------

[2023-05-04 12:06:42 #1 store] 
Database 'C:\Users\jonetxe13\Desktop\universidad\IS\Bets21-master\src\main\resources\bets.temp' is opened by 12652@DESKTOP-490MKBR

[2023-05-04 12:06:42 #2 type.registry] 
New type domain.Question

[2023-05-04 12:06:42 #3 type] 
Type domain.Question is not enhanced.

[2023-05-04 12:06:42 #4 type.registry] 
New type domain.Event

[2023-05-04 12:06:42 #5 type] 
Type domain.Event is not enhanced.

[2023-05-04 12:06:42 #6 type.registry] 
New type java.util.Vector<domain.Question>

[2023-05-04 12:06:42 #7 type.registry] 
New type domain.Usuario

[2023-05-04 12:06:42 #8 type] 
Type domain.Usuario is not enhanced.

[2023-05-04 12:06:42 #9 type.registry] 
New type java.util.Vector<java.lang.Object>

------------------------------------------------------------------------------------------------------------------------

[2023-05-04 12:07:26 #1 store] 
Database 'C:\Users\jonetxe13\Desktop\universidad\IS\Bets21-master\src\main\resources\bets.temp' is opened by 11364@DESKTOP-490MKBR

[2023-05-04 12:07:26 #2 type.registry] 
New type domain.Question

[2023-05-04 12:07:26 #3 type] 
Type domain.Question is not enhanced.

[2023-05-04 12:07:27 #4 type.registry] 
New type domain.Event

[2023-05-04 12:07:27 #5 type] 
Type domain.Event is not enhanced.

[2023-05-04 12:07:27 #6 type.registry] 
New type java.util.Vector<domain.Question>

[2023-05-04 12:07:27 #7 type.registry] 
New type domain.Usuario

[2023-05-04 12:07:27 #8 type] 
Type domain.Usuario is not enhanced.

[2023-05-04 12:07:27 #9 type.registry] 
New type java.util.Vector<java.lang.Object>

------------------------------------------------------------------------------------------------------------------------

[2023-05-04 14:33:10 #1 store] 
Database 'C:\Users\jonetxe13\Desktop\universidad\IS\Bets21-master\src\main\resources\bets.temp' is opened by 15732@DESKTOP-490MKBR

[2023-05-04 14:33:10 #2 type.registry] 
New type domain.Question

[2023-05-04 14:33:10 #3 type] 
Type domain.Question is not enhanced.

[2023-05-04 14:33:10 #4 type.registry] 
New type domain.Event

[2023-05-04 14:33:10 #5 type] 
Type domain.Event is not enhanced.

[2023-05-04 14:33:10 #6 type.registry] 
New type java.util.Vector<domain.Question>

[2023-05-04 14:33:10 #7 type.registry] 
New type domain.Usuario

[2023-05-04 14:33:10 #8 type] 
Type domain.Usuario is not enhanced.

[2023-05-04 14:33:10 #9 type.registry] 
New type java.util.Vector<java.lang.Object>

------------------------------------------------------------------------------------------------------------------------

[2023-05-04 14:34:16 #1 store] 
Database 'C:\Users\jonetxe13\Desktop\universidad\IS\Bets21-master\src\main\resources\bets.temp' is opened by 5056@DESKTOP-490MKBR

[2023-05-04 14:34:16 #2 type.registry] 
New type domain.Question

[2023-05-04 14:34:16 #3 type] 
Type domain.Question is not enhanced.

[2023-05-04 14:34:16 #4 type.registry] 
New type domain.Event

[2023-05-04 14:34:16 #5 type] 
Type domain.Event is not enhanced.

[2023-05-04 14:34:16 #6 type.registry] 
New type java.util.Vector<domain.Question>

[2023-05-04 14:34:16 #7 type.registry] 
New type domain.Usuario

[2023-05-04 14:34:16 #8 type] 
Type domain.Usuario is not enhanced.

[2023-05-04 14:34:16 #9 type.registry] 
New type java.util.Vector<java.lang.Object>

------------------------------------------------------------------------------------------------------------------------

[2023-05-04 14:35:23 #1 store] 
Database 'C:\Users\jonetxe13\Desktop\universidad\IS\Bets21-master\src\main\resources\bets.temp' is opened by 8340@DESKTOP-490MKBR

[2023-05-04 14:35:24 #2 type.registry] 
New type domain.Question

[2023-05-04 14:35:24 #3 type] 
Type domain.Question is not enhanced.

[2023-05-04 14:35:24 #4 type.registry] 
New type domain.Event

[2023-05-04 14:35:24 #5 type] 
Type domain.Event is not enhanced.

[2023-05-04 14:35:24 #6 type.registry] 
New type java.util.Vector<domain.Question>

[2023-05-04 14:35:24 #7 type.registry] 
New type domain.Usuario

[2023-05-04 14:35:24 #8 type] 
Type domain.Usuario is not enhanced.

[2023-05-04 14:35:24 #9 type.registry] 
New type java.util.Vector<java.lang.Object>

------------------------------------------------------------------------------------------------------------------------

[2023-05-04 14:39:26 #1 store] 
Database 'C:\Users\jonetxe13\Desktop\universidad\IS\Bets21-master\src\main\resources\bets.temp' is opened by 15612@DESKTOP-490MKBR

[2023-05-04 14:39:26 #2 type.registry] 
New type domain.Question

[2023-05-04 14:39:26 #3 type] 
Type domain.Question is not enhanced.

[2023-05-04 14:39:26 #4 type.registry] 
New type domain.Event

[2023-05-04 14:39:26 #5 type] 
Type domain.Event is not enhanced.

[2023-05-04 14:39:26 #6 type.registry] 
New type java.util.Vector<domain.Question>

[2023-05-04 14:39:26 #7 type.registry] 
New type domain.Usuario

[2023-05-04 14:39:26 #8 type] 
Type domain.Usuario is not enhanced.

[2023-05-04 14:39:26 #9 type.registry] 
New type java.util.Vector<java.lang.Object>

------------------------------------------------------------------------------------------------------------------------

[2023-05-04 14:39:47 #1 store] 
Database 'C:\Users\jonetxe13\Desktop\universidad\IS\Bets21-master\src\main\resources\bets.temp' is opened by 9520@DESKTOP-490MKBR

[2023-05-04 14:39:47 #2 type.registry] 
New type domain.Question

[2023-05-04 14:39:47 #3 type] 
Type domain.Question is not enhanced.

[2023-05-04 14:39:47 #4 type.registry] 
New type domain.Event

[2023-05-04 14:39:47 #5 type] 
Type domain.Event is not enhanced.

[2023-05-04 14:39:47 #6 type.registry] 
New type java.util.Vector<domain.Question>

[2023-05-04 14:39:47 #7 type.registry] 
New type domain.Usuario

[2023-05-04 14:39:47 #8 type] 
Type domain.Usuario is not enhanced.

[2023-05-04 14:39:47 #9 type.registry] 
New type java.util.Vector<java.lang.Object>

------------------------------------------------------------------------------------------------------------------------

[2023-05-04 14:39:57 #1 store] 
Database 'C:\Users\jonetxe13\Desktop\universidad\IS\Bets21-master\src\main\resources\bets.temp' is opened by 9360@DESKTOP-490MKBR

[2023-05-04 14:39:57 #2 type.registry] 
New type domain.Question

[2023-05-04 14:39:57 #3 type] 
Type domain.Question is not enhanced.

[2023-05-04 14:39:57 #4 type.registry] 
New type domain.Event

[2023-05-04 14:39:57 #5 type] 
Type domain.Event is not enhanced.

[2023-05-04 14:39:57 #6 type.registry] 
New type java.util.Vector<domain.Question>

[2023-05-04 14:39:57 #7 type.registry] 
New type domain.Usuario

[2023-05-04 14:39:57 #8 type] 
Type domain.Usuario is not enhanced.

[2023-05-04 14:39:57 #9 type.registry] 
New type java.util.Vector<java.lang.Object>

------------------------------------------------------------------------------------------------------------------------

[2023-05-04 14:40:12 #1 store] 
Database 'C:\Users\jonetxe13\Desktop\universidad\IS\Bets21-master\src\main\resources\bets.temp' is opened by 2932@DESKTOP-490MKBR

[2023-05-04 14:40:12 #2 type.registry] 
New type domain.Question

[2023-05-04 14:40:12 #3 type] 
Type domain.Question is not enhanced.

[2023-05-04 14:40:12 #4 type.registry] 
New type domain.Event

[2023-05-04 14:40:12 #5 type] 
Type domain.Event is not enhanced.

[2023-05-04 14:40:12 #6 type.registry] 
New type java.util.Vector<domain.Question>

[2023-05-04 14:40:12 #7 type.registry] 
New type domain.Usuario

[2023-05-04 14:40:12 #8 type] 
Type domain.Usuario is not enhanced.

[2023-05-04 14:40:12 #9 type.registry] 
New type java.util.Vector<java.lang.Object>

------------------------------------------------------------------------------------------------------------------------

[2023-05-04 14:40:44 #1 store] 
Database 'C:\Users\jonetxe13\Desktop\universidad\IS\Bets21-master\src\main\resources\bets.temp' is opened by 14720@DESKTOP-490MKBR

[2023-05-04 14:40:44 #2 type.registry] 
New type domain.Question

[2023-05-04 14:40:44 #3 type] 
Type domain.Question is not enhanced.

[2023-05-04 14:40:44 #4 type.registry] 
New type domain.Event

[2023-05-04 14:40:44 #5 type] 
Type domain.Event is not enhanced.

[2023-05-04 14:40:44 #6 type.registry] 
New type java.util.Vector<domain.Question>

[2023-05-04 14:40:44 #7 type.registry] 
New type domain.Usuario

[2023-05-04 14:40:44 #8 type] 
Type domain.Usuario is not enhanced.

[2023-05-04 14:40:45 #9 type.registry] 
New type java.util.Vector<java.lang.Object>

------------------------------------------------------------------------------------------------------------------------

[2023-05-04 14:41:05 #1 store] 
Database 'C:\Users\jonetxe13\Desktop\universidad\IS\Bets21-master\src\main\resources\bets.temp' is opened by 9792@DESKTOP-490MKBR

[2023-05-04 14:41:05 #2 type.registry] 
New type domain.Question

[2023-05-04 14:41:05 #3 type] 
Type domain.Question is not enhanced.

[2023-05-04 14:41:05 #4 type.registry] 
New type domain.Event

[2023-05-04 14:41:05 #5 type] 
Type domain.Event is not enhanced.

[2023-05-04 14:41:06 #6 type.registry] 
New type java.util.Vector<domain.Question>

[2023-05-04 14:41:06 #7 type.registry] 
New type domain.Usuario

[2023-05-04 14:41:06 #8 type] 
Type domain.Usuario is not enhanced.

[2023-05-04 14:41:06 #9 type.registry] 
New type java.util.Vector<java.lang.Object>

------------------------------------------------------------------------------------------------------------------------

[2023-05-04 14:41:39 #1 store] 
Database 'C:\Users\jonetxe13\Desktop\universidad\IS\Bets21-master\src\main\resources\bets.temp' is opened by 8472@DESKTOP-490MKBR

[2023-05-04 14:41:39 #2 type.registry] 
New type domain.Question

[2023-05-04 14:41:39 #3 type] 
Type domain.Question is not enhanced.

[2023-05-04 14:41:39 #4 type.registry] 
New type domain.Event

[2023-05-04 14:41:39 #5 type] 
Type domain.Event is not enhanced.

[2023-05-04 14:41:39 #6 type.registry] 
New type java.util.Vector<domain.Question>

[2023-05-04 14:41:39 #7 type.registry] 
New type domain.Usuario

[2023-05-04 14:41:39 #8 type] 
Type domain.Usuario is not enhanced.

[2023-05-04 14:41:39 #9 type.registry] 
New type java.util.Vector<java.lang.Object>

------------------------------------------------------------------------------------------------------------------------

[2023-05-04 14:42:28 #1 store] 
Database 'C:\Users\jonetxe13\Desktop\universidad\IS\Bets21-master\src\main\resources\bets.temp' is opened by 4376@DESKTOP-490MKBR

[2023-05-04 14:42:28 #2 type.registry] 
New type domain.Question

[2023-05-04 14:42:28 #3 type] 
Type domain.Question is not enhanced.

[2023-05-04 14:42:28 #4 type.registry] 
New type domain.Event

[2023-05-04 14:42:28 #5 type] 
Type domain.Event is not enhanced.

[2023-05-04 14:42:28 #6 type.registry] 
New type java.util.Vector<domain.Question>

[2023-05-04 14:42:28 #7 type.registry] 
New type domain.Usuario

[2023-05-04 14:42:28 #8 type] 
Type domain.Usuario is not enhanced.

[2023-05-04 14:42:28 #9 type.registry] 
New type java.util.Vector<java.lang.Object>

------------------------------------------------------------------------------------------------------------------------

[2023-05-04 14:43:20 #1 store] 
Database 'C:\Users\jonetxe13\Desktop\universidad\IS\Bets21-master\src\main\resources\bets.temp' is opened by 4264@DESKTOP-490MKBR

[2023-05-04 14:43:21 #2 type.registry] 
New type domain.Question

[2023-05-04 14:43:21 #3 type] 
Type domain.Question is not enhanced.

[2023-05-04 14:43:21 #4 type.registry] 
New type domain.Event

[2023-05-04 14:43:21 #5 type] 
Type domain.Event is not enhanced.

[2023-05-04 14:43:21 #6 type.registry] 
New type java.util.Vector<domain.Question>

[2023-05-04 14:43:21 #7 type.registry] 
New type domain.Usuario

[2023-05-04 14:43:21 #8 type] 
Type domain.Usuario is not enhanced.

[2023-05-04 14:43:21 #9 type.registry] 
New type java.util.Vector<java.lang.Object>

------------------------------------------------------------------------------------------------------------------------

[2023-05-04 14:43:33 #1 store] 
Database 'C:\Users\jonetxe13\Desktop\universidad\IS\Bets21-master\src\main\resources\bets.temp' is opened by 16348@DESKTOP-490MKBR

[2023-05-04 14:43:33 #2 type.registry] 
New type domain.Question

[2023-05-04 14:43:33 #3 type] 
Type domain.Question is not enhanced.

[2023-05-04 14:43:33 #4 type.registry] 
New type domain.Event

[2023-05-04 14:43:33 #5 type] 
Type domain.Event is not enhanced.

[2023-05-04 14:43:33 #6 type.registry] 
New type java.util.Vector<domain.Question>

[2023-05-04 14:43:33 #7 type.registry] 
New type domain.Usuario

[2023-05-04 14:43:33 #8 type] 
Type domain.Usuario is not enhanced.

[2023-05-04 14:43:33 #9 type.registry] 
New type java.util.Vector<java.lang.Object>

------------------------------------------------------------------------------------------------------------------------

[2023-05-04 14:44:23 #1 store] 
Database 'C:\Users\jonetxe13\Desktop\universidad\IS\Bets21-master\src\main\resources\bets.temp' is opened by 8232@DESKTOP-490MKBR

[2023-05-04 14:44:23 #2 type.registry] 
New type domain.Question

[2023-05-04 14:44:23 #3 type] 
Type domain.Question is not enhanced.

[2023-05-04 14:44:23 #4 type.registry] 
New type domain.Event

[2023-05-04 14:44:23 #5 type] 
Type domain.Event is not enhanced.

[2023-05-04 14:44:23 #6 type.registry] 
New type java.util.Vector<domain.Question>

[2023-05-04 14:44:23 #7 type.registry] 
New type domain.Usuario

[2023-05-04 14:44:23 #8 type] 
Type domain.Usuario is not enhanced.

[2023-05-04 14:44:23 #9 type.registry] 
New type java.util.Vector<java.lang.Object>

------------------------------------------------------------------------------------------------------------------------

[2023-05-04 14:45:26 #1 store] 
Database 'C:\Users\jonetxe13\Desktop\universidad\IS\Bets21-master\src\main\resources\bets.temp' is opened by 3824@DESKTOP-490MKBR

[2023-05-04 14:45:27 #2 type.registry] 
New type domain.Question

[2023-05-04 14:45:27 #3 type] 
Type domain.Question is not enhanced.

[2023-05-04 14:45:27 #4 type.registry] 
New type domain.Event

[2023-05-04 14:45:27 #5 type] 
Type domain.Event is not enhanced.

[2023-05-04 14:45:27 #6 type.registry] 
New type java.util.Vector<domain.Question>

[2023-05-04 14:45:27 #7 type.registry] 
New type domain.Usuario

[2023-05-04 14:45:27 #8 type] 
Type domain.Usuario is not enhanced.

[2023-05-04 14:45:27 #9 type.registry] 
New type java.util.Vector<java.lang.Object>

------------------------------------------------------------------------------------------------------------------------

[2023-05-04 15:26:47 #1 store] 
Database 'C:\Users\jonetxe13\Desktop\universidad\IS\Bets21-master\src\main\resources\bets.temp' is opened by 5708@DESKTOP-490MKBR

[2023-05-04 15:26:47 #2 type.registry] 
New type domain.Question

[2023-05-04 15:26:47 #3 type] 
Type domain.Question is not enhanced.

[2023-05-04 15:26:47 #4 type.registry] 
New type domain.Event

[2023-05-04 15:26:47 #5 type] 
Type domain.Event is not enhanced.

[2023-05-04 15:26:47 #6 type.registry] 
New type java.util.Vector<domain.Question>

[2023-05-04 15:26:47 #7 type.registry] 
New type domain.Usuario

[2023-05-04 15:26:47 #8 type] 
Type domain.Usuario is not enhanced.

[2023-05-04 15:26:47 #9 type.registry] 
New type java.util.Vector<java.lang.Object>

------------------------------------------------------------------------------------------------------------------------

[2023-05-04 15:28:30 #1 store] 
Database 'C:\Users\jonetxe13\Desktop\universidad\IS\Bets21-master\src\main\resources\bets.temp' is opened by 12616@DESKTOP-490MKBR

[2023-05-04 15:28:30 #2 type.registry] 
New type domain.Question

[2023-05-04 15:28:30 #3 type] 
Type domain.Question is not enhanced.

[2023-05-04 15:28:30 #4 type.registry] 
New type domain.Event

[2023-05-04 15:28:30 #5 type] 
Type domain.Event is not enhanced.

[2023-05-04 15:28:30 #6 type.registry] 
New type java.util.Vector<domain.Question>

[2023-05-04 15:28:30 #7 type.registry] 
New type domain.Usuario

[2023-05-04 15:28:30 #8 type] 
Type domain.Usuario is not enhanced.

[2023-05-04 15:28:30 #9 type.registry] 
New type java.util.Vector<java.lang.Object>

------------------------------------------------------------------------------------------------------------------------

[2023-05-04 15:29:56 #1 store] 
Database 'C:\Users\jonetxe13\Desktop\universidad\IS\Bets21-master\src\main\resources\bets.temp' is opened by 1760@DESKTOP-490MKBR

[2023-05-04 15:29:57 #2 type.registry] 
New type domain.Question

[2023-05-04 15:29:57 #3 type] 
Type domain.Question is not enhanced.

[2023-05-04 15:29:57 #4 type.registry] 
New type domain.Event

[2023-05-04 15:29:57 #5 type] 
Type domain.Event is not enhanced.

[2023-05-04 15:29:57 #6 type.registry] 
New type java.util.Vector<domain.Question>

[2023-05-04 15:29:57 #7 type.registry] 
New type domain.Usuario

[2023-05-04 15:29:57 #8 type] 
Type domain.Usuario is not enhanced.

[2023-05-04 15:29:57 #9 type.registry] 
New type java.util.Vector<java.lang.Object>

------------------------------------------------------------------------------------------------------------------------

[2023-05-04 15:31:44 #1 store] 
Database 'C:\Users\jonetxe13\Desktop\universidad\IS\Bets21-master\src\main\resources\bets.temp' is opened by 5512@DESKTOP-490MKBR

[2023-05-04 15:31:44 #2 type.registry] 
New type domain.Question

[2023-05-04 15:31:44 #3 type] 
Type domain.Question is not enhanced.

[2023-05-04 15:31:44 #4 type.registry] 
New type domain.Event

[2023-05-04 15:31:44 #5 type] 
Type domain.Event is not enhanced.

[2023-05-04 15:31:44 #6 type.registry] 
New type java.util.Vector<domain.Question>

[2023-05-04 15:31:44 #7 type.registry] 
New type domain.Usuario

[2023-05-04 15:31:44 #8 type] 
Type domain.Usuario is not enhanced.

[2023-05-04 15:31:44 #9 type.registry] 
New type java.util.Vector<java.lang.Object>

------------------------------------------------------------------------------------------------------------------------

[2023-05-04 15:33:09 #1 store] 
Database 'C:\Users\jonetxe13\Desktop\universidad\IS\Bets21-master\src\main\resources\bets.temp' is opened by 1872@DESKTOP-490MKBR

[2023-05-04 15:33:09 #2 type.registry] 
New type domain.Question

[2023-05-04 15:33:09 #3 type] 
Type domain.Question is not enhanced.

[2023-05-04 15:33:09 #4 type.registry] 
New type domain.Event

[2023-05-04 15:33:09 #5 type] 
Type domain.Event is not enhanced.

[2023-05-04 15:33:09 #6 type.registry] 
New type java.util.Vector<domain.Question>

[2023-05-04 15:33:09 #7 type.registry] 
New type domain.Usuario

[2023-05-04 15:33:09 #8 type] 
Type domain.Usuario is not enhanced.

[2023-05-04 15:33:09 #9 type.registry] 
New type java.util.Vector<java.lang.Object>

------------------------------------------------------------------------------------------------------------------------

[2023-05-04 15:34:03 #1 store] 
Database 'C:\Users\jonetxe13\Desktop\universidad\IS\Bets21-master\src\main\resources\bets.temp' is opened by 11780@DESKTOP-490MKBR

[2023-05-04 15:34:03 #2 type.registry] 
New type domain.Question

[2023-05-04 15:34:03 #3 type] 
Type domain.Question is not enhanced.

[2023-05-04 15:34:03 #4 type.registry] 
New type domain.Event

[2023-05-04 15:34:03 #5 type] 
Type domain.Event is not enhanced.

[2023-05-04 15:34:03 #6 type.registry] 
New type java.util.Vector<domain.Question>

[2023-05-04 15:34:03 #7 type.registry] 
New type domain.Usuario

[2023-05-04 15:34:03 #8 type] 
Type domain.Usuario is not enhanced.

[2023-05-04 15:34:03 #9 type.registry] 
New type java.util.Vector<java.lang.Object>

------------------------------------------------------------------------------------------------------------------------

[2023-05-04 15:36:14 #1 store] 
Database 'C:\Users\jonetxe13\Desktop\universidad\IS\Bets21-master\src\main\resources\bets.temp' is opened by 4552@DESKTOP-490MKBR

[2023-05-04 15:36:14 #2 type.registry] 
New type domain.Question

[2023-05-04 15:36:14 #3 type] 
Type domain.Question is not enhanced.

[2023-05-04 15:36:14 #4 type.registry] 
New type domain.Event

[2023-05-04 15:36:14 #5 type] 
Type domain.Event is not enhanced.

[2023-05-04 15:36:14 #6 type.registry] 
New type java.util.Vector<domain.Question>

[2023-05-04 15:36:14 #7 type.registry] 
New type domain.Usuario

[2023-05-04 15:36:14 #8 type] 
Type domain.Usuario is not enhanced.

[2023-05-04 15:36:14 #9 type.registry] 
New type java.util.Vector<java.lang.Object>

------------------------------------------------------------------------------------------------------------------------

[2023-05-04 16:03:50 #1 store] 
Database 'C:\Users\jonetxe13\Desktop\universidad\IS\Bets21-master\src\main\resources\bets.temp' is opened by 6944@DESKTOP-490MKBR

[2023-05-04 16:03:51 #2 type.registry] 
New type domain.Usuario

[2023-05-04 16:03:51 #3 type] 
Type domain.Usuario is not enhanced.

[2023-05-04 16:03:51 #4 type.registry] 
New type domain.Sesion

------------------------------------------------------------------------------------------------------------------------

[2023-05-04 16:04:22 #1 store] 
Database 'C:\Users\jonetxe13\Desktop\universidad\IS\Bets21-master\src\main\resources\bets.temp' is opened by 10796@DESKTOP-490MKBR

[2023-05-04 16:04:22 #2 type.registry] 
New type domain.Usuario

[2023-05-04 16:04:22 #3 type] 
Type domain.Usuario is not enhanced.

[2023-05-04 16:04:22 #4 type.registry] 
New type domain.Sesion

[2023-05-04 16:04:22 #5 type] 
Type domain.Sesion is not enhanced.

------------------------------------------------------------------------------------------------------------------------

[2023-05-04 16:05:11 #1 store] 
Database 'C:\Users\jonetxe13\Desktop\universidad\IS\Bets21-master\src\main\resources\bets.temp' is opened by 6012@DESKTOP-490MKBR

[2023-05-04 16:05:12 #2 type.registry] 
New type domain.Usuario

[2023-05-04 16:05:12 #3 type] 
Type domain.Usuario is not enhanced.

[2023-05-04 16:05:12 #4 type.registry] 
New type domain.Sesion

[2023-05-04 16:05:12 #5 type] 
Type domain.Sesion is not enhanced.

[2023-05-04 16:05:12 #6 type.registry] 
New type domain.Sala

[2023-05-04 16:05:12 #7 type] 
Type domain.Sala is not enhanced.

[2023-05-04 16:05:12 #8 type.registry] 
New type java.util.ArrayList<java.lang.Object>

[2023-05-04 16:05:12 #9 type.registry] 
New type java.util.ArrayList<domain.Sesion>

------------------------------------------------------------------------------------------------------------------------

[2023-05-04 16:34:19 #1 store] 
Database 'C:\Users\jonetxe13\Desktop\universidad\IS\Bets21-master\src\main\resources\bets.temp' is opened by 8080@DESKTOP-490MKBR

[2023-05-04 16:34:19 #2 type.registry] 
New type domain.Usuario

[2023-05-04 16:34:19 #3 type] 
Type domain.Usuario is not enhanced.

[2023-05-04 16:34:19 #4 type.registry] 
New type domain.Sesion

[2023-05-04 16:34:19 #5 type] 
Type domain.Sesion is not enhanced.

[2023-05-04 16:34:19 #6 type.registry] 
New type domain.Sala

[2023-05-04 16:34:19 #7 type] 
Type domain.Sala is not enhanced.

[2023-05-04 16:34:19 #8 type.registry] 
New type java.util.ArrayList<java.lang.Object>

[2023-05-04 16:34:19 #9 type.registry] 
New type java.util.ArrayList<domain.Sesion>

------------------------------------------------------------------------------------------------------------------------

[2023-05-04 16:51:09 #1 store] 
Database 'C:\Users\jonetxe13\Desktop\universidad\IS\Bets21-master\src\main\resources\bets.temp' is opened by 5536@DESKTOP-490MKBR

[2023-05-04 16:51:09 #2 type.registry] 
New type domain.Usuario

[2023-05-04 16:51:09 #3 type] 
Type domain.Usuario is not enhanced.

[2023-05-04 16:51:09 #4 type.registry] 
New type domain.Sesion

[2023-05-04 16:51:09 #5 type] 
Type domain.Sesion is not enhanced.

[2023-05-04 16:51:09 #6 type.registry] 
New type domain.Sala

[2023-05-04 16:51:09 #7 type] 
Type domain.Sala is not enhanced.

[2023-05-04 16:51:09 #8 type.registry] 
New type java.util.ArrayList<java.lang.Object>

[2023-05-04 16:51:09 #9 type.registry] 
New type java.util.ArrayList<domain.Sesion>

[2023-05-04 16:51:22 #10 type.registry] 
New type java.time.LocalDate

------------------------------------------------------------------------------------------------------------------------

[2023-05-04 16:53:53 #1 store] 
Database 'C:\Users\jonetxe13\Desktop\universidad\IS\Bets21-master\src\main\resources\bets.temp' is opened by 7624@DESKTOP-490MKBR

[2023-05-04 16:53:53 #2 type.registry] 
New type domain.Usuario

[2023-05-04 16:53:53 #3 type] 
Type domain.Usuario is not enhanced.

[2023-05-04 16:53:53 #4 type.registry] 
New type domain.Sesion

[2023-05-04 16:53:53 #5 type] 
Type domain.Sesion is not enhanced.

[2023-05-04 16:53:53 #6 type.registry] 
New type domain.Sala

[2023-05-04 16:53:53 #7 type] 
Type domain.Sala is not enhanced.

[2023-05-04 16:53:53 #8 type.registry] 
New type java.util.ArrayList<java.lang.Object>

[2023-05-04 16:53:53 #9 type.registry] 
New type java.util.ArrayList<domain.Sesion>

[2023-05-04 16:54:04 #10 type.registry] 
New type java.time.LocalDate

------------------------------------------------------------------------------------------------------------------------

[2023-05-04 16:58:01 #1 store] 
Database 'C:\Users\jonetxe13\Desktop\universidad\IS\Bets21-master\src\main\resources\bets.temp' is opened by 11504@DESKTOP-490MKBR

[2023-05-04 16:58:01 #2 type.registry] 
New type domain.Usuario

[2023-05-04 16:58:01 #3 type] 
Type domain.Usuario is not enhanced.

[2023-05-04 16:58:01 #4 type.registry] 
New type domain.Sesion

[2023-05-04 16:58:01 #5 type] 
Type domain.Sesion is not enhanced.

[2023-05-04 16:58:01 #6 type.registry] 
New type domain.Sala

[2023-05-04 16:58:01 #7 type] 
Type domain.Sala is not enhanced.

[2023-05-04 16:58:01 #8 type.registry] 
New type java.util.ArrayList<java.lang.Object>

[2023-05-04 16:58:01 #9 type.registry] 
New type java.util.ArrayList<domain.Sesion>

------------------------------------------------------------------------------------------------------------------------

[2023-05-04 16:58:47 #1 store] 
Database 'C:\Users\jonetxe13\Desktop\universidad\IS\Bets21-master\src\main\resources\bets.temp' is opened by 8060@DESKTOP-490MKBR

[2023-05-04 16:58:48 #2 type.registry] 
New type domain.Usuario

[2023-05-04 16:58:48 #3 type] 
Type domain.Usuario is not enhanced.

[2023-05-04 16:58:48 #4 type.registry] 
New type domain.Sesion

[2023-05-04 16:58:48 #5 type] 
Type domain.Sesion is not enhanced.

[2023-05-04 16:58:48 #6 type.registry] 
New type domain.Sala

[2023-05-04 16:58:48 #7 type] 
Type domain.Sala is not enhanced.

[2023-05-04 16:58:48 #8 type.registry] 
New type java.util.ArrayList<java.lang.Object>

[2023-05-04 16:58:48 #9 type.registry] 
New type java.util.ArrayList<domain.Sesion>

------------------------------------------------------------------------------------------------------------------------

[2023-05-04 16:59:41 #1 store] 
Database 'C:\Users\jonetxe13\Desktop\universidad\IS\Bets21-master\src\main\resources\bets.temp' is opened by 4832@DESKTOP-490MKBR

[2023-05-04 16:59:41 #2 type.registry] 
New type domain.Usuario

[2023-05-04 16:59:41 #3 type] 
Type domain.Usuario is not enhanced.

[2023-05-04 16:59:41 #4 type.registry] 
New type domain.Sesion

[2023-05-04 16:59:41 #5 type] 
Type domain.Sesion is not enhanced.

[2023-05-04 16:59:41 #6 type.registry] 
New type domain.Sala

[2023-05-04 16:59:41 #7 type] 
Type domain.Sala is not enhanced.

[2023-05-04 16:59:41 #8 type.registry] 
New type java.util.ArrayList<java.lang.Object>

[2023-05-04 16:59:41 #9 type.registry] 
New type java.util.ArrayList<domain.Sesion>

------------------------------------------------------------------------------------------------------------------------

[2023-05-04 17:00:34 #1 store] 
Database 'C:\Users\jonetxe13\Desktop\universidad\IS\Bets21-master\src\main\resources\bets.temp' is opened by 2860@DESKTOP-490MKBR

[2023-05-04 17:00:34 #2 type.registry] 
New type domain.Usuario

[2023-05-04 17:00:34 #3 type] 
Type domain.Usuario is not enhanced.

[2023-05-04 17:00:34 #4 type.registry] 
New type domain.Sesion

[2023-05-04 17:00:34 #5 type] 
Type domain.Sesion is not enhanced.

[2023-05-04 17:00:34 #6 type.registry] 
New type domain.Sala

[2023-05-04 17:00:34 #7 type] 
Type domain.Sala is not enhanced.

[2023-05-04 17:00:34 #8 type.registry] 
New type java.util.ArrayList<java.lang.Object>

[2023-05-04 17:00:34 #9 type.registry] 
New type java.util.ArrayList<domain.Sesion>

------------------------------------------------------------------------------------------------------------------------

[2023-05-04 17:01:49 #1 store] 
Database 'C:\Users\jonetxe13\Desktop\universidad\IS\Bets21-master\src\main\resources\bets.temp' is opened by 3068@DESKTOP-490MKBR

[2023-05-04 17:01:49 #2 type.registry] 
New type domain.Usuario

[2023-05-04 17:01:49 #3 type] 
Type domain.Usuario is not enhanced.

[2023-05-04 17:01:49 #4 type.registry] 
New type domain.Sesion

[2023-05-04 17:01:49 #5 type] 
Type domain.Sesion is not enhanced.

[2023-05-04 17:01:49 #6 type.registry] 
New type domain.Sala

[2023-05-04 17:01:49 #7 type] 
Type domain.Sala is not enhanced.

[2023-05-04 17:01:49 #8 type.registry] 
New type java.util.ArrayList<java.lang.Object>

[2023-05-04 17:01:49 #9 type.registry] 
New type java.util.ArrayList<domain.Sesion>

------------------------------------------------------------------------------------------------------------------------

[2023-05-04 17:02:29 #1 store] 
Database 'C:\Users\jonetxe13\Desktop\universidad\IS\Bets21-master\src\main\resources\bets.temp' is opened by 1940@DESKTOP-490MKBR

[2023-05-04 17:02:29 #2 type.registry] 
New type domain.Usuario

[2023-05-04 17:02:29 #3 type] 
Type domain.Usuario is not enhanced.

[2023-05-04 17:02:29 #4 type.registry] 
New type domain.Sesion

[2023-05-04 17:02:29 #5 type] 
Type domain.Sesion is not enhanced.

[2023-05-04 17:02:29 #6 type.registry] 
New type domain.Sala

[2023-05-04 17:02:29 #7 type] 
Type domain.Sala is not enhanced.

[2023-05-04 17:02:29 #8 type.registry] 
New type java.util.ArrayList<java.lang.Object>

[2023-05-04 17:02:29 #9 type.registry] 
New type java.util.ArrayList<domain.Sesion>

------------------------------------------------------------------------------------------------------------------------

[2023-05-04 17:03:02 #1 store] 
Database 'C:\Users\jonetxe13\Desktop\universidad\IS\Bets21-master\src\main\resources\bets.temp' is opened by 12872@DESKTOP-490MKBR

[2023-05-04 17:03:02 #2 type.registry] 
New type domain.Usuario

[2023-05-04 17:03:02 #3 type] 
Type domain.Usuario is not enhanced.

[2023-05-04 17:03:02 #4 type.registry] 
New type domain.Sesion

[2023-05-04 17:03:02 #5 type] 
Type domain.Sesion is not enhanced.

[2023-05-04 17:03:02 #6 type.registry] 
New type domain.Sala

[2023-05-04 17:03:02 #7 type] 
Type domain.Sala is not enhanced.

[2023-05-04 17:03:02 #8 type.registry] 
New type java.util.ArrayList<java.lang.Object>

[2023-05-04 17:03:02 #9 type.registry] 
New type java.util.ArrayList<domain.Sesion>

------------------------------------------------------------------------------------------------------------------------

[2023-05-04 17:26:25 #1 store] 
Database 'C:\Users\jonetxe13\Desktop\universidad\IS\Bets21-master\src\main\resources\bets.temp' is opened by 9000@DESKTOP-490MKBR

[2023-05-04 17:26:25 #2 type.registry] 
New type domain.Usuario

[2023-05-04 17:26:25 #3 type] 
Type domain.Usuario is not enhanced.

[2023-05-04 17:26:25 #4 type.registry] 
New type domain.Sesion

[2023-05-04 17:26:25 #5 type] 
Type domain.Sesion is not enhanced.

[2023-05-04 17:26:25 #6 type.registry] 
New type domain.Sala

[2023-05-04 17:26:25 #7 type] 
Type domain.Sala is not enhanced.

[2023-05-04 17:26:25 #8 type.registry] 
New type java.util.ArrayList<java.lang.Object>

[2023-05-04 17:26:25 #9 type.registry] 
New type java.util.ArrayList<domain.Sesion>

------------------------------------------------------------------------------------------------------------------------

[2023-05-04 17:33:55 #1 store] 
Database 'C:\Users\jonetxe13\Desktop\universidad\IS\Bets21-master\src\main\resources\bets.temp' is opened by 6720@DESKTOP-490MKBR

[2023-05-04 17:33:55 #2 type.registry] 
New type domain.Usuario

[2023-05-04 17:33:55 #3 type] 
Type domain.Usuario is not enhanced.

[2023-05-04 17:33:55 #4 type.registry] 
New type domain.Sesion

[2023-05-04 17:33:55 #5 type] 
Type domain.Sesion is not enhanced.

[2023-05-04 17:33:55 #6 type.registry] 
New type domain.Sala

[2023-05-04 17:33:55 #7 type] 
Type domain.Sala is not enhanced.

[2023-05-04 17:33:55 #8 type.registry] 
New type java.util.ArrayList<java.lang.Object>

[2023-05-04 17:33:55 #9 type.registry] 
New type java.util.ArrayList<domain.Sesion>

------------------------------------------------------------------------------------------------------------------------

[2023-05-04 17:34:46 #1 store] 
Database 'C:\Users\jonetxe13\Desktop\universidad\IS\Bets21-master\src\main\resources\bets.temp' is opened by 13936@DESKTOP-490MKBR

[2023-05-04 17:34:46 #2 type.registry] 
New type domain.Usuario

[2023-05-04 17:34:46 #3 type] 
Type domain.Usuario is not enhanced.

[2023-05-04 17:34:46 #4 type.registry] 
New type domain.Sesion

[2023-05-04 17:34:46 #5 type] 
Type domain.Sesion is not enhanced.

[2023-05-04 17:34:46 #6 type.registry] 
New type domain.Sala

[2023-05-04 17:34:46 #7 type] 
Type domain.Sala is not enhanced.

[2023-05-04 17:34:47 #8 type.registry] 
New type java.util.ArrayList<java.lang.Object>

[2023-05-04 17:34:47 #9 type.registry] 
New type java.util.ArrayList<domain.Sesion>

------------------------------------------------------------------------------------------------------------------------

[2023-05-04 17:35:27 #1 store] 
Database 'C:\Users\jonetxe13\Desktop\universidad\IS\Bets21-master\src\main\resources\bets.temp' is opened by 11736@DESKTOP-490MKBR

[2023-05-04 17:35:27 #2 type.registry] 
New type domain.Usuario

[2023-05-04 17:35:27 #3 type] 
Type domain.Usuario is not enhanced.

[2023-05-04 17:35:27 #4 type.registry] 
New type domain.Sesion

[2023-05-04 17:35:27 #5 type] 
Type domain.Sesion is not enhanced.

[2023-05-04 17:35:27 #6 type.registry] 
New type domain.Sala

[2023-05-04 17:35:27 #7 type] 
Type domain.Sala is not enhanced.

[2023-05-04 17:35:27 #8 type.registry] 
New type java.util.ArrayList<java.lang.Object>

[2023-05-04 17:35:27 #9 type.registry] 
New type java.util.ArrayList<domain.Sesion>

------------------------------------------------------------------------------------------------------------------------

[2023-05-04 17:36:36 #1 store] 
Database 'C:\Users\jonetxe13\Desktop\universidad\IS\Bets21-master\src\main\resources\bets.temp' is opened by 6076@DESKTOP-490MKBR

[2023-05-04 17:36:36 #2 type.registry] 
New type domain.Usuario

[2023-05-04 17:36:36 #3 type] 
Type domain.Usuario is not enhanced.

[2023-05-04 17:36:36 #4 type.registry] 
New type domain.Sesion

[2023-05-04 17:36:36 #5 type] 
Type domain.Sesion is not enhanced.

[2023-05-04 17:36:36 #6 type.registry] 
New type domain.Sala

[2023-05-04 17:36:36 #7 type] 
Type domain.Sala is not enhanced.

[2023-05-04 17:36:36 #8 type.registry] 
New type java.util.ArrayList<java.lang.Object>

[2023-05-04 17:36:36 #9 type.registry] 
New type java.util.ArrayList<domain.Sesion>

------------------------------------------------------------------------------------------------------------------------

[2023-05-04 17:38:55 #1 store] 
Database 'C:\Users\jonetxe13\Desktop\universidad\IS\Bets21-master\src\main\resources\bets.temp' is opened by 4392@DESKTOP-490MKBR

[2023-05-04 17:38:55 #2 type.registry] 
New type domain.Usuario

[2023-05-04 17:38:55 #3 type] 
Type domain.Usuario is not enhanced.

[2023-05-04 17:38:55 #4 type.registry] 
New type domain.Sesion

[2023-05-04 17:38:55 #5 type] 
Type domain.Sesion is not enhanced.

[2023-05-04 17:38:55 #6 type.registry] 
New type domain.Sala

[2023-05-04 17:38:55 #7 type] 
Type domain.Sala is not enhanced.

[2023-05-04 17:38:55 #8 type.registry] 
New type java.util.ArrayList<java.lang.Object>

[2023-05-04 17:38:55 #9 type.registry] 
New type java.util.ArrayList<domain.Sesion>

------------------------------------------------------------------------------------------------------------------------

[2023-05-04 17:39:12 #1 store] 
Database 'C:\Users\jonetxe13\Desktop\universidad\IS\Bets21-master\src\main\resources\bets.temp' is opened by 13416@DESKTOP-490MKBR

[2023-05-04 17:39:12 #2 type.registry] 
New type domain.Usuario

[2023-05-04 17:39:12 #3 type] 
Type domain.Usuario is not enhanced.

[2023-05-04 17:39:12 #4 type.registry] 
New type domain.Sesion

[2023-05-04 17:39:12 #5 type] 
Type domain.Sesion is not enhanced.

[2023-05-04 17:39:12 #6 type.registry] 
New type domain.Sala

[2023-05-04 17:39:12 #7 type] 
Type domain.Sala is not enhanced.

[2023-05-04 17:39:12 #8 type.registry] 
New type java.util.ArrayList<java.lang.Object>

[2023-05-04 17:39:12 #9 type.registry] 
New type java.util.ArrayList<domain.Sesion>

------------------------------------------------------------------------------------------------------------------------

[2023-05-04 17:42:14 #1 store] 
Database 'C:\Users\jonetxe13\Desktop\universidad\IS\Bets21-master\src\main\resources\bets.temp' is opened by 1660@DESKTOP-490MKBR

[2023-05-04 17:42:14 #2 type.registry] 
New type domain.Usuario

[2023-05-04 17:42:14 #3 type] 
Type domain.Usuario is not enhanced.

[2023-05-04 17:42:14 #4 type.registry] 
New type domain.Sesion

[2023-05-04 17:42:14 #5 type] 
Type domain.Sesion is not enhanced.

[2023-05-04 17:42:14 #6 type.registry] 
New type domain.Sala

[2023-05-04 17:42:14 #7 type] 
Type domain.Sala is not enhanced.

[2023-05-04 17:42:14 #8 type.registry] 
New type java.util.ArrayList<java.lang.Object>

[2023-05-04 17:42:14 #9 type.registry] 
New type java.util.ArrayList<domain.Sesion>

------------------------------------------------------------------------------------------------------------------------

[2023-05-04 17:42:34 #1 store] 
Database 'C:\Users\jonetxe13\Desktop\universidad\IS\Bets21-master\src\main\resources\bets.temp' is opened by 7048@DESKTOP-490MKBR

[2023-05-04 17:42:35 #2 type.registry] 
New type domain.Usuario

[2023-05-04 17:42:35 #3 type] 
Type domain.Usuario is not enhanced.

[2023-05-04 17:42:35 #4 type.registry] 
New type domain.Sesion

[2023-05-04 17:42:35 #5 type] 
Type domain.Sesion is not enhanced.

[2023-05-04 17:42:35 #6 type.registry] 
New type domain.Sala

[2023-05-04 17:42:35 #7 type] 
Type domain.Sala is not enhanced.

[2023-05-04 17:42:35 #8 type.registry] 
New type java.util.ArrayList<java.lang.Object>

[2023-05-04 17:42:35 #9 type.registry] 
New type java.util.ArrayList<domain.Sesion>

------------------------------------------------------------------------------------------------------------------------

[2023-05-04 17:42:55 #1 store] 
Database 'C:\Users\jonetxe13\Desktop\universidad\IS\Bets21-master\src\main\resources\bets.temp' is opened by 8400@DESKTOP-490MKBR

[2023-05-04 17:42:55 #2 type.registry] 
New type domain.Usuario

[2023-05-04 17:42:55 #3 type] 
Type domain.Usuario is not enhanced.

[2023-05-04 17:42:55 #4 type.registry] 
New type domain.Sesion

[2023-05-04 17:42:55 #5 type] 
Type domain.Sesion is not enhanced.

[2023-05-04 17:42:55 #6 type.registry] 
New type domain.Sala

[2023-05-04 17:42:55 #7 type] 
Type domain.Sala is not enhanced.

[2023-05-04 17:42:55 #8 type.registry] 
New type java.util.ArrayList<java.lang.Object>

[2023-05-04 17:42:55 #9 type.registry] 
New type java.util.ArrayList<domain.Sesion>

------------------------------------------------------------------------------------------------------------------------

[2023-05-04 17:43:38 #1 store] 
Database 'C:\Users\jonetxe13\Desktop\universidad\IS\Bets21-master\src\main\resources\bets.temp' is opened by 8244@DESKTOP-490MKBR

[2023-05-04 17:43:38 #2 type.registry] 
New type domain.Usuario

[2023-05-04 17:43:38 #3 type] 
Type domain.Usuario is not enhanced.

[2023-05-04 17:43:38 #4 type.registry] 
New type domain.Sesion

[2023-05-04 17:43:38 #5 type] 
Type domain.Sesion is not enhanced.

[2023-05-04 17:43:38 #6 type.registry] 
New type domain.Sala

[2023-05-04 17:43:38 #7 type] 
Type domain.Sala is not enhanced.

[2023-05-04 17:43:38 #8 type.registry] 
New type java.util.ArrayList<java.lang.Object>

[2023-05-04 17:43:38 #9 type.registry] 
New type java.util.ArrayList<domain.Sesion>

------------------------------------------------------------------------------------------------------------------------

[2023-05-04 17:43:58 #1 store] 
Database 'C:\Users\jonetxe13\Desktop\universidad\IS\Bets21-master\src\main\resources\bets.temp' is opened by 14332@DESKTOP-490MKBR

[2023-05-04 17:43:58 #2 type.registry] 
New type domain.Usuario

[2023-05-04 17:43:58 #3 type] 
Type domain.Usuario is not enhanced.

[2023-05-04 17:43:58 #4 type.registry] 
New type domain.Sesion

[2023-05-04 17:43:58 #5 type] 
Type domain.Sesion is not enhanced.

[2023-05-04 17:43:58 #6 type.registry] 
New type domain.Sala

[2023-05-04 17:43:58 #7 type] 
Type domain.Sala is not enhanced.

[2023-05-04 17:43:58 #8 type.registry] 
New type java.util.ArrayList<java.lang.Object>

[2023-05-04 17:43:58 #9 type.registry] 
New type java.util.ArrayList<domain.Sesion>

------------------------------------------------------------------------------------------------------------------------

[2023-05-04 17:44:19 #1 store] 
Database 'C:\Users\jonetxe13\Desktop\universidad\IS\Bets21-master\src\main\resources\bets.temp' is opened by 13776@DESKTOP-490MKBR

[2023-05-04 17:44:19 #2 type.registry] 
New type domain.Usuario

[2023-05-04 17:44:19 #3 type] 
Type domain.Usuario is not enhanced.

[2023-05-04 17:44:19 #4 type.registry] 
New type domain.Sesion

[2023-05-04 17:44:19 #5 type] 
Type domain.Sesion is not enhanced.

[2023-05-04 17:44:19 #6 type.registry] 
New type domain.Sala

[2023-05-04 17:44:19 #7 type] 
Type domain.Sala is not enhanced.

[2023-05-04 17:44:19 #8 type.registry] 
New type java.util.ArrayList<java.lang.Object>

[2023-05-04 17:44:19 #9 type.registry] 
New type java.util.ArrayList<domain.Sesion>

------------------------------------------------------------------------------------------------------------------------

[2023-05-04 17:50:32 #1 store] 
Database 'C:\Users\jonetxe13\Desktop\universidad\IS\Bets21-master\src\main\resources\bets.temp' is opened by 7544@DESKTOP-490MKBR

[2023-05-04 17:50:32 #2 type.registry] 
New type domain.Usuario

[2023-05-04 17:50:32 #3 type] 
Type domain.Usuario is not enhanced.

[2023-05-04 17:50:32 #4 type.registry] 
New type domain.Sesion

[2023-05-04 17:50:32 #5 type] 
Type domain.Sesion is not enhanced.

[2023-05-04 17:50:32 #6 type.registry] 
New type domain.Sala

[2023-05-04 17:50:32 #7 type] 
Type domain.Sala is not enhanced.

[2023-05-04 17:50:32 #8 type.registry] 
New type java.util.ArrayList<java.lang.Object>

[2023-05-04 17:50:32 #9 type.registry] 
New type java.util.ArrayList<domain.Sesion>

------------------------------------------------------------------------------------------------------------------------

[2023-05-04 17:53:18 #1 store] 
Database 'C:\Users\jonetxe13\Desktop\universidad\IS\Bets21-master\src\main\resources\bets.temp' is opened by 6384@DESKTOP-490MKBR

[2023-05-04 17:53:19 #2 type.registry] 
New type domain.Usuario

[2023-05-04 17:53:19 #3 type] 
Type domain.Usuario is not enhanced.

[2023-05-04 17:53:19 #4 type.registry] 
New type domain.Sesion

[2023-05-04 17:53:19 #5 type] 
Type domain.Sesion is not enhanced.

[2023-05-04 17:53:19 #6 type.registry] 
New type domain.Sala

[2023-05-04 17:53:19 #7 type] 
Type domain.Sala is not enhanced.

[2023-05-04 17:53:19 #8 type.registry] 
New type java.util.ArrayList<java.lang.Object>

[2023-05-04 17:53:19 #9 type.registry] 
New type java.util.ArrayList<domain.Sesion>

------------------------------------------------------------------------------------------------------------------------

[2023-05-04 17:55:00 #1 store] 
Database 'C:\Users\jonetxe13\Desktop\universidad\IS\Bets21-master\src\main\resources\bets.temp' is opened by 7896@DESKTOP-490MKBR

[2023-05-04 17:55:00 #2 type.registry] 
New type domain.Usuario

[2023-05-04 17:55:00 #3 type] 
Type domain.Usuario is not enhanced.

[2023-05-04 17:55:00 #4 type.registry] 
New type domain.Sesion

[2023-05-04 17:55:00 #5 type] 
Type domain.Sesion is not enhanced.

[2023-05-04 17:55:00 #6 type.registry] 
New type domain.Sala

[2023-05-04 17:55:00 #7 type] 
Type domain.Sala is not enhanced.

[2023-05-04 17:55:00 #8 type.registry] 
New type java.util.ArrayList<java.lang.Object>

[2023-05-04 17:55:00 #9 type.registry] 
New type java.util.ArrayList<domain.Sesion>

------------------------------------------------------------------------------------------------------------------------

[2023-05-04 17:55:42 #1 store] 
Database 'C:\Users\jonetxe13\Desktop\universidad\IS\Bets21-master\src\main\resources\bets.temp' is opened by 12304@DESKTOP-490MKBR

[2023-05-04 17:55:42 #2 type.registry] 
New type domain.Usuario

[2023-05-04 17:55:42 #3 type] 
Type domain.Usuario is not enhanced.

[2023-05-04 17:55:43 #4 type.registry] 
New type domain.Sesion

[2023-05-04 17:55:43 #5 type] 
Type domain.Sesion is not enhanced.

[2023-05-04 17:55:43 #6 type.registry] 
New type domain.Sala

[2023-05-04 17:55:43 #7 type] 
Type domain.Sala is not enhanced.

[2023-05-04 17:55:43 #8 type.registry] 
New type java.util.ArrayList<java.lang.Object>

[2023-05-04 17:55:43 #9 type.registry] 
New type java.util.ArrayList<domain.Sesion>

