------------------------------------------------------------------------------------------------------------------------

[2023-06-05 21:57:09 #1 store] 
Database 'C:\Users\jonet\OneDrive\Escritorio\universidad\IS\Bets21-master\src\main\resources\bets.temp' is opened by 15276@DESKTOP-KFRJO8S

[2023-06-05 21:57:09 #2 type.registry] 
New type domain.Actividad

[2023-06-05 21:57:09 #3 type] 
Type domain.Actividad is not enhanced.

------------------------------------------------------------------------------------------------------------------------

[2023-06-05 21:57:41 #1 store] 
Database 'C:\Users\jonet\OneDrive\Escritorio\universidad\IS\Bets21-master\src\main\resources\bets.temp' is opened by 19864@DESKTOP-KFRJO8S

[2023-06-05 21:57:41 #2 type.registry] 
New type domain.Actividad

[2023-06-05 21:57:41 #3 type] 
Type domain.Actividad is not enhanced.

[2023-06-05 21:57:41 #4 type.registry] 
New type domain.Encargado

[2023-06-05 21:57:41 #5 type] 
Type domain.Encargado is not enhanced.

[2023-06-05 21:57:41 #6 type.registry] 
New type domain.Usuario

[2023-06-05 21:57:41 #7 type] 
Type domain.Usuario is not enhanced.

[2023-06-05 21:57:41 #8 type.registry] 
New type domain.Sesion

[2023-06-05 21:57:41 #9 type] 
Type domain.Sesion is not enhanced.

[2023-06-05 21:57:41 #10 type.registry] 
New type domain.Sala

[2023-06-05 21:57:41 #11 type] 
Type domain.Sala is not enhanced.

[2023-06-05 21:57:41 #12 type.registry] 
New type java.util.ArrayList<java.lang.Object>

[2023-06-05 21:57:41 #13 type.registry] 
New type java.util.ArrayList<java.lang.String>

[2023-06-05 21:57:41 #14 type.registry] 
New type java.util.LinkedList<java.lang.Object>

[2023-06-05 21:57:41 #15 type.registry] 
New type java.util.LinkedList<domain.Usuario>

[2023-06-05 21:57:41 #16 type.registry] 
New type java.util.ArrayList<domain.Sesion>

------------------------------------------------------------------------------------------------------------------------

[2023-06-05 21:59:02 #1 store] 
Database 'C:\Users\jonet\OneDrive\Escritorio\universidad\IS\Bets21-master\src\main\resources\bets.temp' is opened by 2556@DESKTOP-KFRJO8S

[2023-06-05 21:59:02 #2 type.registry] 
New type domain.Actividad

[2023-06-05 21:59:02 #3 type] 
Type domain.Actividad is not enhanced.

[2023-06-05 21:59:02 #4 type.registry] 
New type domain.Encargado

[2023-06-05 21:59:02 #5 type] 
Type domain.Encargado is not enhanced.

[2023-06-05 21:59:02 #6 type.registry] 
New type domain.Usuario

[2023-06-05 21:59:02 #7 type] 
Type domain.Usuario is not enhanced.

[2023-06-05 21:59:02 #8 type.registry] 
New type domain.Sesion

[2023-06-05 21:59:02 #9 type] 
Type domain.Sesion is not enhanced.

[2023-06-05 21:59:02 #10 type.registry] 
New type domain.Sala

[2023-06-05 21:59:02 #11 type] 
Type domain.Sala is not enhanced.

[2023-06-05 21:59:02 #12 type.registry] 
New type java.util.ArrayList<java.lang.Object>

[2023-06-05 21:59:02 #13 type.registry] 
New type java.util.ArrayList<java.lang.String>

[2023-06-05 21:59:02 #14 type.registry] 
New type java.util.LinkedList<java.lang.Object>

[2023-06-05 21:59:02 #15 type.registry] 
New type java.util.LinkedList<domain.Usuario>

[2023-06-05 21:59:02 #16 type.registry] 
New type java.util.ArrayList<domain.Sesion>

------------------------------------------------------------------------------------------------------------------------

[2023-06-05 22:00:36 #1 store] 
Database 'C:\Users\jonet\OneDrive\Escritorio\universidad\IS\Bets21-master\src\main\resources\bets.temp' is opened by 6356@DESKTOP-KFRJO8S

[2023-06-05 22:00:36 #2 type.registry] 
New type domain.Actividad

[2023-06-05 22:00:36 #3 type] 
Type domain.Actividad is not enhanced.

[2023-06-05 22:00:37 #4 type.registry] 
New type domain.Encargado

[2023-06-05 22:00:37 #5 type] 
Type domain.Encargado is not enhanced.

[2023-06-05 22:00:37 #6 type.registry] 
New type domain.Usuario

[2023-06-05 22:00:37 #7 type] 
Type domain.Usuario is not enhanced.

[2023-06-05 22:00:37 #8 type.registry] 
New type domain.Sesion

[2023-06-05 22:00:37 #9 type] 
Type domain.Sesion is not enhanced.

[2023-06-05 22:00:37 #10 type.registry] 
New type domain.Sala

[2023-06-05 22:00:37 #11 type] 
Type domain.Sala is not enhanced.

[2023-06-05 22:00:37 #12 type.registry] 
New type java.util.ArrayList<java.lang.Object>

[2023-06-05 22:00:37 #13 type.registry] 
New type java.util.ArrayList<java.lang.String>

[2023-06-05 22:00:37 #14 type.registry] 
New type java.util.LinkedList<java.lang.Object>

[2023-06-05 22:00:37 #15 type.registry] 
New type java.util.LinkedList<domain.Usuario>

[2023-06-05 22:00:37 #16 type.registry] 
New type java.util.ArrayList<domain.Sesion>

------------------------------------------------------------------------------------------------------------------------

[2023-06-05 22:53:13 #1 store] 
Database 'C:\Users\jonet\OneDrive\Escritorio\universidad\IS\Bets21-master\src\main\resources\bets.temp' is opened by 4576@DESKTOP-KFRJO8S

[2023-06-05 22:53:13 #2 type.registry] 
New type domain.Actividad

[2023-06-05 22:53:13 #3 type] 
Type domain.Actividad is not enhanced.

[2023-06-05 22:53:13 #4 type.registry] 
New type domain.Encargado

[2023-06-05 22:53:13 #5 type] 
Type domain.Encargado is not enhanced.

[2023-06-05 22:53:13 #6 type.registry] 
New type domain.Usuario

[2023-06-05 22:53:13 #7 type] 
Type domain.Usuario is not enhanced.

[2023-06-05 22:53:13 #8 type.registry] 
New type domain.Sesion

[2023-06-05 22:53:13 #9 type] 
Type domain.Sesion is not enhanced.

[2023-06-05 22:53:13 #10 type.registry] 
New type domain.Sala

[2023-06-05 22:53:13 #11 type] 
Type domain.Sala is not enhanced.

[2023-06-05 22:53:13 #12 type.registry] 
New type java.util.ArrayList<java.lang.Object>

[2023-06-05 22:53:13 #13 type.registry] 
New type java.util.ArrayList<java.lang.String>

[2023-06-05 22:53:13 #14 type.registry] 
New type java.util.LinkedList<java.lang.Object>

[2023-06-05 22:53:13 #15 type.registry] 
New type java.util.LinkedList<domain.Usuario>

[2023-06-05 22:53:13 #16 type.registry] 
New type java.util.ArrayList<domain.Sesion>

