------------------------------------------------------------------------------------------------------------------------

[2023-05-11 13:02:13 #1 store] 
Database 'C:\Users\jonetxe13\Desktop\universidad\IS\Bets21-master\src\main\resources\bets.temp' is opened by 11952@DESKTOP-490MKBR

[2023-05-11 13:02:13 #2 type.registry] 
New type domain.Actividad

[2023-05-11 13:02:13 #3 type] 
Type domain.Actividad is not enhanced.

[2023-05-11 13:02:13 #4 type.registry] 
New type domain.Encargado

[2023-05-11 13:02:13 #5 type] 
Type domain.Encargado is not enhanced.

[2023-05-11 13:02:13 #6 type.registry] 
New type domain.Usuario

[2023-05-11 13:02:13 #7 type] 
Type domain.Usuario is not enhanced.

[2023-05-11 13:02:13 #8 type.registry] 
New type domain.Sesion

[2023-05-11 13:02:13 #9 type] 
Type domain.Sesion is not enhanced.

[2023-05-11 13:02:13 #10 type.registry] 
New type domain.Sala

[2023-05-11 13:02:13 #11 type] 
Type domain.Sala is not enhanced.

[2023-05-11 13:02:13 #12 type.registry] 
New type java.util.ArrayList<java.lang.Object>

[2023-05-11 13:02:13 #13 type.registry] 
New type java.util.ArrayList<java.lang.String>

[2023-05-11 13:02:13 #14 type.registry] 
New type java.util.ArrayList<domain.Actividad>

[2023-05-11 13:02:13 #15 type.registry] 
New type java.util.LinkedList<java.lang.Object>

[2023-05-11 13:02:13 #16 type.registry] 
New type java.util.LinkedList<domain.Usuario>

[2023-05-11 13:02:13 #17 type.registry] 
New type java.util.ArrayList<domain.Sesion>

------------------------------------------------------------------------------------------------------------------------

[2023-05-11 13:15:24 #1 store] 
Database 'C:\Users\jonetxe13\Desktop\universidad\IS\Bets21-master\src\main\resources\bets.temp' is opened by 11108@DESKTOP-490MKBR

[2023-05-11 13:15:24 #2 type.registry] 
New type domain.Actividad

[2023-05-11 13:15:24 #3 type] 
Type domain.Actividad is not enhanced.

[2023-05-11 13:15:24 #4 type.registry] 
New type domain.Encargado

[2023-05-11 13:15:24 #5 type] 
Type domain.Encargado is not enhanced.

[2023-05-11 13:15:24 #6 type.registry] 
New type domain.Usuario

[2023-05-11 13:15:24 #7 type] 
Type domain.Usuario is not enhanced.

[2023-05-11 13:15:24 #8 type.registry] 
New type domain.Sesion

[2023-05-11 13:15:24 #9 type] 
Type domain.Sesion is not enhanced.

[2023-05-11 13:15:24 #10 type.registry] 
New type domain.Sala

[2023-05-11 13:15:24 #11 type] 
Type domain.Sala is not enhanced.

[2023-05-11 13:15:24 #12 type.registry] 
New type java.util.ArrayList<java.lang.Object>

[2023-05-11 13:15:24 #13 type.registry] 
New type java.util.ArrayList<java.lang.String>

[2023-05-11 13:15:24 #14 type.registry] 
New type java.util.ArrayList<domain.Actividad>

[2023-05-11 13:15:24 #15 type.registry] 
New type java.util.LinkedList<java.lang.Object>

[2023-05-11 13:15:24 #16 type.registry] 
New type java.util.LinkedList<domain.Usuario>

[2023-05-11 13:15:24 #17 type.registry] 
New type java.util.ArrayList<domain.Sesion>

------------------------------------------------------------------------------------------------------------------------

[2023-05-11 13:16:09 #1 store] 
Database 'C:\Users\jonetxe13\Desktop\universidad\IS\Bets21-master\src\main\resources\bets.temp' is opened by 5788@DESKTOP-490MKBR

[2023-05-11 13:16:09 #2 type.registry] 
New type domain.Actividad

[2023-05-11 13:16:09 #3 type] 
Type domain.Actividad is not enhanced.

[2023-05-11 13:16:09 #4 type.registry] 
New type domain.Encargado

[2023-05-11 13:16:09 #5 type] 
Type domain.Encargado is not enhanced.

[2023-05-11 13:16:09 #6 type.registry] 
New type domain.Usuario

[2023-05-11 13:16:09 #7 type] 
Type domain.Usuario is not enhanced.

[2023-05-11 13:16:09 #8 type.registry] 
New type domain.Sesion

[2023-05-11 13:16:09 #9 type] 
Type domain.Sesion is not enhanced.

[2023-05-11 13:16:09 #10 type.registry] 
New type domain.Sala

[2023-05-11 13:16:09 #11 type] 
Type domain.Sala is not enhanced.

[2023-05-11 13:16:09 #12 type.registry] 
New type java.util.ArrayList<java.lang.Object>

[2023-05-11 13:16:09 #13 type.registry] 
New type java.util.ArrayList<java.lang.String>

[2023-05-11 13:16:09 #14 type.registry] 
New type java.util.ArrayList<domain.Actividad>

[2023-05-11 13:16:09 #15 type.registry] 
New type java.util.LinkedList<java.lang.Object>

[2023-05-11 13:16:09 #16 type.registry] 
New type java.util.LinkedList<domain.Usuario>

[2023-05-11 13:16:09 #17 type.registry] 
New type java.util.ArrayList<domain.Sesion>

------------------------------------------------------------------------------------------------------------------------

[2023-05-11 13:16:46 #1 store] 
Database 'C:\Users\jonetxe13\Desktop\universidad\IS\Bets21-master\src\main\resources\bets.temp' is opened by 11124@DESKTOP-490MKBR

[2023-05-11 13:16:46 #2 type.registry] 
New type domain.Actividad

[2023-05-11 13:16:46 #3 type] 
Type domain.Actividad is not enhanced.

[2023-05-11 13:16:46 #4 type.registry] 
New type domain.Encargado

[2023-05-11 13:16:46 #5 type] 
Type domain.Encargado is not enhanced.

[2023-05-11 13:16:46 #6 type.registry] 
New type domain.Usuario

[2023-05-11 13:16:46 #7 type] 
Type domain.Usuario is not enhanced.

[2023-05-11 13:16:46 #8 type.registry] 
New type domain.Sesion

[2023-05-11 13:16:46 #9 type] 
Type domain.Sesion is not enhanced.

[2023-05-11 13:16:46 #10 type.registry] 
New type domain.Sala

[2023-05-11 13:16:46 #11 type] 
Type domain.Sala is not enhanced.

[2023-05-11 13:16:46 #12 type.registry] 
New type java.util.ArrayList<java.lang.Object>

[2023-05-11 13:16:46 #13 type.registry] 
New type java.util.ArrayList<java.lang.String>

[2023-05-11 13:16:46 #14 type.registry] 
New type java.util.ArrayList<domain.Actividad>

[2023-05-11 13:16:46 #15 type.registry] 
New type java.util.LinkedList<java.lang.Object>

[2023-05-11 13:16:46 #16 type.registry] 
New type java.util.LinkedList<domain.Usuario>

[2023-05-11 13:16:46 #17 type.registry] 
New type java.util.ArrayList<domain.Sesion>

------------------------------------------------------------------------------------------------------------------------

[2023-05-11 15:12:47 #1 store] 
Database 'C:\Users\jonetxe13\Desktop\universidad\IS\Bets21-master\src\main\resources\bets.temp' is opened by 3296@DESKTOP-490MKBR

[2023-05-11 15:12:47 #2 type.registry] 
New type domain.Actividad

[2023-05-11 15:12:47 #3 type] 
Type domain.Actividad is not enhanced.

[2023-05-11 15:12:47 #4 type.registry] 
New type domain.Encargado

[2023-05-11 15:12:47 #5 type] 
Type domain.Encargado is not enhanced.

[2023-05-11 15:12:47 #6 type.registry] 
New type domain.Usuario

[2023-05-11 15:12:47 #7 type] 
Type domain.Usuario is not enhanced.

[2023-05-11 15:12:47 #8 type.registry] 
New type domain.Sesion

[2023-05-11 15:12:47 #9 type] 
Type domain.Sesion is not enhanced.

[2023-05-11 15:12:47 #10 type.registry] 
New type domain.Sala

[2023-05-11 15:12:47 #11 type] 
Type domain.Sala is not enhanced.

[2023-05-11 15:12:47 #12 type.registry] 
New type java.util.ArrayList<java.lang.Object>

[2023-05-11 15:12:47 #13 type.registry] 
New type java.util.ArrayList<java.lang.String>

[2023-05-11 15:12:47 #14 type.registry] 
New type java.util.ArrayList<domain.Actividad>

[2023-05-11 15:12:47 #15 type.registry] 
New type java.util.LinkedList<java.lang.Object>

[2023-05-11 15:12:47 #16 type.registry] 
New type java.util.LinkedList<domain.Usuario>

[2023-05-11 15:12:47 #17 type.registry] 
New type java.util.ArrayList<domain.Sesion>

------------------------------------------------------------------------------------------------------------------------

[2023-05-11 15:13:32 #1 server] 
java.net.BindException: Address already in use: bind
	at java.base/sun.nio.ch.Net.bind0(Native Method)
	at java.base/sun.nio.ch.Net.bind(Net.java:555)
	at java.base/sun.nio.ch.Net.bind(Net.java:544)
	at java.base/sun.nio.ch.NioSocketImpl.bind(NioSocketImpl.java:643)
	at java.base/java.net.ServerSocket.bind(ServerSocket.java:388)
	at java.base/java.net.ServerSocket.<init>(ServerSocket.java:274)
	at java.base/java.net.ServerSocket.<init>(ServerSocket.java:218)
	at com.objectdb.o.SMR.I(SMR.java:259)
	at com.objectdb.o.SMR.n(SMR.java:159)
	at com.objectdb.o.TOL.run(TOL.java:116)
	at com.objectdb.Server.runCommand(Server.java:200)
	at com.objectdb.Server.run(Server.java:104)
	at com.objectdb.Server.main(Server.java:63)

------------------------------------------------------------------------------------------------------------------------

[2023-05-11 15:13:53 #1 server] 
Server on port 8080 has started by 9852@DESKTOP-490MKBR

[2023-05-11 15:14:00 #2 store] 
Database 'C:\Users\jonetxe13\Desktop\universidad\IS\Bets21-master\src\main\resources\db\src\main\resources\bets.temp' is opened by 9852@DESKTOP-490MKBR

------------------------------------------------------------------------------------------------------------------------

[2023-05-11 15:14:00 #1 type.registry] 
New type domain.Actividad

[2023-05-11 15:14:00 #2 type] 
Type domain.Actividad is not enhanced.

[2023-05-11 15:14:00 #3 type.registry] 
New type domain.Encargado

[2023-05-11 15:14:00 #4 type] 
Type domain.Encargado is not enhanced.

[2023-05-11 15:14:00 #5 type.registry] 
New type domain.Usuario

[2023-05-11 15:14:00 #6 type] 
Type domain.Usuario is not enhanced.

[2023-05-11 15:14:00 #7 type.registry] 
New type domain.Sesion

[2023-05-11 15:14:00 #8 type] 
Type domain.Sesion is not enhanced.

[2023-05-11 15:14:00 #9 type.registry] 
New type domain.Sala

[2023-05-11 15:14:00 #10 type] 
Type domain.Sala is not enhanced.

[2023-05-11 15:14:00 #11 type.registry] 
New type java.util.ArrayList<java.lang.Object>

[2023-05-11 15:14:00 #12 type.registry] 
New type java.util.ArrayList<java.lang.String>

[2023-05-11 15:14:00 #13 type.registry] 
New type java.util.ArrayList<domain.Actividad>

[2023-05-11 15:14:00 #14 type.registry] 
New type java.util.LinkedList<java.lang.Object>

[2023-05-11 15:14:00 #15 type.registry] 
New type java.util.LinkedList<domain.Usuario>

[2023-05-11 15:14:00 #16 type.registry] 
New type java.util.ArrayList<domain.Sesion>

[2023-05-11 15:14:06 #3 store] 
Database 'C:\Users\jonetxe13\Desktop\universidad\IS\Bets21-master\src\main\resources\db\src\main\resources\bets.temp' is closed by 9852@DESKTOP-490MKBR

------------------------------------------------------------------------------------------------------------------------

[2023-05-11 15:14:20 #1 server] 
java.net.BindException: Address already in use: bind
	at java.base/sun.nio.ch.Net.bind0(Native Method)
	at java.base/sun.nio.ch.Net.bind(Net.java:555)
	at java.base/sun.nio.ch.Net.bind(Net.java:544)
	at java.base/sun.nio.ch.NioSocketImpl.bind(NioSocketImpl.java:643)
	at java.base/java.net.ServerSocket.bind(ServerSocket.java:388)
	at java.base/java.net.ServerSocket.<init>(ServerSocket.java:274)
	at java.base/java.net.ServerSocket.<init>(ServerSocket.java:218)
	at com.objectdb.o.SMR.I(SMR.java:259)
	at com.objectdb.o.SMR.n(SMR.java:159)
	at com.objectdb.o.TOL.run(TOL.java:116)
	at com.objectdb.Server.runCommand(Server.java:200)
	at com.objectdb.Server.run(Server.java:104)
	at com.objectdb.Server.main(Server.java:63)

[2023-05-11 15:14:23 #4 store] 
Database 'C:\Users\jonetxe13\Desktop\universidad\IS\Bets21-master\src\main\resources\db\src\main\resources\bets.temp' is opened by 9852@DESKTOP-490MKBR

------------------------------------------------------------------------------------------------------------------------

[2023-05-11 15:14:23 #1 type.registry] 
New type domain.Actividad

[2023-05-11 15:14:23 #2 type] 
Type domain.Actividad is not enhanced.

[2023-05-11 15:14:23 #3 type.registry] 
New type domain.Encargado

[2023-05-11 15:14:23 #4 type] 
Type domain.Encargado is not enhanced.

[2023-05-11 15:14:23 #5 type.registry] 
New type domain.Usuario

[2023-05-11 15:14:23 #6 type] 
Type domain.Usuario is not enhanced.

[2023-05-11 15:14:23 #7 type.registry] 
New type domain.Sesion

[2023-05-11 15:14:23 #8 type] 
Type domain.Sesion is not enhanced.

[2023-05-11 15:14:23 #9 type.registry] 
New type domain.Sala

[2023-05-11 15:14:23 #10 type] 
Type domain.Sala is not enhanced.

[2023-05-11 15:14:23 #11 type.registry] 
New type java.util.ArrayList<java.lang.Object>

[2023-05-11 15:14:23 #12 type.registry] 
New type java.util.ArrayList<java.lang.String>

[2023-05-11 15:14:23 #13 type.registry] 
New type java.util.ArrayList<domain.Actividad>

[2023-05-11 15:14:23 #14 type.registry] 
New type java.util.LinkedList<java.lang.Object>

[2023-05-11 15:14:23 #15 type.registry] 
New type java.util.LinkedList<domain.Usuario>

[2023-05-11 15:14:23 #16 type.registry] 
New type java.util.ArrayList<domain.Sesion>

[2023-05-11 15:14:47 #5 store] 
Database 'C:\Users\jonetxe13\Desktop\universidad\IS\Bets21-master\src\main\resources\db\src\main\resources\bets.temp' is closed by 9852@DESKTOP-490MKBR

------------------------------------------------------------------------------------------------------------------------

[2023-05-11 15:24:00 #1 store] 
Database 'C:\Users\jonetxe13\Desktop\universidad\IS\Bets21-master\src\main\resources\bets.temp' is opened by 1300@DESKTOP-490MKBR

[2023-05-11 15:24:00 #2 type.registry] 
New type domain.Actividad

[2023-05-11 15:24:00 #3 type] 
Type domain.Actividad is not enhanced.

[2023-05-11 15:24:00 #4 type.registry] 
New type domain.Encargado

[2023-05-11 15:24:00 #5 type] 
Type domain.Encargado is not enhanced.

[2023-05-11 15:24:00 #6 type.registry] 
New type domain.Usuario

[2023-05-11 15:24:00 #7 type] 
Type domain.Usuario is not enhanced.

[2023-05-11 15:24:00 #8 type.registry] 
New type domain.Sesion

[2023-05-11 15:24:00 #9 type] 
Type domain.Sesion is not enhanced.

[2023-05-11 15:24:00 #10 type.registry] 
New type domain.Sala

[2023-05-11 15:24:00 #11 type] 
Type domain.Sala is not enhanced.

[2023-05-11 15:24:00 #12 type.registry] 
New type java.util.ArrayList<java.lang.Object>

[2023-05-11 15:24:00 #13 type.registry] 
New type java.util.ArrayList<java.lang.String>

[2023-05-11 15:24:00 #14 type.registry] 
New type java.util.ArrayList<domain.Actividad>

[2023-05-11 15:24:00 #15 type.registry] 
New type java.util.LinkedList<java.lang.Object>

[2023-05-11 15:24:00 #16 type.registry] 
New type java.util.LinkedList<domain.Usuario>

[2023-05-11 15:24:00 #17 type.registry] 
New type java.util.ArrayList<domain.Sesion>

------------------------------------------------------------------------------------------------------------------------

[2023-05-11 15:33:11 #1 store] 
Database 'C:\Users\jonetxe13\Desktop\universidad\IS\Bets21-master\src\main\resources\bets.temp' is opened by 7284@DESKTOP-490MKBR

[2023-05-11 15:33:11 #2 type.registry] 
New type domain.Actividad

[2023-05-11 15:33:11 #3 type] 
Type domain.Actividad is not enhanced.

[2023-05-11 15:33:11 #4 type.registry] 
New type domain.Encargado

[2023-05-11 15:33:11 #5 type] 
Type domain.Encargado is not enhanced.

[2023-05-11 15:33:11 #6 type.registry] 
New type domain.Usuario

[2023-05-11 15:33:11 #7 type] 
Type domain.Usuario is not enhanced.

[2023-05-11 15:33:11 #8 type.registry] 
New type domain.Sesion

[2023-05-11 15:33:11 #9 type] 
Type domain.Sesion is not enhanced.

[2023-05-11 15:33:11 #10 type.registry] 
New type domain.Sala

[2023-05-11 15:33:11 #11 type] 
Type domain.Sala is not enhanced.

[2023-05-11 15:33:11 #12 type.registry] 
New type java.util.ArrayList<java.lang.Object>

[2023-05-11 15:33:11 #13 type.registry] 
New type java.util.ArrayList<java.lang.String>

[2023-05-11 15:33:11 #14 type.registry] 
New type java.util.ArrayList<domain.Actividad>

[2023-05-11 15:33:11 #15 type.registry] 
New type java.util.LinkedList<java.lang.Object>

[2023-05-11 15:33:11 #16 type.registry] 
New type java.util.LinkedList<domain.Usuario>

[2023-05-11 15:33:11 #17 type.registry] 
New type java.util.ArrayList<domain.Sesion>

------------------------------------------------------------------------------------------------------------------------

[2023-05-11 17:06:56 #1 store] 
Database 'C:\Users\jonetxe13\Desktop\universidad\IS\Bets21-master\src\main\resources\bets.temp' is opened by 12524@DESKTOP-490MKBR

[2023-05-11 17:06:56 #2 type.registry] 
New type domain.Actividad

[2023-05-11 17:06:56 #3 type] 
Type domain.Actividad is not enhanced.

[2023-05-11 17:06:56 #4 type.registry] 
New type domain.Encargado

[2023-05-11 17:06:56 #5 type] 
Type domain.Encargado is not enhanced.

[2023-05-11 17:06:56 #6 type.registry] 
New type domain.Usuario

[2023-05-11 17:06:56 #7 type] 
Type domain.Usuario is not enhanced.

[2023-05-11 17:06:56 #8 type.registry] 
New type domain.Sesion

[2023-05-11 17:06:56 #9 type] 
Type domain.Sesion is not enhanced.

[2023-05-11 17:06:56 #10 type.registry] 
New type domain.Sala

[2023-05-11 17:06:56 #11 type] 
Type domain.Sala is not enhanced.

[2023-05-11 17:06:56 #12 type.registry] 
New type java.util.ArrayList<java.lang.Object>

[2023-05-11 17:06:56 #13 type.registry] 
New type java.util.ArrayList<java.lang.String>

[2023-05-11 17:06:56 #14 type.registry] 
New type java.util.ArrayList<domain.Actividad>

[2023-05-11 17:06:56 #15 type.registry] 
New type java.util.LinkedList<java.lang.Object>

[2023-05-11 17:06:56 #16 type.registry] 
New type java.util.LinkedList<domain.Usuario>

[2023-05-11 17:06:56 #17 type.registry] 
New type java.util.ArrayList<domain.Sesion>

------------------------------------------------------------------------------------------------------------------------

[2023-05-11 17:08:28 #1 store] 
Database 'C:\Users\jonetxe13\Desktop\universidad\IS\Bets21-master\src\main\resources\bets.temp' is opened by 14048@DESKTOP-490MKBR

[2023-05-11 17:08:28 #2 type.registry] 
New type domain.Actividad

[2023-05-11 17:08:28 #3 type] 
Type domain.Actividad is not enhanced.

[2023-05-11 17:08:28 #4 type.registry] 
New type domain.Encargado

[2023-05-11 17:08:28 #5 type] 
Type domain.Encargado is not enhanced.

[2023-05-11 17:08:28 #6 type.registry] 
New type domain.Usuario

[2023-05-11 17:08:28 #7 type] 
Type domain.Usuario is not enhanced.

[2023-05-11 17:08:28 #8 type.registry] 
New type domain.Sesion

[2023-05-11 17:08:28 #9 type] 
Type domain.Sesion is not enhanced.

[2023-05-11 17:08:28 #10 type.registry] 
New type domain.Sala

[2023-05-11 17:08:28 #11 type] 
Type domain.Sala is not enhanced.

[2023-05-11 17:08:28 #12 type.registry] 
New type java.util.ArrayList<java.lang.Object>

[2023-05-11 17:08:28 #13 type.registry] 
New type java.util.ArrayList<java.lang.String>

[2023-05-11 17:08:28 #14 type.registry] 
New type java.util.ArrayList<domain.Actividad>

[2023-05-11 17:08:28 #15 type.registry] 
New type java.util.LinkedList<java.lang.Object>

[2023-05-11 17:08:28 #16 type.registry] 
New type java.util.LinkedList<domain.Usuario>

[2023-05-11 17:08:28 #17 type.registry] 
New type java.util.ArrayList<domain.Sesion>

------------------------------------------------------------------------------------------------------------------------

[2023-05-11 17:23:40 #1 store] 
Database 'C:\Users\jonetxe13\Desktop\universidad\IS\Bets21-master\src\main\resources\bets.temp' is opened by 8352@DESKTOP-490MKBR

[2023-05-11 17:23:41 #2 type.registry] 
New type domain.Actividad

[2023-05-11 17:23:41 #3 type] 
Type domain.Actividad is not enhanced.

[2023-05-11 17:23:41 #4 type.registry] 
New type domain.Encargado

[2023-05-11 17:23:41 #5 type] 
Type domain.Encargado is not enhanced.

[2023-05-11 17:23:41 #6 type.registry] 
New type domain.Usuario

[2023-05-11 17:23:41 #7 type] 
Type domain.Usuario is not enhanced.

[2023-05-11 17:23:41 #8 type.registry] 
New type domain.Sesion

[2023-05-11 17:23:41 #9 type] 
Type domain.Sesion is not enhanced.

[2023-05-11 17:23:41 #10 type.registry] 
New type domain.Sala

[2023-05-11 17:23:41 #11 type] 
Type domain.Sala is not enhanced.

[2023-05-11 17:23:41 #12 type.registry] 
New type java.util.ArrayList<java.lang.Object>

[2023-05-11 17:23:41 #13 type.registry] 
New type java.util.ArrayList<java.lang.String>

[2023-05-11 17:23:41 #14 type.registry] 
New type java.util.ArrayList<domain.Actividad>

[2023-05-11 17:23:41 #15 type.registry] 
New type java.util.LinkedList<java.lang.Object>

[2023-05-11 17:23:41 #16 type.registry] 
New type java.util.LinkedList<domain.Usuario>

[2023-05-11 17:23:41 #17 type.registry] 
New type java.util.ArrayList<domain.Sesion>

------------------------------------------------------------------------------------------------------------------------

[2023-05-11 17:32:32 #1 server] 
Server on port 8080 has started by 6928@DESKTOP-490MKBR

[2023-05-11 17:32:35 #2 store] 
Database 'C:\Users\jonetxe13\Desktop\universidad\IS\Bets21-master\src\main\resources\db\src\main\resources\bets.temp' is opened by 6928@DESKTOP-490MKBR

[2023-05-11 17:33:18 #3 store] 
Database 'C:\Users\jonetxe13\Desktop\universidad\IS\Bets21-master\src\main\resources\db\src\main\resources\bets.temp' is closed by 6928@DESKTOP-490MKBR

[2023-05-11 17:33:27 #4 server] 
Server on port 8080 has stopped by 6928@DESKTOP-490MKBR

------------------------------------------------------------------------------------------------------------------------

[2023-05-11 17:39:24 #1 store] 
Database 'C:\Users\jonetxe13\Desktop\universidad\IS\Bets21-master\src\main\resources\bets.temp' is opened by 7856@DESKTOP-490MKBR

[2023-05-11 17:39:24 #2 type.registry] 
New type domain.Actividad

[2023-05-11 17:39:24 #3 type] 
Type domain.Actividad is not enhanced.

[2023-05-11 17:39:24 #4 type.registry] 
New type domain.Encargado

[2023-05-11 17:39:24 #5 type] 
Type domain.Encargado is not enhanced.

[2023-05-11 17:39:24 #6 type.registry] 
New type domain.Usuario

[2023-05-11 17:39:24 #7 type] 
Type domain.Usuario is not enhanced.

[2023-05-11 17:39:24 #8 type.registry] 
New type domain.Sesion

[2023-05-11 17:39:24 #9 type] 
Type domain.Sesion is not enhanced.

[2023-05-11 17:39:24 #10 type.registry] 
New type domain.Sala

[2023-05-11 17:39:24 #11 type] 
Type domain.Sala is not enhanced.

[2023-05-11 17:39:24 #12 type.registry] 
New type java.util.ArrayList<java.lang.Object>

[2023-05-11 17:39:24 #13 type.registry] 
New type java.util.ArrayList<java.lang.String>

[2023-05-11 17:39:24 #14 type.registry] 
New type java.util.ArrayList<domain.Actividad>

[2023-05-11 17:39:24 #15 type.registry] 
New type java.util.LinkedList<java.lang.Object>

[2023-05-11 17:39:24 #16 type.registry] 
New type java.util.LinkedList<domain.Usuario>

[2023-05-11 17:39:24 #17 type.registry] 
New type java.util.ArrayList<domain.Sesion>

------------------------------------------------------------------------------------------------------------------------

[2023-05-11 17:43:34 #1 store] 
Database 'C:\Users\jonetxe13\Desktop\universidad\IS\Bets21-master\src\main\resources\bets.temp' is opened by 12660@DESKTOP-490MKBR

[2023-05-11 17:43:34 #2 type.registry] 
New type domain.Actividad

[2023-05-11 17:43:34 #3 type] 
Type domain.Actividad is not enhanced.

[2023-05-11 17:43:34 #4 type.registry] 
New type domain.Encargado

[2023-05-11 17:43:34 #5 type] 
Type domain.Encargado is not enhanced.

[2023-05-11 17:43:34 #6 type.registry] 
New type domain.Usuario

[2023-05-11 17:43:34 #7 type] 
Type domain.Usuario is not enhanced.

[2023-05-11 17:43:34 #8 type.registry] 
New type domain.Sesion

[2023-05-11 17:43:34 #9 type] 
Type domain.Sesion is not enhanced.

[2023-05-11 17:43:34 #10 type.registry] 
New type domain.Sala

[2023-05-11 17:43:34 #11 type] 
Type domain.Sala is not enhanced.

[2023-05-11 17:43:34 #12 type.registry] 
New type java.util.ArrayList<java.lang.Object>

[2023-05-11 17:43:34 #13 type.registry] 
New type java.util.ArrayList<java.lang.String>

[2023-05-11 17:43:34 #14 type.registry] 
New type java.util.ArrayList<domain.Actividad>

[2023-05-11 17:43:34 #15 type.registry] 
New type java.util.LinkedList<java.lang.Object>

[2023-05-11 17:43:34 #16 type.registry] 
New type java.util.LinkedList<domain.Usuario>

[2023-05-11 17:43:34 #17 type.registry] 
New type java.util.ArrayList<domain.Sesion>

------------------------------------------------------------------------------------------------------------------------

[2023-05-11 17:56:53 #1 server] 
Server on port 8080 has started by 13176@DESKTOP-490MKBR

------------------------------------------------------------------------------------------------------------------------

[2023-05-11 22:23:52 #1 server] 
Server on port 8080 has started by 17704@DESKTOP-KFRJO8S

[2023-05-11 22:23:57 #2 store] 
Database 'C:\Users\jonet\OneDrive\Escritorio\universidad\IS\Bets21-master\src\main\resources\db\src\main\resources\bets.temp' is opened by 17704@DESKTOP-KFRJO8S

[2023-05-11 22:23:58 #3 store] 
Database 'C:\Users\jonet\OneDrive\Escritorio\universidad\IS\Bets21-master\src\main\resources\db\src\main\resources\bets.temp' is closed by 17704@DESKTOP-KFRJO8S

[2023-05-11 22:24:02 #4 store] 
Database 'C:\Users\jonet\OneDrive\Escritorio\universidad\IS\Bets21-master\src\main\resources\db\src\main\resources\bets.temp' is opened by 17704@DESKTOP-KFRJO8S

[2023-05-11 22:24:03 #5 store] 
Database 'C:\Users\jonet\OneDrive\Escritorio\universidad\IS\Bets21-master\src\main\resources\db\src\main\resources\bets.temp' is closed by 17704@DESKTOP-KFRJO8S

[2023-05-11 22:24:17 #6 store] 
Database 'C:\Users\jonet\OneDrive\Escritorio\universidad\IS\Bets21-master\src\main\resources\db\src\main\resources\bets.temp' is opened by 17704@DESKTOP-KFRJO8S

[2023-05-11 22:24:18 #7 store] 
Database 'C:\Users\jonet\OneDrive\Escritorio\universidad\IS\Bets21-master\src\main\resources\db\src\main\resources\bets.temp' is closed by 17704@DESKTOP-KFRJO8S

[2023-05-11 22:24:23 #8 server] 
Server on port 8080 has stopped by 17704@DESKTOP-KFRJO8S

------------------------------------------------------------------------------------------------------------------------

[2023-05-11 22:24:25 #1 server] 
Server on port 8080 has started by 21516@DESKTOP-KFRJO8S

[2023-05-11 22:24:26 #2 store] 
Database 'C:\Users\jonet\OneDrive\Escritorio\universidad\IS\Bets21-master\src\main\resources\db\src\main\resources\bets.temp' is opened by 21516@DESKTOP-KFRJO8S

[2023-05-11 22:24:27 #3 store] 
Database 'C:\Users\jonet\OneDrive\Escritorio\universidad\IS\Bets21-master\src\main\resources\db\src\main\resources\bets.temp' is closed by 21516@DESKTOP-KFRJO8S

[2023-05-11 22:24:32 #4 server] 
Server on port 8080 has stopped by 21516@DESKTOP-KFRJO8S

------------------------------------------------------------------------------------------------------------------------

[2023-05-11 22:26:45 #1 server] 
Server on port 8080 has started by 5276@DESKTOP-KFRJO8S

[2023-05-11 22:26:59 #2 store] 
Database 'C:\Users\jonet\OneDrive\Escritorio\universidad\IS\Bets21-master\src\main\resources\db\src\main\resources\bets.temp' is opened by 5276@DESKTOP-KFRJO8S

[2023-05-11 22:27:00 #3 store] 
Database 'C:\Users\jonet\OneDrive\Escritorio\universidad\IS\Bets21-master\src\main\resources\db\src\main\resources\bets.temp' is closed by 5276@DESKTOP-KFRJO8S

[2023-05-11 22:28:39 #4 server] 
Server on port 8080 has stopped by 5276@DESKTOP-KFRJO8S

------------------------------------------------------------------------------------------------------------------------

[2023-05-11 22:29:48 #1 server] 
Server on port 8080 has started by 22504@DESKTOP-KFRJO8S

[2023-05-11 22:29:49 #2 store] 
Database 'C:\Users\jonet\OneDrive\Escritorio\universidad\IS\Bets21-master\src\main\resources\db\src\main\resources\bets.temp' is opened by 22504@DESKTOP-KFRJO8S

[2023-05-11 22:29:50 #3 store] 
Database 'C:\Users\jonet\OneDrive\Escritorio\universidad\IS\Bets21-master\src\main\resources\db\src\main\resources\bets.temp' is closed by 22504@DESKTOP-KFRJO8S

[2023-05-11 22:30:06 #4 store] 
Database 'C:\Users\jonet\OneDrive\Escritorio\universidad\IS\Bets21-master\src\main\resources\db\src\main\resources\bets.temp' is opened by 22504@DESKTOP-KFRJO8S

[2023-05-11 22:30:07 #5 store] 
Database 'C:\Users\jonet\OneDrive\Escritorio\universidad\IS\Bets21-master\src\main\resources\db\src\main\resources\bets.temp' is closed by 22504@DESKTOP-KFRJO8S

------------------------------------------------------------------------------------------------------------------------

[2023-05-11 22:30:35 #1 store] 
Database 'C:\Users\jonet\OneDrive\Escritorio\universidad\IS\Bets21-master\src\main\resources\bets.temp' is opened by 18772@DESKTOP-KFRJO8S

[2023-05-11 22:30:36 #2 type.registry] 
New type domain.Actividad

[2023-05-11 22:30:36 #3 type] 
Type domain.Actividad is not enhanced.

[2023-05-11 22:30:36 #4 type.registry] 
New type domain.Encargado

[2023-05-11 22:30:36 #5 type] 
Type domain.Encargado is not enhanced.

[2023-05-11 22:30:36 #6 type.registry] 
New type domain.Usuario

[2023-05-11 22:30:36 #7 type] 
Type domain.Usuario is not enhanced.

[2023-05-11 22:30:36 #8 type.registry] 
New type domain.Sesion

[2023-05-11 22:30:36 #9 type] 
Type domain.Sesion is not enhanced.

[2023-05-11 22:30:36 #10 type.registry] 
New type domain.Sala

[2023-05-11 22:30:36 #11 type] 
Type domain.Sala is not enhanced.

[2023-05-11 22:30:36 #12 type.registry] 
New type java.util.ArrayList<java.lang.Object>

[2023-05-11 22:30:36 #13 type.registry] 
New type java.util.ArrayList<java.lang.String>

[2023-05-11 22:30:36 #14 type.registry] 
New type java.util.ArrayList<domain.Actividad>

[2023-05-11 22:30:36 #15 type.registry] 
New type java.util.LinkedList<java.lang.Object>

[2023-05-11 22:30:36 #16 type.registry] 
New type java.util.LinkedList<domain.Usuario>

[2023-05-11 22:30:36 #17 type.registry] 
New type java.util.ArrayList<domain.Sesion>

------------------------------------------------------------------------------------------------------------------------

[2023-05-11 22:34:54 #1 store] 
Database 'C:\Users\jonet\OneDrive\Escritorio\universidad\IS\Bets21-master\src\main\resources\bets.temp' is opened by 1836@DESKTOP-KFRJO8S

[2023-05-11 22:34:54 #2 type.registry] 
New type domain.Actividad

[2023-05-11 22:34:54 #3 type] 
Type domain.Actividad is not enhanced.

[2023-05-11 22:34:54 #4 type.registry] 
New type domain.Encargado

[2023-05-11 22:34:54 #5 type] 
Type domain.Encargado is not enhanced.

[2023-05-11 22:34:54 #6 type.registry] 
New type domain.Usuario

[2023-05-11 22:34:54 #7 type] 
Type domain.Usuario is not enhanced.

[2023-05-11 22:34:54 #8 type.registry] 
New type domain.Sesion

[2023-05-11 22:34:54 #9 type] 
Type domain.Sesion is not enhanced.

[2023-05-11 22:34:54 #10 type.registry] 
New type domain.Sala

[2023-05-11 22:34:54 #11 type] 
Type domain.Sala is not enhanced.

[2023-05-11 22:34:54 #12 type.registry] 
New type java.util.ArrayList<java.lang.Object>

[2023-05-11 22:34:54 #13 type.registry] 
New type java.util.ArrayList<java.lang.String>

[2023-05-11 22:34:54 #14 type.registry] 
New type java.util.ArrayList<domain.Actividad>

[2023-05-11 22:34:54 #15 type.registry] 
New type java.util.LinkedList<java.lang.Object>

[2023-05-11 22:34:54 #16 type.registry] 
New type java.util.LinkedList<domain.Usuario>

[2023-05-11 22:34:54 #17 type.registry] 
New type java.util.ArrayList<domain.Sesion>

------------------------------------------------------------------------------------------------------------------------

[2023-05-11 22:38:32 #1 server] 
Server on port 8080 has started by 8632@DESKTOP-KFRJO8S

[2023-05-11 22:38:34 #2 store] 
Database 'C:\Users\jonet\OneDrive\Escritorio\universidad\IS\Bets21-master\src\main\resources\db\src\main\resources\bets.temp' is opened by 8632@DESKTOP-KFRJO8S

[2023-05-11 22:38:35 #3 store] 
Database 'C:\Users\jonet\OneDrive\Escritorio\universidad\IS\Bets21-master\src\main\resources\db\src\main\resources\bets.temp' is closed by 8632@DESKTOP-KFRJO8S

------------------------------------------------------------------------------------------------------------------------

[2023-05-11 22:45:52 #1 server] 
java.net.BindException: Address already in use: bind
	at java.base/sun.nio.ch.Net.bind0(Native Method)
	at java.base/sun.nio.ch.Net.bind(Net.java:555)
	at java.base/sun.nio.ch.Net.bind(Net.java:544)
	at java.base/sun.nio.ch.NioSocketImpl.bind(NioSocketImpl.java:640)
	at java.base/java.net.ServerSocket.bind(ServerSocket.java:392)
	at java.base/java.net.ServerSocket.<init>(ServerSocket.java:274)
	at java.base/java.net.ServerSocket.<init>(ServerSocket.java:218)
	at com.objectdb.o.SMR.I(SMR.java:259)
	at com.objectdb.o.SMR.n(SMR.java:159)
	at com.objectdb.o.TOL.run(TOL.java:116)
	at com.objectdb.Server.runCommand(Server.java:200)
	at com.objectdb.Server.run(Server.java:104)
	at com.objectdb.Server.main(Server.java:63)

[2023-05-11 22:45:53 #4 store] 
Database 'C:\Users\jonet\OneDrive\Escritorio\universidad\IS\Bets21-master\src\main\resources\db\src\main\resources\bets.temp' is opened by 8632@DESKTOP-KFRJO8S

[2023-05-11 22:45:54 #5 store] 
Database 'C:\Users\jonet\OneDrive\Escritorio\universidad\IS\Bets21-master\src\main\resources\db\src\main\resources\bets.temp' is closed by 8632@DESKTOP-KFRJO8S

------------------------------------------------------------------------------------------------------------------------

[2023-05-11 22:48:23 #1 server] 
Server on port 8080 has started by 9700@DESKTOP-KFRJO8S

[2023-05-11 22:48:28 #2 store] 
Database 'C:\Users\jonet\OneDrive\Escritorio\universidad\IS\Bets21-master\src\main\resources\db\src\main\resources\bets.temp' is opened by 9700@DESKTOP-KFRJO8S

[2023-05-11 22:48:29 #3 store] 
Database 'C:\Users\jonet\OneDrive\Escritorio\universidad\IS\Bets21-master\src\main\resources\db\src\main\resources\bets.temp' is closed by 9700@DESKTOP-KFRJO8S

[2023-05-11 22:48:43 #4 store] 
Database 'C:\Users\jonet\OneDrive\Escritorio\universidad\IS\Bets21-master\src\main\resources\db\src\main\resources\bets.temp' is opened by 9700@DESKTOP-KFRJO8S

[2023-05-11 22:48:44 #5 store] 
Database 'C:\Users\jonet\OneDrive\Escritorio\universidad\IS\Bets21-master\src\main\resources\db\src\main\resources\bets.temp' is closed by 9700@DESKTOP-KFRJO8S

[2023-05-11 22:52:02 #6 store] 
Database 'C:\Users\jonet\OneDrive\Escritorio\universidad\IS\Bets21-master\src\main\resources\db\src\main\resources\bets.temp' is opened by 9700@DESKTOP-KFRJO8S

------------------------------------------------------------------------------------------------------------------------

[2023-05-11 22:52:02 #1 type.registry] 
New type domain.Actividad

[2023-05-11 22:52:02 #2 type] 
Type domain.Actividad is not enhanced.

[2023-05-11 22:52:02 #3 type.registry] 
New type domain.Encargado

[2023-05-11 22:52:02 #4 type] 
Type domain.Encargado is not enhanced.

[2023-05-11 22:52:02 #5 type.registry] 
New type domain.Usuario

[2023-05-11 22:52:02 #6 type] 
Type domain.Usuario is not enhanced.

[2023-05-11 22:52:02 #7 type.registry] 
New type domain.Sesion

[2023-05-11 22:52:02 #8 type] 
Type domain.Sesion is not enhanced.

[2023-05-11 22:52:02 #9 type.registry] 
New type domain.Sala

[2023-05-11 22:52:02 #10 type] 
Type domain.Sala is not enhanced.

[2023-05-11 22:52:02 #11 type.registry] 
New type java.util.ArrayList<java.lang.Object>

[2023-05-11 22:52:02 #12 type.registry] 
New type java.util.ArrayList<java.lang.String>

[2023-05-11 22:52:02 #13 type.registry] 
New type java.util.ArrayList<domain.Actividad>

[2023-05-11 22:52:02 #14 type.registry] 
New type java.util.LinkedList<java.lang.Object>

[2023-05-11 22:52:02 #15 type.registry] 
New type java.util.LinkedList<domain.Usuario>

[2023-05-11 22:52:02 #16 type.registry] 
New type java.util.ArrayList<domain.Sesion>

[2023-05-11 22:52:19 #7 store] 
Database 'C:\Users\jonet\OneDrive\Escritorio\universidad\IS\Bets21-master\src\main\resources\db\src\main\resources\bets.temp' is closed by 9700@DESKTOP-KFRJO8S

[2023-05-11 22:53:13 #8 store] 
Database 'C:\Users\jonet\OneDrive\Escritorio\universidad\IS\Bets21-master\src\main\resources\db\src\main\resources\bets.temp' is opened by 9700@DESKTOP-KFRJO8S

------------------------------------------------------------------------------------------------------------------------

[2023-05-11 22:53:13 #1 type.registry] 
New type domain.Actividad

[2023-05-11 22:53:13 #2 type] 
Type domain.Actividad is not enhanced.

[2023-05-11 22:53:13 #3 type.registry] 
New type domain.Encargado

[2023-05-11 22:53:13 #4 type] 
Type domain.Encargado is not enhanced.

[2023-05-11 22:53:13 #5 type.registry] 
New type domain.Usuario

[2023-05-11 22:53:13 #6 type] 
Type domain.Usuario is not enhanced.

[2023-05-11 22:53:13 #7 type.registry] 
New type domain.Sesion

[2023-05-11 22:53:13 #8 type] 
Type domain.Sesion is not enhanced.

[2023-05-11 22:53:13 #9 type.registry] 
New type domain.Sala

[2023-05-11 22:53:13 #10 type] 
Type domain.Sala is not enhanced.

[2023-05-11 22:53:13 #11 type.registry] 
New type java.util.ArrayList<java.lang.Object>

[2023-05-11 22:53:13 #12 type.registry] 
New type java.util.ArrayList<java.lang.String>

[2023-05-11 22:53:13 #13 type.registry] 
New type java.util.ArrayList<domain.Actividad>

[2023-05-11 22:53:13 #14 type.registry] 
New type java.util.LinkedList<java.lang.Object>

[2023-05-11 22:53:13 #15 type.registry] 
New type java.util.LinkedList<domain.Usuario>

[2023-05-11 22:53:13 #16 type.registry] 
New type java.util.ArrayList<domain.Sesion>

[2023-05-11 22:53:21 #9 store] 
Database 'C:\Users\jonet\OneDrive\Escritorio\universidad\IS\Bets21-master\src\main\resources\db\src\main\resources\bets.temp' is closed by 9700@DESKTOP-KFRJO8S

------------------------------------------------------------------------------------------------------------------------

[2023-05-11 22:56:15 #1 server] 
java.net.BindException: Address already in use: bind
	at java.base/sun.nio.ch.Net.bind0(Native Method)
	at java.base/sun.nio.ch.Net.bind(Net.java:555)
	at java.base/sun.nio.ch.Net.bind(Net.java:544)
	at java.base/sun.nio.ch.NioSocketImpl.bind(NioSocketImpl.java:640)
	at java.base/java.net.ServerSocket.bind(ServerSocket.java:392)
	at java.base/java.net.ServerSocket.<init>(ServerSocket.java:274)
	at java.base/java.net.ServerSocket.<init>(ServerSocket.java:218)
	at com.objectdb.o.SMR.I(SMR.java:259)
	at com.objectdb.o.SMR.n(SMR.java:159)
	at com.objectdb.o.TOL.run(TOL.java:116)
	at com.objectdb.Server.runCommand(Server.java:200)
	at com.objectdb.Server.run(Server.java:104)
	at com.objectdb.Server.main(Server.java:63)

------------------------------------------------------------------------------------------------------------------------

[2023-05-11 22:56:41 #1 server] 
Server on port 8080 has started by 22908@DESKTOP-KFRJO8S

[2023-05-11 22:57:13 #2 store] 
Database 'C:\Users\jonet\OneDrive\Escritorio\universidad\IS\Bets21-master\src\main\resources\db\src\main\resources\bets.temp' is opened by 22908@DESKTOP-KFRJO8S

[2023-05-11 22:57:14 #3 store] 
Database 'C:\Users\jonet\OneDrive\Escritorio\universidad\IS\Bets21-master\src\main\resources\db\src\main\resources\bets.temp' is closed by 22908@DESKTOP-KFRJO8S

[2023-05-11 22:58:29 #4 store] 
Database 'C:\Users\jonet\OneDrive\Escritorio\universidad\IS\Bets21-master\src\main\resources\db\src\main\resources\bets.temp' is opened by 22908@DESKTOP-KFRJO8S

------------------------------------------------------------------------------------------------------------------------

[2023-05-11 22:58:29 #1 type.registry] 
New type domain.Actividad

[2023-05-11 22:58:29 #2 type] 
Type domain.Actividad is not enhanced.

[2023-05-11 22:58:29 #3 type.registry] 
New type domain.Encargado

[2023-05-11 22:58:29 #4 type] 
Type domain.Encargado is not enhanced.

[2023-05-11 22:58:29 #5 type.registry] 
New type domain.Usuario

[2023-05-11 22:58:29 #6 type] 
Type domain.Usuario is not enhanced.

[2023-05-11 22:58:29 #7 type.registry] 
New type domain.Sesion

[2023-05-11 22:58:29 #8 type] 
Type domain.Sesion is not enhanced.

[2023-05-11 22:58:29 #9 type.registry] 
New type domain.Sala

[2023-05-11 22:58:29 #10 type] 
Type domain.Sala is not enhanced.

[2023-05-11 22:58:29 #11 type.registry] 
New type java.util.ArrayList<java.lang.Object>

[2023-05-11 22:58:29 #12 type.registry] 
New type java.util.ArrayList<java.lang.String>

[2023-05-11 22:58:29 #13 type.registry] 
New type java.util.ArrayList<domain.Actividad>

[2023-05-11 22:58:29 #14 type.registry] 
New type java.util.LinkedList<java.lang.Object>

[2023-05-11 22:58:29 #15 type.registry] 
New type java.util.LinkedList<domain.Usuario>

[2023-05-11 22:58:29 #16 type.registry] 
New type java.util.ArrayList<domain.Sesion>

[2023-05-11 22:58:39 #5 store] 
Database 'C:\Users\jonet\OneDrive\Escritorio\universidad\IS\Bets21-master\src\main\resources\db\src\main\resources\bets.temp' is closed by 22908@DESKTOP-KFRJO8S

------------------------------------------------------------------------------------------------------------------------

[2023-05-11 22:59:15 #1 server] 
java.net.BindException: Address already in use: bind
	at java.base/sun.nio.ch.Net.bind0(Native Method)
	at java.base/sun.nio.ch.Net.bind(Net.java:555)
	at java.base/sun.nio.ch.Net.bind(Net.java:544)
	at java.base/sun.nio.ch.NioSocketImpl.bind(NioSocketImpl.java:643)
	at java.base/java.net.ServerSocket.bind(ServerSocket.java:388)
	at java.base/java.net.ServerSocket.<init>(ServerSocket.java:274)
	at java.base/java.net.ServerSocket.<init>(ServerSocket.java:218)
	at com.objectdb.o.SMR.I(SMR.java:259)
	at com.objectdb.o.SMR.n(SMR.java:159)
	at com.objectdb.o.TOL.run(TOL.java:116)
	at com.objectdb.Server.runCommand(Server.java:200)
	at com.objectdb.Server.run(Server.java:104)
	at com.objectdb.Server.main(Server.java:63)

[2023-05-11 22:59:28 #6 store] 
Database 'C:\Users\jonet\OneDrive\Escritorio\universidad\IS\Bets21-master\src\main\resources\db\src\main\resources\bets.temp' is opened by 22908@DESKTOP-KFRJO8S

------------------------------------------------------------------------------------------------------------------------

[2023-05-11 22:59:28 #1 type.registry] 
New type domain.Actividad

[2023-05-11 22:59:28 #2 type] 
Type domain.Actividad is not enhanced.

[2023-05-11 22:59:28 #3 type.registry] 
New type domain.Encargado

[2023-05-11 22:59:28 #4 type] 
Type domain.Encargado is not enhanced.

[2023-05-11 22:59:28 #5 type.registry] 
New type domain.Usuario

[2023-05-11 22:59:28 #6 type] 
Type domain.Usuario is not enhanced.

[2023-05-11 22:59:28 #7 type.registry] 
New type domain.Sesion

[2023-05-11 22:59:28 #8 type] 
Type domain.Sesion is not enhanced.

[2023-05-11 22:59:28 #9 type.registry] 
New type domain.Sala

[2023-05-11 22:59:28 #10 type] 
Type domain.Sala is not enhanced.

[2023-05-11 22:59:28 #11 type.registry] 
New type java.util.ArrayList<java.lang.Object>

[2023-05-11 22:59:28 #12 type.registry] 
New type java.util.ArrayList<java.lang.String>

[2023-05-11 22:59:28 #13 type.registry] 
New type java.util.ArrayList<domain.Actividad>

[2023-05-11 22:59:28 #14 type.registry] 
New type java.util.LinkedList<java.lang.Object>

[2023-05-11 22:59:28 #15 type.registry] 
New type java.util.LinkedList<domain.Usuario>

[2023-05-11 22:59:28 #16 type.registry] 
New type java.util.ArrayList<domain.Sesion>

[2023-05-11 22:59:56 #7 store] 
Database 'C:\Users\jonet\OneDrive\Escritorio\universidad\IS\Bets21-master\src\main\resources\db\src\main\resources\bets.temp' is closed by 22908@DESKTOP-KFRJO8S

[2023-05-11 22:59:56 #8 server] 
Server on port 8080 has stopped by 22908@DESKTOP-KFRJO8S

------------------------------------------------------------------------------------------------------------------------

[2023-05-11 23:00:21 #1 server] 
Server on port 8080 has started by 6604@DESKTOP-KFRJO8S

[2023-05-11 23:00:31 #2 store] 
Database 'C:\Users\jonet\OneDrive\Escritorio\universidad\IS\Bets21-master\src\main\resources\db\src\main\resources\bets.temp' is opened by 6604@DESKTOP-KFRJO8S

------------------------------------------------------------------------------------------------------------------------

[2023-05-11 23:00:31 #1 type.registry] 
New type domain.Actividad

[2023-05-11 23:00:31 #2 type] 
Type domain.Actividad is not enhanced.

[2023-05-11 23:00:31 #3 type.registry] 
New type domain.Encargado

[2023-05-11 23:00:31 #4 type] 
Type domain.Encargado is not enhanced.

[2023-05-11 23:00:31 #5 type.registry] 
New type domain.Usuario

[2023-05-11 23:00:31 #6 type] 
Type domain.Usuario is not enhanced.

[2023-05-11 23:00:31 #7 type.registry] 
New type domain.Sesion

[2023-05-11 23:00:31 #8 type] 
Type domain.Sesion is not enhanced.

[2023-05-11 23:00:31 #9 type.registry] 
New type domain.Sala

[2023-05-11 23:00:31 #10 type] 
Type domain.Sala is not enhanced.

[2023-05-11 23:00:31 #11 type.registry] 
New type java.util.ArrayList<java.lang.Object>

[2023-05-11 23:00:31 #12 type.registry] 
New type java.util.ArrayList<java.lang.String>

[2023-05-11 23:00:31 #13 type.registry] 
New type java.util.ArrayList<domain.Actividad>

[2023-05-11 23:00:31 #14 type.registry] 
New type java.util.LinkedList<java.lang.Object>

[2023-05-11 23:00:31 #15 type.registry] 
New type java.util.LinkedList<domain.Usuario>

[2023-05-11 23:00:31 #16 type.registry] 
New type java.util.ArrayList<domain.Sesion>

[2023-05-11 23:02:39 #3 store] 
Database 'C:\Users\jonet\OneDrive\Escritorio\universidad\IS\Bets21-master\src\main\resources\db\src\main\resources\bets.temp' is closed by 6604@DESKTOP-KFRJO8S

[2023-05-11 23:02:39 #4 server] 
Server on port 8080 has stopped by 6604@DESKTOP-KFRJO8S

------------------------------------------------------------------------------------------------------------------------

[2023-05-11 23:02:52 #1 server] 
Server on port 8080 has started by 22372@DESKTOP-KFRJO8S

[2023-05-11 23:02:53 #2 store] 
Database 'C:\Users\jonet\OneDrive\Escritorio\universidad\IS\Bets21-master\src\main\resources\db\src\main\resources\bets.temp' is opened by 22372@DESKTOP-KFRJO8S

[2023-05-11 23:02:54 #3 store] 
Database 'C:\Users\jonet\OneDrive\Escritorio\universidad\IS\Bets21-master\src\main\resources\db\src\main\resources\bets.temp' is closed by 22372@DESKTOP-KFRJO8S

[2023-05-11 23:02:55 #4 store] 
Database 'C:\Users\jonet\OneDrive\Escritorio\universidad\IS\Bets21-master\src\main\resources\db\src\main\resources\bets.temp' is opened by 22372@DESKTOP-KFRJO8S

[2023-05-11 23:02:56 #5 store] 
Database 'C:\Users\jonet\OneDrive\Escritorio\universidad\IS\Bets21-master\src\main\resources\db\src\main\resources\bets.temp' is closed by 22372@DESKTOP-KFRJO8S

------------------------------------------------------------------------------------------------------------------------

[2023-05-11 23:03:01 #1 server] 
java.net.BindException: Address already in use: bind
	at java.base/sun.nio.ch.Net.bind0(Native Method)
	at java.base/sun.nio.ch.Net.bind(Net.java:555)
	at java.base/sun.nio.ch.Net.bind(Net.java:544)
	at java.base/sun.nio.ch.NioSocketImpl.bind(NioSocketImpl.java:640)
	at java.base/java.net.ServerSocket.bind(ServerSocket.java:392)
	at java.base/java.net.ServerSocket.<init>(ServerSocket.java:274)
	at java.base/java.net.ServerSocket.<init>(ServerSocket.java:218)
	at com.objectdb.o.SMR.I(SMR.java:259)
	at com.objectdb.o.SMR.n(SMR.java:159)
	at com.objectdb.o.TOL.run(TOL.java:116)
	at com.objectdb.Server.runCommand(Server.java:200)
	at com.objectdb.Server.run(Server.java:104)
	at com.objectdb.Server.main(Server.java:63)

------------------------------------------------------------------------------------------------------------------------

[2023-05-11 23:06:18 #1 server] 
Server on port 8080 has started by 11888@DESKTOP-KFRJO8S

[2023-05-11 23:06:27 #2 store] 
Database 'C:\Users\jonet\OneDrive\Escritorio\universidad\IS\Bets21-master\src\main\resources\db\src\main\resources\bets.temp' is opened by 11888@DESKTOP-KFRJO8S

[2023-05-11 23:06:28 #3 store] 
Database 'C:\Users\jonet\OneDrive\Escritorio\universidad\IS\Bets21-master\src\main\resources\db\src\main\resources\bets.temp' is closed by 11888@DESKTOP-KFRJO8S

[2023-05-11 23:14:00 #4 store] 
Database 'C:\Users\jonet\OneDrive\Escritorio\universidad\IS\Bets21-master\src\main\resources\db\src\main\resources\bets.temp' is opened by 11888@DESKTOP-KFRJO8S

[2023-05-11 23:14:01 #5 store] 
Database 'C:\Users\jonet\OneDrive\Escritorio\universidad\IS\Bets21-master\src\main\resources\db\src\main\resources\bets.temp' is closed by 11888@DESKTOP-KFRJO8S

------------------------------------------------------------------------------------------------------------------------

[2023-05-11 23:16:39 #1 server] 
java.net.BindException: Address already in use: bind
	at java.base/sun.nio.ch.Net.bind0(Native Method)
	at java.base/sun.nio.ch.Net.bind(Net.java:555)
	at java.base/sun.nio.ch.Net.bind(Net.java:544)
	at java.base/sun.nio.ch.NioSocketImpl.bind(NioSocketImpl.java:643)
	at java.base/java.net.ServerSocket.bind(ServerSocket.java:388)
	at java.base/java.net.ServerSocket.<init>(ServerSocket.java:274)
	at java.base/java.net.ServerSocket.<init>(ServerSocket.java:218)
	at com.objectdb.o.SMR.I(SMR.java:259)
	at com.objectdb.o.SMR.n(SMR.java:159)
	at com.objectdb.o.TOL.run(TOL.java:116)
	at com.objectdb.Server.runCommand(Server.java:200)
	at com.objectdb.Server.run(Server.java:104)
	at com.objectdb.Server.main(Server.java:63)

[2023-05-11 23:16:43 #6 store] 
Database 'C:\Users\jonet\OneDrive\Escritorio\universidad\IS\Bets21-master\src\main\resources\db\src\main\resources\bets.temp' is opened by 11888@DESKTOP-KFRJO8S

------------------------------------------------------------------------------------------------------------------------

[2023-05-11 23:16:43 #1 type.registry] 
New type domain.Actividad

[2023-05-11 23:16:43 #2 type] 
Type domain.Actividad is not enhanced.

[2023-05-11 23:16:43 #3 type.registry] 
New type domain.Encargado

[2023-05-11 23:16:43 #4 type] 
Type domain.Encargado is not enhanced.

[2023-05-11 23:16:43 #5 type.registry] 
New type domain.Usuario

[2023-05-11 23:16:43 #6 type] 
Type domain.Usuario is not enhanced.

[2023-05-11 23:16:43 #7 type.registry] 
New type domain.Sesion

[2023-05-11 23:16:43 #8 type] 
Type domain.Sesion is not enhanced.

[2023-05-11 23:16:43 #9 type.registry] 
New type domain.Sala

[2023-05-11 23:16:43 #10 type] 
Type domain.Sala is not enhanced.

[2023-05-11 23:16:43 #11 type.registry] 
New type java.util.ArrayList<java.lang.Object>

[2023-05-11 23:16:43 #12 type.registry] 
New type java.util.ArrayList<java.lang.String>

[2023-05-11 23:16:43 #13 type.registry] 
New type java.util.ArrayList<domain.Actividad>

[2023-05-11 23:16:43 #14 type.registry] 
New type java.util.LinkedList<java.lang.Object>

[2023-05-11 23:16:43 #15 type.registry] 
New type java.util.LinkedList<domain.Usuario>

[2023-05-11 23:16:43 #16 type.registry] 
New type java.util.ArrayList<domain.Sesion>

[2023-05-11 23:17:16 #7 store] 
Database 'C:\Users\jonet\OneDrive\Escritorio\universidad\IS\Bets21-master\src\main\resources\db\src\main\resources\bets.temp' is closed by 11888@DESKTOP-KFRJO8S

[2023-05-11 23:18:44 #8 server] 
Server on port 8080 has stopped by 11888@DESKTOP-KFRJO8S

------------------------------------------------------------------------------------------------------------------------

[2023-05-11 23:20:58 #1 server] 
Server on port 8080 has started by 20848@DESKTOP-KFRJO8S

[2023-05-11 23:21:01 #2 store] 
Database 'C:\Users\jonet\OneDrive\Escritorio\universidad\IS\Bets21-master\src\main\resources\db\src\main\resources\bets.temp' is opened by 20848@DESKTOP-KFRJO8S

------------------------------------------------------------------------------------------------------------------------

[2023-05-11 23:21:02 #1 type.registry] 
New type domain.Actividad

[2023-05-11 23:21:02 #2 type] 
Type domain.Actividad is not enhanced.

[2023-05-11 23:21:02 #3 type.registry] 
New type domain.Encargado

[2023-05-11 23:21:02 #4 type] 
Type domain.Encargado is not enhanced.

[2023-05-11 23:21:02 #5 type.registry] 
New type domain.Usuario

[2023-05-11 23:21:02 #6 type] 
Type domain.Usuario is not enhanced.

[2023-05-11 23:21:02 #7 type.registry] 
New type domain.Sesion

[2023-05-11 23:21:02 #8 type] 
Type domain.Sesion is not enhanced.

[2023-05-11 23:21:02 #9 type.registry] 
New type domain.Sala

[2023-05-11 23:21:02 #10 type] 
Type domain.Sala is not enhanced.

[2023-05-11 23:21:02 #11 type.registry] 
New type java.util.ArrayList<java.lang.Object>

[2023-05-11 23:21:02 #12 type.registry] 
New type java.util.ArrayList<java.lang.String>

[2023-05-11 23:21:02 #13 type.registry] 
New type java.util.ArrayList<domain.Actividad>

[2023-05-11 23:21:02 #14 type.registry] 
New type java.util.LinkedList<java.lang.Object>

[2023-05-11 23:21:02 #15 type.registry] 
New type java.util.LinkedList<domain.Usuario>

[2023-05-11 23:21:02 #16 type.registry] 
New type java.util.ArrayList<domain.Sesion>

[2023-05-11 23:22:45 #3 store] 
Database 'C:\Users\jonet\OneDrive\Escritorio\universidad\IS\Bets21-master\src\main\resources\db\src\main\resources\bets.temp' is closed by 20848@DESKTOP-KFRJO8S

[2023-05-11 23:22:53 #4 server] 
Server on port 8080 has stopped by 20848@DESKTOP-KFRJO8S

------------------------------------------------------------------------------------------------------------------------

[2023-05-11 23:24:28 #1 server] 
Server on port 8080 has started by 6736@DESKTOP-KFRJO8S

[2023-05-11 23:24:31 #2 store] 
Database 'C:\Users\jonet\OneDrive\Escritorio\universidad\IS\Bets21-master\src\main\resources\db\src\main\resources\bets.temp' is opened by 6736@DESKTOP-KFRJO8S

------------------------------------------------------------------------------------------------------------------------

[2023-05-11 23:24:31 #1 type.registry] 
New type domain.Actividad

[2023-05-11 23:24:31 #2 type] 
Type domain.Actividad is not enhanced.

[2023-05-11 23:24:31 #3 type.registry] 
New type domain.Encargado

[2023-05-11 23:24:31 #4 type] 
Type domain.Encargado is not enhanced.

[2023-05-11 23:24:31 #5 type.registry] 
New type domain.Usuario

[2023-05-11 23:24:31 #6 type] 
Type domain.Usuario is not enhanced.

[2023-05-11 23:24:31 #7 type.registry] 
New type domain.Sesion

[2023-05-11 23:24:31 #8 type] 
Type domain.Sesion is not enhanced.

[2023-05-11 23:24:31 #9 type.registry] 
New type domain.Sala

[2023-05-11 23:24:31 #10 type] 
Type domain.Sala is not enhanced.

[2023-05-11 23:24:31 #11 type.registry] 
New type java.util.ArrayList<java.lang.Object>

[2023-05-11 23:24:31 #12 type.registry] 
New type java.util.ArrayList<java.lang.String>

[2023-05-11 23:24:31 #13 type.registry] 
New type java.util.ArrayList<domain.Actividad>

[2023-05-11 23:24:31 #14 type.registry] 
New type java.util.LinkedList<java.lang.Object>

[2023-05-11 23:24:31 #15 type.registry] 
New type java.util.LinkedList<domain.Usuario>

[2023-05-11 23:24:31 #16 type.registry] 
New type java.util.ArrayList<domain.Sesion>

------------------------------------------------------------------------------------------------------------------------

[2023-05-11 23:32:02 #1 server] 
java.net.BindException: Address already in use: bind
	at java.base/sun.nio.ch.Net.bind0(Native Method)
	at java.base/sun.nio.ch.Net.bind(Net.java:555)
	at java.base/sun.nio.ch.Net.bind(Net.java:544)
	at java.base/sun.nio.ch.NioSocketImpl.bind(NioSocketImpl.java:643)
	at java.base/java.net.ServerSocket.bind(ServerSocket.java:388)
	at java.base/java.net.ServerSocket.<init>(ServerSocket.java:274)
	at java.base/java.net.ServerSocket.<init>(ServerSocket.java:218)
	at com.objectdb.o.SMR.I(SMR.java:259)
	at com.objectdb.o.SMR.n(SMR.java:159)
	at com.objectdb.o.TOL.run(TOL.java:116)
	at com.objectdb.Server.runCommand(Server.java:200)
	at com.objectdb.Server.run(Server.java:104)
	at com.objectdb.Server.main(Server.java:63)

------------------------------------------------------------------------------------------------------------------------

[2023-05-11 23:32:07 #1 type] 
Type domain.Actividad is not enhanced.

[2023-05-11 23:32:07 #2 type] 
Type domain.Encargado is not enhanced.

[2023-05-11 23:32:07 #3 type] 
Type domain.Usuario is not enhanced.

[2023-05-11 23:32:07 #4 type] 
Type domain.Sesion is not enhanced.

[2023-05-11 23:32:07 #5 type] 
Type domain.Sala is not enhanced.

------------------------------------------------------------------------------------------------------------------------

[2023-05-11 23:32:21 #1 server] 
Server on port 8080 has started by 7328@DESKTOP-KFRJO8S

[2023-05-11 23:32:26 #2 store] 
Database 'C:\Users\jonet\OneDrive\Escritorio\universidad\IS\Bets21-master\src\main\resources\db\src\main\resources\bets.temp' is opened by 7328@DESKTOP-KFRJO8S

------------------------------------------------------------------------------------------------------------------------

[2023-05-11 23:32:26 #1 type.registry] 
New type domain.Actividad

[2023-05-11 23:32:26 #2 type] 
Type domain.Actividad is not enhanced.

[2023-05-11 23:32:26 #3 type.registry] 
New type domain.Encargado

[2023-05-11 23:32:26 #4 type] 
Type domain.Encargado is not enhanced.

[2023-05-11 23:32:26 #5 type.registry] 
New type domain.Usuario

[2023-05-11 23:32:26 #6 type] 
Type domain.Usuario is not enhanced.

[2023-05-11 23:32:26 #7 type.registry] 
New type domain.Sesion

[2023-05-11 23:32:26 #8 type] 
Type domain.Sesion is not enhanced.

[2023-05-11 23:32:26 #9 type.registry] 
New type domain.Sala

[2023-05-11 23:32:26 #10 type] 
Type domain.Sala is not enhanced.

[2023-05-11 23:32:26 #11 type.registry] 
New type java.util.ArrayList<java.lang.Object>

[2023-05-11 23:32:26 #12 type.registry] 
New type java.util.ArrayList<java.lang.String>

[2023-05-11 23:32:26 #13 type.registry] 
New type java.util.ArrayList<domain.Actividad>

[2023-05-11 23:32:26 #14 type.registry] 
New type java.util.LinkedList<java.lang.Object>

[2023-05-11 23:32:26 #15 type.registry] 
New type java.util.LinkedList<domain.Usuario>

[2023-05-11 23:32:26 #16 type.registry] 
New type java.util.ArrayList<domain.Sesion>

[2023-05-11 23:34:22 #3 store] 
Database 'C:\Users\jonet\OneDrive\Escritorio\universidad\IS\Bets21-master\src\main\resources\db\src\main\resources\bets.temp' is closed by 7328@DESKTOP-KFRJO8S

[2023-05-11 23:34:22 #4 server] 
Server on port 8080 has stopped by 7328@DESKTOP-KFRJO8S

------------------------------------------------------------------------------------------------------------------------

[2023-05-11 23:47:42 #1 server] 
Server on port 8080 has started by 9968@DESKTOP-KFRJO8S

[2023-05-11 23:47:44 #2 store] 
Database 'C:\Users\jonet\OneDrive\Escritorio\universidad\IS\Bets21-master\src\main\resources\db\src\main\resources\bets.temp' is opened by 9968@DESKTOP-KFRJO8S

------------------------------------------------------------------------------------------------------------------------

[2023-05-11 23:47:45 #1 type.registry] 
New type domain.Actividad

[2023-05-11 23:47:45 #2 type] 
Type domain.Actividad is not enhanced.

[2023-05-11 23:47:45 #3 type.registry] 
New type domain.Encargado

[2023-05-11 23:47:45 #4 type] 
Type domain.Encargado is not enhanced.

[2023-05-11 23:47:45 #5 type.registry] 
New type domain.Usuario

[2023-05-11 23:47:45 #6 type] 
Type domain.Usuario is not enhanced.

[2023-05-11 23:47:45 #7 type.registry] 
New type domain.Sesion

[2023-05-11 23:47:45 #8 type] 
Type domain.Sesion is not enhanced.

[2023-05-11 23:47:45 #9 type.registry] 
New type domain.Sala

[2023-05-11 23:47:45 #10 type] 
Type domain.Sala is not enhanced.

[2023-05-11 23:47:45 #11 type.registry] 
New type java.util.ArrayList<java.lang.Object>

[2023-05-11 23:47:45 #12 type.registry] 
New type java.util.ArrayList<java.lang.String>

[2023-05-11 23:47:45 #13 type.registry] 
New type java.util.ArrayList<domain.Actividad>

[2023-05-11 23:47:45 #14 type.registry] 
New type java.util.LinkedList<java.lang.Object>

[2023-05-11 23:47:45 #15 type.registry] 
New type java.util.LinkedList<domain.Usuario>

[2023-05-11 23:47:45 #16 type.registry] 
New type java.util.ArrayList<domain.Sesion>

[2023-05-11 23:47:59 #3 store] 
Database 'C:\Users\jonet\OneDrive\Escritorio\universidad\IS\Bets21-master\src\main\resources\db\src\main\resources\bets.temp' is closed by 9968@DESKTOP-KFRJO8S

------------------------------------------------------------------------------------------------------------------------

[2023-05-11 23:55:35 #1 server] 
Server on port 8080 has started by 15100@DESKTOP-KFRJO8S

[2023-05-11 23:55:38 #2 store] 
Database 'C:\Users\jonet\OneDrive\Escritorio\universidad\IS\Bets21-master\src\main\resources\db\src\main\resources\bets.temp' is opened by 15100@DESKTOP-KFRJO8S

------------------------------------------------------------------------------------------------------------------------

[2023-05-11 23:55:38 #1 type.registry] 
New type domain.Actividad

[2023-05-11 23:55:38 #2 type] 
Type domain.Actividad is not enhanced.

[2023-05-11 23:55:38 #3 type.registry] 
New type domain.Encargado

[2023-05-11 23:55:38 #4 type] 
Type domain.Encargado is not enhanced.

[2023-05-11 23:55:38 #5 type.registry] 
New type domain.Usuario

[2023-05-11 23:55:38 #6 type] 
Type domain.Usuario is not enhanced.

[2023-05-11 23:55:38 #7 type.registry] 
New type domain.Sesion

[2023-05-11 23:55:38 #8 type] 
Type domain.Sesion is not enhanced.

[2023-05-11 23:55:38 #9 type.registry] 
New type domain.Sala

[2023-05-11 23:55:38 #10 type] 
Type domain.Sala is not enhanced.

[2023-05-11 23:55:38 #11 type.registry] 
New type java.util.ArrayList<java.lang.Object>

[2023-05-11 23:55:38 #12 type.registry] 
New type java.util.ArrayList<java.lang.String>

[2023-05-11 23:55:38 #13 type.registry] 
New type java.util.ArrayList<domain.Actividad>

[2023-05-11 23:55:39 #14 type.registry] 
New type java.util.LinkedList<java.lang.Object>

[2023-05-11 23:55:39 #15 type.registry] 
New type java.util.LinkedList<domain.Usuario>

[2023-05-11 23:55:39 #16 type.registry] 
New type java.util.ArrayList<domain.Sesion>

[2023-05-12 00:03:24 #3 store] 
Database 'C:\Users\jonet\OneDrive\Escritorio\universidad\IS\Bets21-master\src\main\resources\db\src\main\resources\bets.temp' is closed by 15100@DESKTOP-KFRJO8S

[2023-05-12 00:03:24 #4 server] 
Server on port 8080 has stopped by 15100@DESKTOP-KFRJO8S

