>> Centroides de los clusters

 31.363 68.138 44.333 58.602 28.636 38.334 50.151 64.633 29.462 65.519 38.038 28.533 48.848 45.040 64.755 56.521 39.370 55.146 65.477 35.882 31.363 68.138 44.333 58.602 28.636 38.334 50.151 64.633 29.462 65.519 38.038 28.533 48.848 45.040 64.755 56.521 39.370 55.146 65.477 35.882
 75.024 30.999 30.805 45.980 33.992 66.565 33.961 15.587 20.001 39.329 86.389 12.873 26.017 40.681 58.883 76.860 20.603 74.207 56.213 75.826 75.024 30.999 30.805 45.980 33.992 66.565 33.961 15.587 20.001 39.329 86.389 12.873 26.017 40.681 58.883 76.860 20.603 74.207 56.213 75.826
 75.301 56.278 50.322 34.671 35.173 85.554 26.120 70.057 84.768 71.863 73.355 53.595 60.208 40.007 86.043 61.406 81.490 12.585 76.407 43.446 75.301 56.278 50.322 34.671 35.173 85.554 26.120 70.057 84.768 71.863 73.355 53.595 60.208 40.007 86.043 61.406 81.490 12.585 76.407 43.446
 50.002 56.580 50.561 36.968 30.194 32.585 53.773 35.094 46.002 39.332 57.817 50.425 60.316 36.979 30.677 59.878 25.104 54.632 71.964 73.932 50.002 56.580 50.561 36.968 30.194 32.585 53.773 35.094 46.002 39.332 57.817 50.425 60.316 36.979 30.677 59.878 25.104 54.632 71.964 73.932
 64.470 80.391 63.474 68.620 45.163 46.359 64.449 23.551 44.144 12.981 48.072 76.749 82.895 16.675 30.727 65.124 49.493 42.669 14.693 44.720 64.470 80.391 63.474 68.620 45.163 46.359 64.449 23.551 44.144 12.981 48.072 76.749 82.895 16.675 30.727 65.124 49.493 42.669 14.693 44.720
 11.683 29.344 33.075 36.061 62.239 22.898 68.394 11.742 37.931 25.560 25.699 58.893 44.393 60.177 45.696 73.406 71.343 70.646 51.996 87.657 11.683 29.344 33.075 36.061 62.239 22.898 68.394 11.742 37.931 25.560 25.699 58.893 44.393 60.177 45.696 73.406 71.343 70.646 51.996 87.657
 23.226 38.313 50.460 72.815 55.813 62.268 58.524 64.002 34.977 64.004 56.294 65.355 33.534 43.909 36.052 37.404 57.464 33.339 57.105 54.307 23.226 38.313 50.460 72.815 55.813 62.268 58.524 64.002 34.977 64.004 56.294 65.355 33.534 43.909 36.052 37.404 57.464 33.339 57.105 54.307
 68.764 73.361 40.743 63.771 35.885 50.325 67.385 39.934 67.551 62.437 66.260 57.205 19.610 78.789 32.940 32.716 19.316 72.298 61.211 16.118 68.764 73.361 40.743 63.771 35.885 50.325 67.385 39.934 67.551 62.437 66.260 57.205 19.610 78.789 32.940 32.716 19.316 72.298 61.211 16.118
 47.577 62.845 84.000  9.939 53.749 83.481 12.953 54.113 25.101 76.809 34.947 65.758 75.195 66.434 14.946 68.607 38.189 87.362 70.771 40.909 47.577 62.845 84.000  9.939 53.749 83.481 12.953 54.113 25.101 76.809 34.947 65.758 75.195 66.434 14.946 68.607 38.189 87.362 70.771 40.909
 17.511 79.541 84.640  9.755 69.266  8.329 82.688 67.857 64.678 25.063 69.214 69.471 29.224 68.653 35.069 12.961 19.594 13.279 53.909 76.533 17.511 79.541 84.640  9.755 69.266  8.329 82.688 67.857 64.678 25.063 69.214 69.471 29.224 68.653 35.069 12.961 19.594 13.279 53.909 76.533
 42.958 55.945 67.676 73.116 19.745 57.923 62.329 39.033 23.561 37.524 85.997 57.450 81.692 44.903 59.240 34.705 58.690 50.084 51.319 59.910 42.958 55.945 67.676 73.116 19.745 57.923 62.329 39.033 23.561 37.524 85.997 57.450 81.692 44.903 59.240 34.705 58.690 50.084 51.319 59.910
 72.339 41.280 34.541 30.330 54.166 70.962 60.253 71.039 28.854 56.683 75.017 65.164 58.280 31.462 72.319 71.741 47.629 43.350 34.471 63.321 72.339 41.280 34.541 30.330 54.166 70.962 60.253 71.039 28.854 56.683 75.017 65.164 58.280 31.462 72.319 71.741 47.629 43.350 34.471 63.321
 79.605 42.292 35.020 36.966 39.142 40.707 59.158 39.474 71.562 72.258 65.399 62.919 62.397 28.624 23.113 65.278 50.104 48.373 53.507 24.060 79.605 42.292 35.020 36.966 39.142 40.707 59.158 39.474 71.562 72.258 65.399 62.919 62.397 28.624 23.113 65.278 50.104 48.373 53.507 24.060
 77.531 64.744 58.733 78.407 29.053 49.691 44.417 88.545 23.185 11.582 12.321 69.683 20.548 34.200 43.695 63.604 24.598 70.681 59.529 48.156 77.531 64.744 58.733 78.407 29.053 49.691 44.417 88.545 23.185 11.582 12.321 69.683 20.548 34.200 43.695 63.604 24.598 70.681 59.529 48.156
 67.641 69.006 54.316 38.718 62.937 45.913 56.563 66.647 51.538 31.835 66.770 38.406 65.751 58.897 60.598 29.554 65.795 72.019 51.666 49.930 67.641 69.006 54.316 38.718 62.937 45.913 56.563 66.647 51.538 31.835 66.770 38.406 65.751 58.897 60.598 29.554 65.795 72.019 51.666 49.930
 33.434 17.126  8.605 13.096 17.002 39.806 18.222 57.934 23.003 78.977 20.394 80.737  9.517 66.134 34.645 66.873 75.941 48.251 52.107 90.893 33.434 17.126  8.605 13.096 17.002 39.806 18.222 57.934 23.003 78.977 20.394 80.737  9.517 66.134 34.645 66.873 75.941 48.251 52.107 90.893
 39.749 79.523 37.162 13.518 46.473 83.628 38.858 72.441 85.987 78.228 85.441 62.429 54.574 40.136 88.288 82.755 63.400 30.124 69.126 59.880 39.749 79.523 37.162 13.518 46.473 83.628 38.858 72.441 85.987 78.228 85.441 62.429 54.574 40.136 88.288 82.755 63.400 30.124 69.126 59.880
 64.687 87.267 13.917 15.776 43.180 27.898 26.786 51.701 19.219 19.683 15.973 21.773 27.383 68.377  8.808 56.270 46.740 89.241 57.107 22.270 64.687 87.267 13.917 15.776 43.180 27.898 26.786 51.701 19.219 19.683 15.973 21.773 27.383 68.377  8.808 56.270 46.740 89.241 57.107 22.270
 62.586 21.864 79.893 32.578 57.417 62.900 60.543 41.927  9.684 41.348 33.224 52.508 63.563 55.475 49.823 84.891 50.771 64.724 80.915 55.545 62.586 21.864 79.893 32.578 57.417 62.900 60.543 41.927  9.684 41.348 33.224 52.508 63.563 55.475 49.823 84.891 50.771 64.724 80.915 55.545
 56.591 31.278 57.720 68.480 59.820 41.726 44.258 56.957 75.328 66.123 38.786 55.885 55.484 70.210 34.992 72.546 55.879 47.598 61.361 64.216 56.591 31.278 57.720 68.480 59.820 41.726 44.258 56.957 75.328 66.123 38.786 55.885 55.484 70.210 34.992 72.546 55.879 47.598 61.361 64.216
 35.098 29.789 89.810 64.721 19.236 14.061 58.781 65.276 51.867 84.025 38.709 39.027 42.280 29.625 28.219 10.086 87.452 54.443 63.459 44.462 35.098 29.789 89.810 64.721 19.236 14.061 58.781 65.276 51.867 84.025 38.709 39.027 42.280 29.625 28.219 10.086 87.452 54.443 63.459 44.462
 27.006 15.923 63.807 40.249 23.768 56.796 52.197 42.986 75.882 10.733 52.367 44.250 46.518 71.209 40.495 23.088 51.962 67.027 78.418 68.679 27.006 15.923 63.807 40.249 23.768 56.796 52.197 42.986 75.882 10.733 52.367 44.250 46.518 71.209 40.495 23.088 51.962 67.027 78.418 68.679
 63.222 23.638 22.041 80.353 70.443 45.335 21.249 27.204 16.521 28.126 56.332 43.954 27.575 60.421 85.261 44.369 51.586 57.202 53.439 16.532 63.222 23.638 22.041 80.353 70.443 45.335 21.249 27.204 16.521 28.126 56.332 43.954 27.575 60.421 85.261 44.369 51.586 57.202 53.439 16.532
 62.278 57.531 60.540 49.183 38.323 58.745 37.598 68.058 53.809 45.493 34.772 66.532 26.779 66.464 69.298 63.367 32.220 50.249 22.998 49.352 62.278 57.531 60.540 49.183 38.323 58.745 37.598 68.058 53.809 45.493 34.772 66.532 26.779 66.464 69.298 63.367 32.220 50.249 22.998 49.352
 71.401 27.972 25.171 29.692 25.400 85.738 83.723 25.025 49.165 84.780 24.255 33.893 74.359 66.530 16.995 28.459 43.858 61.938 65.789 40.864 71.401 27.972 25.171 29.692 25.400 85.738 83.723 25.025 49.165 84.780 24.255 33.893 74.359 66.530 16.995 28.459 43.858 61.938 65.789 40.864
 66.496 38.936 72.600 39.534 37.202 22.242 56.610 61.235 33.775 23.809 19.639 63.610 64.929 29.052 30.703 27.162 47.080 33.063 19.368 30.555 66.496 38.936 72.600 39.534 37.202 22.242 56.610 61.235 33.775 23.809 19.639 63.610 64.929 29.052 30.703 27.162 47.080 33.063 19.368 30.555
 22.972 62.353 40.923 41.274 61.232 43.314 60.640 42.926 63.970 86.833 81.285 65.320 46.279 20.797 57.045 26.302 66.660 49.472 21.345 28.072 22.972 62.353 40.923 41.274 61.232 43.314 60.640 42.926 63.970 86.833 81.285 65.320 46.279 20.797 57.045 26.302 66.660 49.472 21.345 28.072
 43.306 31.221 32.355 24.551 71.158 33.045 23.909 82.360 37.256 38.830 85.649 63.489 20.862 78.823 28.094 81.473 52.821 38.008 73.538 67.899 43.306 31.221 32.355 24.551 71.158 33.045 23.909 82.360 37.256 38.830 85.649 63.489 20.862 78.823 28.094 81.473 52.821 38.008 73.538 67.899
 40.605 59.326 88.028 35.959 12.798 41.739 37.181 29.088 32.136 68.541 73.946 67.148 11.561 39.110 37.908 10.805 62.459 42.883 20.954 15.070 40.605 59.326 88.028 35.959 12.798 41.739 37.181 29.088 32.136 68.541 73.946 67.148 11.561 39.110 37.908 10.805 62.459 42.883 20.954 15.070
 31.267 52.375 37.928 30.188 59.258 67.037 66.138 50.377 49.101 43.436 47.252 53.623 69.649 45.157 66.178 51.010 30.397 35.617 70.362 24.471 31.267 52.375 37.928 30.188 59.258 67.037 66.138 50.377 49.101 43.436 47.252 53.623 69.649 45.157 66.178 51.010 30.397 35.617 70.362 24.471
 72.519 79.397 47.739 46.945 64.904 58.849 30.589 42.763 48.065 74.389 28.073 60.155 33.616 23.575 37.103 40.134 56.039 55.783 62.037 45.882 72.519 79.397 47.739 46.945 64.904 58.849 30.589 42.763 48.065 74.389 28.073 60.155 33.616 23.575 37.103 40.134 56.039 55.783 62.037 45.882
 45.104 62.646 47.181 49.771 47.030 44.904 26.107 33.164 48.781 59.741 69.358 54.507 72.124 75.961 43.992 34.419 59.571 36.621 42.906 33.826 45.104 62.646 47.181 49.771 47.030 44.904 26.107 33.164 48.781 59.741 69.358 54.507 72.124 75.961 43.992 34.419 59.571 36.621 42.906 33.826
 13.944 59.807 35.888 51.245 69.964 26.931 30.475 87.161 63.741 79.358 75.990 63.169 60.463 57.808 24.003 26.127 21.867 83.199 23.732 89.404 13.944 59.807 35.888 51.245 69.964 26.931 30.475 87.161 63.741 79.358 75.990 63.169 60.463 57.808 24.003 26.127 21.867 83.199 23.732 89.404
 21.167 46.749 90.206 32.300 56.540 17.178 69.402 61.964 24.000 57.793 56.454 87.139 88.194 69.802 44.463 79.178 17.465 63.465 32.191 80.692 21.167 46.749 90.206 32.300 56.540 17.178 69.402 61.964 24.000 57.793 56.454 87.139 88.194 69.802 44.463 79.178 17.465 63.465 32.191 80.692
 33.037 86.657 64.228 49.497 58.149 43.236 76.351 82.723 34.467 77.833 11.041 71.727 52.873 84.716 39.410 11.200  9.636 45.359 32.701 50.586 33.037 86.657 64.228 49.497 58.149 43.236 76.351 82.723 34.467 77.833 11.041 71.727 52.873 84.716 39.410 11.200  9.636 45.359 32.701 50.586
 23.730 75.411 74.047 78.916 21.410 49.583 84.370 56.186 56.826 79.402 28.310 26.806 70.488 53.834 35.432 16.182 82.907 76.838 69.022 83.229 23.730 75.411 74.047 78.916 21.410 49.583 84.370 56.186 56.826 79.402 28.310 26.806 70.488 53.834 35.432 16.182 82.907 76.838 69.022 83.229
 49.848 85.309 56.891 15.904 31.531 82.656 51.094 86.610 40.589 72.233 43.678 85.998 80.346 27.311 76.994 31.039 33.503 10.898 52.916 91.259 49.848 85.309 56.891 15.904 31.531 82.656 51.094 86.610 40.589 72.233 43.678 85.998 80.346 27.311 76.994 31.039 33.503 10.898 52.916 91.259
 88.147 61.683 72.641 90.941 14.688 70.341 90.432 37.624 73.428 91.269 81.411 59.226 14.489 22.502 53.038 48.428 13.623 46.438 36.436 89.140 88.147 61.683 72.641 90.941 14.688 70.341 90.432 37.624 73.428 91.269 81.411 59.226 14.489 22.502 53.038 48.428 13.623 46.438 36.436 89.140
 15.585 49.856 54.663 85.559 86.366 15.777 55.262 46.333 75.701 67.828 74.004 21.026 72.492 30.933 66.370 88.630 66.124 37.043 85.481 46.749 15.585 49.856 54.663 85.559 86.366 15.777 55.262 46.333 75.701 67.828 74.004 21.026 72.492 30.933 66.370 88.630 66.124 37.043 85.481 46.749
 48.104 41.462 44.320 39.023 46.327 40.649 39.524 30.595 63.643 52.627 34.442 39.855 65.925 30.964 72.075 23.574 46.449 58.891 60.865 58.213 48.104 41.462 44.320 39.023 46.327 40.649 39.524 30.595 63.643 52.627 34.442 39.855 65.925 30.964 72.075 23.574 46.449 58.891 60.865 58.213
 36.678 54.560 30.507 31.637 65.928 46.207 45.539 30.095 45.942 35.404 29.897 34.285 51.794 26.250 15.684 74.268 58.947 23.012 16.032 57.957 36.678 54.560 30.507 31.637 65.928 46.207 45.539 30.095 45.942 35.404 29.897 34.285 51.794 26.250 15.684 74.268 58.947 23.012 16.032 57.957
 38.945 15.111 30.696 77.617 55.445 65.233 38.247 27.077 44.558 28.687 30.413 85.798 42.613 47.586 23.165 25.644 46.775 68.191 41.907 69.903 38.945 15.111 30.696 77.617 55.445 65.233 38.247 27.077 44.558 28.687 30.413 85.798 42.613 47.586 23.165 25.644 46.775 68.191 41.907 69.903
 31.337 32.646 69.939 13.806 90.011 28.070 38.722 30.864 13.271 69.611 12.182 46.700 21.721 54.636 34.610 27.559  8.903 82.302 26.340 30.914 31.337 32.646 69.939 13.806 90.011 28.070 38.722 30.864 13.271 69.611 12.182 46.700 21.721 54.636 34.610 27.559  8.903 82.302 26.340 30.914
 30.384 24.145 40.087 65.156 27.504 11.268 83.455 29.984 50.886 80.041 47.752 28.167 56.270 81.730 68.577 41.516 36.385 41.246 29.259 36.221 30.384 24.145 40.087 65.156 27.504 11.268 83.455 29.984 50.886 80.041 47.752 28.167 56.270 81.730 68.577 41.516 36.385 41.246 29.259 36.221
 56.400 85.150 86.730 65.000 32.965 53.630 44.322 24.996 71.526 12.189 66.568 56.353 18.258 75.012 33.114 65.511 29.124 16.599 40.392 69.816 56.400 85.150 86.730 65.000 32.965 53.630 44.322 24.996 71.526 12.189 66.568 56.353 18.258 75.012 33.114 65.511 29.124 16.599 40.392 69.816
 73.229 40.793 39.502 51.744 61.217 25.463 70.611 63.280 51.950 33.701 64.406 38.431 34.412 42.672 22.554 48.763 52.210 48.299 19.356 30.252 73.229 40.793 39.502 51.744 61.217 25.463 70.611 63.280 51.950 33.701 64.406 38.431 34.412 42.672 22.554 48.763 52.210 48.299 19.356 30.252
 44.658 40.862 30.021 76.991 30.075 76.666 34.557 32.294 16.495 16.537 84.256 76.509 69.190 34.885 42.942 81.849 54.993 71.027 44.207 25.723 44.658 40.862 30.021 76.991 30.075 76.666 34.557 32.294 16.495 16.537 84.256 76.509 69.190 34.885 42.942 81.849 54.993 71.027 44.207 25.723
 66.690 32.782 10.760 56.816 85.023 65.980 32.341 80.424 13.066 75.207 87.928 37.292 34.941 78.750 88.259 81.017 80.246 81.172 51.529 23.185 66.690 32.782 10.760 56.816 85.023 65.980 32.341 80.424 13.066 75.207 87.928 37.292 34.941 78.750 88.259 81.017 80.246 81.172 51.529 23.185
 68.443 48.223 58.766 39.066 63.826 61.416 59.688 42.567 53.950 49.231 29.387 28.827 30.177 68.994 39.786 29.944 63.908 35.232 53.406 41.743 68.443 48.223 58.766 39.066 63.826 61.416 59.688 42.567 53.950 49.231 29.387 28.827 30.177 68.994 39.786 29.944 63.908 35.232 53.406 41.743
 57.645 23.229 53.820 36.037 72.015 14.935 26.302 27.761 65.131 64.058 52.024 10.451 82.120 28.049  8.810 81.723 63.530 52.152 19.075 23.745 57.645 23.229 53.820 36.037 72.015 14.935 26.302 27.761 65.131 64.058 52.024 10.451 82.120 28.049  8.810 81.723 63.530 52.152 19.075 23.745
 18.097 43.777 12.952 90.782 72.880 90.184 62.890 56.813 45.067 35.674 14.105 29.502 86.204 71.172 42.901 60.417 31.196 65.841 87.325 46.192 18.097 43.777 12.952 90.782 72.880 90.184 62.890 56.813 45.067 35.674 14.105 29.502 86.204 71.172 42.901 60.417 31.196 65.841 87.325 46.192
 41.358 30.910 56.009 60.435 49.461 48.390 32.151 67.436 54.885 26.901 47.048 33.344 34.589 37.108 66.684 40.696 59.958 32.117 46.530 64.877 41.358 30.910 56.009 60.435 49.461 48.390 32.151 67.436 54.885 26.901 47.048 33.344 34.589 37.108 66.684 40.696 59.958 32.117 46.530 64.877
 22.670 66.500 44.583 44.261 64.906 84.865 53.171 45.929 70.025 40.469 13.545 78.690 48.498 85.117 61.504 59.838 13.162 25.340 82.177 54.774 22.670 66.500 44.583 44.261 64.906 84.865 53.171 45.929 70.025 40.469 13.545 78.690 48.498 85.117 61.504 59.838 13.162 25.340 82.177 54.774
 65.792 59.777 31.239 63.421 76.447 73.382 25.103 36.424 52.851 58.121 66.329 61.172 26.344 19.529 83.540 55.270 64.412 22.540 75.931 27.015 65.792 59.777 31.239 63.421 76.447 73.382 25.103 36.424 52.851 58.121 66.329 61.172 26.344 19.529 83.540 55.270 64.412 22.540 75.931 27.015
 43.549 64.664 40.641 63.036 58.858 60.541 59.384 43.484 66.293 52.948 30.750 55.231 64.082 51.860 68.427 65.617 63.872 67.442 22.512 64.122 43.549 64.664 40.641 63.036 58.858 60.541 59.384 43.484 66.293 52.948 30.750 55.231 64.082 51.860 68.427 65.617 63.872 67.442 22.512 64.122


>> Numero de clusteres: 55. Numero de elementos en cada cluster:

   141   465  1080   160  1162   244   154   173   839   823
  2049   166   752   613   161   562  2525  1262  1923   148
   242  1121  1301   149  1556   436  2580   108  1292   129
   169   161   215   730   973   912  1193  1209  1286   172
  1629   381  1273  1876  1290  3045  1736  1034   157  1277
   813   187  1354  2457   155

>> Densidad de los clusters: b[i]

   110.95    20.65    15.34   110.23    21.18    36.39   110.33    70.54    15.39    12.81
    63.04    88.94    25.84    18.99   112.99    16.19    18.39    13.08    56.46   110.97
    26.75    17.69    20.42   111.87    37.30    51.44    59.72    55.07    19.49   109.38
    93.05   112.65    33.08    16.29    15.94    35.20    13.33    13.02    19.03   109.63
    33.93    31.74    14.44    41.98    19.28    60.47    46.48    17.29   110.60    14.65
    14.23   112.22    22.74    60.72   110.63


>> Analisis de enfermedades (medianas) en los grupos

Enfermedad:  0 - mmax: 0.69 (grupo 51) - mmin: 0.00 (grupo 20)
Enfermedad:  1 - mmax: 0.99 (grupo  1) - mmin: 0.30 (grupo 127)
Enfermedad:  2 - mmax: 0.68 (grupo 35) - mmin: 0.00 (grupo 17)
Enfermedad:  3 - mmax: 0.99 (grupo 66) - mmin: 0.30 (grupo 22)
Enfermedad:  4 - mmax: 0.69 (grupo 112) - mmin: 0.00 (grupo  3)
Enfermedad:  5 - mmax: 0.99 (grupo  5) - mmin: 0.30 (grupo 19)
Enfermedad:  6 - mmax: 0.69 (grupo 44) - mmin: 0.00 (grupo  9)
Enfermedad:  7 - mmax: 0.99 (grupo  3) - mmin: 0.30 (grupo 99)
Enfermedad:  8 - mmax: 0.68 (grupo 70) - mmin: 0.00 (grupo 32)
Enfermedad:  9 - mmax: 0.99 (grupo 51) - mmin: 0.30 (grupo 33)
Enfermedad: 10 - mmax: 0.69 (grupo 40) - mmin: 0.02 (grupo 54)
Enfermedad: 11 - mmax: 0.99 (grupo 26) - mmin: 0.30 (grupo 76)
Enfermedad: 12 - mmax: 0.69 (grupo 60) - mmin: 0.00 (grupo 26)
Enfermedad: 13 - mmax: 0.99 (grupo 28) - mmin: 0.31 (grupo 70)
Enfermedad: 14 - mmax: 0.69 (grupo 43) - mmin: 0.00 (grupo 17)
Enfermedad: 15 - mmax: 0.99 (grupo 25) - mmin: 0.30 (grupo  1)
Enfermedad: 16 - mmax: 0.69 (grupo 22) - mmin: 0.00 (grupo 40)
Enfermedad: 17 - mmax: 0.99 (grupo 101) - mmin: 0.32 (grupo 76)


