------------------------------------------------------------------------------------------------------------------------

[2023-05-09 21:53:02 #1 store] 
Database 'C:\Users\jonet\OneDrive\Escritorio\universidad\IS\Bets21-master\src\main\resources\bets.temp' is opened by 292@DESKTOP-KFRJO8S

[2023-05-09 21:53:03 #2 type.registry] 
New type domain.Actividad

[2023-05-09 21:53:03 #3 type] 
Type domain.Actividad is not enhanced.

[2023-05-09 21:53:03 #4 type.registry] 
New type domain.Usuario

[2023-05-09 21:53:03 #5 type.registry] 
New type domain.Encargado

[2023-05-09 21:53:03 #6 type] 
Type domain.Usuario is not enhanced.

[2023-05-09 21:53:03 #7 type] 
Type domain.Encargado is not enhanced.

[2023-05-09 21:53:03 #8 type.registry] 
New type domain.Sesion

[2023-05-09 21:53:03 #9 type] 
Type domain.Sesion is not enhanced.

[2023-05-09 21:53:03 #10 type.registry] 
New type domain.Sala

[2023-05-09 21:53:03 #11 type] 
Type domain.Sala is not enhanced.

[2023-05-09 21:53:03 #12 type.registry] 
New type java.util.ArrayList<java.lang.Object>

[2023-05-09 21:53:03 #13 type.registry] 
New type java.util.ArrayList<java.lang.String>

[2023-05-09 21:53:03 #14 type.registry] 
New type java.util.ArrayList<domain.Actividad>

[2023-05-09 21:53:03 #15 type.registry] 
New type java.util.LinkedList<java.lang.Object>

[2023-05-09 21:53:03 #16 type.registry] 
New type java.util.LinkedList<domain.Usuario>

[2023-05-09 21:53:03 #17 type.registry] 
New type java.util.ArrayList<domain.Sesion>

------------------------------------------------------------------------------------------------------------------------

[2023-05-09 21:59:23 #1 store] 
Database 'C:\Users\jonet\OneDrive\Escritorio\universidad\IS\Bets21-master\src\main\resources\bets.temp' is opened by 12496@DESKTOP-KFRJO8S

[2023-05-09 21:59:23 #2 type.registry] 
New type domain.Actividad

[2023-05-09 21:59:23 #3 type] 
Type domain.Actividad is not enhanced.

[2023-05-09 21:59:23 #4 type.registry] 
New type domain.Usuario

[2023-05-09 21:59:23 #5 type.registry] 
New type domain.Encargado

[2023-05-09 21:59:23 #6 type] 
Type domain.Usuario is not enhanced.

[2023-05-09 21:59:23 #7 type] 
Type domain.Encargado is not enhanced.

[2023-05-09 21:59:23 #8 type.registry] 
New type domain.Sesion

[2023-05-09 21:59:23 #9 type] 
Type domain.Sesion is not enhanced.

[2023-05-09 21:59:23 #10 type.registry] 
New type domain.Sala

[2023-05-09 21:59:23 #11 type] 
Type domain.Sala is not enhanced.

[2023-05-09 21:59:23 #12 type.registry] 
New type java.util.ArrayList<java.lang.Object>

[2023-05-09 21:59:23 #13 type.registry] 
New type java.util.ArrayList<java.lang.String>

[2023-05-09 21:59:23 #14 type.registry] 
New type java.util.ArrayList<domain.Actividad>

[2023-05-09 21:59:23 #15 type.registry] 
New type java.util.LinkedList<java.lang.Object>

[2023-05-09 21:59:23 #16 type.registry] 
New type java.util.LinkedList<domain.Usuario>

[2023-05-09 21:59:23 #17 type.registry] 
New type java.util.ArrayList<domain.Sesion>

------------------------------------------------------------------------------------------------------------------------

[2023-05-09 22:03:23 #1 store] 
Database 'C:\Users\jonet\OneDrive\Escritorio\universidad\IS\Bets21-master\src\main\resources\bets.temp' is opened by 12592@DESKTOP-KFRJO8S

[2023-05-09 22:03:23 #2 type.registry] 
New type domain.Actividad

[2023-05-09 22:03:23 #3 type] 
Type domain.Actividad is not enhanced.

[2023-05-09 22:03:23 #4 type.registry] 
New type domain.Encargado

[2023-05-09 22:03:23 #5 type] 
Type domain.Encargado is not enhanced.

[2023-05-09 22:03:23 #6 type.registry] 
New type domain.Usuario

[2023-05-09 22:03:23 #7 type] 
Type domain.Usuario is not enhanced.

[2023-05-09 22:03:23 #8 type.registry] 
New type domain.Sesion

[2023-05-09 22:03:23 #9 type] 
Type domain.Sesion is not enhanced.

[2023-05-09 22:03:23 #10 type.registry] 
New type domain.Sala

[2023-05-09 22:03:23 #11 type] 
Type domain.Sala is not enhanced.

[2023-05-09 22:03:23 #12 type.registry] 
New type java.util.ArrayList<java.lang.Object>

[2023-05-09 22:03:23 #13 type.registry] 
New type java.util.ArrayList<java.lang.String>

[2023-05-09 22:03:23 #14 type.registry] 
New type java.util.ArrayList<domain.Actividad>

[2023-05-09 22:03:23 #15 type.registry] 
New type java.util.LinkedList<java.lang.Object>

[2023-05-09 22:03:23 #16 type.registry] 
New type java.util.LinkedList<domain.Usuario>

[2023-05-09 22:03:23 #17 type.registry] 
New type java.util.ArrayList<domain.Sesion>

------------------------------------------------------------------------------------------------------------------------

[2023-05-09 22:03:51 #1 store] 
Database 'C:\Users\jonet\OneDrive\Escritorio\universidad\IS\Bets21-master\src\main\resources\bets.temp' is opened by 15300@DESKTOP-KFRJO8S

[2023-05-09 22:03:51 #2 type.registry] 
New type domain.Actividad

[2023-05-09 22:03:51 #3 type] 
Type domain.Actividad is not enhanced.

[2023-05-09 22:03:51 #4 type.registry] 
New type domain.Encargado

[2023-05-09 22:03:51 #5 type] 
Type domain.Encargado is not enhanced.

[2023-05-09 22:03:51 #6 type.registry] 
New type domain.Usuario

[2023-05-09 22:03:51 #7 type] 
Type domain.Usuario is not enhanced.

[2023-05-09 22:03:51 #8 type.registry] 
New type domain.Sesion

[2023-05-09 22:03:51 #9 type] 
Type domain.Sesion is not enhanced.

[2023-05-09 22:03:51 #10 type.registry] 
New type domain.Sala

[2023-05-09 22:03:51 #11 type] 
Type domain.Sala is not enhanced.

[2023-05-09 22:03:51 #12 type.registry] 
New type java.util.ArrayList<java.lang.Object>

[2023-05-09 22:03:51 #13 type.registry] 
New type java.util.ArrayList<java.lang.String>

[2023-05-09 22:03:51 #14 type.registry] 
New type java.util.ArrayList<domain.Actividad>

[2023-05-09 22:03:51 #15 type.registry] 
New type java.util.LinkedList<java.lang.Object>

[2023-05-09 22:03:51 #16 type.registry] 
New type java.util.LinkedList<domain.Usuario>

[2023-05-09 22:03:51 #17 type.registry] 
New type java.util.ArrayList<domain.Sesion>

------------------------------------------------------------------------------------------------------------------------

[2023-05-09 22:07:00 #1 store] 
Database 'C:\Users\jonet\OneDrive\Escritorio\universidad\IS\Bets21-master\src\main\resources\bets.temp' is opened by 13204@DESKTOP-KFRJO8S

[2023-05-09 22:07:00 #2 type.registry] 
New type domain.Actividad

[2023-05-09 22:07:00 #3 type] 
Type domain.Actividad is not enhanced.

[2023-05-09 22:07:00 #4 type.registry] 
New type domain.Encargado

[2023-05-09 22:07:00 #5 type] 
Type domain.Encargado is not enhanced.

[2023-05-09 22:07:00 #6 type.registry] 
New type domain.Usuario

[2023-05-09 22:07:00 #7 type] 
Type domain.Usuario is not enhanced.

[2023-05-09 22:07:00 #8 type.registry] 
New type domain.Sesion

[2023-05-09 22:07:00 #9 type] 
Type domain.Sesion is not enhanced.

[2023-05-09 22:07:00 #10 type.registry] 
New type domain.Sala

[2023-05-09 22:07:00 #11 type] 
Type domain.Sala is not enhanced.

[2023-05-09 22:07:00 #12 type.registry] 
New type java.util.ArrayList<java.lang.Object>

[2023-05-09 22:07:00 #13 type.registry] 
New type java.util.ArrayList<java.lang.String>

[2023-05-09 22:07:00 #14 type.registry] 
New type java.util.ArrayList<domain.Actividad>

[2023-05-09 22:07:00 #15 type.registry] 
New type java.util.LinkedList<java.lang.Object>

[2023-05-09 22:07:00 #16 type.registry] 
New type java.util.LinkedList<domain.Usuario>

[2023-05-09 22:07:00 #17 type.registry] 
New type java.util.ArrayList<domain.Sesion>

