------------------------------------------------------------------------------------------------------------------------

[2023-05-06 20:16:01 #1 store] 
Database 'C:\Users\jonetxe13\Desktop\universidad\IS\Bets21-master\src\main\resources\bets.temp' is opened by 7580@DESKTOP-490MKBR

[2023-05-06 20:16:01 #2 type.registry] 
New type domain.Usuario

[2023-05-06 20:16:01 #3 type] 
Type domain.Usuario is not enhanced.

[2023-05-06 20:16:01 #4 type.registry] 
New type domain.Sesion

[2023-05-06 20:16:01 #5 type] 
Type domain.Sesion is not enhanced.

[2023-05-06 20:16:01 #6 type.registry] 
New type domain.Sala

[2023-05-06 20:16:01 #7 type.registry] 
New type domain.Actividad

[2023-05-06 20:16:01 #8 type] 
Type domain.Sala is not enhanced.

[2023-05-06 20:16:01 #9 type] 
Type domain.Actividad is not enhanced.

[2023-05-06 20:16:01 #10 type.registry] 
New type java.util.ArrayList<java.lang.Object>

[2023-05-06 20:16:01 #11 type.registry] 
New type java.util.ArrayList<java.lang.String>

[2023-05-06 20:16:01 #12 type.registry] 
New type java.util.ArrayList<domain.Actividad>

[2023-05-06 20:16:01 #13 type.registry] 
New type java.util.ArrayList<domain.Sesion>

------------------------------------------------------------------------------------------------------------------------

[2023-05-06 20:17:29 #1 store] 
Database 'C:\Users\jonetxe13\Desktop\universidad\IS\Bets21-master\src\main\resources\bets.temp' is opened by 2896@DESKTOP-490MKBR

[2023-05-06 20:17:29 #2 type.registry] 
New type domain.Usuario

[2023-05-06 20:17:29 #3 type] 
Type domain.Usuario is not enhanced.

[2023-05-06 20:17:29 #4 type.registry] 
New type domain.Sesion

[2023-05-06 20:17:29 #5 type] 
Type domain.Sesion is not enhanced.

[2023-05-06 20:17:29 #6 type.registry] 
New type domain.Sala

[2023-05-06 20:17:29 #7 type.registry] 
New type domain.Actividad

[2023-05-06 20:17:29 #8 type] 
Type domain.Sala is not enhanced.

[2023-05-06 20:17:29 #9 type] 
Type domain.Actividad is not enhanced.

[2023-05-06 20:17:29 #10 type.registry] 
New type java.util.ArrayList<java.lang.Object>

[2023-05-06 20:17:29 #11 type.registry] 
New type java.util.ArrayList<java.lang.String>

[2023-05-06 20:17:29 #12 type.registry] 
New type java.util.LinkedList<java.lang.Object>

[2023-05-06 20:17:29 #13 type.registry] 
New type java.util.LinkedList<domain.Usuario>

[2023-05-06 20:17:29 #14 type.registry] 
New type java.util.ArrayList<domain.Actividad>

[2023-05-06 20:17:29 #15 type.registry] 
New type java.util.ArrayList<domain.Sesion>

------------------------------------------------------------------------------------------------------------------------

[2023-05-06 20:22:08 #1 store] 
Database 'C:\Users\jonetxe13\Desktop\universidad\IS\Bets21-master\src\main\resources\bets.temp' is opened by 1616@DESKTOP-490MKBR

[2023-05-06 20:22:08 #2 type.registry] 
New type domain.Usuario

[2023-05-06 20:22:08 #3 type] 
Type domain.Usuario is not enhanced.

[2023-05-06 20:22:08 #4 type.registry] 
New type domain.Sesion

[2023-05-06 20:22:08 #5 type] 
Type domain.Sesion is not enhanced.

[2023-05-06 20:22:08 #6 type.registry] 
New type domain.Sala

[2023-05-06 20:22:08 #7 type.registry] 
New type domain.Actividad

[2023-05-06 20:22:08 #8 type] 
Type domain.Sala is not enhanced.

[2023-05-06 20:22:08 #9 type] 
Type domain.Actividad is not enhanced.

[2023-05-06 20:22:08 #10 type.registry] 
New type java.util.ArrayList<java.lang.Object>

[2023-05-06 20:22:08 #11 type.registry] 
New type java.util.ArrayList<java.lang.String>

[2023-05-06 20:22:08 #12 type.registry] 
New type java.util.LinkedList<java.lang.Object>

[2023-05-06 20:22:08 #13 type.registry] 
New type java.util.LinkedList<domain.Usuario>

[2023-05-06 20:22:08 #14 type.registry] 
New type java.util.ArrayList<domain.Actividad>

[2023-05-06 20:22:08 #15 type.registry] 
New type java.util.ArrayList<domain.Sesion>

------------------------------------------------------------------------------------------------------------------------

[2023-05-06 20:29:22 #1 store] 
Database 'C:\Users\jonetxe13\Desktop\universidad\IS\Bets21-master\src\main\resources\bets.temp' is opened by 5420@DESKTOP-490MKBR

[2023-05-06 20:29:22 #2 type.registry] 
New type domain.Usuario

[2023-05-06 20:29:22 #3 type] 
Type domain.Usuario is not enhanced.

[2023-05-06 20:29:22 #4 type.registry] 
New type domain.Sesion

[2023-05-06 20:29:22 #5 type] 
Type domain.Sesion is not enhanced.

[2023-05-06 20:29:22 #6 type.registry] 
New type domain.Sala

[2023-05-06 20:29:22 #7 type.registry] 
New type domain.Actividad

[2023-05-06 20:29:22 #8 type] 
Type domain.Sala is not enhanced.

[2023-05-06 20:29:22 #9 type] 
Type domain.Actividad is not enhanced.

[2023-05-06 20:29:22 #10 type.registry] 
New type java.util.ArrayList<java.lang.Object>

[2023-05-06 20:29:22 #11 type.registry] 
New type java.util.ArrayList<java.lang.String>

[2023-05-06 20:29:22 #12 type.registry] 
New type java.util.LinkedList<java.lang.Object>

[2023-05-06 20:29:22 #13 type.registry] 
New type java.util.LinkedList<domain.Usuario>

[2023-05-06 20:29:22 #14 type.registry] 
New type java.util.ArrayList<domain.Actividad>

[2023-05-06 20:29:22 #15 type.registry] 
New type java.util.ArrayList<domain.Sesion>

------------------------------------------------------------------------------------------------------------------------

[2023-05-06 20:31:31 #1 store] 
Database 'C:\Users\jonetxe13\Desktop\universidad\IS\Bets21-master\src\main\resources\bets.temp' is opened by 4544@DESKTOP-490MKBR

[2023-05-06 20:31:31 #2 type.registry] 
New type domain.Usuario

[2023-05-06 20:31:31 #3 type] 
Type domain.Usuario is not enhanced.

[2023-05-06 20:31:31 #4 type.registry] 
New type domain.Sesion

[2023-05-06 20:31:31 #5 type] 
Type domain.Sesion is not enhanced.

[2023-05-06 20:31:31 #6 type.registry] 
New type domain.Sala

[2023-05-06 20:31:31 #7 type.registry] 
New type domain.Actividad

[2023-05-06 20:31:31 #8 type] 
Type domain.Sala is not enhanced.

[2023-05-06 20:31:31 #9 type] 
Type domain.Actividad is not enhanced.

[2023-05-06 20:31:31 #10 type.registry] 
New type java.util.ArrayList<java.lang.Object>

[2023-05-06 20:31:31 #11 type.registry] 
New type java.util.ArrayList<java.lang.String>

[2023-05-06 20:31:31 #12 type.registry] 
New type java.util.LinkedList<java.lang.Object>

[2023-05-06 20:31:31 #13 type.registry] 
New type java.util.LinkedList<domain.Usuario>

[2023-05-06 20:31:31 #14 type.registry] 
New type java.util.ArrayList<domain.Actividad>

[2023-05-06 20:31:31 #15 type.registry] 
New type java.util.ArrayList<domain.Sesion>

------------------------------------------------------------------------------------------------------------------------

[2023-05-06 20:32:18 #1 store] 
Database 'C:\Users\jonetxe13\Desktop\universidad\IS\Bets21-master\src\main\resources\bets.temp' is opened by 10836@DESKTOP-490MKBR

[2023-05-06 20:32:19 #2 type.registry] 
New type domain.Usuario

[2023-05-06 20:32:19 #3 type] 
Type domain.Usuario is not enhanced.

[2023-05-06 20:32:19 #4 type.registry] 
New type domain.Sesion

[2023-05-06 20:32:19 #5 type] 
Type domain.Sesion is not enhanced.

[2023-05-06 20:32:19 #6 type.registry] 
New type domain.Sala

[2023-05-06 20:32:19 #7 type.registry] 
New type domain.Actividad

[2023-05-06 20:32:19 #8 type] 
Type domain.Sala is not enhanced.

[2023-05-06 20:32:19 #9 type] 
Type domain.Actividad is not enhanced.

[2023-05-06 20:32:19 #10 type.registry] 
New type java.util.ArrayList<java.lang.Object>

[2023-05-06 20:32:19 #11 type.registry] 
New type java.util.ArrayList<java.lang.String>

[2023-05-06 20:32:19 #12 type.registry] 
New type java.util.LinkedList<java.lang.Object>

[2023-05-06 20:32:19 #13 type.registry] 
New type java.util.LinkedList<domain.Usuario>

[2023-05-06 20:32:19 #14 type.registry] 
New type java.util.ArrayList<domain.Actividad>

[2023-05-06 20:32:19 #15 type.registry] 
New type java.util.ArrayList<domain.Sesion>

------------------------------------------------------------------------------------------------------------------------

[2023-05-06 20:34:16 #1 store] 
Database 'C:\Users\jonetxe13\Desktop\universidad\IS\Bets21-master\src\main\resources\bets.temp' is opened by 1756@DESKTOP-490MKBR

[2023-05-06 20:34:17 #2 type.registry] 
New type domain.Usuario

[2023-05-06 20:34:17 #3 type] 
Type domain.Usuario is not enhanced.

[2023-05-06 20:34:17 #4 type.registry] 
New type domain.Sesion

[2023-05-06 20:34:17 #5 type] 
Type domain.Sesion is not enhanced.

[2023-05-06 20:34:17 #6 type.registry] 
New type domain.Sala

[2023-05-06 20:34:17 #7 type.registry] 
New type domain.Actividad

[2023-05-06 20:34:17 #8 type] 
Type domain.Sala is not enhanced.

[2023-05-06 20:34:17 #9 type] 
Type domain.Actividad is not enhanced.

[2023-05-06 20:34:17 #10 type.registry] 
New type java.util.ArrayList<java.lang.Object>

[2023-05-06 20:34:17 #11 type.registry] 
New type java.util.ArrayList<java.lang.String>

[2023-05-06 20:34:17 #12 type.registry] 
New type java.util.LinkedList<java.lang.Object>

[2023-05-06 20:34:17 #13 type.registry] 
New type java.util.LinkedList<domain.Usuario>

[2023-05-06 20:34:17 #14 type.registry] 
New type java.util.ArrayList<domain.Actividad>

[2023-05-06 20:34:17 #15 type.registry] 
New type java.util.ArrayList<domain.Sesion>

------------------------------------------------------------------------------------------------------------------------

[2023-05-06 20:34:41 #1 store] 
Database 'C:\Users\jonetxe13\Desktop\universidad\IS\Bets21-master\src\main\resources\bets.temp' is opened by 9440@DESKTOP-490MKBR

[2023-05-06 20:34:42 #2 type.registry] 
New type domain.Usuario

[2023-05-06 20:34:42 #3 type] 
Type domain.Usuario is not enhanced.

[2023-05-06 20:34:42 #4 type.registry] 
New type domain.Sesion

[2023-05-06 20:34:42 #5 type] 
Type domain.Sesion is not enhanced.

[2023-05-06 20:34:42 #6 type.registry] 
New type domain.Sala

[2023-05-06 20:34:42 #7 type.registry] 
New type domain.Actividad

[2023-05-06 20:34:42 #8 type] 
Type domain.Sala is not enhanced.

[2023-05-06 20:34:42 #9 type] 
Type domain.Actividad is not enhanced.

[2023-05-06 20:34:42 #10 type.registry] 
New type java.util.ArrayList<java.lang.Object>

[2023-05-06 20:34:42 #11 type.registry] 
New type java.util.ArrayList<java.lang.String>

[2023-05-06 20:34:42 #12 type.registry] 
New type java.util.LinkedList<java.lang.Object>

[2023-05-06 20:34:42 #13 type.registry] 
New type java.util.LinkedList<domain.Usuario>

[2023-05-06 20:34:42 #14 type.registry] 
New type java.util.ArrayList<domain.Actividad>

[2023-05-06 20:34:42 #15 type.registry] 
New type java.util.ArrayList<domain.Sesion>

------------------------------------------------------------------------------------------------------------------------

[2023-05-06 20:35:13 #1 store] 
Database 'C:\Users\jonetxe13\Desktop\universidad\IS\Bets21-master\src\main\resources\bets.temp' has been recovered (tr. 1-12)

[2023-05-06 20:35:13 #2 store] 
Database 'C:\Users\jonetxe13\Desktop\universidad\IS\Bets21-master\src\main\resources\bets.temp' is opened by 4344@DESKTOP-490MKBR

[2023-05-06 20:35:13 #3 type] 
Type domain.Usuario is not enhanced.

[2023-05-06 20:35:13 #4 type] 
Type domain.Sesion is not enhanced.

[2023-05-06 20:35:13 #5 type] 
Type domain.Sala is not enhanced.

[2023-05-06 20:35:13 #6 type] 
Type domain.Actividad is not enhanced.

------------------------------------------------------------------------------------------------------------------------

[2023-05-06 20:38:52 #1 store] 
Database 'C:\Users\jonetxe13\Desktop\universidad\IS\Bets21-master\src\main\resources\bets.temp' has been recovered (tr. 13-16)

[2023-05-06 20:38:52 #2 store] 
Database 'C:\Users\jonetxe13\Desktop\universidad\IS\Bets21-master\src\main\resources\bets.temp' is opened by 1972@DESKTOP-490MKBR

[2023-05-06 20:38:52 #3 type] 
Type domain.Usuario is not enhanced.

[2023-05-06 20:38:52 #4 type] 
Type domain.Sesion is not enhanced.

[2023-05-06 20:38:52 #5 type] 
Type domain.Sala is not enhanced.

[2023-05-06 20:38:52 #6 type] 
Type domain.Actividad is not enhanced.

------------------------------------------------------------------------------------------------------------------------

[2023-05-06 20:39:58 #1 store] 
Database 'C:\Users\jonetxe13\Desktop\universidad\IS\Bets21-master\src\main\resources\bets.temp' is opened by 4244@DESKTOP-490MKBR

[2023-05-06 20:39:58 #2 type.registry] 
New type domain.Usuario

[2023-05-06 20:39:58 #3 type] 
Type domain.Usuario is not enhanced.

[2023-05-06 20:39:58 #4 type.registry] 
New type domain.Sesion

[2023-05-06 20:39:58 #5 type] 
Type domain.Sesion is not enhanced.

[2023-05-06 20:39:58 #6 type.registry] 
New type domain.Sala

[2023-05-06 20:39:58 #7 type.registry] 
New type domain.Actividad

[2023-05-06 20:39:58 #8 type] 
Type domain.Sala is not enhanced.

[2023-05-06 20:39:58 #9 type] 
Type domain.Actividad is not enhanced.

[2023-05-06 20:39:58 #10 type.registry] 
New type java.util.ArrayList<java.lang.Object>

[2023-05-06 20:39:58 #11 type.registry] 
New type java.util.ArrayList<java.lang.String>

[2023-05-06 20:39:58 #12 type.registry] 
New type java.util.LinkedList<java.lang.Object>

[2023-05-06 20:39:58 #13 type.registry] 
New type java.util.LinkedList<domain.Usuario>

[2023-05-06 20:39:58 #14 type.registry] 
New type java.util.ArrayList<domain.Actividad>

[2023-05-06 20:39:58 #15 type.registry] 
New type java.util.ArrayList<domain.Sesion>

------------------------------------------------------------------------------------------------------------------------

[2023-05-06 20:40:38 #1 store] 
Database 'C:\Users\jonetxe13\Desktop\universidad\IS\Bets21-master\src\main\resources\bets.temp' has been recovered (tr. 1-12)

[2023-05-06 20:40:38 #2 store] 
Database 'C:\Users\jonetxe13\Desktop\universidad\IS\Bets21-master\src\main\resources\bets.temp' is opened by 9468@DESKTOP-490MKBR

[2023-05-06 20:40:38 #3 type] 
Type domain.Usuario is not enhanced.

[2023-05-06 20:40:38 #4 type] 
Type domain.Sesion is not enhanced.

[2023-05-06 20:40:38 #5 type] 
Type domain.Sala is not enhanced.

[2023-05-06 20:40:38 #6 type] 
Type domain.Actividad is not enhanced.

------------------------------------------------------------------------------------------------------------------------

[2023-05-06 20:43:13 #1 store] 
Database 'C:\Users\jonetxe13\Desktop\universidad\IS\Bets21-master\src\main\resources\bets.temp' has been recovered (tr. 13-14)

[2023-05-06 20:43:13 #2 store] 
Database 'C:\Users\jonetxe13\Desktop\universidad\IS\Bets21-master\src\main\resources\bets.temp' is opened by 12584@DESKTOP-490MKBR

[2023-05-06 20:43:13 #3 type] 
Type domain.Usuario is not enhanced.

[2023-05-06 20:43:13 #4 type] 
Type domain.Sesion is not enhanced.

[2023-05-06 20:43:13 #5 type] 
Type domain.Sala is not enhanced.

[2023-05-06 20:43:13 #6 type] 
Type domain.Actividad is not enhanced.

------------------------------------------------------------------------------------------------------------------------

[2023-05-06 20:44:01 #1 store] 
Database 'C:\Users\jonetxe13\Desktop\universidad\IS\Bets21-master\src\main\resources\bets.temp' has been recovered (tr. 15-24)

[2023-05-06 20:44:01 #2 store] 
Database 'C:\Users\jonetxe13\Desktop\universidad\IS\Bets21-master\src\main\resources\bets.temp' is opened by 8892@DESKTOP-490MKBR

[2023-05-06 20:44:01 #3 type] 
Type domain.Usuario is not enhanced.

[2023-05-06 20:44:01 #4 type] 
Type domain.Sesion is not enhanced.

[2023-05-06 20:44:01 #5 type] 
Type domain.Sala is not enhanced.

[2023-05-06 20:44:01 #6 type] 
Type domain.Actividad is not enhanced.

------------------------------------------------------------------------------------------------------------------------

[2023-05-06 20:44:23 #1 store] 
Database 'C:\Users\jonetxe13\Desktop\universidad\IS\Bets21-master\src\main\resources\bets.temp' is opened by 9628@DESKTOP-490MKBR

[2023-05-06 20:44:29 #2 type.registry] 
New type domain.Usuario

[2023-05-06 20:44:29 #3 type] 
Type domain.Usuario is not enhanced.

------------------------------------------------------------------------------------------------------------------------

[2023-05-06 20:44:45 #1 store] 
Database 'C:\Users\jonetxe13\Desktop\universidad\IS\Bets21-master\src\main\resources\bets.temp' is opened by 5920@DESKTOP-490MKBR

[2023-05-06 20:44:45 #2 type.registry] 
New type domain.Usuario

[2023-05-06 20:44:45 #3 type] 
Type domain.Usuario is not enhanced.

[2023-05-06 20:44:45 #4 type.registry] 
New type domain.Sesion

[2023-05-06 20:44:45 #5 type] 
Type domain.Sesion is not enhanced.

[2023-05-06 20:44:45 #6 type.registry] 
New type domain.Sala

[2023-05-06 20:44:45 #7 type.registry] 
New type domain.Actividad

[2023-05-06 20:44:45 #8 type] 
Type domain.Sala is not enhanced.

[2023-05-06 20:44:45 #9 type] 
Type domain.Actividad is not enhanced.

[2023-05-06 20:44:45 #10 type.registry] 
New type java.util.ArrayList<java.lang.Object>

[2023-05-06 20:44:45 #11 type.registry] 
New type java.util.ArrayList<java.lang.String>

[2023-05-06 20:44:45 #12 type.registry] 
New type java.util.LinkedList<java.lang.Object>

[2023-05-06 20:44:45 #13 type.registry] 
New type java.util.LinkedList<domain.Usuario>

[2023-05-06 20:44:45 #14 type.registry] 
New type java.util.ArrayList<domain.Actividad>

[2023-05-06 20:44:45 #15 type.registry] 
New type java.util.ArrayList<domain.Sesion>

------------------------------------------------------------------------------------------------------------------------

[2023-05-06 20:45:30 #1 store] 
Database 'C:\Users\jonetxe13\Desktop\universidad\IS\Bets21-master\src\main\resources\bets.temp' has been recovered (tr. 1-12)

[2023-05-06 20:45:30 #2 store] 
Database 'C:\Users\jonetxe13\Desktop\universidad\IS\Bets21-master\src\main\resources\bets.temp' is opened by 8736@DESKTOP-490MKBR

[2023-05-06 20:45:30 #3 type] 
Type domain.Usuario is not enhanced.

[2023-05-06 20:45:30 #4 type] 
Type domain.Sesion is not enhanced.

[2023-05-06 20:45:30 #5 type] 
Type domain.Sala is not enhanced.

[2023-05-06 20:45:30 #6 type] 
Type domain.Actividad is not enhanced.

------------------------------------------------------------------------------------------------------------------------

[2023-05-06 20:48:58 #1 store] 
Database 'C:\Users\jonetxe13\Desktop\universidad\IS\Bets21-master\src\main\resources\bets.temp' is opened by 6160@DESKTOP-490MKBR

[2023-05-06 20:48:58 #2 type] 
Type domain.Usuario is not enhanced.

[2023-05-06 20:48:58 #3 type] 
Type domain.Sesion is not enhanced.

[2023-05-06 20:48:58 #4 type] 
Type domain.Sala is not enhanced.

[2023-05-06 20:48:58 #5 type] 
Type domain.Actividad is not enhanced.

